World size: 500
World type: 2
Version: 69
K: 8000
Number of cpus: 1
choose TWELVE_OBS
Starting RRT* Algorithm...
First Viable Solution Obtained after 169 iterations
Cost is 490.306
Saving the generated plan (vector of points)
=========================================================================
The algorithm continues iterating on the current plan to improve the plan
More optimal solution has obtained after 181 iterations
Cost is 488.831
=========================================================================
The algorithm continues iterating on the current plan to improve the plan
More optimal solution has obtained after 391 iterations
Cost is 485.575
=========================================================================
The algorithm continues iterating on the current plan to improve the plan
More optimal solution has obtained after 1039 iterations
Cost is 485.328
=========================================================================
The algorithm continues iterating on the current plan to improve the plan
More optimal solution has obtained after 1141 iterations
Cost is 484.619
=========================================================================
The algorithm continues iterating on the current plan to improve the plan
More optimal solution has obtained after 1149 iterations
Cost is 484.266
=========================================================================
The algorithm continues iterating on the current plan to improve the plan
More optimal solution has obtained after 1152 iterations
Cost is 484.163
=========================================================================
The algorithm continues iterating on the current plan to improve the plan
More optimal solution has obtained after 1428 iterations
Cost is 477.43
=========================================================================
The algorithm continues iterating on the current plan to improve the plan
More optimal solution has obtained after 2138 iterations
Cost is 475.639
=========================================================================
The algorithm continues iterating on the current plan to improve the plan
More optimal solution has obtained after 2152 iterations
Cost is 473.054
=========================================================================
The algorithm continues iterating on the current plan to improve the plan
More optimal solution has obtained after 2319 iterations
Cost is 471.58
=========================================================================
The algorithm continues iterating on the current plan to improve the plan
More optimal solution has obtained after 2327 iterations
Cost is 467.548
=========================================================================
The algorithm continues iterating on the current plan to improve the plan
More optimal solution has obtained after 2358 iterations
Cost is 467.246
=========================================================================
The algorithm continues iterating on the current plan to improve the plan
More optimal solution has obtained after 2588 iterations
Cost is 467.169
=========================================================================
The algorithm continues iterating on the current plan to improve the plan
More optimal solution has obtained after 2600 iterations
Cost is 466.845
=========================================================================
The algorithm continues iterating on the current plan to improve the plan
More optimal solution has obtained after 2602 iterations
Cost is 464.745
=========================================================================
The algorithm continues iterating on the current plan to improve the plan
More optimal solution has obtained after 2782 iterations
Cost is 463.293
=========================================================================
The algorithm continues iterating on the current plan to improve the plan
More optimal solution has obtained after 2845 iterations
Cost is 461.259
=========================================================================
The algorithm continues iterating on the current plan to improve the plan
More optimal solution has obtained after 2914 iterations
Cost is 460.234
=========================================================================
The algorithm continues iterating on the current plan to improve the plan
More optimal solution has obtained after 2948 iterations
Cost is 458.589
=========================================================================
The algorithm continues iterating on the current plan to improve the plan
More optimal solution has obtained after 3047 iterations
Cost is 457.525
=========================================================================
The algorithm continues iterating on the current plan to improve the plan
More optimal solution has obtained after 3250 iterations
Cost is 457.499
=========================================================================
The algorithm continues iterating on the current plan to improve the plan
More optimal solution has obtained after 3410 iterations
Cost is 457.483
=========================================================================
The algorithm continues iterating on the current plan to improve the plan
More optimal solution has obtained after 3413 iterations
Cost is 453.362
=========================================================================
The algorithm continues iterating on the current plan to improve the plan
More optimal solution has obtained after 3514 iterations
Cost is 452.814
=========================================================================
The algorithm continues iterating on the current plan to improve the plan
More optimal solution has obtained after 3893 iterations
Cost is 452.224
=========================================================================
The algorithm continues iterating on the current plan to improve the plan
More optimal solution has obtained after 3904 iterations
Cost is 452.176
=========================================================================
The algorithm continues iterating on the current plan to improve the plan
More optimal solution has obtained after 3914 iterations
Cost is 452.106
=========================================================================
The algorithm continues iterating on the current plan to improve the plan
More optimal solution has obtained after 4222 iterations
Cost is 451.44
=========================================================================
The algorithm continues iterating on the current plan to improve the plan
More optimal solution has obtained after 4344 iterations
Cost is 451.38
=========================================================================
The algorithm continues iterating on the current plan to improve the plan
More optimal solution has obtained after 5220 iterations
Cost is 451.214
=========================================================================
The algorithm continues iterating on the current plan to improve the plan
More optimal solution has obtained after 5287 iterations
Cost is 451.155
=========================================================================
The algorithm continues iterating on the current plan to improve the plan
More optimal solution has obtained after 5579 iterations
Cost is 451.083
=========================================================================
The algorithm continues iterating on the current plan to improve the plan
More optimal solution has obtained after 5817 iterations
Cost is 451.005
=========================================================================
The algorithm continues iterating on the current plan to improve the plan
More optimal solution has obtained after 6017 iterations
Cost is 450.931
=========================================================================
The algorithm continues iterating on the current plan to improve the plan
More optimal solution has obtained after 6511 iterations
Cost is 450.876
=========================================================================
The algorithm continues iterating on the current plan to improve the plan
More optimal solution has obtained after 6924 iterations
Cost is 450.557
=========================================================================
The algorithm continues iterating on the current plan to improve the plan
More optimal solution has obtained after 6981 iterations
Cost is 450.486
=========================================================================
The algorithm continues iterating on the current plan to improve the plan
More optimal solution has obtained after 7595 iterations
Cost is 450.482
=========================================================================
The algorithm continues iterating on the current plan to improve the plan
More optimal solution has obtained after 7971 iterations
Cost is 450.46
=========================================================================
The algorithm continues iterating on the current plan to improve the plan
More optimal solution has obtained after 8000 iterations
Cost is 450.46
Exceeded max iterations!
Saving the generated plan (vector of points)


Execution time: 8.875000 seconds

 --------------------------------------------- End------------------------------------------------------


World size: 1000
World type: 2
Version: 70
K: 40000
Number of cpus: 1
choose TWELVE_OBS
Starting RRT* Algorithm...
First Viable Solution Obtained after 8756 iterations
Cost is 1015.3
Saving the generated plan (vector of points)
=========================================================================
The algorithm continues iterating on the current plan to improve the plan
More optimal solution has obtained after 8941 iterations
Cost is 1014.02
=========================================================================
The algorithm continues iterating on the current plan to improve the plan
More optimal solution has obtained after 9065 iterations
Cost is 1012.78
=========================================================================
The algorithm continues iterating on the current plan to improve the plan
More optimal solution has obtained after 9253 iterations
Cost is 1012.08
=========================================================================
The algorithm continues iterating on the current plan to improve the plan
More optimal solution has obtained after 9734 iterations
Cost is 1011.3
=========================================================================
The algorithm continues iterating on the current plan to improve the plan
More optimal solution has obtained after 10077 iterations
Cost is 1009.35
=========================================================================
The algorithm continues iterating on the current plan to improve the plan
More optimal solution has obtained after 10098 iterations
Cost is 1008.98
=========================================================================
The algorithm continues iterating on the current plan to improve the plan
More optimal solution has obtained after 10336 iterations
Cost is 1008.5
=========================================================================
The algorithm continues iterating on the current plan to improve the plan
More optimal solution has obtained after 10671 iterations
Cost is 1008.26
=========================================================================
The algorithm continues iterating on the current plan to improve the plan
More optimal solution has obtained after 10881 iterations
Cost is 1007.8
=========================================================================
The algorithm continues iterating on the current plan to improve the plan
More optimal solution has obtained after 10935 iterations
Cost is 1007.67
=========================================================================
The algorithm continues iterating on the current plan to improve the plan
More optimal solution has obtained after 11075 iterations
Cost is 1007.51
=========================================================================
The algorithm continues iterating on the current plan to improve the plan
More optimal solution has obtained after 11284 iterations
Cost is 1007.32
=========================================================================
The algorithm continues iterating on the current plan to improve the plan
More optimal solution has obtained after 11308 iterations
Cost is 1006.55
=========================================================================
The algorithm continues iterating on the current plan to improve the plan
More optimal solution has obtained after 11481 iterations
Cost is 1005.4
=========================================================================
The algorithm continues iterating on the current plan to improve the plan
More optimal solution has obtained after 11649 iterations
Cost is 1004.78
=========================================================================
The algorithm continues iterating on the current plan to improve the plan
More optimal solution has obtained after 11923 iterations
Cost is 996.584
=========================================================================
The algorithm continues iterating on the current plan to improve the plan
More optimal solution has obtained after 12004 iterations
Cost is 996.304
=========================================================================
The algorithm continues iterating on the current plan to improve the plan
More optimal solution has obtained after 12506 iterations
Cost is 994.555
=========================================================================
The algorithm continues iterating on the current plan to improve the plan
More optimal solution has obtained after 12602 iterations
Cost is 993.543
=========================================================================
The algorithm continues iterating on the current plan to improve the plan
More optimal solution has obtained after 12663 iterations
Cost is 993.043
=========================================================================
The algorithm continues iterating on the current plan to improve the plan
More optimal solution has obtained after 13101 iterations
Cost is 990.527
=========================================================================
The algorithm continues iterating on the current plan to improve the plan
More optimal solution has obtained after 13111 iterations
Cost is 990.447
=========================================================================
The algorithm continues iterating on the current plan to improve the plan
More optimal solution has obtained after 14201 iterations
Cost is 989.249
=========================================================================
The algorithm continues iterating on the current plan to improve the plan
More optimal solution has obtained after 14251 iterations
Cost is 984.4
=========================================================================
The algorithm continues iterating on the current plan to improve the plan
More optimal solution has obtained after 14371 iterations
Cost is 983.555
=========================================================================
The algorithm continues iterating on the current plan to improve the plan
More optimal solution has obtained after 14502 iterations
Cost is 981.135
=========================================================================
The algorithm continues iterating on the current plan to improve the plan
More optimal solution has obtained after 14562 iterations
Cost is 981.025
=========================================================================
The algorithm continues iterating on the current plan to improve the plan
More optimal solution has obtained after 14742 iterations
Cost is 980.206
=========================================================================
The algorithm continues iterating on the current plan to improve the plan
More optimal solution has obtained after 14784 iterations
Cost is 979.967
=========================================================================
The algorithm continues iterating on the current plan to improve the plan
More optimal solution has obtained after 14870 iterations
Cost is 978.915
=========================================================================
The algorithm continues iterating on the current plan to improve the plan
More optimal solution has obtained after 14927 iterations
Cost is 978.038
=========================================================================
The algorithm continues iterating on the current plan to improve the plan
More optimal solution has obtained after 14947 iterations
Cost is 977.934
=========================================================================
The algorithm continues iterating on the current plan to improve the plan
More optimal solution has obtained after 14998 iterations
Cost is 977.694
=========================================================================
The algorithm continues iterating on the current plan to improve the plan
More optimal solution has obtained after 14999 iterations
Cost is 976.676
=========================================================================
The algorithm continues iterating on the current plan to improve the plan
More optimal solution has obtained after 15088 iterations
Cost is 976.508
=========================================================================
The algorithm continues iterating on the current plan to improve the plan
More optimal solution has obtained after 15378 iterations
Cost is 975.804
=========================================================================
The algorithm continues iterating on the current plan to improve the plan
More optimal solution has obtained after 15427 iterations
Cost is 975.669
=========================================================================
The algorithm continues iterating on the current plan to improve the plan
More optimal solution has obtained after 15783 iterations
Cost is 975.195
=========================================================================
The algorithm continues iterating on the current plan to improve the plan
More optimal solution has obtained after 15784 iterations
Cost is 971.21
=========================================================================
The algorithm continues iterating on the current plan to improve the plan
More optimal solution has obtained after 15786 iterations
Cost is 970.926
=========================================================================
The algorithm continues iterating on the current plan to improve the plan
More optimal solution has obtained after 15985 iterations
Cost is 970.817
=========================================================================
The algorithm continues iterating on the current plan to improve the plan
More optimal solution has obtained after 16608 iterations
Cost is 970.644
=========================================================================
The algorithm continues iterating on the current plan to improve the plan
More optimal solution has obtained after 16644 iterations
Cost is 969.853
=========================================================================
The algorithm continues iterating on the current plan to improve the plan
More optimal solution has obtained after 16887 iterations
Cost is 969.706
=========================================================================
The algorithm continues iterating on the current plan to improve the plan
More optimal solution has obtained after 17232 iterations
Cost is 965.821
=========================================================================
The algorithm continues iterating on the current plan to improve the plan
More optimal solution has obtained after 17278 iterations
Cost is 965.769
=========================================================================
The algorithm continues iterating on the current plan to improve the plan
More optimal solution has obtained after 17643 iterations
Cost is 965.767
=========================================================================
The algorithm continues iterating on the current plan to improve the plan
More optimal solution has obtained after 17858 iterations
Cost is 964.915
=========================================================================
The algorithm continues iterating on the current plan to improve the plan
More optimal solution has obtained after 18077 iterations
Cost is 963.905
=========================================================================
The algorithm continues iterating on the current plan to improve the plan
More optimal solution has obtained after 18180 iterations
Cost is 963.686
=========================================================================
The algorithm continues iterating on the current plan to improve the plan
More optimal solution has obtained after 18640 iterations
Cost is 963.346
=========================================================================
The algorithm continues iterating on the current plan to improve the plan
More optimal solution has obtained after 19027 iterations
Cost is 963.215
=========================================================================
The algorithm continues iterating on the current plan to improve the plan
More optimal solution has obtained after 19311 iterations
Cost is 963.172
=========================================================================
The algorithm continues iterating on the current plan to improve the plan
More optimal solution has obtained after 19343 iterations
Cost is 962.47
=========================================================================
The algorithm continues iterating on the current plan to improve the plan
More optimal solution has obtained after 19550 iterations
Cost is 959.761
=========================================================================
The algorithm continues iterating on the current plan to improve the plan
More optimal solution has obtained after 21938 iterations
Cost is 959.33
=========================================================================
The algorithm continues iterating on the current plan to improve the plan
More optimal solution has obtained after 22018 iterations
Cost is 958.572
=========================================================================
The algorithm continues iterating on the current plan to improve the plan
More optimal solution has obtained after 22112 iterations
Cost is 958.314
=========================================================================
The algorithm continues iterating on the current plan to improve the plan
More optimal solution has obtained after 22384 iterations
Cost is 958.191
=========================================================================
The algorithm continues iterating on the current plan to improve the plan
More optimal solution has obtained after 22899 iterations
Cost is 958.134
=========================================================================
The algorithm continues iterating on the current plan to improve the plan
More optimal solution has obtained after 23348 iterations
Cost is 958.125
=========================================================================
The algorithm continues iterating on the current plan to improve the plan
More optimal solution has obtained after 23815 iterations
Cost is 957.993
=========================================================================
The algorithm continues iterating on the current plan to improve the plan
More optimal solution has obtained after 23978 iterations
Cost is 957.582
=========================================================================
The algorithm continues iterating on the current plan to improve the plan
More optimal solution has obtained after 24065 iterations
Cost is 956.574
=========================================================================
The algorithm continues iterating on the current plan to improve the plan
More optimal solution has obtained after 24134 iterations
Cost is 954.504
=========================================================================
The algorithm continues iterating on the current plan to improve the plan
More optimal solution has obtained after 26202 iterations
Cost is 954.488
=========================================================================
The algorithm continues iterating on the current plan to improve the plan
More optimal solution has obtained after 26313 iterations
Cost is 952.184
=========================================================================
The algorithm continues iterating on the current plan to improve the plan
More optimal solution has obtained after 26438 iterations
Cost is 951.961
=========================================================================
The algorithm continues iterating on the current plan to improve the plan
More optimal solution has obtained after 26631 iterations
Cost is 951.603
=========================================================================
The algorithm continues iterating on the current plan to improve the plan
More optimal solution has obtained after 26999 iterations
Cost is 951.592
=========================================================================
The algorithm continues iterating on the current plan to improve the plan
More optimal solution has obtained after 27266 iterations
Cost is 951.459
=========================================================================
The algorithm continues iterating on the current plan to improve the plan
More optimal solution has obtained after 28326 iterations
Cost is 951.309
=========================================================================
The algorithm continues iterating on the current plan to improve the plan
More optimal solution has obtained after 28677 iterations
Cost is 950.874
=========================================================================
The algorithm continues iterating on the current plan to improve the plan
More optimal solution has obtained after 30155 iterations
Cost is 950.844
=========================================================================
The algorithm continues iterating on the current plan to improve the plan
More optimal solution has obtained after 31625 iterations
Cost is 950.837
=========================================================================
The algorithm continues iterating on the current plan to improve the plan
More optimal solution has obtained after 40000 iterations
Cost is 950.837
Exceeded max iterations!
Saving the generated plan (vector of points)


Execution time: 199.750000 seconds

 --------------------------------------------- End------------------------------------------------------


