World size: 1500
World type: 0
Version: 83
K: 40000
Number of cpus: 4
choose FREE_SPACE
Starting RRT* Algorithm...
First Viable Solution Obtained after 686 iterations
Cost is 1073.36
Saving the generated plan (vector of points)
=========================================================================
The algorithm continues iterating on the current plan to improve the plan
More optimal solution has obtained after 1021 iterations
Cost is 1071.13
=========================================================================
The algorithm continues iterating on the current plan to improve the plan
More optimal solution has obtained after 1746 iterations
Cost is 1069.53
=========================================================================
The algorithm continues iterating on the current plan to improve the plan
More optimal solution has obtained after 3613 iterations
Cost is 1069.42
=========================================================================
The algorithm continues iterating on the current plan to improve the plan
More optimal solution has obtained after 4120 iterations
Cost is 1069.36
=========================================================================
The algorithm continues iterating on the current plan to improve the plan
More optimal solution has obtained after 4534 iterations
Cost is 1069.35
=========================================================================
The algorithm continues iterating on the current plan to improve the plan
More optimal solution has obtained after 4538 iterations
Cost is 1069.35
=========================================================================
The algorithm continues iterating on the current plan to improve the plan
More optimal solution has obtained after 4597 iterations
Cost is 1069.33
=========================================================================
The algorithm continues iterating on the current plan to improve the plan
More optimal solution has obtained after 5146 iterations
Cost is 1066.94
=========================================================================
The algorithm continues iterating on the current plan to improve the plan
More optimal solution has obtained after 6695 iterations
Cost is 1066.68
=========================================================================
The algorithm continues iterating on the current plan to improve the plan
More optimal solution has obtained after 6964 iterations
Cost is 1066.16
=========================================================================
The algorithm continues iterating on the current plan to improve the plan
More optimal solution has obtained after 7237 iterations
Cost is 1066.07
=========================================================================
The algorithm continues iterating on the current plan to improve the plan
More optimal solution has obtained after 9565 iterations
Cost is 1058.38
=========================================================================
The algorithm continues iterating on the current plan to improve the plan
More optimal solution has obtained after 10454 iterations
Cost is 1058.36
=========================================================================
The algorithm continues iterating on the current plan to improve the plan
More optimal solution has obtained after 11921 iterations
Cost is 1057.88
=========================================================================
The algorithm continues iterating on the current plan to improve the plan
More optimal solution has obtained after 15078 iterations
Cost is 1057.55
=========================================================================
The algorithm continues iterating on the current plan to improve the plan
More optimal solution has obtained after 16493 iterations
Cost is 1057.45
=========================================================================
The algorithm continues iterating on the current plan to improve the plan
More optimal solution has obtained after 18077 iterations
Cost is 1057.12
=========================================================================
The algorithm continues iterating on the current plan to improve the plan
More optimal solution has obtained after 20731 iterations
Cost is 1056.91
=========================================================================
The algorithm continues iterating on the current plan to improve the plan
More optimal solution has obtained after 20890 iterations
Cost is 1056.29
=========================================================================
The algorithm continues iterating on the current plan to improve the plan
More optimal solution has obtained after 21444 iterations
Cost is 1056.23
=========================================================================
The algorithm continues iterating on the current plan to improve the plan
More optimal solution has obtained after 23044 iterations
Cost is 1055.95
=========================================================================
The algorithm continues iterating on the current plan to improve the plan
More optimal solution has obtained after 25345 iterations
Cost is 1055.33
=========================================================================
The algorithm continues iterating on the current plan to improve the plan
More optimal solution has obtained after 27860 iterations
Cost is 1050.06
=========================================================================
The algorithm continues iterating on the current plan to improve the plan
More optimal solution has obtained after 40000 iterations
Cost is 1050.06


Execution time: 218.250000 seconds

 --------------------------------------------- End------------------------------------------------------


World size: 3000
World type: 0
Version: 84
K: 60000
Number of cpus: 4
choose FREE_SPACE

===== Parallel version RRT*! =====

Starting RRT* Algorithm...
Pthread version...
First Viable Solution Obtained after 1336 iterations
Cost is 2100.41
Saving the generated plan (vector of points)
=========================================================================
The algorithm continues iterating on the current plan to improve the plan
More optimal solution has obtained after 2574 iterations
Cost is 1322.83
=========================================================================
The algorithm continues iterating on the current plan to improve the plan
More optimal solution has obtained after 5607 iterations
Cost is 904.57
=========================================================================
The algorithm continues iterating on the current plan to improve the plan
srun: Job step aborted: Waiting up to 32 seconds for job step to finish.
slurmstepd: error: *** JOB 2813560 ON apollo33 CANCELLED AT 2021-01-12T18:10:00 DUE TO TIME LIMIT ***
slurmstepd: error: *** STEP 2813560.1 ON apollo33 CANCELLED AT 2021-01-12T18:10:00 DUE TO TIME LIMIT ***
srun: error: apollo33: task 0: Terminated
