World size: 500
World type: 2
Version: 2009
K: 5000
Number of cpus: 1
choose TWELVE_OBS
Starting RRT* Algorithm...
Sequential version...
First Viable Solution Obtained after 179 iterations
Cost is 524.463
Saving the generated plan (vector of points)
=========================================================================
The algorithm continues iterating on the current plan to improve the plan
More optimal solution has obtained after 255 iterations
Cost is 521.388
=========================================================================
The algorithm continues iterating on the current plan to improve the plan
More optimal solution has obtained after 258 iterations
Cost is 520.932
=========================================================================
The algorithm continues iterating on the current plan to improve the plan
More optimal solution has obtained after 375 iterations
Cost is 520.781
=========================================================================
The algorithm continues iterating on the current plan to improve the plan
More optimal solution has obtained after 593 iterations
Cost is 518.62
=========================================================================
The algorithm continues iterating on the current plan to improve the plan
More optimal solution has obtained after 629 iterations
Cost is 518.444
=========================================================================
The algorithm continues iterating on the current plan to improve the plan
More optimal solution has obtained after 683 iterations
Cost is 517.148
=========================================================================
The algorithm continues iterating on the current plan to improve the plan
More optimal solution has obtained after 742 iterations
Cost is 514.201
=========================================================================
The algorithm continues iterating on the current plan to improve the plan
More optimal solution has obtained after 749 iterations
Cost is 514.073
=========================================================================
The algorithm continues iterating on the current plan to improve the plan
More optimal solution has obtained after 846 iterations
Cost is 513.994
=========================================================================
The algorithm continues iterating on the current plan to improve the plan
More optimal solution has obtained after 941 iterations
Cost is 513.531
=========================================================================
The algorithm continues iterating on the current plan to improve the plan
More optimal solution has obtained after 963 iterations
Cost is 513.29
=========================================================================
The algorithm continues iterating on the current plan to improve the plan
More optimal solution has obtained after 1119 iterations
Cost is 511.106
=========================================================================
The algorithm continues iterating on the current plan to improve the plan
More optimal solution has obtained after 1303 iterations
Cost is 508.212
=========================================================================
The algorithm continues iterating on the current plan to improve the plan
More optimal solution has obtained after 1366 iterations
Cost is 507.627
=========================================================================
The algorithm continues iterating on the current plan to improve the plan
More optimal solution has obtained after 1420 iterations
Cost is 503.121
=========================================================================
The algorithm continues iterating on the current plan to improve the plan
More optimal solution has obtained after 1545 iterations
Cost is 502.523
=========================================================================
The algorithm continues iterating on the current plan to improve the plan
More optimal solution has obtained after 1827 iterations
Cost is 502.392
=========================================================================
The algorithm continues iterating on the current plan to improve the plan
More optimal solution has obtained after 1832 iterations
Cost is 496.936
=========================================================================
The algorithm continues iterating on the current plan to improve the plan
More optimal solution has obtained after 1972 iterations
Cost is 496.41
=========================================================================
The algorithm continues iterating on the current plan to improve the plan
More optimal solution has obtained after 1980 iterations
Cost is 496.251
=========================================================================
The algorithm continues iterating on the current plan to improve the plan
More optimal solution has obtained after 1998 iterations
Cost is 495.588
=========================================================================
The algorithm continues iterating on the current plan to improve the plan
More optimal solution has obtained after 2007 iterations
Cost is 495.57
=========================================================================
The algorithm continues iterating on the current plan to improve the plan
More optimal solution has obtained after 2052 iterations
Cost is 495.384
=========================================================================
The algorithm continues iterating on the current plan to improve the plan
More optimal solution has obtained after 2110 iterations
Cost is 494.769
=========================================================================
The algorithm continues iterating on the current plan to improve the plan
More optimal solution has obtained after 2219 iterations
Cost is 490.874
=========================================================================
The algorithm continues iterating on the current plan to improve the plan
More optimal solution has obtained after 2222 iterations
Cost is 484.696
=========================================================================
The algorithm continues iterating on the current plan to improve the plan
More optimal solution has obtained after 2566 iterations
Cost is 483.215
=========================================================================
The algorithm continues iterating on the current plan to improve the plan
More optimal solution has obtained after 2621 iterations
Cost is 480.503
=========================================================================
The algorithm continues iterating on the current plan to improve the plan
More optimal solution has obtained after 2670 iterations
Cost is 472.71
=========================================================================
The algorithm continues iterating on the current plan to improve the plan
More optimal solution has obtained after 2817 iterations
Cost is 471.815
=========================================================================
The algorithm continues iterating on the current plan to improve the plan
More optimal solution has obtained after 2953 iterations
Cost is 471.283
=========================================================================
The algorithm continues iterating on the current plan to improve the plan
More optimal solution has obtained after 2969 iterations
Cost is 471.279
=========================================================================
The algorithm continues iterating on the current plan to improve the plan
More optimal solution has obtained after 3014 iterations
Cost is 469.663
=========================================================================
The algorithm continues iterating on the current plan to improve the plan
More optimal solution has obtained after 3092 iterations
Cost is 464.852
=========================================================================
The algorithm continues iterating on the current plan to improve the plan
More optimal solution has obtained after 3168 iterations
Cost is 464.816
=========================================================================
The algorithm continues iterating on the current plan to improve the plan
More optimal solution has obtained after 3378 iterations
Cost is 463.586
=========================================================================
The algorithm continues iterating on the current plan to improve the plan
More optimal solution has obtained after 3408 iterations
Cost is 462.732
=========================================================================
The algorithm continues iterating on the current plan to improve the plan
More optimal solution has obtained after 3572 iterations
Cost is 462.727
=========================================================================
The algorithm continues iterating on the current plan to improve the plan
More optimal solution has obtained after 3684 iterations
Cost is 459.315
=========================================================================
The algorithm continues iterating on the current plan to improve the plan
More optimal solution has obtained after 3737 iterations
Cost is 458.684
=========================================================================
The algorithm continues iterating on the current plan to improve the plan
More optimal solution has obtained after 3891 iterations
Cost is 458.146
=========================================================================
The algorithm continues iterating on the current plan to improve the plan
More optimal solution has obtained after 3985 iterations
Cost is 458.115
=========================================================================
The algorithm continues iterating on the current plan to improve the plan
More optimal solution has obtained after 4095 iterations
Cost is 456.264
=========================================================================
The algorithm continues iterating on the current plan to improve the plan
More optimal solution has obtained after 4097 iterations
Cost is 456.247
=========================================================================
The algorithm continues iterating on the current plan to improve the plan
More optimal solution has obtained after 4146 iterations
Cost is 455.252
=========================================================================
The algorithm continues iterating on the current plan to improve the plan
More optimal solution has obtained after 4203 iterations
Cost is 455.126
=========================================================================
The algorithm continues iterating on the current plan to improve the plan
More optimal solution has obtained after 4461 iterations
Cost is 454.659
=========================================================================
The algorithm continues iterating on the current plan to improve the plan
More optimal solution has obtained after 4776 iterations
Cost is 454.467
=========================================================================
The algorithm continues iterating on the current plan to improve the plan
More optimal solution has obtained after 4849 iterations
Cost is 451.467
=========================================================================
The algorithm continues iterating on the current plan to improve the plan
More optimal solution has obtained after 4862 iterations
Cost is 451.21
=========================================================================
The algorithm continues iterating on the current plan to improve the plan
More optimal solution has obtained after 4915 iterations
Cost is 448.797
=========================================================================
The algorithm continues iterating on the current plan to improve the plan
More optimal solution has obtained after 5000 iterations
Cost is 448.797


Total Execution time: 3.625000 seconds


IO time: 0.000000 seconds


Comm time: 0.000000 seconds


Computation time: 3.625000 seconds

 --------------------------------------------- End------------------------------------------------------


World size: 1000
World type: 2
Version: 2010
K: 10000
Number of cpus: 1
choose TWELVE_OBS
Starting RRT* Algorithm...
Sequential version...
First Viable Solution Obtained after 517 iterations
Cost is 1081.63
Saving the generated plan (vector of points)
=========================================================================
The algorithm continues iterating on the current plan to improve the plan
More optimal solution has obtained after 555 iterations
Cost is 1081.48
=========================================================================
The algorithm continues iterating on the current plan to improve the plan
More optimal solution has obtained after 683 iterations
Cost is 1079.19
=========================================================================
The algorithm continues iterating on the current plan to improve the plan
More optimal solution has obtained after 1057 iterations
Cost is 1079.06
=========================================================================
The algorithm continues iterating on the current plan to improve the plan
More optimal solution has obtained after 1195 iterations
Cost is 1078.67
=========================================================================
The algorithm continues iterating on the current plan to improve the plan
More optimal solution has obtained after 1755 iterations
Cost is 1076.97
=========================================================================
The algorithm continues iterating on the current plan to improve the plan
More optimal solution has obtained after 1773 iterations
Cost is 1075.25
=========================================================================
The algorithm continues iterating on the current plan to improve the plan
More optimal solution has obtained after 2088 iterations
Cost is 1074.26
=========================================================================
The algorithm continues iterating on the current plan to improve the plan
More optimal solution has obtained after 2341 iterations
Cost is 1071.62
=========================================================================
The algorithm continues iterating on the current plan to improve the plan
More optimal solution has obtained after 2767 iterations
Cost is 1066.44
=========================================================================
The algorithm continues iterating on the current plan to improve the plan
More optimal solution has obtained after 2827 iterations
Cost is 1065.72
=========================================================================
The algorithm continues iterating on the current plan to improve the plan
More optimal solution has obtained after 3183 iterations
Cost is 1064.02
=========================================================================
The algorithm continues iterating on the current plan to improve the plan
More optimal solution has obtained after 3500 iterations
Cost is 1063.77
=========================================================================
The algorithm continues iterating on the current plan to improve the plan
More optimal solution has obtained after 3697 iterations
Cost is 1062.72
=========================================================================
The algorithm continues iterating on the current plan to improve the plan
More optimal solution has obtained after 3757 iterations
Cost is 1061
=========================================================================
The algorithm continues iterating on the current plan to improve the plan
More optimal solution has obtained after 4028 iterations
Cost is 1060.89
=========================================================================
The algorithm continues iterating on the current plan to improve the plan
More optimal solution has obtained after 4135 iterations
Cost is 1060.59
=========================================================================
The algorithm continues iterating on the current plan to improve the plan
More optimal solution has obtained after 4308 iterations
Cost is 1060.42
=========================================================================
The algorithm continues iterating on the current plan to improve the plan
More optimal solution has obtained after 4415 iterations
Cost is 1058.52
=========================================================================
The algorithm continues iterating on the current plan to improve the plan
More optimal solution has obtained after 4468 iterations
Cost is 1058.3
=========================================================================
The algorithm continues iterating on the current plan to improve the plan
More optimal solution has obtained after 4533 iterations
Cost is 1056.91
=========================================================================
The algorithm continues iterating on the current plan to improve the plan
More optimal solution has obtained after 4671 iterations
Cost is 1056.68
=========================================================================
The algorithm continues iterating on the current plan to improve the plan
More optimal solution has obtained after 4715 iterations
Cost is 1056.26
=========================================================================
The algorithm continues iterating on the current plan to improve the plan
More optimal solution has obtained after 4892 iterations
Cost is 1055.75
=========================================================================
The algorithm continues iterating on the current plan to improve the plan
More optimal solution has obtained after 4917 iterations
Cost is 1054.52
=========================================================================
The algorithm continues iterating on the current plan to improve the plan
More optimal solution has obtained after 5194 iterations
Cost is 1052.6
=========================================================================
The algorithm continues iterating on the current plan to improve the plan
More optimal solution has obtained after 5847 iterations
Cost is 1052.42
=========================================================================
The algorithm continues iterating on the current plan to improve the plan
More optimal solution has obtained after 6169 iterations
Cost is 1051.92
=========================================================================
The algorithm continues iterating on the current plan to improve the plan
More optimal solution has obtained after 6219 iterations
Cost is 1051.87
=========================================================================
The algorithm continues iterating on the current plan to improve the plan
More optimal solution has obtained after 7442 iterations
Cost is 1051.84
=========================================================================
The algorithm continues iterating on the current plan to improve the plan
More optimal solution has obtained after 8381 iterations
Cost is 1051.59
=========================================================================
The algorithm continues iterating on the current plan to improve the plan
More optimal solution has obtained after 8748 iterations
Cost is 1051.4
=========================================================================
The algorithm continues iterating on the current plan to improve the plan
More optimal solution has obtained after 8813 iterations
Cost is 1051.28
=========================================================================
The algorithm continues iterating on the current plan to improve the plan
More optimal solution has obtained after 8834 iterations
Cost is 1049.42
=========================================================================
The algorithm continues iterating on the current plan to improve the plan
More optimal solution has obtained after 8913 iterations
Cost is 1049.02
=========================================================================
The algorithm continues iterating on the current plan to improve the plan
More optimal solution has obtained after 9150 iterations
Cost is 1048.55
=========================================================================
The algorithm continues iterating on the current plan to improve the plan
More optimal solution has obtained after 9219 iterations
Cost is 1048.36
=========================================================================
The algorithm continues iterating on the current plan to improve the plan
More optimal solution has obtained after 9255 iterations
Cost is 1047.8
=========================================================================
The algorithm continues iterating on the current plan to improve the plan
More optimal solution has obtained after 9550 iterations
Cost is 1046.85
=========================================================================
The algorithm continues iterating on the current plan to improve the plan
More optimal solution has obtained after 9640 iterations
Cost is 1046.57
=========================================================================
The algorithm continues iterating on the current plan to improve the plan
More optimal solution has obtained after 9650 iterations
Cost is 1045.47
=========================================================================
The algorithm continues iterating on the current plan to improve the plan
More optimal solution has obtained after 9752 iterations
Cost is 1044.95
=========================================================================
The algorithm continues iterating on the current plan to improve the plan
More optimal solution has obtained after 9878 iterations
Cost is 1043.98
=========================================================================
The algorithm continues iterating on the current plan to improve the plan
More optimal solution has obtained after 10000 iterations
Cost is 1043.98


Total Execution time: 13.125000 seconds


IO time: 0.000000 seconds


Comm time: 0.000000 seconds


Computation time: 13.125000 seconds

 --------------------------------------------- End------------------------------------------------------


World size: 1500
World type: 2
Version: 2011
K: 15000
Number of cpus: 1
choose TWELVE_OBS
Starting RRT* Algorithm...
Sequential version...
First Viable Solution Obtained after 726 iterations
Cost is 1654.15
Saving the generated plan (vector of points)
=========================================================================
The algorithm continues iterating on the current plan to improve the plan
More optimal solution has obtained after 1608 iterations
Cost is 1653.92
=========================================================================
The algorithm continues iterating on the current plan to improve the plan
More optimal solution has obtained after 2585 iterations
Cost is 1653.31
=========================================================================
The algorithm continues iterating on the current plan to improve the plan
More optimal solution has obtained after 2609 iterations
Cost is 1653.3
=========================================================================
The algorithm continues iterating on the current plan to improve the plan
More optimal solution has obtained after 2619 iterations
Cost is 1651.75
=========================================================================
The algorithm continues iterating on the current plan to improve the plan
More optimal solution has obtained after 3174 iterations
Cost is 1651.24
=========================================================================
The algorithm continues iterating on the current plan to improve the plan
More optimal solution has obtained after 3291 iterations
Cost is 1651.02
=========================================================================
The algorithm continues iterating on the current plan to improve the plan
More optimal solution has obtained after 3637 iterations
Cost is 1650.58
=========================================================================
The algorithm continues iterating on the current plan to improve the plan
More optimal solution has obtained after 3812 iterations
Cost is 1649.93
=========================================================================
The algorithm continues iterating on the current plan to improve the plan
More optimal solution has obtained after 3906 iterations
Cost is 1649.89
=========================================================================
The algorithm continues iterating on the current plan to improve the plan
More optimal solution has obtained after 3948 iterations
Cost is 1649.83
=========================================================================
The algorithm continues iterating on the current plan to improve the plan
More optimal solution has obtained after 4688 iterations
Cost is 1648.56
=========================================================================
The algorithm continues iterating on the current plan to improve the plan
More optimal solution has obtained after 6187 iterations
Cost is 1648.56
=========================================================================
The algorithm continues iterating on the current plan to improve the plan
More optimal solution has obtained after 6269 iterations
Cost is 1647.7
=========================================================================
The algorithm continues iterating on the current plan to improve the plan
More optimal solution has obtained after 6514 iterations
Cost is 1647.2
=========================================================================
The algorithm continues iterating on the current plan to improve the plan
More optimal solution has obtained after 6881 iterations
Cost is 1646.77
=========================================================================
The algorithm continues iterating on the current plan to improve the plan
More optimal solution has obtained after 7046 iterations
Cost is 1645.84
=========================================================================
The algorithm continues iterating on the current plan to improve the plan
More optimal solution has obtained after 8336 iterations
Cost is 1644.43
=========================================================================
The algorithm continues iterating on the current plan to improve the plan
More optimal solution has obtained after 9141 iterations
Cost is 1644.21
=========================================================================
The algorithm continues iterating on the current plan to improve the plan
More optimal solution has obtained after 10059 iterations
Cost is 1643.88
=========================================================================
The algorithm continues iterating on the current plan to improve the plan
More optimal solution has obtained after 10538 iterations
Cost is 1643.64
=========================================================================
The algorithm continues iterating on the current plan to improve the plan
More optimal solution has obtained after 10978 iterations
Cost is 1641.39
=========================================================================
The algorithm continues iterating on the current plan to improve the plan
More optimal solution has obtained after 11758 iterations
Cost is 1639.5
=========================================================================
The algorithm continues iterating on the current plan to improve the plan
More optimal solution has obtained after 13496 iterations
Cost is 1639.44
=========================================================================
The algorithm continues iterating on the current plan to improve the plan
More optimal solution has obtained after 13628 iterations
Cost is 1639.21
=========================================================================
The algorithm continues iterating on the current plan to improve the plan
More optimal solution has obtained after 13970 iterations
Cost is 1638.82
=========================================================================
The algorithm continues iterating on the current plan to improve the plan
More optimal solution has obtained after 14123 iterations
Cost is 1638.79
=========================================================================
The algorithm continues iterating on the current plan to improve the plan
More optimal solution has obtained after 15000 iterations
Cost is 1638.79


Total Execution time: 29.000000 seconds


IO time: 0.000000 seconds


Comm time: 0.000000 seconds


Computation time: 29.000000 seconds

 --------------------------------------------- End------------------------------------------------------


World size: 3000
World type: 2
Version: 2012
K: 40000
Number of cpus: 1
choose TWELVE_OBS
Starting RRT* Algorithm...
Sequential version...
First Viable Solution Obtained after 1602 iterations
Cost is 3246.54
Saving the generated plan (vector of points)
=========================================================================
The algorithm continues iterating on the current plan to improve the plan
More optimal solution has obtained after 1631 iterations
Cost is 3246.5
=========================================================================
The algorithm continues iterating on the current plan to improve the plan
More optimal solution has obtained after 2023 iterations
Cost is 3244.38
=========================================================================
The algorithm continues iterating on the current plan to improve the plan
More optimal solution has obtained after 2437 iterations
Cost is 3244.23
=========================================================================
The algorithm continues iterating on the current plan to improve the plan
More optimal solution has obtained after 3205 iterations
Cost is 3243.83
=========================================================================
The algorithm continues iterating on the current plan to improve the plan
More optimal solution has obtained after 3657 iterations
Cost is 3243.39
=========================================================================
The algorithm continues iterating on the current plan to improve the plan
More optimal solution has obtained after 4018 iterations
Cost is 3240.16
=========================================================================
The algorithm continues iterating on the current plan to improve the plan
More optimal solution has obtained after 4874 iterations
Cost is 3239.57
=========================================================================
The algorithm continues iterating on the current plan to improve the plan
More optimal solution has obtained after 5097 iterations
Cost is 3239.47
=========================================================================
The algorithm continues iterating on the current plan to improve the plan
More optimal solution has obtained after 6391 iterations
Cost is 3237.22
=========================================================================
The algorithm continues iterating on the current plan to improve the plan
More optimal solution has obtained after 8593 iterations
Cost is 3233.03
=========================================================================
The algorithm continues iterating on the current plan to improve the plan
More optimal solution has obtained after 8652 iterations
Cost is 3232.58
=========================================================================
The algorithm continues iterating on the current plan to improve the plan
More optimal solution has obtained after 9330 iterations
Cost is 3232.33
=========================================================================
The algorithm continues iterating on the current plan to improve the plan
More optimal solution has obtained after 9906 iterations
Cost is 3231.24
=========================================================================
The algorithm continues iterating on the current plan to improve the plan
More optimal solution has obtained after 10984 iterations
Cost is 3230.13
=========================================================================
The algorithm continues iterating on the current plan to improve the plan
More optimal solution has obtained after 11022 iterations
Cost is 3230.06
=========================================================================
The algorithm continues iterating on the current plan to improve the plan
More optimal solution has obtained after 12449 iterations
Cost is 3229.75
=========================================================================
The algorithm continues iterating on the current plan to improve the plan
More optimal solution has obtained after 12992 iterations
Cost is 3229.74
=========================================================================
The algorithm continues iterating on the current plan to improve the plan
More optimal solution has obtained after 13812 iterations
Cost is 3229.56
=========================================================================
The algorithm continues iterating on the current plan to improve the plan
More optimal solution has obtained after 13947 iterations
Cost is 3229.54
=========================================================================
The algorithm continues iterating on the current plan to improve the plan
More optimal solution has obtained after 14023 iterations
Cost is 3228.65
=========================================================================
The algorithm continues iterating on the current plan to improve the plan
More optimal solution has obtained after 16880 iterations
Cost is 3228.55
=========================================================================
The algorithm continues iterating on the current plan to improve the plan
More optimal solution has obtained after 18646 iterations
Cost is 3228.55
=========================================================================
The algorithm continues iterating on the current plan to improve the plan
More optimal solution has obtained after 19448 iterations
Cost is 3228.33
=========================================================================
The algorithm continues iterating on the current plan to improve the plan
More optimal solution has obtained after 19572 iterations
Cost is 3227.34
=========================================================================
The algorithm continues iterating on the current plan to improve the plan
More optimal solution has obtained after 21033 iterations
Cost is 3225.3
=========================================================================
The algorithm continues iterating on the current plan to improve the plan
More optimal solution has obtained after 21560 iterations
Cost is 3225.14
=========================================================================
The algorithm continues iterating on the current plan to improve the plan
More optimal solution has obtained after 22617 iterations
Cost is 3224.84
=========================================================================
The algorithm continues iterating on the current plan to improve the plan
More optimal solution has obtained after 23042 iterations
Cost is 3220.88
=========================================================================
The algorithm continues iterating on the current plan to improve the plan
More optimal solution has obtained after 23261 iterations
Cost is 3220.79
=========================================================================
The algorithm continues iterating on the current plan to improve the plan
More optimal solution has obtained after 23517 iterations
Cost is 3217.03
=========================================================================
The algorithm continues iterating on the current plan to improve the plan
More optimal solution has obtained after 23991 iterations
Cost is 3216.96
=========================================================================
The algorithm continues iterating on the current plan to improve the plan
More optimal solution has obtained after 24729 iterations
Cost is 3216.3
=========================================================================
The algorithm continues iterating on the current plan to improve the plan
More optimal solution has obtained after 25245 iterations
Cost is 3215.96
=========================================================================
The algorithm continues iterating on the current plan to improve the plan
More optimal solution has obtained after 25325 iterations
Cost is 3213.87
=========================================================================
The algorithm continues iterating on the current plan to improve the plan
More optimal solution has obtained after 26019 iterations
Cost is 3213.69
=========================================================================
The algorithm continues iterating on the current plan to improve the plan
More optimal solution has obtained after 27195 iterations
Cost is 3212.07
=========================================================================
The algorithm continues iterating on the current plan to improve the plan
More optimal solution has obtained after 28007 iterations
Cost is 3211.95
=========================================================================
The algorithm continues iterating on the current plan to improve the plan
More optimal solution has obtained after 28136 iterations
Cost is 3211.26
=========================================================================
The algorithm continues iterating on the current plan to improve the plan
More optimal solution has obtained after 30991 iterations
Cost is 3207.1
=========================================================================
The algorithm continues iterating on the current plan to improve the plan
More optimal solution has obtained after 32695 iterations
Cost is 3207.04
=========================================================================
The algorithm continues iterating on the current plan to improve the plan
More optimal solution has obtained after 33351 iterations
Cost is 3206.04
=========================================================================
The algorithm continues iterating on the current plan to improve the plan
More optimal solution has obtained after 33705 iterations
Cost is 3204.38
=========================================================================
The algorithm continues iterating on the current plan to improve the plan
More optimal solution has obtained after 34529 iterations
Cost is 3203.72
=========================================================================
The algorithm continues iterating on the current plan to improve the plan
More optimal solution has obtained after 35904 iterations
Cost is 3203.46
=========================================================================
The algorithm continues iterating on the current plan to improve the plan
More optimal solution has obtained after 38856 iterations
Cost is 3202.16
=========================================================================
The algorithm continues iterating on the current plan to improve the plan
More optimal solution has obtained after 39923 iterations
Cost is 3201.75
=========================================================================
The algorithm continues iterating on the current plan to improve the plan
More optimal solution has obtained after 40000 iterations
Cost is 3201.75


Total Execution time: 199.500000 seconds


IO time: 0.125000 seconds


Comm time: 0.000000 seconds


Computation time: 199.375000 seconds

 --------------------------------------------- End------------------------------------------------------


