World size: 1500
World type: 2
Version: 71
K: 50000
Number of cpus: 1
choose TWELVE_OBS
Starting RRT* Algorithm...
First Viable Solution Obtained after 2999 iterations
Cost is 1665.88
Saving the generated plan (vector of points)
=========================================================================
The algorithm continues iterating on the current plan to improve the plan
More optimal solution has obtained after 3666 iterations
Cost is 1662.24
=========================================================================
The algorithm continues iterating on the current plan to improve the plan
More optimal solution has obtained after 3680 iterations
Cost is 1662.09
=========================================================================
The algorithm continues iterating on the current plan to improve the plan
More optimal solution has obtained after 3798 iterations
Cost is 1661.84
=========================================================================
The algorithm continues iterating on the current plan to improve the plan
More optimal solution has obtained after 4071 iterations
Cost is 1661.33
=========================================================================
The algorithm continues iterating on the current plan to improve the plan
More optimal solution has obtained after 4101 iterations
Cost is 1661.18
=========================================================================
The algorithm continues iterating on the current plan to improve the plan
More optimal solution has obtained after 5009 iterations
Cost is 1661.12
=========================================================================
The algorithm continues iterating on the current plan to improve the plan
More optimal solution has obtained after 5411 iterations
Cost is 1660.96
=========================================================================
The algorithm continues iterating on the current plan to improve the plan
More optimal solution has obtained after 5820 iterations
Cost is 1658.28
=========================================================================
The algorithm continues iterating on the current plan to improve the plan
More optimal solution has obtained after 6122 iterations
Cost is 1658.26
=========================================================================
The algorithm continues iterating on the current plan to improve the plan
More optimal solution has obtained after 7141 iterations
Cost is 1657.74
=========================================================================
The algorithm continues iterating on the current plan to improve the plan
More optimal solution has obtained after 7297 iterations
Cost is 1657.61
=========================================================================
The algorithm continues iterating on the current plan to improve the plan
More optimal solution has obtained after 7419 iterations
Cost is 1656.16
=========================================================================
The algorithm continues iterating on the current plan to improve the plan
More optimal solution has obtained after 7470 iterations
Cost is 1655.54
=========================================================================
The algorithm continues iterating on the current plan to improve the plan
More optimal solution has obtained after 8069 iterations
Cost is 1655.45
=========================================================================
The algorithm continues iterating on the current plan to improve the plan
More optimal solution has obtained after 8379 iterations
Cost is 1655.1
=========================================================================
The algorithm continues iterating on the current plan to improve the plan
More optimal solution has obtained after 9079 iterations
Cost is 1651.96
=========================================================================
The algorithm continues iterating on the current plan to improve the plan
More optimal solution has obtained after 9258 iterations
Cost is 1650.77
=========================================================================
The algorithm continues iterating on the current plan to improve the plan
More optimal solution has obtained after 9330 iterations
Cost is 1650.49
=========================================================================
The algorithm continues iterating on the current plan to improve the plan
More optimal solution has obtained after 9367 iterations
Cost is 1650.47
=========================================================================
The algorithm continues iterating on the current plan to improve the plan
More optimal solution has obtained after 10350 iterations
Cost is 1650.42
=========================================================================
The algorithm continues iterating on the current plan to improve the plan
More optimal solution has obtained after 10369 iterations
Cost is 1648.48
=========================================================================
The algorithm continues iterating on the current plan to improve the plan
More optimal solution has obtained after 10611 iterations
Cost is 1646.64
=========================================================================
The algorithm continues iterating on the current plan to improve the plan
More optimal solution has obtained after 10793 iterations
Cost is 1645.32
=========================================================================
The algorithm continues iterating on the current plan to improve the plan
More optimal solution has obtained after 10905 iterations
Cost is 1645.05
=========================================================================
The algorithm continues iterating on the current plan to improve the plan
More optimal solution has obtained after 11222 iterations
Cost is 1643.82
=========================================================================
The algorithm continues iterating on the current plan to improve the plan
More optimal solution has obtained after 12261 iterations
Cost is 1642.62
=========================================================================
The algorithm continues iterating on the current plan to improve the plan
More optimal solution has obtained after 12331 iterations
Cost is 1642.09
=========================================================================
The algorithm continues iterating on the current plan to improve the plan
More optimal solution has obtained after 12387 iterations
Cost is 1640.56
=========================================================================
The algorithm continues iterating on the current plan to improve the plan
More optimal solution has obtained after 13176 iterations
Cost is 1639.76
=========================================================================
The algorithm continues iterating on the current plan to improve the plan
More optimal solution has obtained after 13709 iterations
Cost is 1639.25
=========================================================================
The algorithm continues iterating on the current plan to improve the plan
More optimal solution has obtained after 13784 iterations
Cost is 1639.21
=========================================================================
The algorithm continues iterating on the current plan to improve the plan
More optimal solution has obtained after 14596 iterations
Cost is 1637.06
=========================================================================
The algorithm continues iterating on the current plan to improve the plan
More optimal solution has obtained after 14727 iterations
Cost is 1635.18
=========================================================================
The algorithm continues iterating on the current plan to improve the plan
More optimal solution has obtained after 14979 iterations
Cost is 1631.95
=========================================================================
The algorithm continues iterating on the current plan to improve the plan
More optimal solution has obtained after 15001 iterations
Cost is 1630.84
=========================================================================
The algorithm continues iterating on the current plan to improve the plan
More optimal solution has obtained after 15366 iterations
Cost is 1630.29
=========================================================================
The algorithm continues iterating on the current plan to improve the plan
More optimal solution has obtained after 15434 iterations
Cost is 1629.84
=========================================================================
The algorithm continues iterating on the current plan to improve the plan
More optimal solution has obtained after 15644 iterations
Cost is 1624.16
=========================================================================
The algorithm continues iterating on the current plan to improve the plan
More optimal solution has obtained after 15728 iterations
Cost is 1623.1
=========================================================================
The algorithm continues iterating on the current plan to improve the plan
More optimal solution has obtained after 16161 iterations
Cost is 1623.09
=========================================================================
The algorithm continues iterating on the current plan to improve the plan
More optimal solution has obtained after 16197 iterations
Cost is 1622.52
=========================================================================
The algorithm continues iterating on the current plan to improve the plan
More optimal solution has obtained after 16314 iterations
Cost is 1621.73
=========================================================================
The algorithm continues iterating on the current plan to improve the plan
More optimal solution has obtained after 16523 iterations
Cost is 1621.16
=========================================================================
The algorithm continues iterating on the current plan to improve the plan
More optimal solution has obtained after 16546 iterations
Cost is 1616.8
=========================================================================
The algorithm continues iterating on the current plan to improve the plan
More optimal solution has obtained after 16832 iterations
Cost is 1607.54
=========================================================================
The algorithm continues iterating on the current plan to improve the plan
More optimal solution has obtained after 16855 iterations
Cost is 1607.1
=========================================================================
The algorithm continues iterating on the current plan to improve the plan
More optimal solution has obtained after 16994 iterations
Cost is 1606.16
=========================================================================
The algorithm continues iterating on the current plan to improve the plan
More optimal solution has obtained after 17408 iterations
Cost is 1605.94
=========================================================================
The algorithm continues iterating on the current plan to improve the plan
More optimal solution has obtained after 17758 iterations
Cost is 1604.73
=========================================================================
The algorithm continues iterating on the current plan to improve the plan
More optimal solution has obtained after 18154 iterations
Cost is 1602.88
=========================================================================
The algorithm continues iterating on the current plan to improve the plan
More optimal solution has obtained after 18443 iterations
Cost is 1598.17
=========================================================================
The algorithm continues iterating on the current plan to improve the plan
More optimal solution has obtained after 18609 iterations
Cost is 1597.52
=========================================================================
The algorithm continues iterating on the current plan to improve the plan
More optimal solution has obtained after 18879 iterations
Cost is 1597.21
=========================================================================
The algorithm continues iterating on the current plan to improve the plan
More optimal solution has obtained after 18923 iterations
Cost is 1596.54
=========================================================================
The algorithm continues iterating on the current plan to improve the plan
More optimal solution has obtained after 18964 iterations
Cost is 1595.95
=========================================================================
The algorithm continues iterating on the current plan to improve the plan
More optimal solution has obtained after 19047 iterations
Cost is 1595.92
=========================================================================
The algorithm continues iterating on the current plan to improve the plan
More optimal solution has obtained after 19528 iterations
Cost is 1595.7
=========================================================================
The algorithm continues iterating on the current plan to improve the plan
More optimal solution has obtained after 20680 iterations
Cost is 1595.21
=========================================================================
The algorithm continues iterating on the current plan to improve the plan
More optimal solution has obtained after 20911 iterations
Cost is 1595.01
=========================================================================
The algorithm continues iterating on the current plan to improve the plan
More optimal solution has obtained after 21026 iterations
Cost is 1594.99
=========================================================================
The algorithm continues iterating on the current plan to improve the plan
More optimal solution has obtained after 21184 iterations
Cost is 1590.14
=========================================================================
The algorithm continues iterating on the current plan to improve the plan
More optimal solution has obtained after 21473 iterations
Cost is 1589.33
=========================================================================
The algorithm continues iterating on the current plan to improve the plan
More optimal solution has obtained after 21728 iterations
Cost is 1584.93
=========================================================================
The algorithm continues iterating on the current plan to improve the plan
More optimal solution has obtained after 22052 iterations
Cost is 1581.05
=========================================================================
The algorithm continues iterating on the current plan to improve the plan
More optimal solution has obtained after 22398 iterations
Cost is 1579.72
=========================================================================
The algorithm continues iterating on the current plan to improve the plan
More optimal solution has obtained after 23048 iterations
Cost is 1572.8
=========================================================================
The algorithm continues iterating on the current plan to improve the plan
More optimal solution has obtained after 23189 iterations
Cost is 1568.6
=========================================================================
The algorithm continues iterating on the current plan to improve the plan
More optimal solution has obtained after 23402 iterations
Cost is 1560.54
=========================================================================
The algorithm continues iterating on the current plan to improve the plan
More optimal solution has obtained after 23724 iterations
Cost is 1558.59
=========================================================================
The algorithm continues iterating on the current plan to improve the plan
More optimal solution has obtained after 24157 iterations
Cost is 1554.63
=========================================================================
The algorithm continues iterating on the current plan to improve the plan
More optimal solution has obtained after 24320 iterations
Cost is 1551.92
=========================================================================
The algorithm continues iterating on the current plan to improve the plan
More optimal solution has obtained after 24400 iterations
Cost is 1547.95
=========================================================================
The algorithm continues iterating on the current plan to improve the plan
More optimal solution has obtained after 24713 iterations
Cost is 1547.23
=========================================================================
The algorithm continues iterating on the current plan to improve the plan
More optimal solution has obtained after 24809 iterations
Cost is 1545.25
=========================================================================
The algorithm continues iterating on the current plan to improve the plan
More optimal solution has obtained after 24899 iterations
Cost is 1544.47
=========================================================================
The algorithm continues iterating on the current plan to improve the plan
More optimal solution has obtained after 25185 iterations
Cost is 1540.51
=========================================================================
The algorithm continues iterating on the current plan to improve the plan
More optimal solution has obtained after 25398 iterations
Cost is 1539.87
=========================================================================
The algorithm continues iterating on the current plan to improve the plan
More optimal solution has obtained after 25405 iterations
Cost is 1539.82
=========================================================================
The algorithm continues iterating on the current plan to improve the plan
More optimal solution has obtained after 25549 iterations
Cost is 1539.81
=========================================================================
The algorithm continues iterating on the current plan to improve the plan
More optimal solution has obtained after 25722 iterations
Cost is 1539.24
=========================================================================
The algorithm continues iterating on the current plan to improve the plan
More optimal solution has obtained after 26610 iterations
Cost is 1536.18
=========================================================================
The algorithm continues iterating on the current plan to improve the plan
More optimal solution has obtained after 26742 iterations
Cost is 1535.44
=========================================================================
The algorithm continues iterating on the current plan to improve the plan
More optimal solution has obtained after 26808 iterations
Cost is 1535.41
=========================================================================
The algorithm continues iterating on the current plan to improve the plan
More optimal solution has obtained after 26835 iterations
Cost is 1534.98
=========================================================================
The algorithm continues iterating on the current plan to improve the plan
More optimal solution has obtained after 27101 iterations
Cost is 1532.85
=========================================================================
The algorithm continues iterating on the current plan to improve the plan
More optimal solution has obtained after 27213 iterations
Cost is 1530.51
=========================================================================
The algorithm continues iterating on the current plan to improve the plan
More optimal solution has obtained after 27446 iterations
Cost is 1530.47
=========================================================================
The algorithm continues iterating on the current plan to improve the plan
More optimal solution has obtained after 27785 iterations
Cost is 1525.67
=========================================================================
The algorithm continues iterating on the current plan to improve the plan
More optimal solution has obtained after 28320 iterations
Cost is 1525.39
=========================================================================
The algorithm continues iterating on the current plan to improve the plan
More optimal solution has obtained after 28464 iterations
Cost is 1525.13
=========================================================================
The algorithm continues iterating on the current plan to improve the plan
More optimal solution has obtained after 28595 iterations
Cost is 1524.21
=========================================================================
The algorithm continues iterating on the current plan to improve the plan
More optimal solution has obtained after 28598 iterations
Cost is 1522.97
=========================================================================
The algorithm continues iterating on the current plan to improve the plan
More optimal solution has obtained after 28892 iterations
Cost is 1519.07
=========================================================================
The algorithm continues iterating on the current plan to improve the plan
More optimal solution has obtained after 28972 iterations
Cost is 1518.75
=========================================================================
The algorithm continues iterating on the current plan to improve the plan
More optimal solution has obtained after 29735 iterations
Cost is 1518.64
=========================================================================
The algorithm continues iterating on the current plan to improve the plan
More optimal solution has obtained after 29930 iterations
Cost is 1518.54
=========================================================================
The algorithm continues iterating on the current plan to improve the plan
More optimal solution has obtained after 30039 iterations
Cost is 1509.37
=========================================================================
The algorithm continues iterating on the current plan to improve the plan
More optimal solution has obtained after 30401 iterations
Cost is 1509.05
=========================================================================
The algorithm continues iterating on the current plan to improve the plan
More optimal solution has obtained after 30471 iterations
Cost is 1500.07
=========================================================================
The algorithm continues iterating on the current plan to improve the plan
More optimal solution has obtained after 30693 iterations
Cost is 1497.04
=========================================================================
The algorithm continues iterating on the current plan to improve the plan
More optimal solution has obtained after 31213 iterations
Cost is 1495.6
=========================================================================
The algorithm continues iterating on the current plan to improve the plan
More optimal solution has obtained after 31352 iterations
Cost is 1495.44
=========================================================================
The algorithm continues iterating on the current plan to improve the plan
More optimal solution has obtained after 31423 iterations
Cost is 1495.03
=========================================================================
The algorithm continues iterating on the current plan to improve the plan
More optimal solution has obtained after 31526 iterations
Cost is 1492.2
=========================================================================
The algorithm continues iterating on the current plan to improve the plan
More optimal solution has obtained after 33239 iterations
Cost is 1492.1
=========================================================================
The algorithm continues iterating on the current plan to improve the plan
More optimal solution has obtained after 33649 iterations
Cost is 1491.6
=========================================================================
The algorithm continues iterating on the current plan to improve the plan
More optimal solution has obtained after 33736 iterations
Cost is 1483.17
=========================================================================
The algorithm continues iterating on the current plan to improve the plan
More optimal solution has obtained after 34141 iterations
Cost is 1482.95
=========================================================================
The algorithm continues iterating on the current plan to improve the plan
More optimal solution has obtained after 34165 iterations
Cost is 1482.47
=========================================================================
The algorithm continues iterating on the current plan to improve the plan
More optimal solution has obtained after 34230 iterations
Cost is 1482.26
=========================================================================
The algorithm continues iterating on the current plan to improve the plan
More optimal solution has obtained after 34262 iterations
Cost is 1479.63
=========================================================================
The algorithm continues iterating on the current plan to improve the plan
More optimal solution has obtained after 34266 iterations
Cost is 1477.23
=========================================================================
The algorithm continues iterating on the current plan to improve the plan
More optimal solution has obtained after 34605 iterations
Cost is 1476.83
=========================================================================
The algorithm continues iterating on the current plan to improve the plan
More optimal solution has obtained after 34660 iterations
Cost is 1476.61
=========================================================================
The algorithm continues iterating on the current plan to improve the plan
More optimal solution has obtained after 34884 iterations
Cost is 1476.16
=========================================================================
The algorithm continues iterating on the current plan to improve the plan
More optimal solution has obtained after 35267 iterations
Cost is 1475
=========================================================================
The algorithm continues iterating on the current plan to improve the plan
More optimal solution has obtained after 35558 iterations
Cost is 1474.31
=========================================================================
The algorithm continues iterating on the current plan to improve the plan
More optimal solution has obtained after 35877 iterations
Cost is 1472.92
=========================================================================
The algorithm continues iterating on the current plan to improve the plan
More optimal solution has obtained after 36237 iterations
Cost is 1471.03
=========================================================================
The algorithm continues iterating on the current plan to improve the plan
More optimal solution has obtained after 36512 iterations
Cost is 1470.66
=========================================================================
The algorithm continues iterating on the current plan to improve the plan
More optimal solution has obtained after 36544 iterations
Cost is 1470.6
=========================================================================
The algorithm continues iterating on the current plan to improve the plan
More optimal solution has obtained after 37316 iterations
Cost is 1470.55
=========================================================================
The algorithm continues iterating on the current plan to improve the plan
More optimal solution has obtained after 37348 iterations
Cost is 1468.58
=========================================================================
The algorithm continues iterating on the current plan to improve the plan
More optimal solution has obtained after 37775 iterations
Cost is 1468.52
=========================================================================
The algorithm continues iterating on the current plan to improve the plan
More optimal solution has obtained after 38425 iterations
Cost is 1467.99
=========================================================================
The algorithm continues iterating on the current plan to improve the plan
More optimal solution has obtained after 38497 iterations
Cost is 1467.04
=========================================================================
The algorithm continues iterating on the current plan to improve the plan
More optimal solution has obtained after 40064 iterations
Cost is 1465.61
=========================================================================
The algorithm continues iterating on the current plan to improve the plan
More optimal solution has obtained after 40907 iterations
Cost is 1465.56
=========================================================================
The algorithm continues iterating on the current plan to improve the plan
More optimal solution has obtained after 41230 iterations
Cost is 1464.26
=========================================================================
The algorithm continues iterating on the current plan to improve the plan
More optimal solution has obtained after 41659 iterations
Cost is 1464.09
=========================================================================
The algorithm continues iterating on the current plan to improve the plan
More optimal solution has obtained after 43164 iterations
Cost is 1464.03
=========================================================================
The algorithm continues iterating on the current plan to improve the plan
More optimal solution has obtained after 43166 iterations
Cost is 1463.01
=========================================================================
The algorithm continues iterating on the current plan to improve the plan
More optimal solution has obtained after 43283 iterations
Cost is 1463.01
=========================================================================
The algorithm continues iterating on the current plan to improve the plan
More optimal solution has obtained after 43441 iterations
Cost is 1463.01
=========================================================================
The algorithm continues iterating on the current plan to improve the plan
More optimal solution has obtained after 43906 iterations
Cost is 1462.99
=========================================================================
The algorithm continues iterating on the current plan to improve the plan
More optimal solution has obtained after 46356 iterations
Cost is 1462.45
=========================================================================
The algorithm continues iterating on the current plan to improve the plan
More optimal solution has obtained after 46437 iterations
Cost is 1461.07
=========================================================================
The algorithm continues iterating on the current plan to improve the plan
More optimal solution has obtained after 46612 iterations
Cost is 1460.92
=========================================================================
The algorithm continues iterating on the current plan to improve the plan
More optimal solution has obtained after 47132 iterations
Cost is 1460.79
=========================================================================
The algorithm continues iterating on the current plan to improve the plan
More optimal solution has obtained after 49803 iterations
Cost is 1455.66
=========================================================================
The algorithm continues iterating on the current plan to improve the plan
More optimal solution has obtained after 50000 iterations
Cost is 1455.66
Exceeded max iterations!
Saving the generated plan (vector of points)


Execution time: 312.000000 seconds

 --------------------------------------------- End------------------------------------------------------


World size: 3000
World type: 2
Version: 72
K: 80000
Number of cpus: 1
choose TWELVE_OBS
Starting RRT* Algorithm...
First Viable Solution Obtained after 19935 iterations
Cost is 3351.61
Saving the generated plan (vector of points)
=========================================================================
The algorithm continues iterating on the current plan to improve the plan
More optimal solution has obtained after 20439 iterations
Cost is 3350.94
=========================================================================
The algorithm continues iterating on the current plan to improve the plan
More optimal solution has obtained after 21222 iterations
Cost is 3350.67
=========================================================================
The algorithm continues iterating on the current plan to improve the plan
More optimal solution has obtained after 21570 iterations
Cost is 3350.53
=========================================================================
The algorithm continues iterating on the current plan to improve the plan
More optimal solution has obtained after 22504 iterations
Cost is 3350.24
=========================================================================
The algorithm continues iterating on the current plan to improve the plan
More optimal solution has obtained after 23554 iterations
Cost is 3347.71
=========================================================================
The algorithm continues iterating on the current plan to improve the plan
More optimal solution has obtained after 25080 iterations
Cost is 3347.54
=========================================================================
The algorithm continues iterating on the current plan to improve the plan
More optimal solution has obtained after 25979 iterations
Cost is 3347.13
=========================================================================
The algorithm continues iterating on the current plan to improve the plan
More optimal solution has obtained after 27921 iterations
Cost is 3346.72
=========================================================================
The algorithm continues iterating on the current plan to improve the plan
More optimal solution has obtained after 28031 iterations
Cost is 3346.19
=========================================================================
The algorithm continues iterating on the current plan to improve the plan
More optimal solution has obtained after 29111 iterations
Cost is 3346.15
=========================================================================
The algorithm continues iterating on the current plan to improve the plan
More optimal solution has obtained after 29753 iterations
Cost is 3346.14
=========================================================================
The algorithm continues iterating on the current plan to improve the plan
More optimal solution has obtained after 30054 iterations
Cost is 3345.84
=========================================================================
The algorithm continues iterating on the current plan to improve the plan
More optimal solution has obtained after 30508 iterations
Cost is 3345.75
=========================================================================
The algorithm continues iterating on the current plan to improve the plan
More optimal solution has obtained after 30889 iterations
Cost is 3345.7
=========================================================================
The algorithm continues iterating on the current plan to improve the plan
More optimal solution has obtained after 31011 iterations
Cost is 3345.31
=========================================================================
The algorithm continues iterating on the current plan to improve the plan
More optimal solution has obtained after 31072 iterations
Cost is 3341.27
=========================================================================
The algorithm continues iterating on the current plan to improve the plan
More optimal solution has obtained after 32134 iterations
Cost is 3340.71
=========================================================================
The algorithm continues iterating on the current plan to improve the plan
More optimal solution has obtained after 34453 iterations
Cost is 3339.94
=========================================================================
The algorithm continues iterating on the current plan to improve the plan
More optimal solution has obtained after 35671 iterations
Cost is 3336.28
=========================================================================
The algorithm continues iterating on the current plan to improve the plan
More optimal solution has obtained after 36127 iterations
Cost is 3335.85
=========================================================================
The algorithm continues iterating on the current plan to improve the plan
More optimal solution has obtained after 36413 iterations
Cost is 3335.74
=========================================================================
The algorithm continues iterating on the current plan to improve the plan
More optimal solution has obtained after 36416 iterations
Cost is 3335.56
=========================================================================
The algorithm continues iterating on the current plan to improve the plan
More optimal solution has obtained after 37089 iterations
Cost is 3333.84
=========================================================================
The algorithm continues iterating on the current plan to improve the plan
More optimal solution has obtained after 37240 iterations
Cost is 3333.46
=========================================================================
The algorithm continues iterating on the current plan to improve the plan
More optimal solution has obtained after 37775 iterations
Cost is 3333.34
=========================================================================
The algorithm continues iterating on the current plan to improve the plan
More optimal solution has obtained after 39033 iterations
Cost is 3332.52
=========================================================================
The algorithm continues iterating on the current plan to improve the plan
More optimal solution has obtained after 39681 iterations
Cost is 3332.2
=========================================================================
The algorithm continues iterating on the current plan to improve the plan
More optimal solution has obtained after 39831 iterations
Cost is 3332.13
=========================================================================
The algorithm continues iterating on the current plan to improve the plan
More optimal solution has obtained after 40554 iterations
Cost is 3331.7
=========================================================================
The algorithm continues iterating on the current plan to improve the plan
More optimal solution has obtained after 40941 iterations
Cost is 3331.64
=========================================================================
The algorithm continues iterating on the current plan to improve the plan
More optimal solution has obtained after 41304 iterations
Cost is 3330.88
=========================================================================
The algorithm continues iterating on the current plan to improve the plan
More optimal solution has obtained after 42222 iterations
Cost is 3328.36
=========================================================================
The algorithm continues iterating on the current plan to improve the plan
More optimal solution has obtained after 42366 iterations
Cost is 3326.81
=========================================================================
The algorithm continues iterating on the current plan to improve the plan
More optimal solution has obtained after 43323 iterations
Cost is 3326.57
=========================================================================
The algorithm continues iterating on the current plan to improve the plan
More optimal solution has obtained after 43530 iterations
Cost is 3323.59
=========================================================================
The algorithm continues iterating on the current plan to improve the plan
More optimal solution has obtained after 44194 iterations
Cost is 3323.06
=========================================================================
The algorithm continues iterating on the current plan to improve the plan
More optimal solution has obtained after 44321 iterations
Cost is 3322.91
=========================================================================
The algorithm continues iterating on the current plan to improve the plan
More optimal solution has obtained after 44476 iterations
Cost is 3319.9
=========================================================================
The algorithm continues iterating on the current plan to improve the plan
More optimal solution has obtained after 45053 iterations
Cost is 3319.79
=========================================================================
The algorithm continues iterating on the current plan to improve the plan
More optimal solution has obtained after 45338 iterations
Cost is 3319.77
=========================================================================
The algorithm continues iterating on the current plan to improve the plan
More optimal solution has obtained after 46347 iterations
Cost is 3318.39
=========================================================================
The algorithm continues iterating on the current plan to improve the plan
More optimal solution has obtained after 47017 iterations
Cost is 3318.13
=========================================================================
The algorithm continues iterating on the current plan to improve the plan
More optimal solution has obtained after 47905 iterations
Cost is 3317.29
=========================================================================
The algorithm continues iterating on the current plan to improve the plan
More optimal solution has obtained after 48880 iterations
Cost is 3315.92
=========================================================================
The algorithm continues iterating on the current plan to improve the plan
More optimal solution has obtained after 49191 iterations
Cost is 3315.83
=========================================================================
The algorithm continues iterating on the current plan to improve the plan
More optimal solution has obtained after 49194 iterations
Cost is 3315.62
=========================================================================
The algorithm continues iterating on the current plan to improve the plan
More optimal solution has obtained after 50395 iterations
Cost is 3314.71
=========================================================================
The algorithm continues iterating on the current plan to improve the plan
More optimal solution has obtained after 50545 iterations
Cost is 3314.58
=========================================================================
The algorithm continues iterating on the current plan to improve the plan
More optimal solution has obtained after 51280 iterations
Cost is 3313.91
=========================================================================
The algorithm continues iterating on the current plan to improve the plan
More optimal solution has obtained after 51485 iterations
Cost is 3311.29
=========================================================================
The algorithm continues iterating on the current plan to improve the plan
More optimal solution has obtained after 51664 iterations
Cost is 3311.28
=========================================================================
The algorithm continues iterating on the current plan to improve the plan
More optimal solution has obtained after 51834 iterations
Cost is 3311.06
=========================================================================
The algorithm continues iterating on the current plan to improve the plan
More optimal solution has obtained after 52722 iterations
Cost is 3311.03
=========================================================================
The algorithm continues iterating on the current plan to improve the plan
More optimal solution has obtained after 52929 iterations
Cost is 3310.34
=========================================================================
The algorithm continues iterating on the current plan to improve the plan
More optimal solution has obtained after 54429 iterations
Cost is 3297.66
=========================================================================
The algorithm continues iterating on the current plan to improve the plan
More optimal solution has obtained after 55052 iterations
Cost is 3296.68
=========================================================================
The algorithm continues iterating on the current plan to improve the plan
More optimal solution has obtained after 56021 iterations
Cost is 3296.68
=========================================================================
The algorithm continues iterating on the current plan to improve the plan
More optimal solution has obtained after 57154 iterations
Cost is 3295.16
=========================================================================
The algorithm continues iterating on the current plan to improve the plan
More optimal solution has obtained after 57505 iterations
Cost is 3294.47
=========================================================================
The algorithm continues iterating on the current plan to improve the plan
More optimal solution has obtained after 58158 iterations
Cost is 3294.43
=========================================================================
The algorithm continues iterating on the current plan to improve the plan
srun: Job step aborted: Waiting up to 32 seconds for job step to finish.
slurmstepd: error: *** JOB 2813206 ON apollo32 CANCELLED AT 2021-01-12T11:14:55 DUE TO TIME LIMIT ***
slurmstepd: error: *** STEP 2813206.1 ON apollo32 CANCELLED AT 2021-01-12T11:14:55 DUE TO TIME LIMIT ***
srun: error: apollo32: task 0: Terminated
