World size: 500
World type: 3
Version: 73
K: 8000
Number of cpus: 1
choose Maze
Starting RRT* Algorithm...
First Viable Solution Obtained after 1357 iterations
Cost is 835.293
Saving the generated plan (vector of points)
=========================================================================
The algorithm continues iterating on the current plan to improve the plan
More optimal solution has obtained after 1477 iterations
Cost is 829.53
=========================================================================
The algorithm continues iterating on the current plan to improve the plan
More optimal solution has obtained after 1522 iterations
Cost is 818.332
=========================================================================
The algorithm continues iterating on the current plan to improve the plan
More optimal solution has obtained after 1563 iterations
Cost is 814.931
=========================================================================
The algorithm continues iterating on the current plan to improve the plan
More optimal solution has obtained after 1654 iterations
Cost is 792.361
=========================================================================
The algorithm continues iterating on the current plan to improve the plan
More optimal solution has obtained after 1737 iterations
Cost is 792.333
=========================================================================
The algorithm continues iterating on the current plan to improve the plan
More optimal solution has obtained after 1738 iterations
Cost is 791.328
=========================================================================
The algorithm continues iterating on the current plan to improve the plan
More optimal solution has obtained after 1761 iterations
Cost is 784.513
=========================================================================
The algorithm continues iterating on the current plan to improve the plan
More optimal solution has obtained after 1762 iterations
Cost is 777.37
=========================================================================
The algorithm continues iterating on the current plan to improve the plan
More optimal solution has obtained after 1850 iterations
Cost is 776.96
=========================================================================
The algorithm continues iterating on the current plan to improve the plan
More optimal solution has obtained after 1862 iterations
Cost is 776.96
=========================================================================
The algorithm continues iterating on the current plan to improve the plan
More optimal solution has obtained after 1863 iterations
Cost is 774.384
=========================================================================
The algorithm continues iterating on the current plan to improve the plan
More optimal solution has obtained after 1911 iterations
Cost is 772.787
=========================================================================
The algorithm continues iterating on the current plan to improve the plan
More optimal solution has obtained after 2011 iterations
Cost is 770.226
=========================================================================
The algorithm continues iterating on the current plan to improve the plan
More optimal solution has obtained after 2075 iterations
Cost is 770.21
=========================================================================
The algorithm continues iterating on the current plan to improve the plan
More optimal solution has obtained after 2290 iterations
Cost is 770.2
=========================================================================
The algorithm continues iterating on the current plan to improve the plan
More optimal solution has obtained after 2318 iterations
Cost is 769.931
=========================================================================
The algorithm continues iterating on the current plan to improve the plan
More optimal solution has obtained after 2322 iterations
Cost is 769.931
=========================================================================
The algorithm continues iterating on the current plan to improve the plan
More optimal solution has obtained after 2437 iterations
Cost is 769.56
=========================================================================
The algorithm continues iterating on the current plan to improve the plan
More optimal solution has obtained after 2642 iterations
Cost is 760.668
=========================================================================
The algorithm continues iterating on the current plan to improve the plan
More optimal solution has obtained after 2870 iterations
Cost is 760.665
=========================================================================
The algorithm continues iterating on the current plan to improve the plan
More optimal solution has obtained after 3023 iterations
Cost is 758.347
=========================================================================
The algorithm continues iterating on the current plan to improve the plan
More optimal solution has obtained after 3026 iterations
Cost is 758.258
=========================================================================
The algorithm continues iterating on the current plan to improve the plan
More optimal solution has obtained after 3051 iterations
Cost is 757.764
=========================================================================
The algorithm continues iterating on the current plan to improve the plan
More optimal solution has obtained after 3072 iterations
Cost is 754.944
=========================================================================
The algorithm continues iterating on the current plan to improve the plan
More optimal solution has obtained after 3251 iterations
Cost is 753.119
=========================================================================
The algorithm continues iterating on the current plan to improve the plan
More optimal solution has obtained after 3596 iterations
Cost is 752.816
=========================================================================
The algorithm continues iterating on the current plan to improve the plan
More optimal solution has obtained after 3662 iterations
Cost is 752.806
=========================================================================
The algorithm continues iterating on the current plan to improve the plan
More optimal solution has obtained after 3809 iterations
Cost is 752.03
=========================================================================
The algorithm continues iterating on the current plan to improve the plan
More optimal solution has obtained after 3817 iterations
Cost is 742.733
=========================================================================
The algorithm continues iterating on the current plan to improve the plan
More optimal solution has obtained after 3868 iterations
Cost is 739.795
=========================================================================
The algorithm continues iterating on the current plan to improve the plan
More optimal solution has obtained after 3923 iterations
Cost is 739.2
=========================================================================
The algorithm continues iterating on the current plan to improve the plan
More optimal solution has obtained after 3960 iterations
Cost is 735.779
=========================================================================
The algorithm continues iterating on the current plan to improve the plan
More optimal solution has obtained after 3962 iterations
Cost is 735.014
=========================================================================
The algorithm continues iterating on the current plan to improve the plan
More optimal solution has obtained after 3983 iterations
Cost is 734.746
=========================================================================
The algorithm continues iterating on the current plan to improve the plan
More optimal solution has obtained after 4037 iterations
Cost is 734.281
=========================================================================
The algorithm continues iterating on the current plan to improve the plan
More optimal solution has obtained after 4073 iterations
Cost is 734.142
=========================================================================
The algorithm continues iterating on the current plan to improve the plan
More optimal solution has obtained after 4134 iterations
Cost is 733.876
=========================================================================
The algorithm continues iterating on the current plan to improve the plan
More optimal solution has obtained after 4182 iterations
Cost is 733.766
=========================================================================
The algorithm continues iterating on the current plan to improve the plan
More optimal solution has obtained after 4279 iterations
Cost is 730.842
=========================================================================
The algorithm continues iterating on the current plan to improve the plan
More optimal solution has obtained after 4403 iterations
Cost is 727.592
=========================================================================
The algorithm continues iterating on the current plan to improve the plan
More optimal solution has obtained after 4455 iterations
Cost is 725.308
=========================================================================
The algorithm continues iterating on the current plan to improve the plan
More optimal solution has obtained after 4707 iterations
Cost is 722.175
=========================================================================
The algorithm continues iterating on the current plan to improve the plan
More optimal solution has obtained after 4716 iterations
Cost is 721.98
=========================================================================
The algorithm continues iterating on the current plan to improve the plan
More optimal solution has obtained after 4796 iterations
Cost is 721.574
=========================================================================
The algorithm continues iterating on the current plan to improve the plan
More optimal solution has obtained after 4812 iterations
Cost is 720.843
=========================================================================
The algorithm continues iterating on the current plan to improve the plan
More optimal solution has obtained after 5072 iterations
Cost is 720.542
=========================================================================
The algorithm continues iterating on the current plan to improve the plan
More optimal solution has obtained after 5160 iterations
Cost is 720.337
=========================================================================
The algorithm continues iterating on the current plan to improve the plan
More optimal solution has obtained after 5185 iterations
Cost is 720.114
=========================================================================
The algorithm continues iterating on the current plan to improve the plan
More optimal solution has obtained after 5225 iterations
Cost is 719.718
=========================================================================
The algorithm continues iterating on the current plan to improve the plan
More optimal solution has obtained after 5233 iterations
Cost is 719.718
=========================================================================
The algorithm continues iterating on the current plan to improve the plan
More optimal solution has obtained after 5271 iterations
Cost is 719.415
=========================================================================
The algorithm continues iterating on the current plan to improve the plan
More optimal solution has obtained after 5474 iterations
Cost is 718.69
=========================================================================
The algorithm continues iterating on the current plan to improve the plan
More optimal solution has obtained after 5500 iterations
Cost is 716.607
=========================================================================
The algorithm continues iterating on the current plan to improve the plan
More optimal solution has obtained after 5621 iterations
Cost is 716.082
=========================================================================
The algorithm continues iterating on the current plan to improve the plan
More optimal solution has obtained after 5626 iterations
Cost is 715.657
=========================================================================
The algorithm continues iterating on the current plan to improve the plan
More optimal solution has obtained after 5638 iterations
Cost is 715.657
=========================================================================
The algorithm continues iterating on the current plan to improve the plan
More optimal solution has obtained after 5678 iterations
Cost is 715.513
=========================================================================
The algorithm continues iterating on the current plan to improve the plan
More optimal solution has obtained after 5901 iterations
Cost is 715.248
=========================================================================
The algorithm continues iterating on the current plan to improve the plan
More optimal solution has obtained after 5954 iterations
Cost is 714.864
=========================================================================
The algorithm continues iterating on the current plan to improve the plan
More optimal solution has obtained after 5983 iterations
Cost is 714.759
=========================================================================
The algorithm continues iterating on the current plan to improve the plan
More optimal solution has obtained after 6122 iterations
Cost is 714.133
=========================================================================
The algorithm continues iterating on the current plan to improve the plan
More optimal solution has obtained after 6182 iterations
Cost is 714.083
=========================================================================
The algorithm continues iterating on the current plan to improve the plan
More optimal solution has obtained after 6269 iterations
Cost is 713.975
=========================================================================
The algorithm continues iterating on the current plan to improve the plan
More optimal solution has obtained after 6276 iterations
Cost is 712.8
=========================================================================
The algorithm continues iterating on the current plan to improve the plan
More optimal solution has obtained after 6375 iterations
Cost is 712.365
=========================================================================
The algorithm continues iterating on the current plan to improve the plan
More optimal solution has obtained after 6411 iterations
Cost is 711.726
=========================================================================
The algorithm continues iterating on the current plan to improve the plan
More optimal solution has obtained after 6659 iterations
Cost is 710.401
=========================================================================
The algorithm continues iterating on the current plan to improve the plan
More optimal solution has obtained after 6766 iterations
Cost is 710.309
=========================================================================
The algorithm continues iterating on the current plan to improve the plan
More optimal solution has obtained after 6768 iterations
Cost is 710.309
=========================================================================
The algorithm continues iterating on the current plan to improve the plan
More optimal solution has obtained after 6959 iterations
Cost is 709.86
=========================================================================
The algorithm continues iterating on the current plan to improve the plan
More optimal solution has obtained after 7069 iterations
Cost is 709.711
=========================================================================
The algorithm continues iterating on the current plan to improve the plan
More optimal solution has obtained after 7147 iterations
Cost is 709.695
=========================================================================
The algorithm continues iterating on the current plan to improve the plan
More optimal solution has obtained after 7151 iterations
Cost is 709.695
=========================================================================
The algorithm continues iterating on the current plan to improve the plan
More optimal solution has obtained after 7218 iterations
Cost is 709.692
=========================================================================
The algorithm continues iterating on the current plan to improve the plan
More optimal solution has obtained after 7381 iterations
Cost is 708.052
=========================================================================
The algorithm continues iterating on the current plan to improve the plan
More optimal solution has obtained after 7736 iterations
Cost is 707.645
=========================================================================
The algorithm continues iterating on the current plan to improve the plan
More optimal solution has obtained after 7864 iterations
Cost is 707.251
=========================================================================
The algorithm continues iterating on the current plan to improve the plan
More optimal solution has obtained after 7956 iterations
Cost is 707.202
=========================================================================
The algorithm continues iterating on the current plan to improve the plan
More optimal solution has obtained after 8000 iterations
Cost is 707.202
Exceeded max iterations!
Saving the generated plan (vector of points)


Execution time: 9.750000 seconds

 --------------------------------------------- End------------------------------------------------------


World size: 1000
World type: 3
Version: 74
K: 40000
Number of cpus: 1
choose Maze
Starting RRT* Algorithm...
First Viable Solution Obtained after 3293 iterations
Cost is 1516.44
Saving the generated plan (vector of points)
=========================================================================
The algorithm continues iterating on the current plan to improve the plan
More optimal solution has obtained after 3302 iterations
Cost is 1515.33
=========================================================================
The algorithm continues iterating on the current plan to improve the plan
More optimal solution has obtained after 3705 iterations
Cost is 1514.04
=========================================================================
The algorithm continues iterating on the current plan to improve the plan
More optimal solution has obtained after 3883 iterations
Cost is 1513.87
=========================================================================
The algorithm continues iterating on the current plan to improve the plan
More optimal solution has obtained after 3978 iterations
Cost is 1511.53
=========================================================================
The algorithm continues iterating on the current plan to improve the plan
More optimal solution has obtained after 4109 iterations
Cost is 1511.38
=========================================================================
The algorithm continues iterating on the current plan to improve the plan
More optimal solution has obtained after 4128 iterations
Cost is 1507.62
=========================================================================
The algorithm continues iterating on the current plan to improve the plan
More optimal solution has obtained after 4173 iterations
Cost is 1507.18
=========================================================================
The algorithm continues iterating on the current plan to improve the plan
More optimal solution has obtained after 4323 iterations
Cost is 1504.85
=========================================================================
The algorithm continues iterating on the current plan to improve the plan
More optimal solution has obtained after 4364 iterations
Cost is 1503
=========================================================================
The algorithm continues iterating on the current plan to improve the plan
More optimal solution has obtained after 4779 iterations
Cost is 1502.95
=========================================================================
The algorithm continues iterating on the current plan to improve the plan
More optimal solution has obtained after 5269 iterations
Cost is 1502.67
=========================================================================
The algorithm continues iterating on the current plan to improve the plan
More optimal solution has obtained after 5273 iterations
Cost is 1500.41
=========================================================================
The algorithm continues iterating on the current plan to improve the plan
More optimal solution has obtained after 5431 iterations
Cost is 1500.26
=========================================================================
The algorithm continues iterating on the current plan to improve the plan
More optimal solution has obtained after 5963 iterations
Cost is 1498.96
=========================================================================
The algorithm continues iterating on the current plan to improve the plan
More optimal solution has obtained after 6049 iterations
Cost is 1498.87
=========================================================================
The algorithm continues iterating on the current plan to improve the plan
More optimal solution has obtained after 6141 iterations
Cost is 1498.36
=========================================================================
The algorithm continues iterating on the current plan to improve the plan
More optimal solution has obtained after 6527 iterations
Cost is 1496.97
=========================================================================
The algorithm continues iterating on the current plan to improve the plan
More optimal solution has obtained after 6531 iterations
Cost is 1496.78
=========================================================================
The algorithm continues iterating on the current plan to improve the plan
More optimal solution has obtained after 6593 iterations
Cost is 1496.08
=========================================================================
The algorithm continues iterating on the current plan to improve the plan
More optimal solution has obtained after 6833 iterations
Cost is 1495.96
=========================================================================
The algorithm continues iterating on the current plan to improve the plan
More optimal solution has obtained after 7060 iterations
Cost is 1495.85
=========================================================================
The algorithm continues iterating on the current plan to improve the plan
More optimal solution has obtained after 7203 iterations
Cost is 1495.84
=========================================================================
The algorithm continues iterating on the current plan to improve the plan
More optimal solution has obtained after 7708 iterations
Cost is 1495.33
=========================================================================
The algorithm continues iterating on the current plan to improve the plan
More optimal solution has obtained after 7785 iterations
Cost is 1494.42
=========================================================================
The algorithm continues iterating on the current plan to improve the plan
More optimal solution has obtained after 7902 iterations
Cost is 1494.22
=========================================================================
The algorithm continues iterating on the current plan to improve the plan
More optimal solution has obtained after 8368 iterations
Cost is 1492.42
=========================================================================
The algorithm continues iterating on the current plan to improve the plan
More optimal solution has obtained after 8596 iterations
Cost is 1492.28
=========================================================================
The algorithm continues iterating on the current plan to improve the plan
More optimal solution has obtained after 8964 iterations
Cost is 1489.26
=========================================================================
The algorithm continues iterating on the current plan to improve the plan
More optimal solution has obtained after 8986 iterations
Cost is 1481.61
=========================================================================
The algorithm continues iterating on the current plan to improve the plan
More optimal solution has obtained after 9331 iterations
Cost is 1481.54
=========================================================================
The algorithm continues iterating on the current plan to improve the plan
More optimal solution has obtained after 9592 iterations
Cost is 1480.9
=========================================================================
The algorithm continues iterating on the current plan to improve the plan
More optimal solution has obtained after 9604 iterations
Cost is 1479.75
=========================================================================
The algorithm continues iterating on the current plan to improve the plan
More optimal solution has obtained after 9606 iterations
Cost is 1477.26
=========================================================================
The algorithm continues iterating on the current plan to improve the plan
More optimal solution has obtained after 9952 iterations
Cost is 1476.23
=========================================================================
The algorithm continues iterating on the current plan to improve the plan
More optimal solution has obtained after 9989 iterations
Cost is 1476.06
=========================================================================
The algorithm continues iterating on the current plan to improve the plan
More optimal solution has obtained after 9996 iterations
Cost is 1475.13
=========================================================================
The algorithm continues iterating on the current plan to improve the plan
More optimal solution has obtained after 10029 iterations
Cost is 1475.11
=========================================================================
The algorithm continues iterating on the current plan to improve the plan
More optimal solution has obtained after 10069 iterations
Cost is 1468.27
=========================================================================
The algorithm continues iterating on the current plan to improve the plan
More optimal solution has obtained after 12542 iterations
Cost is 1467.68
=========================================================================
The algorithm continues iterating on the current plan to improve the plan
More optimal solution has obtained after 12647 iterations
Cost is 1466.92
=========================================================================
The algorithm continues iterating on the current plan to improve the plan
More optimal solution has obtained after 13083 iterations
Cost is 1466.09
=========================================================================
The algorithm continues iterating on the current plan to improve the plan
More optimal solution has obtained after 13092 iterations
Cost is 1465.77
=========================================================================
The algorithm continues iterating on the current plan to improve the plan
More optimal solution has obtained after 13154 iterations
Cost is 1465.54
=========================================================================
The algorithm continues iterating on the current plan to improve the plan
More optimal solution has obtained after 13580 iterations
Cost is 1465.21
=========================================================================
The algorithm continues iterating on the current plan to improve the plan
More optimal solution has obtained after 13696 iterations
Cost is 1465.08
=========================================================================
The algorithm continues iterating on the current plan to improve the plan
More optimal solution has obtained after 14014 iterations
Cost is 1464.7
=========================================================================
The algorithm continues iterating on the current plan to improve the plan
More optimal solution has obtained after 14382 iterations
Cost is 1463.97
=========================================================================
The algorithm continues iterating on the current plan to improve the plan
More optimal solution has obtained after 14969 iterations
Cost is 1458.88
=========================================================================
The algorithm continues iterating on the current plan to improve the plan
More optimal solution has obtained after 15400 iterations
Cost is 1458.72
=========================================================================
The algorithm continues iterating on the current plan to improve the plan
More optimal solution has obtained after 15424 iterations
Cost is 1458.51
=========================================================================
The algorithm continues iterating on the current plan to improve the plan
More optimal solution has obtained after 15709 iterations
Cost is 1458.39
=========================================================================
The algorithm continues iterating on the current plan to improve the plan
More optimal solution has obtained after 16070 iterations
Cost is 1458.13
=========================================================================
The algorithm continues iterating on the current plan to improve the plan
More optimal solution has obtained after 16169 iterations
Cost is 1457.74
=========================================================================
The algorithm continues iterating on the current plan to improve the plan
More optimal solution has obtained after 16765 iterations
Cost is 1457.69
=========================================================================
The algorithm continues iterating on the current plan to improve the plan
More optimal solution has obtained after 17033 iterations
Cost is 1457.66
=========================================================================
The algorithm continues iterating on the current plan to improve the plan
More optimal solution has obtained after 18680 iterations
Cost is 1448.77
=========================================================================
The algorithm continues iterating on the current plan to improve the plan
More optimal solution has obtained after 18825 iterations
Cost is 1448.71
=========================================================================
The algorithm continues iterating on the current plan to improve the plan
More optimal solution has obtained after 18910 iterations
Cost is 1445.99
=========================================================================
The algorithm continues iterating on the current plan to improve the plan
More optimal solution has obtained after 18988 iterations
Cost is 1445.2
=========================================================================
The algorithm continues iterating on the current plan to improve the plan
More optimal solution has obtained after 19091 iterations
Cost is 1444.82
=========================================================================
The algorithm continues iterating on the current plan to improve the plan
More optimal solution has obtained after 19193 iterations
Cost is 1442.74
=========================================================================
The algorithm continues iterating on the current plan to improve the plan
More optimal solution has obtained after 19222 iterations
Cost is 1440.84
=========================================================================
The algorithm continues iterating on the current plan to improve the plan
More optimal solution has obtained after 19234 iterations
Cost is 1440.59
=========================================================================
The algorithm continues iterating on the current plan to improve the plan
More optimal solution has obtained after 19271 iterations
Cost is 1440.12
=========================================================================
The algorithm continues iterating on the current plan to improve the plan
More optimal solution has obtained after 19513 iterations
Cost is 1440.06
=========================================================================
The algorithm continues iterating on the current plan to improve the plan
More optimal solution has obtained after 19648 iterations
Cost is 1434.06
=========================================================================
The algorithm continues iterating on the current plan to improve the plan
More optimal solution has obtained after 19897 iterations
Cost is 1433.7
=========================================================================
The algorithm continues iterating on the current plan to improve the plan
More optimal solution has obtained after 20111 iterations
Cost is 1432.87
=========================================================================
The algorithm continues iterating on the current plan to improve the plan
More optimal solution has obtained after 20330 iterations
Cost is 1431.92
=========================================================================
The algorithm continues iterating on the current plan to improve the plan
More optimal solution has obtained after 20454 iterations
Cost is 1428.69
=========================================================================
The algorithm continues iterating on the current plan to improve the plan
More optimal solution has obtained after 20521 iterations
Cost is 1428.64
=========================================================================
The algorithm continues iterating on the current plan to improve the plan
More optimal solution has obtained after 20618 iterations
Cost is 1428.55
=========================================================================
The algorithm continues iterating on the current plan to improve the plan
More optimal solution has obtained after 21035 iterations
Cost is 1428.02
=========================================================================
The algorithm continues iterating on the current plan to improve the plan
More optimal solution has obtained after 21163 iterations
Cost is 1427.95
=========================================================================
The algorithm continues iterating on the current plan to improve the plan
More optimal solution has obtained after 21328 iterations
Cost is 1426.09
=========================================================================
The algorithm continues iterating on the current plan to improve the plan
More optimal solution has obtained after 21434 iterations
Cost is 1425.99
=========================================================================
The algorithm continues iterating on the current plan to improve the plan
More optimal solution has obtained after 21697 iterations
Cost is 1425.95
=========================================================================
The algorithm continues iterating on the current plan to improve the plan
More optimal solution has obtained after 21925 iterations
Cost is 1424.72
=========================================================================
The algorithm continues iterating on the current plan to improve the plan
More optimal solution has obtained after 22164 iterations
Cost is 1424.64
=========================================================================
The algorithm continues iterating on the current plan to improve the plan
More optimal solution has obtained after 22857 iterations
Cost is 1424.63
=========================================================================
The algorithm continues iterating on the current plan to improve the plan
More optimal solution has obtained after 22966 iterations
Cost is 1424.15
=========================================================================
The algorithm continues iterating on the current plan to improve the plan
More optimal solution has obtained after 23066 iterations
Cost is 1423.81
=========================================================================
The algorithm continues iterating on the current plan to improve the plan
More optimal solution has obtained after 23476 iterations
Cost is 1416.58
=========================================================================
The algorithm continues iterating on the current plan to improve the plan
More optimal solution has obtained after 24921 iterations
Cost is 1413.33
=========================================================================
The algorithm continues iterating on the current plan to improve the plan
More optimal solution has obtained after 26578 iterations
Cost is 1413.08
=========================================================================
The algorithm continues iterating on the current plan to improve the plan
More optimal solution has obtained after 26647 iterations
Cost is 1410.83
=========================================================================
The algorithm continues iterating on the current plan to improve the plan
More optimal solution has obtained after 40000 iterations
Cost is 1410.83
Exceeded max iterations!
Saving the generated plan (vector of points)


Execution time: 426.125000 seconds

 --------------------------------------------- End------------------------------------------------------


