World size: 3000
World type: 1
Version: 88
K: 60000
Number of cpus: 4
choose FOUR_OBS
Starting RRT* Algorithm...
First Viable Solution Obtained after 2133 iterations
Cost is 4220.36
Saving the generated plan (vector of points)
=========================================================================
The algorithm continues iterating on the current plan to improve the plan
More optimal solution has obtained after 6265 iterations
Cost is 4218.79
=========================================================================
The algorithm continues iterating on the current plan to improve the plan
More optimal solution has obtained after 7606 iterations
Cost is 4218.49
=========================================================================
The algorithm continues iterating on the current plan to improve the plan
More optimal solution has obtained after 7719 iterations
Cost is 4218.3
=========================================================================
The algorithm continues iterating on the current plan to improve the plan
More optimal solution has obtained after 8070 iterations
Cost is 4218.29
=========================================================================
The algorithm continues iterating on the current plan to improve the plan
More optimal solution has obtained after 8118 iterations
Cost is 4218.28
=========================================================================
The algorithm continues iterating on the current plan to improve the plan
More optimal solution has obtained after 10018 iterations
Cost is 4218.14
=========================================================================
The algorithm continues iterating on the current plan to improve the plan
More optimal solution has obtained after 10365 iterations
Cost is 4215.91
=========================================================================
The algorithm continues iterating on the current plan to improve the plan
More optimal solution has obtained after 10525 iterations
Cost is 4215.7
=========================================================================
The algorithm continues iterating on the current plan to improve the plan
More optimal solution has obtained after 10557 iterations
Cost is 4215.68
=========================================================================
The algorithm continues iterating on the current plan to improve the plan
More optimal solution has obtained after 11210 iterations
Cost is 4215.18
=========================================================================
The algorithm continues iterating on the current plan to improve the plan
More optimal solution has obtained after 11790 iterations
Cost is 4215.17
=========================================================================
The algorithm continues iterating on the current plan to improve the plan
More optimal solution has obtained after 13103 iterations
Cost is 4215.16
=========================================================================
The algorithm continues iterating on the current plan to improve the plan
More optimal solution has obtained after 14684 iterations
Cost is 4215
=========================================================================
The algorithm continues iterating on the current plan to improve the plan
More optimal solution has obtained after 16606 iterations
Cost is 4214.89
=========================================================================
The algorithm continues iterating on the current plan to improve the plan
More optimal solution has obtained after 17488 iterations
Cost is 4214.75
=========================================================================
The algorithm continues iterating on the current plan to improve the plan
More optimal solution has obtained after 17746 iterations
Cost is 4213.3
=========================================================================
The algorithm continues iterating on the current plan to improve the plan
More optimal solution has obtained after 17920 iterations
Cost is 4213.2
=========================================================================
The algorithm continues iterating on the current plan to improve the plan
More optimal solution has obtained after 18163 iterations
Cost is 4212.76
=========================================================================
The algorithm continues iterating on the current plan to improve the plan
More optimal solution has obtained after 18470 iterations
Cost is 4212.73
=========================================================================
The algorithm continues iterating on the current plan to improve the plan
More optimal solution has obtained after 19497 iterations
Cost is 4212.4
=========================================================================
The algorithm continues iterating on the current plan to improve the plan
More optimal solution has obtained after 19654 iterations
Cost is 4212.24
=========================================================================
The algorithm continues iterating on the current plan to improve the plan
More optimal solution has obtained after 20007 iterations
Cost is 4212.14
=========================================================================
The algorithm continues iterating on the current plan to improve the plan
More optimal solution has obtained after 20036 iterations
Cost is 4212.12
=========================================================================
The algorithm continues iterating on the current plan to improve the plan
More optimal solution has obtained after 21076 iterations
Cost is 4211.99
=========================================================================
The algorithm continues iterating on the current plan to improve the plan
More optimal solution has obtained after 22031 iterations
Cost is 4208.57
=========================================================================
The algorithm continues iterating on the current plan to improve the plan
More optimal solution has obtained after 22407 iterations
Cost is 4207.63
=========================================================================
The algorithm continues iterating on the current plan to improve the plan
More optimal solution has obtained after 22679 iterations
Cost is 4206.84
=========================================================================
The algorithm continues iterating on the current plan to improve the plan
More optimal solution has obtained after 23162 iterations
Cost is 4206.34
=========================================================================
The algorithm continues iterating on the current plan to improve the plan
More optimal solution has obtained after 23196 iterations
Cost is 4205.5
=========================================================================
The algorithm continues iterating on the current plan to improve the plan
More optimal solution has obtained after 24244 iterations
Cost is 4203.67
=========================================================================
The algorithm continues iterating on the current plan to improve the plan
More optimal solution has obtained after 26259 iterations
Cost is 4203.15
=========================================================================
The algorithm continues iterating on the current plan to improve the plan
More optimal solution has obtained after 27122 iterations
Cost is 4200.2
=========================================================================
The algorithm continues iterating on the current plan to improve the plan
More optimal solution has obtained after 27410 iterations
Cost is 4200.04
=========================================================================
The algorithm continues iterating on the current plan to improve the plan
More optimal solution has obtained after 27448 iterations
Cost is 4199.31
=========================================================================
The algorithm continues iterating on the current plan to improve the plan
More optimal solution has obtained after 28180 iterations
Cost is 4199.3
=========================================================================
The algorithm continues iterating on the current plan to improve the plan
More optimal solution has obtained after 28415 iterations
Cost is 4199.3
=========================================================================
The algorithm continues iterating on the current plan to improve the plan
More optimal solution has obtained after 29522 iterations
Cost is 4196.15
=========================================================================
The algorithm continues iterating on the current plan to improve the plan
More optimal solution has obtained after 29935 iterations
Cost is 4196.09
=========================================================================
The algorithm continues iterating on the current plan to improve the plan
More optimal solution has obtained after 29982 iterations
Cost is 4193.65
=========================================================================
The algorithm continues iterating on the current plan to improve the plan
More optimal solution has obtained after 30533 iterations
Cost is 4193.51
=========================================================================
The algorithm continues iterating on the current plan to improve the plan
More optimal solution has obtained after 31170 iterations
Cost is 4193.22
=========================================================================
The algorithm continues iterating on the current plan to improve the plan
More optimal solution has obtained after 31651 iterations
Cost is 4188.12
=========================================================================
The algorithm continues iterating on the current plan to improve the plan
More optimal solution has obtained after 31896 iterations
Cost is 4185.75
=========================================================================
The algorithm continues iterating on the current plan to improve the plan
More optimal solution has obtained after 32334 iterations
Cost is 4185.24
=========================================================================
The algorithm continues iterating on the current plan to improve the plan
More optimal solution has obtained after 32773 iterations
Cost is 4185.17
=========================================================================
The algorithm continues iterating on the current plan to improve the plan
More optimal solution has obtained after 33726 iterations
Cost is 4185.14
=========================================================================
The algorithm continues iterating on the current plan to improve the plan
More optimal solution has obtained after 34249 iterations
Cost is 4184.72
=========================================================================
The algorithm continues iterating on the current plan to improve the plan
More optimal solution has obtained after 35812 iterations
Cost is 4183.91
=========================================================================
The algorithm continues iterating on the current plan to improve the plan
More optimal solution has obtained after 39825 iterations
Cost is 4183.86
=========================================================================
The algorithm continues iterating on the current plan to improve the plan
More optimal solution has obtained after 40421 iterations
Cost is 4183.59
=========================================================================
The algorithm continues iterating on the current plan to improve the plan
More optimal solution has obtained after 40911 iterations
Cost is 4181.24
=========================================================================
The algorithm continues iterating on the current plan to improve the plan
More optimal solution has obtained after 41498 iterations
Cost is 4180.83
=========================================================================
The algorithm continues iterating on the current plan to improve the plan
More optimal solution has obtained after 41653 iterations
Cost is 4178.37
=========================================================================
The algorithm continues iterating on the current plan to improve the plan
More optimal solution has obtained after 43516 iterations
Cost is 4176.95
=========================================================================
The algorithm continues iterating on the current plan to improve the plan
More optimal solution has obtained after 43970 iterations
Cost is 4176.05
=========================================================================
The algorithm continues iterating on the current plan to improve the plan
More optimal solution has obtained after 44133 iterations
Cost is 4175.98
=========================================================================
The algorithm continues iterating on the current plan to improve the plan
More optimal solution has obtained after 44589 iterations
Cost is 4174.4
=========================================================================
The algorithm continues iterating on the current plan to improve the plan
More optimal solution has obtained after 45031 iterations
Cost is 4174.1
=========================================================================
The algorithm continues iterating on the current plan to improve the plan
More optimal solution has obtained after 47239 iterations
Cost is 4174.08
=========================================================================
The algorithm continues iterating on the current plan to improve the plan
More optimal solution has obtained after 50205 iterations
Cost is 4173.79
=========================================================================
The algorithm continues iterating on the current plan to improve the plan
More optimal solution has obtained after 50705 iterations
Cost is 4173.47
=========================================================================
The algorithm continues iterating on the current plan to improve the plan
More optimal solution has obtained after 51682 iterations
Cost is 4173.11
=========================================================================
The algorithm continues iterating on the current plan to improve the plan
More optimal solution has obtained after 51894 iterations
Cost is 4173.09
=========================================================================
The algorithm continues iterating on the current plan to improve the plan
More optimal solution has obtained after 52205 iterations
Cost is 4173.07
=========================================================================
The algorithm continues iterating on the current plan to improve the plan
More optimal solution has obtained after 52528 iterations
Cost is 4170.62
=========================================================================
The algorithm continues iterating on the current plan to improve the plan
More optimal solution has obtained after 53104 iterations
Cost is 4169.64
=========================================================================
The algorithm continues iterating on the current plan to improve the plan
More optimal solution has obtained after 53848 iterations
Cost is 4169.3
=========================================================================
The algorithm continues iterating on the current plan to improve the plan
More optimal solution has obtained after 54504 iterations
Cost is 4169.26
=========================================================================
The algorithm continues iterating on the current plan to improve the plan
More optimal solution has obtained after 54754 iterations
Cost is 4169.09
=========================================================================
The algorithm continues iterating on the current plan to improve the plan
More optimal solution has obtained after 55728 iterations
Cost is 4166.24
=========================================================================
The algorithm continues iterating on the current plan to improve the plan
More optimal solution has obtained after 56075 iterations
Cost is 4165.23
=========================================================================
The algorithm continues iterating on the current plan to improve the plan
More optimal solution has obtained after 57040 iterations
Cost is 4164.73
=========================================================================
The algorithm continues iterating on the current plan to improve the plan
More optimal solution has obtained after 58043 iterations
Cost is 4163.83
=========================================================================
The algorithm continues iterating on the current plan to improve the plan
More optimal solution has obtained after 59492 iterations
Cost is 4162.5
=========================================================================
The algorithm continues iterating on the current plan to improve the plan
More optimal solution has obtained after 59550 iterations
Cost is 4160.08
=========================================================================
The algorithm continues iterating on the current plan to improve the plan
More optimal solution has obtained after 59784 iterations
Cost is 4160.03
=========================================================================
The algorithm continues iterating on the current plan to improve the plan
More optimal solution has obtained after 60000 iterations
Cost is 4160.03


Total Execution time: 460.000000 seconds


IO time: 0.125000 seconds


Comm time: 0.000000 seconds


Computation time: 459.875000 seconds

 --------------------------------------------- End------------------------------------------------------


