World size: 1500
World type: 3
Version: 42
K: 50000
choose Maze
Starting RRT* Algorithm...
First Viable Solution Obtained after 33297 iterations
Cost is 2208.92
Saving the generated plan (vector of points)
=========================================================================
The algorithm continues iterating on the current plan to improve the plan
More optimal solution has obtained after 33342 iterations
Cost is 2208.72
=========================================================================
The algorithm continues iterating on the current plan to improve the plan
More optimal solution has obtained after 33394 iterations
Cost is 2208.18
=========================================================================
The algorithm continues iterating on the current plan to improve the plan
More optimal solution has obtained after 33546 iterations
Cost is 2207.59
=========================================================================
The algorithm continues iterating on the current plan to improve the plan
More optimal solution has obtained after 34379 iterations
Cost is 2192.3
=========================================================================
The algorithm continues iterating on the current plan to improve the plan
More optimal solution has obtained after 34383 iterations
Cost is 2192.12
=========================================================================
The algorithm continues iterating on the current plan to improve the plan
More optimal solution has obtained after 34423 iterations
Cost is 2192.07
=========================================================================
The algorithm continues iterating on the current plan to improve the plan
More optimal solution has obtained after 34857 iterations
Cost is 2189.38
=========================================================================
The algorithm continues iterating on the current plan to improve the plan
More optimal solution has obtained after 34888 iterations
Cost is 2188.9
=========================================================================
The algorithm continues iterating on the current plan to improve the plan
More optimal solution has obtained after 35307 iterations
Cost is 2188.45
=========================================================================
The algorithm continues iterating on the current plan to improve the plan
More optimal solution has obtained after 35363 iterations
Cost is 2181.58
=========================================================================
The algorithm continues iterating on the current plan to improve the plan
More optimal solution has obtained after 35491 iterations
Cost is 2181.16
=========================================================================
The algorithm continues iterating on the current plan to improve the plan
More optimal solution has obtained after 35596 iterations
Cost is 2180.76
=========================================================================
The algorithm continues iterating on the current plan to improve the plan
More optimal solution has obtained after 35749 iterations
Cost is 2180.18
=========================================================================
The algorithm continues iterating on the current plan to improve the plan
More optimal solution has obtained after 35959 iterations
Cost is 2179.73
=========================================================================
The algorithm continues iterating on the current plan to improve the plan
More optimal solution has obtained after 36113 iterations
Cost is 2179.21
=========================================================================
The algorithm continues iterating on the current plan to improve the plan
More optimal solution has obtained after 36484 iterations
Cost is 2179.19
=========================================================================
The algorithm continues iterating on the current plan to improve the plan
More optimal solution has obtained after 37516 iterations
Cost is 2171.7
=========================================================================
The algorithm continues iterating on the current plan to improve the plan
More optimal solution has obtained after 37693 iterations
Cost is 2171.07
=========================================================================
The algorithm continues iterating on the current plan to improve the plan
More optimal solution has obtained after 37898 iterations
Cost is 2169.6
=========================================================================
The algorithm continues iterating on the current plan to improve the plan
More optimal solution has obtained after 37953 iterations
Cost is 2169.44
=========================================================================
The algorithm continues iterating on the current plan to improve the plan
More optimal solution has obtained after 38357 iterations
Cost is 2169.4
=========================================================================
The algorithm continues iterating on the current plan to improve the plan
More optimal solution has obtained after 38750 iterations
Cost is 2169.39
=========================================================================
The algorithm continues iterating on the current plan to improve the plan
More optimal solution has obtained after 39043 iterations
Cost is 2168.9
=========================================================================
The algorithm continues iterating on the current plan to improve the plan
More optimal solution has obtained after 39114 iterations
Cost is 2168.26
=========================================================================
The algorithm continues iterating on the current plan to improve the plan
More optimal solution has obtained after 40112 iterations
Cost is 2166.24
=========================================================================
The algorithm continues iterating on the current plan to improve the plan
More optimal solution has obtained after 40498 iterations
Cost is 2166.15
=========================================================================
The algorithm continues iterating on the current plan to improve the plan
More optimal solution has obtained after 40600 iterations
Cost is 2165.07
=========================================================================
The algorithm continues iterating on the current plan to improve the plan
More optimal solution has obtained after 40988 iterations
Cost is 2162.18
=========================================================================
The algorithm continues iterating on the current plan to improve the plan
More optimal solution has obtained after 41001 iterations
Cost is 2159.88
=========================================================================
The algorithm continues iterating on the current plan to improve the plan
More optimal solution has obtained after 41125 iterations
Cost is 2159.59
=========================================================================
The algorithm continues iterating on the current plan to improve the plan
More optimal solution has obtained after 41277 iterations
Cost is 2159.23
=========================================================================
The algorithm continues iterating on the current plan to improve the plan
More optimal solution has obtained after 41946 iterations
Cost is 2159.09
=========================================================================
The algorithm continues iterating on the current plan to improve the plan
More optimal solution has obtained after 42117 iterations
Cost is 2159.07
=========================================================================
The algorithm continues iterating on the current plan to improve the plan
More optimal solution has obtained after 42417 iterations
Cost is 2158.73
=========================================================================
The algorithm continues iterating on the current plan to improve the plan
More optimal solution has obtained after 42560 iterations
Cost is 2158.66
=========================================================================
The algorithm continues iterating on the current plan to improve the plan
More optimal solution has obtained after 42566 iterations
Cost is 2158.5
=========================================================================
The algorithm continues iterating on the current plan to improve the plan
More optimal solution has obtained after 42953 iterations
Cost is 2157.53
=========================================================================
The algorithm continues iterating on the current plan to improve the plan
More optimal solution has obtained after 43068 iterations
Cost is 2157.39
=========================================================================
The algorithm continues iterating on the current plan to improve the plan
More optimal solution has obtained after 43473 iterations
Cost is 2155.84
=========================================================================
The algorithm continues iterating on the current plan to improve the plan
More optimal solution has obtained after 43505 iterations
Cost is 2154.01
=========================================================================
The algorithm continues iterating on the current plan to improve the plan
More optimal solution has obtained after 43523 iterations
Cost is 2153.55
=========================================================================
The algorithm continues iterating on the current plan to improve the plan
More optimal solution has obtained after 43669 iterations
Cost is 2153.37
=========================================================================
The algorithm continues iterating on the current plan to improve the plan
More optimal solution has obtained after 44363 iterations
Cost is 2152.93
=========================================================================
The algorithm continues iterating on the current plan to improve the plan
More optimal solution has obtained after 44548 iterations
Cost is 2152.93
=========================================================================
The algorithm continues iterating on the current plan to improve the plan
More optimal solution has obtained after 46371 iterations
Cost is 2152.23
=========================================================================
The algorithm continues iterating on the current plan to improve the plan
More optimal solution has obtained after 46618 iterations
Cost is 2151.4
=========================================================================
The algorithm continues iterating on the current plan to improve the plan
More optimal solution has obtained after 46662 iterations
Cost is 2151.1
=========================================================================
The algorithm continues iterating on the current plan to improve the plan
More optimal solution has obtained after 46876 iterations
Cost is 2150.72
=========================================================================
The algorithm continues iterating on the current plan to improve the plan
More optimal solution has obtained after 48221 iterations
Cost is 2150.39
=========================================================================
The algorithm continues iterating on the current plan to improve the plan
More optimal solution has obtained after 48342 iterations
Cost is 2150.26
=========================================================================
The algorithm continues iterating on the current plan to improve the plan
More optimal solution has obtained after 48543 iterations
Cost is 2150.24
=========================================================================
The algorithm continues iterating on the current plan to improve the plan
More optimal solution has obtained after 48641 iterations
Cost is 2138.71
=========================================================================
The algorithm continues iterating on the current plan to improve the plan
More optimal solution has obtained after 50000 iterations
Cost is 2138.71
Exceeded max iterations!
Saving the generated plan (vector of points)
Execution time: 278.125000 seconds
