World size: 3000
World type: 1
Version: 68
K: 80000
Number of cpus: 1
choose FOUR_OBS
Starting RRT* Algorithm...
First Viable Solution Obtained after 3090 iterations
Cost is 4392.8
Saving the generated plan (vector of points)
=========================================================================
The algorithm continues iterating on the current plan to improve the plan
More optimal solution has obtained after 12984 iterations
Cost is 4392.46
=========================================================================
The algorithm continues iterating on the current plan to improve the plan
More optimal solution has obtained after 13581 iterations
Cost is 4392.31
=========================================================================
The algorithm continues iterating on the current plan to improve the plan
More optimal solution has obtained after 14616 iterations
Cost is 4392.03
=========================================================================
The algorithm continues iterating on the current plan to improve the plan
More optimal solution has obtained after 15019 iterations
Cost is 4390.18
=========================================================================
The algorithm continues iterating on the current plan to improve the plan
More optimal solution has obtained after 15505 iterations
Cost is 4388.97
=========================================================================
The algorithm continues iterating on the current plan to improve the plan
More optimal solution has obtained after 16747 iterations
Cost is 4388.96
=========================================================================
The algorithm continues iterating on the current plan to improve the plan
More optimal solution has obtained after 17423 iterations
Cost is 4388.85
=========================================================================
The algorithm continues iterating on the current plan to improve the plan
More optimal solution has obtained after 17468 iterations
Cost is 4388.66
=========================================================================
The algorithm continues iterating on the current plan to improve the plan
More optimal solution has obtained after 17792 iterations
Cost is 4388.59
=========================================================================
The algorithm continues iterating on the current plan to improve the plan
More optimal solution has obtained after 18097 iterations
Cost is 4385.88
=========================================================================
The algorithm continues iterating on the current plan to improve the plan
More optimal solution has obtained after 18408 iterations
Cost is 4384.13
=========================================================================
The algorithm continues iterating on the current plan to improve the plan
More optimal solution has obtained after 19695 iterations
Cost is 4383.05
=========================================================================
The algorithm continues iterating on the current plan to improve the plan
More optimal solution has obtained after 22521 iterations
Cost is 4382.64
=========================================================================
The algorithm continues iterating on the current plan to improve the plan
More optimal solution has obtained after 22566 iterations
Cost is 4382.61
=========================================================================
The algorithm continues iterating on the current plan to improve the plan
More optimal solution has obtained after 22816 iterations
Cost is 4382.15
=========================================================================
The algorithm continues iterating on the current plan to improve the plan
More optimal solution has obtained after 23595 iterations
Cost is 4379.33
=========================================================================
The algorithm continues iterating on the current plan to improve the plan
More optimal solution has obtained after 24033 iterations
Cost is 4379.04
=========================================================================
The algorithm continues iterating on the current plan to improve the plan
More optimal solution has obtained after 26340 iterations
Cost is 4378.79
=========================================================================
The algorithm continues iterating on the current plan to improve the plan
More optimal solution has obtained after 28365 iterations
Cost is 4378.75
=========================================================================
The algorithm continues iterating on the current plan to improve the plan
More optimal solution has obtained after 29255 iterations
Cost is 4378.43
=========================================================================
The algorithm continues iterating on the current plan to improve the plan
More optimal solution has obtained after 29764 iterations
Cost is 4377.54
=========================================================================
The algorithm continues iterating on the current plan to improve the plan
More optimal solution has obtained after 29819 iterations
Cost is 4377.28
=========================================================================
The algorithm continues iterating on the current plan to improve the plan
More optimal solution has obtained after 30130 iterations
Cost is 4375.36
=========================================================================
The algorithm continues iterating on the current plan to improve the plan
More optimal solution has obtained after 30739 iterations
Cost is 4374.56
=========================================================================
The algorithm continues iterating on the current plan to improve the plan
More optimal solution has obtained after 30789 iterations
Cost is 4374.2
=========================================================================
The algorithm continues iterating on the current plan to improve the plan
More optimal solution has obtained after 30858 iterations
Cost is 4373.45
=========================================================================
The algorithm continues iterating on the current plan to improve the plan
More optimal solution has obtained after 31822 iterations
Cost is 4373.32
=========================================================================
The algorithm continues iterating on the current plan to improve the plan
More optimal solution has obtained after 32418 iterations
Cost is 4373.11
=========================================================================
The algorithm continues iterating on the current plan to improve the plan
More optimal solution has obtained after 32971 iterations
Cost is 4372.93
=========================================================================
The algorithm continues iterating on the current plan to improve the plan
More optimal solution has obtained after 33267 iterations
Cost is 4372.9
=========================================================================
The algorithm continues iterating on the current plan to improve the plan
More optimal solution has obtained after 33574 iterations
Cost is 4372.44
=========================================================================
The algorithm continues iterating on the current plan to improve the plan
More optimal solution has obtained after 34164 iterations
Cost is 4363.27
=========================================================================
The algorithm continues iterating on the current plan to improve the plan
More optimal solution has obtained after 37725 iterations
Cost is 4363.15
=========================================================================
The algorithm continues iterating on the current plan to improve the plan
More optimal solution has obtained after 37935 iterations
Cost is 4362.88
=========================================================================
The algorithm continues iterating on the current plan to improve the plan
More optimal solution has obtained after 38869 iterations
Cost is 4361.56
=========================================================================
The algorithm continues iterating on the current plan to improve the plan
More optimal solution has obtained after 39335 iterations
Cost is 4361.12
=========================================================================
The algorithm continues iterating on the current plan to improve the plan
More optimal solution has obtained after 39675 iterations
Cost is 4361.07
=========================================================================
The algorithm continues iterating on the current plan to improve the plan
More optimal solution has obtained after 39909 iterations
Cost is 4357.31
=========================================================================
The algorithm continues iterating on the current plan to improve the plan
More optimal solution has obtained after 39930 iterations
Cost is 4356.48
=========================================================================
The algorithm continues iterating on the current plan to improve the plan
More optimal solution has obtained after 40277 iterations
Cost is 4355.21
=========================================================================
The algorithm continues iterating on the current plan to improve the plan
More optimal solution has obtained after 41418 iterations
Cost is 4355.21
=========================================================================
The algorithm continues iterating on the current plan to improve the plan
More optimal solution has obtained after 41630 iterations
Cost is 4355.03
=========================================================================
The algorithm continues iterating on the current plan to improve the plan
More optimal solution has obtained after 42850 iterations
Cost is 4350.36
=========================================================================
The algorithm continues iterating on the current plan to improve the plan
More optimal solution has obtained after 43394 iterations
Cost is 4349.23
=========================================================================
The algorithm continues iterating on the current plan to improve the plan
More optimal solution has obtained after 44358 iterations
Cost is 4348.85
=========================================================================
The algorithm continues iterating on the current plan to improve the plan
More optimal solution has obtained after 44834 iterations
Cost is 4348.75
=========================================================================
The algorithm continues iterating on the current plan to improve the plan
More optimal solution has obtained after 44999 iterations
Cost is 4348.69
=========================================================================
The algorithm continues iterating on the current plan to improve the plan
More optimal solution has obtained after 45229 iterations
Cost is 4348.6
=========================================================================
The algorithm continues iterating on the current plan to improve the plan
More optimal solution has obtained after 45300 iterations
Cost is 4346.97
=========================================================================
The algorithm continues iterating on the current plan to improve the plan
More optimal solution has obtained after 45441 iterations
Cost is 4345.67
=========================================================================
The algorithm continues iterating on the current plan to improve the plan
More optimal solution has obtained after 48093 iterations
Cost is 4345.67
=========================================================================
The algorithm continues iterating on the current plan to improve the plan
More optimal solution has obtained after 48193 iterations
Cost is 4345.63
=========================================================================
The algorithm continues iterating on the current plan to improve the plan
More optimal solution has obtained after 48313 iterations
Cost is 4345.34
=========================================================================
The algorithm continues iterating on the current plan to improve the plan
More optimal solution has obtained after 48338 iterations
Cost is 4329.2
=========================================================================
The algorithm continues iterating on the current plan to improve the plan
More optimal solution has obtained after 48397 iterations
Cost is 4328.98
=========================================================================
The algorithm continues iterating on the current plan to improve the plan
More optimal solution has obtained after 48428 iterations
Cost is 4328
=========================================================================
The algorithm continues iterating on the current plan to improve the plan
More optimal solution has obtained after 48868 iterations
Cost is 4327.87
=========================================================================
The algorithm continues iterating on the current plan to improve the plan
More optimal solution has obtained after 48877 iterations
Cost is 4327.83
=========================================================================
The algorithm continues iterating on the current plan to improve the plan
More optimal solution has obtained after 49351 iterations
Cost is 4327.31
=========================================================================
The algorithm continues iterating on the current plan to improve the plan
More optimal solution has obtained after 49359 iterations
Cost is 4327.31
=========================================================================
The algorithm continues iterating on the current plan to improve the plan
More optimal solution has obtained after 49795 iterations
Cost is 4326.25
=========================================================================
The algorithm continues iterating on the current plan to improve the plan
More optimal solution has obtained after 49840 iterations
Cost is 4322.44
=========================================================================
The algorithm continues iterating on the current plan to improve the plan
More optimal solution has obtained after 50866 iterations
Cost is 4322.43
=========================================================================
The algorithm continues iterating on the current plan to improve the plan
More optimal solution has obtained after 51817 iterations
Cost is 4322.28
=========================================================================
The algorithm continues iterating on the current plan to improve the plan
More optimal solution has obtained after 51881 iterations
Cost is 4312.55
=========================================================================
The algorithm continues iterating on the current plan to improve the plan
More optimal solution has obtained after 52585 iterations
Cost is 4311.45
=========================================================================
The algorithm continues iterating on the current plan to improve the plan
More optimal solution has obtained after 53487 iterations
Cost is 4311.36
=========================================================================
The algorithm continues iterating on the current plan to improve the plan
More optimal solution has obtained after 53651 iterations
Cost is 4310.4
=========================================================================
The algorithm continues iterating on the current plan to improve the plan
More optimal solution has obtained after 54891 iterations
Cost is 4310.13
=========================================================================
The algorithm continues iterating on the current plan to improve the plan
More optimal solution has obtained after 55319 iterations
Cost is 4310.05
=========================================================================
The algorithm continues iterating on the current plan to improve the plan
More optimal solution has obtained after 55377 iterations
Cost is 4303.75
=========================================================================
The algorithm continues iterating on the current plan to improve the plan
More optimal solution has obtained after 55963 iterations
Cost is 4303.5
=========================================================================
The algorithm continues iterating on the current plan to improve the plan
More optimal solution has obtained after 56045 iterations
Cost is 4303.41
=========================================================================
The algorithm continues iterating on the current plan to improve the plan
More optimal solution has obtained after 56299 iterations
Cost is 4302.74
=========================================================================
The algorithm continues iterating on the current plan to improve the plan
More optimal solution has obtained after 56899 iterations
Cost is 4302.22
=========================================================================
The algorithm continues iterating on the current plan to improve the plan
More optimal solution has obtained after 57368 iterations
Cost is 4302.16
=========================================================================
The algorithm continues iterating on the current plan to improve the plan
More optimal solution has obtained after 57954 iterations
Cost is 4299.93
=========================================================================
The algorithm continues iterating on the current plan to improve the plan
More optimal solution has obtained after 60754 iterations
Cost is 4299.93
=========================================================================
The algorithm continues iterating on the current plan to improve the plan
More optimal solution has obtained after 63313 iterations
Cost is 4299.93
=========================================================================
The algorithm continues iterating on the current plan to improve the plan
More optimal solution has obtained after 63455 iterations
Cost is 4297.93
=========================================================================
The algorithm continues iterating on the current plan to improve the plan
More optimal solution has obtained after 63516 iterations
Cost is 4297.84
=========================================================================
The algorithm continues iterating on the current plan to improve the plan
More optimal solution has obtained after 64609 iterations
Cost is 4297.65
=========================================================================
The algorithm continues iterating on the current plan to improve the plan
More optimal solution has obtained after 65752 iterations
Cost is 4291.9
=========================================================================
The algorithm continues iterating on the current plan to improve the plan
More optimal solution has obtained after 66127 iterations
Cost is 4289.95
=========================================================================
The algorithm continues iterating on the current plan to improve the plan
More optimal solution has obtained after 66151 iterations
Cost is 4289.61
=========================================================================
The algorithm continues iterating on the current plan to improve the plan
More optimal solution has obtained after 66943 iterations
Cost is 4289.56
=========================================================================
The algorithm continues iterating on the current plan to improve the plan
More optimal solution has obtained after 67734 iterations
Cost is 4289.25
=========================================================================
The algorithm continues iterating on the current plan to improve the plan
More optimal solution has obtained after 68370 iterations
Cost is 4289.17
=========================================================================
The algorithm continues iterating on the current plan to improve the plan
More optimal solution has obtained after 68610 iterations
Cost is 4288.77
=========================================================================
The algorithm continues iterating on the current plan to improve the plan
More optimal solution has obtained after 68644 iterations
Cost is 4288.72
=========================================================================
The algorithm continues iterating on the current plan to improve the plan
More optimal solution has obtained after 68705 iterations
Cost is 4285.89
=========================================================================
The algorithm continues iterating on the current plan to improve the plan
More optimal solution has obtained after 68739 iterations
Cost is 4285.88
=========================================================================
The algorithm continues iterating on the current plan to improve the plan
More optimal solution has obtained after 68942 iterations
Cost is 4285.66
=========================================================================
The algorithm continues iterating on the current plan to improve the plan
More optimal solution has obtained after 69296 iterations
Cost is 4284.72
=========================================================================
The algorithm continues iterating on the current plan to improve the plan
More optimal solution has obtained after 69631 iterations
Cost is 4284.67
=========================================================================
The algorithm continues iterating on the current plan to improve the plan
More optimal solution has obtained after 69639 iterations
Cost is 4284.19
=========================================================================
The algorithm continues iterating on the current plan to improve the plan
More optimal solution has obtained after 70393 iterations
Cost is 4282.43
=========================================================================
The algorithm continues iterating on the current plan to improve the plan
More optimal solution has obtained after 70716 iterations
Cost is 4282.35
=========================================================================
The algorithm continues iterating on the current plan to improve the plan
More optimal solution has obtained after 71307 iterations
Cost is 4282.34
=========================================================================
The algorithm continues iterating on the current plan to improve the plan
More optimal solution has obtained after 72133 iterations
Cost is 4282.15
=========================================================================
The algorithm continues iterating on the current plan to improve the plan
More optimal solution has obtained after 73610 iterations
Cost is 4281.42
=========================================================================
The algorithm continues iterating on the current plan to improve the plan
More optimal solution has obtained after 73879 iterations
Cost is 4280.47
=========================================================================
The algorithm continues iterating on the current plan to improve the plan
More optimal solution has obtained after 74113 iterations
Cost is 4279.84
=========================================================================
The algorithm continues iterating on the current plan to improve the plan
More optimal solution has obtained after 74385 iterations
Cost is 4269.87
=========================================================================
The algorithm continues iterating on the current plan to improve the plan
More optimal solution has obtained after 74411 iterations
Cost is 4269.51
=========================================================================
The algorithm continues iterating on the current plan to improve the plan
More optimal solution has obtained after 75321 iterations
Cost is 4268.89
=========================================================================
The algorithm continues iterating on the current plan to improve the plan
More optimal solution has obtained after 75583 iterations
Cost is 4267.41
=========================================================================
The algorithm continues iterating on the current plan to improve the plan
srun: Job step aborted: Waiting up to 32 seconds for job step to finish.
slurmstepd: error: *** JOB 2813204 ON apollo32 CANCELLED AT 2021-01-12T11:11:25 DUE TO TIME LIMIT ***
slurmstepd: error: *** STEP 2813204.0 ON apollo32 CANCELLED AT 2021-01-12T11:11:25 DUE TO TIME LIMIT ***
srun: error: apollo32: task 0: Terminated
