World size: 500
World type: 3
Version: 2013
K: 5000
Number of cpus: 1
choose Maze
Starting RRT* Algorithm...
Sequential version...
First Viable Solution Obtained after 1074 iterations
Cost is 779.789
Saving the generated plan (vector of points)
=========================================================================
The algorithm continues iterating on the current plan to improve the plan
More optimal solution has obtained after 1438 iterations
Cost is 773.654
=========================================================================
The algorithm continues iterating on the current plan to improve the plan
More optimal solution has obtained after 1454 iterations
Cost is 769.756
=========================================================================
The algorithm continues iterating on the current plan to improve the plan
More optimal solution has obtained after 1467 iterations
Cost is 763.837
=========================================================================
The algorithm continues iterating on the current plan to improve the plan
More optimal solution has obtained after 1518 iterations
Cost is 763.232
=========================================================================
The algorithm continues iterating on the current plan to improve the plan
More optimal solution has obtained after 1587 iterations
Cost is 760.848
=========================================================================
The algorithm continues iterating on the current plan to improve the plan
More optimal solution has obtained after 1656 iterations
Cost is 760.318
=========================================================================
The algorithm continues iterating on the current plan to improve the plan
More optimal solution has obtained after 1740 iterations
Cost is 758.624
=========================================================================
The algorithm continues iterating on the current plan to improve the plan
More optimal solution has obtained after 1792 iterations
Cost is 756.236
=========================================================================
The algorithm continues iterating on the current plan to improve the plan
More optimal solution has obtained after 1854 iterations
Cost is 753.608
=========================================================================
The algorithm continues iterating on the current plan to improve the plan
More optimal solution has obtained after 1965 iterations
Cost is 752.474
=========================================================================
The algorithm continues iterating on the current plan to improve the plan
More optimal solution has obtained after 1983 iterations
Cost is 752.459
=========================================================================
The algorithm continues iterating on the current plan to improve the plan
More optimal solution has obtained after 2100 iterations
Cost is 752.42
=========================================================================
The algorithm continues iterating on the current plan to improve the plan
More optimal solution has obtained after 2146 iterations
Cost is 752.131
=========================================================================
The algorithm continues iterating on the current plan to improve the plan
More optimal solution has obtained after 2175 iterations
Cost is 749.442
=========================================================================
The algorithm continues iterating on the current plan to improve the plan
More optimal solution has obtained after 2298 iterations
Cost is 747.644
=========================================================================
The algorithm continues iterating on the current plan to improve the plan
More optimal solution has obtained after 2389 iterations
Cost is 745.51
=========================================================================
The algorithm continues iterating on the current plan to improve the plan
More optimal solution has obtained after 2567 iterations
Cost is 738.53
=========================================================================
The algorithm continues iterating on the current plan to improve the plan
More optimal solution has obtained after 2591 iterations
Cost is 735.308
=========================================================================
The algorithm continues iterating on the current plan to improve the plan
More optimal solution has obtained after 2895 iterations
Cost is 735.255
=========================================================================
The algorithm continues iterating on the current plan to improve the plan
More optimal solution has obtained after 3015 iterations
Cost is 734.93
=========================================================================
The algorithm continues iterating on the current plan to improve the plan
More optimal solution has obtained after 3178 iterations
Cost is 734.601
=========================================================================
The algorithm continues iterating on the current plan to improve the plan
More optimal solution has obtained after 3183 iterations
Cost is 734.347
=========================================================================
The algorithm continues iterating on the current plan to improve the plan
More optimal solution has obtained after 3267 iterations
Cost is 734.149
=========================================================================
The algorithm continues iterating on the current plan to improve the plan
More optimal solution has obtained after 3273 iterations
Cost is 733.944
=========================================================================
The algorithm continues iterating on the current plan to improve the plan
More optimal solution has obtained after 3287 iterations
Cost is 733.745
=========================================================================
The algorithm continues iterating on the current plan to improve the plan
More optimal solution has obtained after 3346 iterations
Cost is 733.605
=========================================================================
The algorithm continues iterating on the current plan to improve the plan
More optimal solution has obtained after 3543 iterations
Cost is 732.977
=========================================================================
The algorithm continues iterating on the current plan to improve the plan
More optimal solution has obtained after 3576 iterations
Cost is 732.17
=========================================================================
The algorithm continues iterating on the current plan to improve the plan
More optimal solution has obtained after 3617 iterations
Cost is 731.301
=========================================================================
The algorithm continues iterating on the current plan to improve the plan
More optimal solution has obtained after 3667 iterations
Cost is 730.881
=========================================================================
The algorithm continues iterating on the current plan to improve the plan
More optimal solution has obtained after 3730 iterations
Cost is 730.544
=========================================================================
The algorithm continues iterating on the current plan to improve the plan
More optimal solution has obtained after 3736 iterations
Cost is 726.192
=========================================================================
The algorithm continues iterating on the current plan to improve the plan
More optimal solution has obtained after 3742 iterations
Cost is 725.883
=========================================================================
The algorithm continues iterating on the current plan to improve the plan
More optimal solution has obtained after 3755 iterations
Cost is 725.592
=========================================================================
The algorithm continues iterating on the current plan to improve the plan
More optimal solution has obtained after 3902 iterations
Cost is 723.589
=========================================================================
The algorithm continues iterating on the current plan to improve the plan
More optimal solution has obtained after 3954 iterations
Cost is 722.412
=========================================================================
The algorithm continues iterating on the current plan to improve the plan
More optimal solution has obtained after 4077 iterations
Cost is 720.22
=========================================================================
The algorithm continues iterating on the current plan to improve the plan
More optimal solution has obtained after 4181 iterations
Cost is 717.279
=========================================================================
The algorithm continues iterating on the current plan to improve the plan
More optimal solution has obtained after 4224 iterations
Cost is 716.944
=========================================================================
The algorithm continues iterating on the current plan to improve the plan
More optimal solution has obtained after 4236 iterations
Cost is 716.8
=========================================================================
The algorithm continues iterating on the current plan to improve the plan
More optimal solution has obtained after 4291 iterations
Cost is 715.795
=========================================================================
The algorithm continues iterating on the current plan to improve the plan
More optimal solution has obtained after 4337 iterations
Cost is 713.962
=========================================================================
The algorithm continues iterating on the current plan to improve the plan
More optimal solution has obtained after 4618 iterations
Cost is 713.375
=========================================================================
The algorithm continues iterating on the current plan to improve the plan
More optimal solution has obtained after 4620 iterations
Cost is 713.166
=========================================================================
The algorithm continues iterating on the current plan to improve the plan
More optimal solution has obtained after 4636 iterations
Cost is 713.084
=========================================================================
The algorithm continues iterating on the current plan to improve the plan
More optimal solution has obtained after 4670 iterations
Cost is 712.945
=========================================================================
The algorithm continues iterating on the current plan to improve the plan
More optimal solution has obtained after 4774 iterations
Cost is 712.876
=========================================================================
The algorithm continues iterating on the current plan to improve the plan
More optimal solution has obtained after 4815 iterations
Cost is 712.661
=========================================================================
The algorithm continues iterating on the current plan to improve the plan
More optimal solution has obtained after 4824 iterations
Cost is 712.565
=========================================================================
The algorithm continues iterating on the current plan to improve the plan
More optimal solution has obtained after 4831 iterations
Cost is 711.782
=========================================================================
The algorithm continues iterating on the current plan to improve the plan
More optimal solution has obtained after 4841 iterations
Cost is 710.845
=========================================================================
The algorithm continues iterating on the current plan to improve the plan
More optimal solution has obtained after 5000 iterations
Cost is 710.845


Total Execution time: 3.750000 seconds


IO time: 0.000000 seconds


Comm time: 0.000000 seconds


Computation time: 3.750000 seconds

 --------------------------------------------- End------------------------------------------------------


World size: 1000
World type: 3
Version: 2014
K: 10000
Number of cpus: 1
choose Maze
Starting RRT* Algorithm...
Sequential version...
First Viable Solution Obtained after 3886 iterations
Cost is 1735.98
Saving the generated plan (vector of points)
=========================================================================
The algorithm continues iterating on the current plan to improve the plan
More optimal solution has obtained after 4038 iterations
Cost is 1734.4
=========================================================================
The algorithm continues iterating on the current plan to improve the plan
More optimal solution has obtained after 4388 iterations
Cost is 1733.53
=========================================================================
The algorithm continues iterating on the current plan to improve the plan
More optimal solution has obtained after 4429 iterations
Cost is 1731.15
=========================================================================
The algorithm continues iterating on the current plan to improve the plan
More optimal solution has obtained after 4580 iterations
Cost is 1730.04
=========================================================================
The algorithm continues iterating on the current plan to improve the plan
More optimal solution has obtained after 4679 iterations
Cost is 1725.27
=========================================================================
The algorithm continues iterating on the current plan to improve the plan
More optimal solution has obtained after 4684 iterations
Cost is 1723.38
=========================================================================
The algorithm continues iterating on the current plan to improve the plan
More optimal solution has obtained after 4706 iterations
Cost is 1721.6
=========================================================================
The algorithm continues iterating on the current plan to improve the plan
More optimal solution has obtained after 4860 iterations
Cost is 1721.06
=========================================================================
The algorithm continues iterating on the current plan to improve the plan
More optimal solution has obtained after 4874 iterations
Cost is 1717.58
=========================================================================
The algorithm continues iterating on the current plan to improve the plan
More optimal solution has obtained after 5211 iterations
Cost is 1717.5
=========================================================================
The algorithm continues iterating on the current plan to improve the plan
More optimal solution has obtained after 5277 iterations
Cost is 1716.43
=========================================================================
The algorithm continues iterating on the current plan to improve the plan
More optimal solution has obtained after 5443 iterations
Cost is 1715
=========================================================================
The algorithm continues iterating on the current plan to improve the plan
More optimal solution has obtained after 5486 iterations
Cost is 1714.06
=========================================================================
The algorithm continues iterating on the current plan to improve the plan
More optimal solution has obtained after 5591 iterations
Cost is 1711.41
=========================================================================
The algorithm continues iterating on the current plan to improve the plan
More optimal solution has obtained after 5792 iterations
Cost is 1711.07
=========================================================================
The algorithm continues iterating on the current plan to improve the plan
More optimal solution has obtained after 5853 iterations
Cost is 1709.85
=========================================================================
The algorithm continues iterating on the current plan to improve the plan
More optimal solution has obtained after 5931 iterations
Cost is 1709.74
=========================================================================
The algorithm continues iterating on the current plan to improve the plan
More optimal solution has obtained after 5939 iterations
Cost is 1709.64
=========================================================================
The algorithm continues iterating on the current plan to improve the plan
More optimal solution has obtained after 6078 iterations
Cost is 1709.27
=========================================================================
The algorithm continues iterating on the current plan to improve the plan
More optimal solution has obtained after 6343 iterations
Cost is 1707.93
=========================================================================
The algorithm continues iterating on the current plan to improve the plan
More optimal solution has obtained after 6428 iterations
Cost is 1706.81
=========================================================================
The algorithm continues iterating on the current plan to improve the plan
More optimal solution has obtained after 6442 iterations
Cost is 1706.76
=========================================================================
The algorithm continues iterating on the current plan to improve the plan
More optimal solution has obtained after 6599 iterations
Cost is 1703.23
=========================================================================
The algorithm continues iterating on the current plan to improve the plan
More optimal solution has obtained after 6712 iterations
Cost is 1702.85
=========================================================================
The algorithm continues iterating on the current plan to improve the plan
More optimal solution has obtained after 6727 iterations
Cost is 1696.49
=========================================================================
The algorithm continues iterating on the current plan to improve the plan
More optimal solution has obtained after 6781 iterations
Cost is 1696.17
=========================================================================
The algorithm continues iterating on the current plan to improve the plan
More optimal solution has obtained after 7115 iterations
Cost is 1696.15
=========================================================================
The algorithm continues iterating on the current plan to improve the plan
More optimal solution has obtained after 7374 iterations
Cost is 1696
=========================================================================
The algorithm continues iterating on the current plan to improve the plan
More optimal solution has obtained after 7531 iterations
Cost is 1693.41
=========================================================================
The algorithm continues iterating on the current plan to improve the plan
More optimal solution has obtained after 8009 iterations
Cost is 1691.43
=========================================================================
The algorithm continues iterating on the current plan to improve the plan
More optimal solution has obtained after 8128 iterations
Cost is 1690.79
=========================================================================
The algorithm continues iterating on the current plan to improve the plan
More optimal solution has obtained after 8145 iterations
Cost is 1689.39
=========================================================================
The algorithm continues iterating on the current plan to improve the plan
More optimal solution has obtained after 8155 iterations
Cost is 1688.43
=========================================================================
The algorithm continues iterating on the current plan to improve the plan
More optimal solution has obtained after 8159 iterations
Cost is 1687.19
=========================================================================
The algorithm continues iterating on the current plan to improve the plan
More optimal solution has obtained after 8172 iterations
Cost is 1685.61
=========================================================================
The algorithm continues iterating on the current plan to improve the plan
More optimal solution has obtained after 8224 iterations
Cost is 1685.58
=========================================================================
The algorithm continues iterating on the current plan to improve the plan
More optimal solution has obtained after 8225 iterations
Cost is 1682.18
=========================================================================
The algorithm continues iterating on the current plan to improve the plan
More optimal solution has obtained after 8296 iterations
Cost is 1679.44
=========================================================================
The algorithm continues iterating on the current plan to improve the plan
More optimal solution has obtained after 8313 iterations
Cost is 1650.52
=========================================================================
The algorithm continues iterating on the current plan to improve the plan
More optimal solution has obtained after 8385 iterations
Cost is 1649.41
=========================================================================
The algorithm continues iterating on the current plan to improve the plan
More optimal solution has obtained after 8397 iterations
Cost is 1648.8
=========================================================================
The algorithm continues iterating on the current plan to improve the plan
More optimal solution has obtained after 9286 iterations
Cost is 1648.45
=========================================================================
The algorithm continues iterating on the current plan to improve the plan
More optimal solution has obtained after 9344 iterations
Cost is 1633.2
=========================================================================
The algorithm continues iterating on the current plan to improve the plan
More optimal solution has obtained after 9354 iterations
Cost is 1629.04
=========================================================================
The algorithm continues iterating on the current plan to improve the plan
More optimal solution has obtained after 9445 iterations
Cost is 1620.06
=========================================================================
The algorithm continues iterating on the current plan to improve the plan
More optimal solution has obtained after 9816 iterations
Cost is 1618.99
=========================================================================
The algorithm continues iterating on the current plan to improve the plan
More optimal solution has obtained after 9906 iterations
Cost is 1618.51
=========================================================================
The algorithm continues iterating on the current plan to improve the plan
More optimal solution has obtained after 10000 iterations
Cost is 1618.51


Total Execution time: 17.875000 seconds


IO time: 0.000000 seconds


Comm time: 0.000000 seconds


Computation time: 17.875000 seconds

 --------------------------------------------- End------------------------------------------------------


World size: 1500
World type: 3
Version: 2015
K: 15000
Number of cpus: 1
choose Maze
Starting RRT* Algorithm...
Sequential version...
First Viable Solution Obtained after 8615 iterations
Cost is 2610.33
Saving the generated plan (vector of points)
=========================================================================
The algorithm continues iterating on the current plan to improve the plan
More optimal solution has obtained after 9647 iterations
Cost is 2607.74
=========================================================================
The algorithm continues iterating on the current plan to improve the plan
More optimal solution has obtained after 10048 iterations
Cost is 2607.33
=========================================================================
The algorithm continues iterating on the current plan to improve the plan
More optimal solution has obtained after 10107 iterations
Cost is 2606.76
=========================================================================
The algorithm continues iterating on the current plan to improve the plan
More optimal solution has obtained after 10416 iterations
Cost is 2604.41
=========================================================================
The algorithm continues iterating on the current plan to improve the plan
More optimal solution has obtained after 10609 iterations
Cost is 2593.98
=========================================================================
The algorithm continues iterating on the current plan to improve the plan
More optimal solution has obtained after 10635 iterations
Cost is 2593.98
=========================================================================
The algorithm continues iterating on the current plan to improve the plan
More optimal solution has obtained after 10823 iterations
Cost is 2588.78
=========================================================================
The algorithm continues iterating on the current plan to improve the plan
More optimal solution has obtained after 11008 iterations
Cost is 2586.77
=========================================================================
The algorithm continues iterating on the current plan to improve the plan
More optimal solution has obtained after 11403 iterations
Cost is 2586.64
=========================================================================
The algorithm continues iterating on the current plan to improve the plan
More optimal solution has obtained after 11625 iterations
Cost is 2586.41
=========================================================================
The algorithm continues iterating on the current plan to improve the plan
More optimal solution has obtained after 11730 iterations
Cost is 2585.54
=========================================================================
The algorithm continues iterating on the current plan to improve the plan
More optimal solution has obtained after 12221 iterations
Cost is 2580.93
=========================================================================
The algorithm continues iterating on the current plan to improve the plan
More optimal solution has obtained after 12247 iterations
Cost is 2580.48
=========================================================================
The algorithm continues iterating on the current plan to improve the plan
More optimal solution has obtained after 12482 iterations
Cost is 2580.44
=========================================================================
The algorithm continues iterating on the current plan to improve the plan
More optimal solution has obtained after 12567 iterations
Cost is 2579.76
=========================================================================
The algorithm continues iterating on the current plan to improve the plan
More optimal solution has obtained after 12833 iterations
Cost is 2579.09
=========================================================================
The algorithm continues iterating on the current plan to improve the plan
More optimal solution has obtained after 12848 iterations
Cost is 2578.52
=========================================================================
The algorithm continues iterating on the current plan to improve the plan
More optimal solution has obtained after 12913 iterations
Cost is 2578.33
=========================================================================
The algorithm continues iterating on the current plan to improve the plan
More optimal solution has obtained after 13365 iterations
Cost is 2578.31
=========================================================================
The algorithm continues iterating on the current plan to improve the plan
More optimal solution has obtained after 13874 iterations
Cost is 2578.18
=========================================================================
The algorithm continues iterating on the current plan to improve the plan
More optimal solution has obtained after 14003 iterations
Cost is 2578.15
=========================================================================
The algorithm continues iterating on the current plan to improve the plan
More optimal solution has obtained after 14258 iterations
Cost is 2577.97
=========================================================================
The algorithm continues iterating on the current plan to improve the plan
More optimal solution has obtained after 14634 iterations
Cost is 2577.79
=========================================================================
The algorithm continues iterating on the current plan to improve the plan
More optimal solution has obtained after 15000 iterations
Cost is 2577.79


Total Execution time: 41.375000 seconds


IO time: 0.000000 seconds


Comm time: 0.000000 seconds


Computation time: 41.375000 seconds

 --------------------------------------------- End------------------------------------------------------


World size: 3000
World type: 3
Version: 2016
K: 40000
Number of cpus: 1
choose Maze
Starting RRT* Algorithm...
srun: Job step aborted: Waiting up to 32 seconds for job step to finish.
slurmstepd: error: *** STEP 2813707.3 ON apollo32 CANCELLED AT 2021-01-12T19:51:30 ***
slurmstepd: error: *** JOB 2813707 ON apollo32 CANCELLED AT 2021-01-12T19:51:30 ***
