World size: 500
World type: 1
Version: 65
K: 8000
Number of cpus: 1
choose FOUR_OBS
Starting RRT* Algorithm...
First Viable Solution Obtained after 578 iterations
Cost is 692.766
Saving the generated plan (vector of points)
=========================================================================
The algorithm continues iterating on the current plan to improve the plan
More optimal solution has obtained after 918 iterations
Cost is 681.354
=========================================================================
The algorithm continues iterating on the current plan to improve the plan
More optimal solution has obtained after 978 iterations
Cost is 680.858
=========================================================================
The algorithm continues iterating on the current plan to improve the plan
More optimal solution has obtained after 1028 iterations
Cost is 669.323
=========================================================================
The algorithm continues iterating on the current plan to improve the plan
More optimal solution has obtained after 1094 iterations
Cost is 669.089
=========================================================================
The algorithm continues iterating on the current plan to improve the plan
More optimal solution has obtained after 1108 iterations
Cost is 668.907
=========================================================================
The algorithm continues iterating on the current plan to improve the plan
More optimal solution has obtained after 1201 iterations
Cost is 667.527
=========================================================================
The algorithm continues iterating on the current plan to improve the plan
More optimal solution has obtained after 1221 iterations
Cost is 667.517
=========================================================================
The algorithm continues iterating on the current plan to improve the plan
More optimal solution has obtained after 1362 iterations
Cost is 666.415
=========================================================================
The algorithm continues iterating on the current plan to improve the plan
More optimal solution has obtained after 1399 iterations
Cost is 665.278
=========================================================================
The algorithm continues iterating on the current plan to improve the plan
More optimal solution has obtained after 1404 iterations
Cost is 658.906
=========================================================================
The algorithm continues iterating on the current plan to improve the plan
More optimal solution has obtained after 1486 iterations
Cost is 656.843
=========================================================================
The algorithm continues iterating on the current plan to improve the plan
More optimal solution has obtained after 1560 iterations
Cost is 655.783
=========================================================================
The algorithm continues iterating on the current plan to improve the plan
More optimal solution has obtained after 1606 iterations
Cost is 651.544
=========================================================================
The algorithm continues iterating on the current plan to improve the plan
More optimal solution has obtained after 1675 iterations
Cost is 632.209
=========================================================================
The algorithm continues iterating on the current plan to improve the plan
More optimal solution has obtained after 1733 iterations
Cost is 631.973
=========================================================================
The algorithm continues iterating on the current plan to improve the plan
More optimal solution has obtained after 1874 iterations
Cost is 631.474
=========================================================================
The algorithm continues iterating on the current plan to improve the plan
More optimal solution has obtained after 1960 iterations
Cost is 628.94
=========================================================================
The algorithm continues iterating on the current plan to improve the plan
More optimal solution has obtained after 1971 iterations
Cost is 621.013
=========================================================================
The algorithm continues iterating on the current plan to improve the plan
More optimal solution has obtained after 2110 iterations
Cost is 620.211
=========================================================================
The algorithm continues iterating on the current plan to improve the plan
More optimal solution has obtained after 2111 iterations
Cost is 619.841
=========================================================================
The algorithm continues iterating on the current plan to improve the plan
More optimal solution has obtained after 2260 iterations
Cost is 619.685
=========================================================================
The algorithm continues iterating on the current plan to improve the plan
More optimal solution has obtained after 2328 iterations
Cost is 611.903
=========================================================================
The algorithm continues iterating on the current plan to improve the plan
More optimal solution has obtained after 2420 iterations
Cost is 611.877
=========================================================================
The algorithm continues iterating on the current plan to improve the plan
More optimal solution has obtained after 2495 iterations
Cost is 610.784
=========================================================================
The algorithm continues iterating on the current plan to improve the plan
More optimal solution has obtained after 2599 iterations
Cost is 604.034
=========================================================================
The algorithm continues iterating on the current plan to improve the plan
More optimal solution has obtained after 3190 iterations
Cost is 603.115
=========================================================================
The algorithm continues iterating on the current plan to improve the plan
More optimal solution has obtained after 3220 iterations
Cost is 602.645
=========================================================================
The algorithm continues iterating on the current plan to improve the plan
More optimal solution has obtained after 3402 iterations
Cost is 602.354
=========================================================================
The algorithm continues iterating on the current plan to improve the plan
More optimal solution has obtained after 3463 iterations
Cost is 599.576
=========================================================================
The algorithm continues iterating on the current plan to improve the plan
More optimal solution has obtained after 3467 iterations
Cost is 598.888
=========================================================================
The algorithm continues iterating on the current plan to improve the plan
More optimal solution has obtained after 3514 iterations
Cost is 598.515
=========================================================================
The algorithm continues iterating on the current plan to improve the plan
More optimal solution has obtained after 3524 iterations
Cost is 598.482
=========================================================================
The algorithm continues iterating on the current plan to improve the plan
More optimal solution has obtained after 3545 iterations
Cost is 596.862
=========================================================================
The algorithm continues iterating on the current plan to improve the plan
More optimal solution has obtained after 3838 iterations
Cost is 595.131
=========================================================================
The algorithm continues iterating on the current plan to improve the plan
More optimal solution has obtained after 3993 iterations
Cost is 594.662
=========================================================================
The algorithm continues iterating on the current plan to improve the plan
More optimal solution has obtained after 4133 iterations
Cost is 594.098
=========================================================================
The algorithm continues iterating on the current plan to improve the plan
More optimal solution has obtained after 4265 iterations
Cost is 593.303
=========================================================================
The algorithm continues iterating on the current plan to improve the plan
More optimal solution has obtained after 4271 iterations
Cost is 592.954
=========================================================================
The algorithm continues iterating on the current plan to improve the plan
More optimal solution has obtained after 4310 iterations
Cost is 592.203
=========================================================================
The algorithm continues iterating on the current plan to improve the plan
More optimal solution has obtained after 4577 iterations
Cost is 592.086
=========================================================================
The algorithm continues iterating on the current plan to improve the plan
More optimal solution has obtained after 4888 iterations
Cost is 591.442
=========================================================================
The algorithm continues iterating on the current plan to improve the plan
More optimal solution has obtained after 4905 iterations
Cost is 591.414
=========================================================================
The algorithm continues iterating on the current plan to improve the plan
More optimal solution has obtained after 4923 iterations
Cost is 590.612
=========================================================================
The algorithm continues iterating on the current plan to improve the plan
More optimal solution has obtained after 4997 iterations
Cost is 590.399
=========================================================================
The algorithm continues iterating on the current plan to improve the plan
More optimal solution has obtained after 5082 iterations
Cost is 589.521
=========================================================================
The algorithm continues iterating on the current plan to improve the plan
More optimal solution has obtained after 5278 iterations
Cost is 589.495
=========================================================================
The algorithm continues iterating on the current plan to improve the plan
More optimal solution has obtained after 5297 iterations
Cost is 589.465
=========================================================================
The algorithm continues iterating on the current plan to improve the plan
More optimal solution has obtained after 5313 iterations
Cost is 589.44
=========================================================================
The algorithm continues iterating on the current plan to improve the plan
More optimal solution has obtained after 5429 iterations
Cost is 589.44
=========================================================================
The algorithm continues iterating on the current plan to improve the plan
More optimal solution has obtained after 5491 iterations
Cost is 589.334
=========================================================================
The algorithm continues iterating on the current plan to improve the plan
More optimal solution has obtained after 5717 iterations
Cost is 589.287
=========================================================================
The algorithm continues iterating on the current plan to improve the plan
More optimal solution has obtained after 5783 iterations
Cost is 589.282
=========================================================================
The algorithm continues iterating on the current plan to improve the plan
More optimal solution has obtained after 5791 iterations
Cost is 588.96
=========================================================================
The algorithm continues iterating on the current plan to improve the plan
More optimal solution has obtained after 6122 iterations
Cost is 588.639
=========================================================================
The algorithm continues iterating on the current plan to improve the plan
More optimal solution has obtained after 6642 iterations
Cost is 588.315
=========================================================================
The algorithm continues iterating on the current plan to improve the plan
More optimal solution has obtained after 6785 iterations
Cost is 588.254
=========================================================================
The algorithm continues iterating on the current plan to improve the plan
More optimal solution has obtained after 6894 iterations
Cost is 588.188
=========================================================================
The algorithm continues iterating on the current plan to improve the plan
More optimal solution has obtained after 7076 iterations
Cost is 587.572
=========================================================================
The algorithm continues iterating on the current plan to improve the plan
More optimal solution has obtained after 7690 iterations
Cost is 586.701
=========================================================================
The algorithm continues iterating on the current plan to improve the plan
More optimal solution has obtained after 7729 iterations
Cost is 586.686
=========================================================================
The algorithm continues iterating on the current plan to improve the plan
More optimal solution has obtained after 8000 iterations
Cost is 586.686
Exceeded max iterations!
Saving the generated plan (vector of points)


Execution time: 7.375000 seconds

 --------------------------------------------- End------------------------------------------------------


World size: 1000
World type: 1
Version: 66
K: 40000
Number of cpus: 1
choose FOUR_OBS
Starting RRT* Algorithm...
First Viable Solution Obtained after 678 iterations
Cost is 1460.76
Saving the generated plan (vector of points)
=========================================================================
The algorithm continues iterating on the current plan to improve the plan
More optimal solution has obtained after 1174 iterations
Cost is 1459.92
=========================================================================
The algorithm continues iterating on the current plan to improve the plan
More optimal solution has obtained after 1333 iterations
Cost is 1459.69
=========================================================================
The algorithm continues iterating on the current plan to improve the plan
More optimal solution has obtained after 1684 iterations
Cost is 1457.63
=========================================================================
The algorithm continues iterating on the current plan to improve the plan
More optimal solution has obtained after 1739 iterations
Cost is 1457.56
=========================================================================
The algorithm continues iterating on the current plan to improve the plan
More optimal solution has obtained after 1814 iterations
Cost is 1449.75
=========================================================================
The algorithm continues iterating on the current plan to improve the plan
More optimal solution has obtained after 1953 iterations
Cost is 1445.83
=========================================================================
The algorithm continues iterating on the current plan to improve the plan
More optimal solution has obtained after 2128 iterations
Cost is 1444.35
=========================================================================
The algorithm continues iterating on the current plan to improve the plan
More optimal solution has obtained after 2760 iterations
Cost is 1440.59
=========================================================================
The algorithm continues iterating on the current plan to improve the plan
More optimal solution has obtained after 2810 iterations
Cost is 1440.56
=========================================================================
The algorithm continues iterating on the current plan to improve the plan
More optimal solution has obtained after 2815 iterations
Cost is 1439.31
=========================================================================
The algorithm continues iterating on the current plan to improve the plan
More optimal solution has obtained after 3211 iterations
Cost is 1435.52
=========================================================================
The algorithm continues iterating on the current plan to improve the plan
More optimal solution has obtained after 3525 iterations
Cost is 1435.45
=========================================================================
The algorithm continues iterating on the current plan to improve the plan
More optimal solution has obtained after 3805 iterations
Cost is 1435.4
=========================================================================
The algorithm continues iterating on the current plan to improve the plan
More optimal solution has obtained after 3881 iterations
Cost is 1433.54
=========================================================================
The algorithm continues iterating on the current plan to improve the plan
More optimal solution has obtained after 4046 iterations
Cost is 1433.45
=========================================================================
The algorithm continues iterating on the current plan to improve the plan
More optimal solution has obtained after 4105 iterations
Cost is 1433.12
=========================================================================
The algorithm continues iterating on the current plan to improve the plan
More optimal solution has obtained after 4136 iterations
Cost is 1432.07
=========================================================================
The algorithm continues iterating on the current plan to improve the plan
More optimal solution has obtained after 4162 iterations
Cost is 1430.26
=========================================================================
The algorithm continues iterating on the current plan to improve the plan
More optimal solution has obtained after 4235 iterations
Cost is 1429.6
=========================================================================
The algorithm continues iterating on the current plan to improve the plan
More optimal solution has obtained after 4699 iterations
Cost is 1425.79
=========================================================================
The algorithm continues iterating on the current plan to improve the plan
More optimal solution has obtained after 4736 iterations
Cost is 1418.96
=========================================================================
The algorithm continues iterating on the current plan to improve the plan
More optimal solution has obtained after 4899 iterations
Cost is 1415.74
=========================================================================
The algorithm continues iterating on the current plan to improve the plan
More optimal solution has obtained after 5121 iterations
Cost is 1409.56
=========================================================================
The algorithm continues iterating on the current plan to improve the plan
More optimal solution has obtained after 5134 iterations
Cost is 1409.45
=========================================================================
The algorithm continues iterating on the current plan to improve the plan
More optimal solution has obtained after 5167 iterations
Cost is 1409.44
=========================================================================
The algorithm continues iterating on the current plan to improve the plan
More optimal solution has obtained after 5267 iterations
Cost is 1407.83
=========================================================================
The algorithm continues iterating on the current plan to improve the plan
More optimal solution has obtained after 5305 iterations
Cost is 1407.53
=========================================================================
The algorithm continues iterating on the current plan to improve the plan
More optimal solution has obtained after 5437 iterations
Cost is 1407
=========================================================================
The algorithm continues iterating on the current plan to improve the plan
More optimal solution has obtained after 5483 iterations
Cost is 1406.16
=========================================================================
The algorithm continues iterating on the current plan to improve the plan
More optimal solution has obtained after 5712 iterations
Cost is 1402.67
=========================================================================
The algorithm continues iterating on the current plan to improve the plan
More optimal solution has obtained after 5792 iterations
Cost is 1398.4
=========================================================================
The algorithm continues iterating on the current plan to improve the plan
More optimal solution has obtained after 5947 iterations
Cost is 1398.34
=========================================================================
The algorithm continues iterating on the current plan to improve the plan
More optimal solution has obtained after 5961 iterations
Cost is 1396.14
=========================================================================
The algorithm continues iterating on the current plan to improve the plan
More optimal solution has obtained after 6108 iterations
Cost is 1394.21
=========================================================================
The algorithm continues iterating on the current plan to improve the plan
More optimal solution has obtained after 6277 iterations
Cost is 1393.61
=========================================================================
The algorithm continues iterating on the current plan to improve the plan
More optimal solution has obtained after 6536 iterations
Cost is 1393.04
=========================================================================
The algorithm continues iterating on the current plan to improve the plan
More optimal solution has obtained after 6661 iterations
Cost is 1390.07
=========================================================================
The algorithm continues iterating on the current plan to improve the plan
More optimal solution has obtained after 6816 iterations
Cost is 1389.44
=========================================================================
The algorithm continues iterating on the current plan to improve the plan
More optimal solution has obtained after 7203 iterations
Cost is 1389.17
=========================================================================
The algorithm continues iterating on the current plan to improve the plan
More optimal solution has obtained after 7528 iterations
Cost is 1386.32
=========================================================================
The algorithm continues iterating on the current plan to improve the plan
More optimal solution has obtained after 7658 iterations
Cost is 1386.2
=========================================================================
The algorithm continues iterating on the current plan to improve the plan
More optimal solution has obtained after 7812 iterations
Cost is 1384.88
=========================================================================
The algorithm continues iterating on the current plan to improve the plan
More optimal solution has obtained after 7814 iterations
Cost is 1384.75
=========================================================================
The algorithm continues iterating on the current plan to improve the plan
More optimal solution has obtained after 7858 iterations
Cost is 1382
=========================================================================
The algorithm continues iterating on the current plan to improve the plan
More optimal solution has obtained after 7945 iterations
Cost is 1381.56
=========================================================================
The algorithm continues iterating on the current plan to improve the plan
More optimal solution has obtained after 8133 iterations
Cost is 1380.88
=========================================================================
The algorithm continues iterating on the current plan to improve the plan
More optimal solution has obtained after 8236 iterations
Cost is 1376.41
=========================================================================
The algorithm continues iterating on the current plan to improve the plan
More optimal solution has obtained after 8299 iterations
Cost is 1375.84
=========================================================================
The algorithm continues iterating on the current plan to improve the plan
More optimal solution has obtained after 8358 iterations
Cost is 1371.74
=========================================================================
The algorithm continues iterating on the current plan to improve the plan
More optimal solution has obtained after 8412 iterations
Cost is 1367.46
=========================================================================
The algorithm continues iterating on the current plan to improve the plan
More optimal solution has obtained after 8575 iterations
Cost is 1367.21
=========================================================================
The algorithm continues iterating on the current plan to improve the plan
More optimal solution has obtained after 8647 iterations
Cost is 1366.92
=========================================================================
The algorithm continues iterating on the current plan to improve the plan
More optimal solution has obtained after 8651 iterations
Cost is 1366.14
=========================================================================
The algorithm continues iterating on the current plan to improve the plan
More optimal solution has obtained after 9044 iterations
Cost is 1366.03
=========================================================================
The algorithm continues iterating on the current plan to improve the plan
More optimal solution has obtained after 9316 iterations
Cost is 1362.26
=========================================================================
The algorithm continues iterating on the current plan to improve the plan
More optimal solution has obtained after 9391 iterations
Cost is 1359.74
=========================================================================
The algorithm continues iterating on the current plan to improve the plan
More optimal solution has obtained after 9513 iterations
Cost is 1359.65
=========================================================================
The algorithm continues iterating on the current plan to improve the plan
More optimal solution has obtained after 9580 iterations
Cost is 1359.21
=========================================================================
The algorithm continues iterating on the current plan to improve the plan
More optimal solution has obtained after 9664 iterations
Cost is 1351.78
=========================================================================
The algorithm continues iterating on the current plan to improve the plan
More optimal solution has obtained after 10291 iterations
Cost is 1351.17
=========================================================================
The algorithm continues iterating on the current plan to improve the plan
More optimal solution has obtained after 10340 iterations
Cost is 1347.75
=========================================================================
The algorithm continues iterating on the current plan to improve the plan
More optimal solution has obtained after 10370 iterations
Cost is 1342.28
=========================================================================
The algorithm continues iterating on the current plan to improve the plan
More optimal solution has obtained after 10649 iterations
Cost is 1334.94
=========================================================================
The algorithm continues iterating on the current plan to improve the plan
More optimal solution has obtained after 10652 iterations
Cost is 1334.59
=========================================================================
The algorithm continues iterating on the current plan to improve the plan
More optimal solution has obtained after 10774 iterations
Cost is 1334.45
=========================================================================
The algorithm continues iterating on the current plan to improve the plan
More optimal solution has obtained after 10821 iterations
Cost is 1303.66
=========================================================================
The algorithm continues iterating on the current plan to improve the plan
More optimal solution has obtained after 10855 iterations
Cost is 1302.85
=========================================================================
The algorithm continues iterating on the current plan to improve the plan
More optimal solution has obtained after 10911 iterations
Cost is 1302.53
=========================================================================
The algorithm continues iterating on the current plan to improve the plan
More optimal solution has obtained after 10983 iterations
Cost is 1302.5
=========================================================================
The algorithm continues iterating on the current plan to improve the plan
More optimal solution has obtained after 11231 iterations
Cost is 1301.4
=========================================================================
The algorithm continues iterating on the current plan to improve the plan
More optimal solution has obtained after 11462 iterations
Cost is 1299.92
=========================================================================
The algorithm continues iterating on the current plan to improve the plan
More optimal solution has obtained after 11550 iterations
Cost is 1295.21
=========================================================================
The algorithm continues iterating on the current plan to improve the plan
More optimal solution has obtained after 11616 iterations
Cost is 1294.66
=========================================================================
The algorithm continues iterating on the current plan to improve the plan
More optimal solution has obtained after 11825 iterations
Cost is 1282.6
=========================================================================
The algorithm continues iterating on the current plan to improve the plan
More optimal solution has obtained after 11844 iterations
Cost is 1282.4
=========================================================================
The algorithm continues iterating on the current plan to improve the plan
More optimal solution has obtained after 11906 iterations
Cost is 1278.81
=========================================================================
The algorithm continues iterating on the current plan to improve the plan
More optimal solution has obtained after 11937 iterations
Cost is 1276.14
=========================================================================
The algorithm continues iterating on the current plan to improve the plan
More optimal solution has obtained after 12076 iterations
Cost is 1275
=========================================================================
The algorithm continues iterating on the current plan to improve the plan
More optimal solution has obtained after 12213 iterations
Cost is 1270.83
=========================================================================
The algorithm continues iterating on the current plan to improve the plan
More optimal solution has obtained after 12311 iterations
Cost is 1270.25
=========================================================================
The algorithm continues iterating on the current plan to improve the plan
More optimal solution has obtained after 12672 iterations
Cost is 1269.73
=========================================================================
The algorithm continues iterating on the current plan to improve the plan
More optimal solution has obtained after 13037 iterations
Cost is 1268.95
=========================================================================
The algorithm continues iterating on the current plan to improve the plan
More optimal solution has obtained after 13085 iterations
Cost is 1267.81
=========================================================================
The algorithm continues iterating on the current plan to improve the plan
More optimal solution has obtained after 13225 iterations
Cost is 1251.12
=========================================================================
The algorithm continues iterating on the current plan to improve the plan
More optimal solution has obtained after 13256 iterations
Cost is 1250.96
=========================================================================
The algorithm continues iterating on the current plan to improve the plan
More optimal solution has obtained after 13284 iterations
Cost is 1250.73
=========================================================================
The algorithm continues iterating on the current plan to improve the plan
More optimal solution has obtained after 13504 iterations
Cost is 1249.43
=========================================================================
The algorithm continues iterating on the current plan to improve the plan
More optimal solution has obtained after 13585 iterations
Cost is 1246.34
=========================================================================
The algorithm continues iterating on the current plan to improve the plan
More optimal solution has obtained after 13609 iterations
Cost is 1246.26
=========================================================================
The algorithm continues iterating on the current plan to improve the plan
More optimal solution has obtained after 13646 iterations
Cost is 1245.35
=========================================================================
The algorithm continues iterating on the current plan to improve the plan
More optimal solution has obtained after 13905 iterations
Cost is 1239.69
=========================================================================
The algorithm continues iterating on the current plan to improve the plan
More optimal solution has obtained after 13923 iterations
Cost is 1239.56
=========================================================================
The algorithm continues iterating on the current plan to improve the plan
More optimal solution has obtained after 14016 iterations
Cost is 1235.59
=========================================================================
The algorithm continues iterating on the current plan to improve the plan
More optimal solution has obtained after 14056 iterations
Cost is 1235.49
=========================================================================
The algorithm continues iterating on the current plan to improve the plan
More optimal solution has obtained after 14119 iterations
Cost is 1235.02
=========================================================================
The algorithm continues iterating on the current plan to improve the plan
More optimal solution has obtained after 14421 iterations
Cost is 1234.79
=========================================================================
The algorithm continues iterating on the current plan to improve the plan
More optimal solution has obtained after 14467 iterations
Cost is 1234.72
=========================================================================
The algorithm continues iterating on the current plan to improve the plan
More optimal solution has obtained after 14866 iterations
Cost is 1234.37
=========================================================================
The algorithm continues iterating on the current plan to improve the plan
More optimal solution has obtained after 15169 iterations
Cost is 1231.17
=========================================================================
The algorithm continues iterating on the current plan to improve the plan
More optimal solution has obtained after 15252 iterations
Cost is 1230.62
=========================================================================
The algorithm continues iterating on the current plan to improve the plan
More optimal solution has obtained after 15468 iterations
Cost is 1229.89
=========================================================================
The algorithm continues iterating on the current plan to improve the plan
More optimal solution has obtained after 15696 iterations
Cost is 1229.63
=========================================================================
The algorithm continues iterating on the current plan to improve the plan
More optimal solution has obtained after 15957 iterations
Cost is 1228.36
=========================================================================
The algorithm continues iterating on the current plan to improve the plan
More optimal solution has obtained after 16292 iterations
Cost is 1228.3
=========================================================================
The algorithm continues iterating on the current plan to improve the plan
More optimal solution has obtained after 16365 iterations
Cost is 1227.71
=========================================================================
The algorithm continues iterating on the current plan to improve the plan
More optimal solution has obtained after 16372 iterations
Cost is 1224.41
=========================================================================
The algorithm continues iterating on the current plan to improve the plan
More optimal solution has obtained after 16448 iterations
Cost is 1223.76
=========================================================================
The algorithm continues iterating on the current plan to improve the plan
More optimal solution has obtained after 16558 iterations
Cost is 1221.71
=========================================================================
The algorithm continues iterating on the current plan to improve the plan
More optimal solution has obtained after 16782 iterations
Cost is 1221.29
=========================================================================
The algorithm continues iterating on the current plan to improve the plan
More optimal solution has obtained after 16835 iterations
Cost is 1220.79
=========================================================================
The algorithm continues iterating on the current plan to improve the plan
More optimal solution has obtained after 16969 iterations
Cost is 1217.91
=========================================================================
The algorithm continues iterating on the current plan to improve the plan
More optimal solution has obtained after 17963 iterations
Cost is 1209.73
=========================================================================
The algorithm continues iterating on the current plan to improve the plan
More optimal solution has obtained after 24178 iterations
Cost is 1209.54
=========================================================================
The algorithm continues iterating on the current plan to improve the plan
More optimal solution has obtained after 24350 iterations
Cost is 1208.74
=========================================================================
The algorithm continues iterating on the current plan to improve the plan
More optimal solution has obtained after 24496 iterations
Cost is 1208.4
=========================================================================
The algorithm continues iterating on the current plan to improve the plan
More optimal solution has obtained after 24713 iterations
Cost is 1208.39
=========================================================================
The algorithm continues iterating on the current plan to improve the plan
More optimal solution has obtained after 24766 iterations
Cost is 1208.32
=========================================================================
The algorithm continues iterating on the current plan to improve the plan
More optimal solution has obtained after 24845 iterations
Cost is 1207.83
=========================================================================
The algorithm continues iterating on the current plan to improve the plan
More optimal solution has obtained after 24949 iterations
Cost is 1207.69
=========================================================================
The algorithm continues iterating on the current plan to improve the plan
More optimal solution has obtained after 26143 iterations
Cost is 1207.68
=========================================================================
The algorithm continues iterating on the current plan to improve the plan
More optimal solution has obtained after 26248 iterations
Cost is 1207.28
=========================================================================
The algorithm continues iterating on the current plan to improve the plan
More optimal solution has obtained after 26661 iterations
Cost is 1205.98
=========================================================================
The algorithm continues iterating on the current plan to improve the plan
More optimal solution has obtained after 26873 iterations
Cost is 1205.66
=========================================================================
The algorithm continues iterating on the current plan to improve the plan
More optimal solution has obtained after 27932 iterations
Cost is 1204.96
=========================================================================
The algorithm continues iterating on the current plan to improve the plan
More optimal solution has obtained after 28187 iterations
Cost is 1204.91
=========================================================================
The algorithm continues iterating on the current plan to improve the plan
More optimal solution has obtained after 28692 iterations
Cost is 1204.86
=========================================================================
The algorithm continues iterating on the current plan to improve the plan
More optimal solution has obtained after 28730 iterations
Cost is 1204.86
=========================================================================
The algorithm continues iterating on the current plan to improve the plan
More optimal solution has obtained after 29357 iterations
Cost is 1204.81
=========================================================================
The algorithm continues iterating on the current plan to improve the plan
More optimal solution has obtained after 29496 iterations
Cost is 1204.61
=========================================================================
The algorithm continues iterating on the current plan to improve the plan
More optimal solution has obtained after 29778 iterations
Cost is 1204.61
=========================================================================
The algorithm continues iterating on the current plan to improve the plan
More optimal solution has obtained after 30676 iterations
Cost is 1204.6
=========================================================================
The algorithm continues iterating on the current plan to improve the plan
More optimal solution has obtained after 31054 iterations
Cost is 1204.58
=========================================================================
The algorithm continues iterating on the current plan to improve the plan
More optimal solution has obtained after 31312 iterations
Cost is 1204.38
=========================================================================
The algorithm continues iterating on the current plan to improve the plan
More optimal solution has obtained after 33249 iterations
Cost is 1204.35
=========================================================================
The algorithm continues iterating on the current plan to improve the plan
More optimal solution has obtained after 33336 iterations
Cost is 1204.26
=========================================================================
The algorithm continues iterating on the current plan to improve the plan
More optimal solution has obtained after 33557 iterations
Cost is 1204.24
=========================================================================
The algorithm continues iterating on the current plan to improve the plan
More optimal solution has obtained after 33595 iterations
Cost is 1204.05
=========================================================================
The algorithm continues iterating on the current plan to improve the plan
More optimal solution has obtained after 34134 iterations
Cost is 1204.02
=========================================================================
The algorithm continues iterating on the current plan to improve the plan
More optimal solution has obtained after 34565 iterations
Cost is 1203.78
=========================================================================
The algorithm continues iterating on the current plan to improve the plan
More optimal solution has obtained after 35292 iterations
Cost is 1203.61
=========================================================================
The algorithm continues iterating on the current plan to improve the plan
More optimal solution has obtained after 35493 iterations
Cost is 1203.6
=========================================================================
The algorithm continues iterating on the current plan to improve the plan
More optimal solution has obtained after 36306 iterations
Cost is 1203.58
=========================================================================
The algorithm continues iterating on the current plan to improve the plan
More optimal solution has obtained after 37905 iterations
Cost is 1203.52
=========================================================================
The algorithm continues iterating on the current plan to improve the plan
More optimal solution has obtained after 38519 iterations
Cost is 1203.5
=========================================================================
The algorithm continues iterating on the current plan to improve the plan
More optimal solution has obtained after 38801 iterations
Cost is 1203.18
=========================================================================
The algorithm continues iterating on the current plan to improve the plan
More optimal solution has obtained after 38807 iterations
Cost is 1203.12
=========================================================================
The algorithm continues iterating on the current plan to improve the plan
More optimal solution has obtained after 39655 iterations
Cost is 1203.04
=========================================================================
The algorithm continues iterating on the current plan to improve the plan
More optimal solution has obtained after 40000 iterations
Cost is 1203.04
Exceeded max iterations!
Saving the generated plan (vector of points)


Execution time: 192.000000 seconds

 --------------------------------------------- End------------------------------------------------------


