World size: 500
World type: 0
Version: 801
K: 8000
Number of cpus: 4
choose FREE_SPACE
Starting RRT* Algorithm...
First Viable Solution Obtained after 174 iterations
Cost is 342.832
Saving the generated plan (vector of points)
=========================================================================
The algorithm continues iterating on the current plan to improve the plan
More optimal solution has obtained after 1868 iterations
Cost is 342.366
=========================================================================
The algorithm continues iterating on the current plan to improve the plan
More optimal solution has obtained after 2702 iterations
Cost is 341.95
=========================================================================
The algorithm continues iterating on the current plan to improve the plan
More optimal solution has obtained after 3025 iterations
Cost is 340.036
=========================================================================
The algorithm continues iterating on the current plan to improve the plan
More optimal solution has obtained after 4671 iterations
Cost is 336.589
=========================================================================
The algorithm continues iterating on the current plan to improve the plan
More optimal solution has obtained after 8000 iterations
Cost is 336.589


Execution time: 9.000000 seconds

 --------------------------------------------- End------------------------------------------------------


World size: 1000
World type: 0
Version: 802
K: 30000
Number of cpus: 4
choose FREE_SPACE
Starting RRT* Algorithm...
First Viable Solution Obtained after 460 iterations
Cost is 718.358
Saving the generated plan (vector of points)
=========================================================================
The algorithm continues iterating on the current plan to improve the plan
More optimal solution has obtained after 1295 iterations
Cost is 715.004
=========================================================================
The algorithm continues iterating on the current plan to improve the plan
More optimal solution has obtained after 1354 iterations
Cost is 711.03
=========================================================================
The algorithm continues iterating on the current plan to improve the plan
More optimal solution has obtained after 2473 iterations
Cost is 710.474
=========================================================================
The algorithm continues iterating on the current plan to improve the plan
More optimal solution has obtained after 2475 iterations
Cost is 708.693
=========================================================================
The algorithm continues iterating on the current plan to improve the plan
More optimal solution has obtained after 3175 iterations
Cost is 705.922
=========================================================================
The algorithm continues iterating on the current plan to improve the plan
More optimal solution has obtained after 7606 iterations
Cost is 705.866
=========================================================================
The algorithm continues iterating on the current plan to improve the plan
More optimal solution has obtained after 8957 iterations
Cost is 705.625
=========================================================================
The algorithm continues iterating on the current plan to improve the plan
More optimal solution has obtained after 9001 iterations
Cost is 705.424
=========================================================================
The algorithm continues iterating on the current plan to improve the plan
More optimal solution has obtained after 10602 iterations
Cost is 705.293
=========================================================================
The algorithm continues iterating on the current plan to improve the plan
More optimal solution has obtained after 11573 iterations
Cost is 705.037
=========================================================================
The algorithm continues iterating on the current plan to improve the plan
More optimal solution has obtained after 12026 iterations
Cost is 704.906
=========================================================================
The algorithm continues iterating on the current plan to improve the plan
More optimal solution has obtained after 12218 iterations
Cost is 704.876
=========================================================================
The algorithm continues iterating on the current plan to improve the plan
More optimal solution has obtained after 12286 iterations
Cost is 704.75
=========================================================================
The algorithm continues iterating on the current plan to improve the plan
More optimal solution has obtained after 12324 iterations
Cost is 703.568
=========================================================================
The algorithm continues iterating on the current plan to improve the plan
More optimal solution has obtained after 13299 iterations
Cost is 703.361
=========================================================================
The algorithm continues iterating on the current plan to improve the plan
More optimal solution has obtained after 13345 iterations
Cost is 702.203
=========================================================================
The algorithm continues iterating on the current plan to improve the plan
More optimal solution has obtained after 13574 iterations
Cost is 701.38
=========================================================================
The algorithm continues iterating on the current plan to improve the plan
More optimal solution has obtained after 13643 iterations
Cost is 701.25
=========================================================================
The algorithm continues iterating on the current plan to improve the plan
More optimal solution has obtained after 13856 iterations
Cost is 701.08
=========================================================================
The algorithm continues iterating on the current plan to improve the plan
More optimal solution has obtained after 14157 iterations
Cost is 700.33
=========================================================================
The algorithm continues iterating on the current plan to improve the plan
More optimal solution has obtained after 14293 iterations
Cost is 700.198
=========================================================================
The algorithm continues iterating on the current plan to improve the plan
More optimal solution has obtained after 15392 iterations
Cost is 699.598
=========================================================================
The algorithm continues iterating on the current plan to improve the plan
More optimal solution has obtained after 15608 iterations
Cost is 699.438
=========================================================================
The algorithm continues iterating on the current plan to improve the plan
More optimal solution has obtained after 15960 iterations
Cost is 699.357
=========================================================================
The algorithm continues iterating on the current plan to improve the plan
More optimal solution has obtained after 17520 iterations
Cost is 698.83
=========================================================================
The algorithm continues iterating on the current plan to improve the plan
More optimal solution has obtained after 17638 iterations
Cost is 698.808
=========================================================================
The algorithm continues iterating on the current plan to improve the plan
More optimal solution has obtained after 18094 iterations
Cost is 697.869
=========================================================================
The algorithm continues iterating on the current plan to improve the plan
More optimal solution has obtained after 18313 iterations
Cost is 692.829
=========================================================================
The algorithm continues iterating on the current plan to improve the plan
More optimal solution has obtained after 30000 iterations
Cost is 692.829


Execution time: 123.125000 seconds

 --------------------------------------------- End------------------------------------------------------


World size: 1500
World type: 0
Version: 803
K: 40000
Number of cpus: 4
choose FREE_SPACE
Starting RRT* Algorithm...
First Viable Solution Obtained after 678 iterations
Cost is 1073.23
Saving the generated plan (vector of points)
=========================================================================
The algorithm continues iterating on the current plan to improve the plan
More optimal solution has obtained after 6331 iterations
Cost is 1073.22
=========================================================================
The algorithm continues iterating on the current plan to improve the plan
More optimal solution has obtained after 6714 iterations
Cost is 1072.84
=========================================================================
The algorithm continues iterating on the current plan to improve the plan
More optimal solution has obtained after 8347 iterations
Cost is 1072.42
=========================================================================
The algorithm continues iterating on the current plan to improve the plan
More optimal solution has obtained after 9899 iterations
Cost is 1070.02
=========================================================================
The algorithm continues iterating on the current plan to improve the plan
More optimal solution has obtained after 10455 iterations
Cost is 1069.07
=========================================================================
The algorithm continues iterating on the current plan to improve the plan
More optimal solution has obtained after 11541 iterations
Cost is 1068.79
=========================================================================
The algorithm continues iterating on the current plan to improve the plan
More optimal solution has obtained after 12062 iterations
Cost is 1067.23
=========================================================================
The algorithm continues iterating on the current plan to improve the plan
More optimal solution has obtained after 13888 iterations
Cost is 1067.16
=========================================================================
The algorithm continues iterating on the current plan to improve the plan
More optimal solution has obtained after 15142 iterations
Cost is 1066.98
=========================================================================
The algorithm continues iterating on the current plan to improve the plan
More optimal solution has obtained after 15717 iterations
Cost is 1065.93
=========================================================================
The algorithm continues iterating on the current plan to improve the plan
More optimal solution has obtained after 16303 iterations
Cost is 1064.82
=========================================================================
The algorithm continues iterating on the current plan to improve the plan
More optimal solution has obtained after 16554 iterations
Cost is 1063.67
=========================================================================
The algorithm continues iterating on the current plan to improve the plan
More optimal solution has obtained after 18393 iterations
Cost is 1062.6
=========================================================================
The algorithm continues iterating on the current plan to improve the plan
More optimal solution has obtained after 18611 iterations
Cost is 1060.3
=========================================================================
The algorithm continues iterating on the current plan to improve the plan
More optimal solution has obtained after 19370 iterations
Cost is 1059.21
=========================================================================
The algorithm continues iterating on the current plan to improve the plan
More optimal solution has obtained after 19848 iterations
Cost is 1059.1
=========================================================================
The algorithm continues iterating on the current plan to improve the plan
More optimal solution has obtained after 20898 iterations
Cost is 1058.81
=========================================================================
The algorithm continues iterating on the current plan to improve the plan
More optimal solution has obtained after 21794 iterations
Cost is 1058.78
=========================================================================
The algorithm continues iterating on the current plan to improve the plan
More optimal solution has obtained after 22233 iterations
Cost is 1058.54
=========================================================================
The algorithm continues iterating on the current plan to improve the plan
More optimal solution has obtained after 23788 iterations
Cost is 1058.54
=========================================================================
The algorithm continues iterating on the current plan to improve the plan
More optimal solution has obtained after 24100 iterations
Cost is 1057.65
=========================================================================
The algorithm continues iterating on the current plan to improve the plan
More optimal solution has obtained after 24683 iterations
Cost is 1057.4
=========================================================================
The algorithm continues iterating on the current plan to improve the plan
More optimal solution has obtained after 25075 iterations
Cost is 1056.23
=========================================================================
The algorithm continues iterating on the current plan to improve the plan
More optimal solution has obtained after 26184 iterations
Cost is 1056.02
=========================================================================
The algorithm continues iterating on the current plan to improve the plan
More optimal solution has obtained after 26704 iterations
Cost is 1055.95
=========================================================================
The algorithm continues iterating on the current plan to improve the plan
More optimal solution has obtained after 27245 iterations
Cost is 1055.86
=========================================================================
The algorithm continues iterating on the current plan to improve the plan
More optimal solution has obtained after 27432 iterations
Cost is 1055.83
=========================================================================
The algorithm continues iterating on the current plan to improve the plan
More optimal solution has obtained after 27452 iterations
Cost is 1055.39
=========================================================================
The algorithm continues iterating on the current plan to improve the plan
More optimal solution has obtained after 28373 iterations
Cost is 1046.99
=========================================================================
The algorithm continues iterating on the current plan to improve the plan
More optimal solution has obtained after 40000 iterations
Cost is 1046.99


Execution time: 218.250000 seconds

 --------------------------------------------- End------------------------------------------------------


World size: 3000
World type: 0
Version: 804
K: 60000
Number of cpus: 4
choose FREE_SPACE
Starting RRT* Algorithm...
First Viable Solution Obtained after 1357 iterations
Cost is 2168.81
Saving the generated plan (vector of points)
=========================================================================
The algorithm continues iterating on the current plan to improve the plan
More optimal solution has obtained after 4835 iterations
Cost is 2168.79
=========================================================================
The algorithm continues iterating on the current plan to improve the plan
More optimal solution has obtained after 21362 iterations
Cost is 2168.79
=========================================================================
The algorithm continues iterating on the current plan to improve the plan
More optimal solution has obtained after 21743 iterations
Cost is 2168.66
=========================================================================
The algorithm continues iterating on the current plan to improve the plan
More optimal solution has obtained after 22343 iterations
Cost is 2167.83
=========================================================================
The algorithm continues iterating on the current plan to improve the plan
More optimal solution has obtained after 22973 iterations
Cost is 2167.35
=========================================================================
The algorithm continues iterating on the current plan to improve the plan
More optimal solution has obtained after 23244 iterations
Cost is 2167.32
=========================================================================
The algorithm continues iterating on the current plan to improve the plan
More optimal solution has obtained after 27169 iterations
Cost is 2167.26
=========================================================================
The algorithm continues iterating on the current plan to improve the plan
More optimal solution has obtained after 28294 iterations
Cost is 2166.78
=========================================================================
The algorithm continues iterating on the current plan to improve the plan
More optimal solution has obtained after 28473 iterations
Cost is 2166.11
=========================================================================
The algorithm continues iterating on the current plan to improve the plan
More optimal solution has obtained after 31327 iterations
Cost is 2165.02
=========================================================================
The algorithm continues iterating on the current plan to improve the plan
More optimal solution has obtained after 33211 iterations
Cost is 2162.98
=========================================================================
The algorithm continues iterating on the current plan to improve the plan
More optimal solution has obtained after 38221 iterations
Cost is 2162.24
=========================================================================
The algorithm continues iterating on the current plan to improve the plan
More optimal solution has obtained after 39814 iterations
Cost is 2161.76
=========================================================================
The algorithm continues iterating on the current plan to improve the plan
More optimal solution has obtained after 40422 iterations
Cost is 2161.62
=========================================================================
The algorithm continues iterating on the current plan to improve the plan
More optimal solution has obtained after 40568 iterations
Cost is 2161
=========================================================================
The algorithm continues iterating on the current plan to improve the plan
More optimal solution has obtained after 40665 iterations
Cost is 2160.43
=========================================================================
The algorithm continues iterating on the current plan to improve the plan
More optimal solution has obtained after 40876 iterations
Cost is 2158.31
=========================================================================
The algorithm continues iterating on the current plan to improve the plan
More optimal solution has obtained after 41952 iterations
Cost is 2158.11
=========================================================================
The algorithm continues iterating on the current plan to improve the plan
More optimal solution has obtained after 42137 iterations
Cost is 2154.1
=========================================================================
The algorithm continues iterating on the current plan to improve the plan
More optimal solution has obtained after 42829 iterations
Cost is 2153.72
=========================================================================
The algorithm continues iterating on the current plan to improve the plan
More optimal solution has obtained after 43763 iterations
Cost is 2153.71
=========================================================================
The algorithm continues iterating on the current plan to improve the plan
More optimal solution has obtained after 44049 iterations
Cost is 2151.85
=========================================================================
The algorithm continues iterating on the current plan to improve the plan
More optimal solution has obtained after 44967 iterations
Cost is 2150.83
=========================================================================
The algorithm continues iterating on the current plan to improve the plan
More optimal solution has obtained after 45011 iterations
Cost is 2150.7
=========================================================================
The algorithm continues iterating on the current plan to improve the plan
More optimal solution has obtained after 45346 iterations
Cost is 2148.86
=========================================================================
The algorithm continues iterating on the current plan to improve the plan
More optimal solution has obtained after 47171 iterations
Cost is 2148.14
=========================================================================
The algorithm continues iterating on the current plan to improve the plan
More optimal solution has obtained after 48514 iterations
Cost is 2147.63
=========================================================================
The algorithm continues iterating on the current plan to improve the plan
More optimal solution has obtained after 49831 iterations
Cost is 2147.33
=========================================================================
The algorithm continues iterating on the current plan to improve the plan
More optimal solution has obtained after 51042 iterations
Cost is 2147.28
=========================================================================
The algorithm continues iterating on the current plan to improve the plan
More optimal solution has obtained after 51858 iterations
Cost is 2146.4
=========================================================================
The algorithm continues iterating on the current plan to improve the plan
More optimal solution has obtained after 53816 iterations
Cost is 2146.09
=========================================================================
The algorithm continues iterating on the current plan to improve the plan
srun: Job step aborted: Waiting up to 32 seconds for job step to finish.
slurmstepd: error: *** JOB 2813540 ON apollo32 CANCELLED AT 2021-01-12T17:55:30 DUE TO TIME LIMIT ***
slurmstepd: error: *** STEP 2813540.3 ON apollo32 CANCELLED AT 2021-01-12T17:55:30 DUE TO TIME LIMIT ***
srun: error: apollo32: task 0: Terminated
