World size: 500
World type: 0
Version: 3005
K: 5000
Number of cpus: 4
choose FREE_SPACE

===== Parallel version RRT*! =====

Starting RRT* Algorithm...
Pthread version...
First Viable Solution Obtained after 174 iterations
Cost is 331.109
Saving the generated plan (vector of points)
=========================================================================
The algorithm continues iterating on the current plan to improve the plan
More optimal solution has obtained after 5000 iterations
Cost is 331.109
Exceeded max iterations!
Saving the generated plan (vector of points)


Total Execution time: 92.500000 seconds


IO time: 0.000000 seconds


Comm time: 7.875000 seconds


Computation time: 84.625000 seconds

 --------------------------------------------- End------------------------------------------------------


World size: 500
World type: 1
Version: 3006
K: 5000
Number of cpus: 4
choose FOUR_OBS

===== Parallel version RRT*! =====

Starting RRT* Algorithm...
Pthread version...
Exceeded max iterations!
Error: No solution found


Total Execution time: 168.875000 seconds


IO time: 0.000000 seconds


Comm time: 2.125000 seconds


Computation time: 166.750000 seconds

 --------------------------------------------- End------------------------------------------------------


World size: 500
World type: 2
Version: 3007
K: 5000
Number of cpus: 4
choose TWELVE_OBS

===== Parallel version RRT*! =====

Starting RRT* Algorithm...
Pthread version...
First Viable Solution Obtained after 1210 iterations
Cost is 447.222
Saving the generated plan (vector of points)
=========================================================================
The algorithm continues iterating on the current plan to improve the plan
More optimal solution has obtained after 1646 iterations
Cost is 446.669
=========================================================================
The algorithm continues iterating on the current plan to improve the plan
srun: Job step aborted: Waiting up to 32 seconds for job step to finish.
slurmstepd: error: *** STEP 2813854.2 ON apollo32 CANCELLED AT 2021-01-12T21:28:31 DUE TO TIME LIMIT ***
slurmstepd: error: *** JOB 2813854 ON apollo32 CANCELLED AT 2021-01-12T21:28:31 DUE TO TIME LIMIT ***
srun: error: apollo32: task 0: Terminated
