World size: 3000
World type: 3
Version: 136
K: 45000
Number of cpus: 1
choose Maze
Starting RRT* Algorithm...
Sequential version...
First Viable Solution Obtained after 16590 iterations
Cost is 4935.13
Saving the generated plan (vector of points)
=========================================================================
The algorithm continues iterating on the current plan to improve the plan
More optimal solution has obtained after 20371 iterations
Cost is 4934.82
=========================================================================
The algorithm continues iterating on the current plan to improve the plan
More optimal solution has obtained after 20527 iterations
Cost is 4934.23
=========================================================================
The algorithm continues iterating on the current plan to improve the plan
More optimal solution has obtained after 20818 iterations
Cost is 4934.09
=========================================================================
The algorithm continues iterating on the current plan to improve the plan
More optimal solution has obtained after 21232 iterations
Cost is 4933.4
=========================================================================
The algorithm continues iterating on the current plan to improve the plan
More optimal solution has obtained after 21455 iterations
Cost is 4933.35
=========================================================================
The algorithm continues iterating on the current plan to improve the plan
More optimal solution has obtained after 21929 iterations
Cost is 4933.17
=========================================================================
The algorithm continues iterating on the current plan to improve the plan
More optimal solution has obtained after 22432 iterations
Cost is 4933.07
=========================================================================
The algorithm continues iterating on the current plan to improve the plan
More optimal solution has obtained after 22434 iterations
Cost is 4930.58
=========================================================================
The algorithm continues iterating on the current plan to improve the plan
More optimal solution has obtained after 22990 iterations
Cost is 4930.44
=========================================================================
The algorithm continues iterating on the current plan to improve the plan
More optimal solution has obtained after 23049 iterations
Cost is 4928.27
=========================================================================
The algorithm continues iterating on the current plan to improve the plan
More optimal solution has obtained after 23141 iterations
Cost is 4928.24
=========================================================================
The algorithm continues iterating on the current plan to improve the plan
More optimal solution has obtained after 23402 iterations
Cost is 4928.16
=========================================================================
The algorithm continues iterating on the current plan to improve the plan
More optimal solution has obtained after 23422 iterations
Cost is 4927.66
=========================================================================
The algorithm continues iterating on the current plan to improve the plan
More optimal solution has obtained after 23784 iterations
Cost is 4927.59
=========================================================================
The algorithm continues iterating on the current plan to improve the plan
More optimal solution has obtained after 24652 iterations
Cost is 4927.54
=========================================================================
The algorithm continues iterating on the current plan to improve the plan
More optimal solution has obtained after 25194 iterations
Cost is 4926.23
=========================================================================
The algorithm continues iterating on the current plan to improve the plan
More optimal solution has obtained after 25854 iterations
Cost is 4924.62
=========================================================================
The algorithm continues iterating on the current plan to improve the plan
More optimal solution has obtained after 25958 iterations
Cost is 4923.23
=========================================================================
The algorithm continues iterating on the current plan to improve the plan
More optimal solution has obtained after 26271 iterations
Cost is 4920.85
=========================================================================
The algorithm continues iterating on the current plan to improve the plan
More optimal solution has obtained after 27133 iterations
Cost is 4919.65
=========================================================================
The algorithm continues iterating on the current plan to improve the plan
More optimal solution has obtained after 27325 iterations
Cost is 4917.18
=========================================================================
The algorithm continues iterating on the current plan to improve the plan
More optimal solution has obtained after 28023 iterations
Cost is 4915.06
=========================================================================
The algorithm continues iterating on the current plan to improve the plan
More optimal solution has obtained after 28380 iterations
Cost is 4913.88
=========================================================================
The algorithm continues iterating on the current plan to improve the plan
More optimal solution has obtained after 28440 iterations
Cost is 4913.42
=========================================================================
The algorithm continues iterating on the current plan to improve the plan
More optimal solution has obtained after 29900 iterations
Cost is 4911.61
=========================================================================
The algorithm continues iterating on the current plan to improve the plan
More optimal solution has obtained after 30379 iterations
Cost is 4911.24
=========================================================================
The algorithm continues iterating on the current plan to improve the plan
More optimal solution has obtained after 30563 iterations
Cost is 4910.95
=========================================================================
The algorithm continues iterating on the current plan to improve the plan
More optimal solution has obtained after 31293 iterations
Cost is 4910.94
=========================================================================
The algorithm continues iterating on the current plan to improve the plan
More optimal solution has obtained after 32002 iterations
Cost is 4910.89
=========================================================================
The algorithm continues iterating on the current plan to improve the plan
More optimal solution has obtained after 32293 iterations
Cost is 4909.72
=========================================================================
The algorithm continues iterating on the current plan to improve the plan
More optimal solution has obtained after 32663 iterations
Cost is 4909.55
=========================================================================
The algorithm continues iterating on the current plan to improve the plan
More optimal solution has obtained after 32752 iterations
Cost is 4906.13
=========================================================================
The algorithm continues iterating on the current plan to improve the plan
More optimal solution has obtained after 33165 iterations
Cost is 4905.63
=========================================================================
The algorithm continues iterating on the current plan to improve the plan
More optimal solution has obtained after 33395 iterations
Cost is 4904.82
=========================================================================
The algorithm continues iterating on the current plan to improve the plan
More optimal solution has obtained after 34313 iterations
Cost is 4903.48
=========================================================================
The algorithm continues iterating on the current plan to improve the plan
More optimal solution has obtained after 35116 iterations
Cost is 4903.44
=========================================================================
The algorithm continues iterating on the current plan to improve the plan
srun: Job step aborted: Waiting up to 32 seconds for job step to finish.
slurmstepd: error: *** JOB 2813726 ON apollo33 CANCELLED AT 2021-01-12T20:12:31 DUE TO TIME LIMIT ***
slurmstepd: error: *** STEP 2813726.0 ON apollo33 CANCELLED AT 2021-01-12T20:12:31 DUE TO TIME LIMIT ***
srun: error: apollo33: task 0: Terminated
