World size: 3000
World type: 1
Version: 88
K: 60000
Number of cpus: 4
choose FOUR_OBS
Starting RRT* Algorithm...
First Viable Solution Obtained after 2364 iterations
Cost is 4445.27
Saving the generated plan (vector of points)
=========================================================================
The algorithm continues iterating on the current plan to improve the plan
More optimal solution has obtained after 6511 iterations
Cost is 4443.53
=========================================================================
The algorithm continues iterating on the current plan to improve the plan
More optimal solution has obtained after 6537 iterations
Cost is 4442.74
=========================================================================
The algorithm continues iterating on the current plan to improve the plan
More optimal solution has obtained after 6754 iterations
Cost is 4441.54
=========================================================================
The algorithm continues iterating on the current plan to improve the plan
More optimal solution has obtained after 7749 iterations
Cost is 4441.45
=========================================================================
The algorithm continues iterating on the current plan to improve the plan
More optimal solution has obtained after 8059 iterations
Cost is 4441.12
=========================================================================
The algorithm continues iterating on the current plan to improve the plan
More optimal solution has obtained after 8829 iterations
Cost is 4439.66
=========================================================================
The algorithm continues iterating on the current plan to improve the plan
More optimal solution has obtained after 8882 iterations
Cost is 4439.25
=========================================================================
The algorithm continues iterating on the current plan to improve the plan
More optimal solution has obtained after 9310 iterations
Cost is 4438.9
=========================================================================
The algorithm continues iterating on the current plan to improve the plan
More optimal solution has obtained after 9533 iterations
Cost is 4438.37
=========================================================================
The algorithm continues iterating on the current plan to improve the plan
More optimal solution has obtained after 9740 iterations
Cost is 4438.15
=========================================================================
The algorithm continues iterating on the current plan to improve the plan
More optimal solution has obtained after 9850 iterations
Cost is 4437.4
=========================================================================
The algorithm continues iterating on the current plan to improve the plan
More optimal solution has obtained after 10427 iterations
Cost is 4437.27
=========================================================================
The algorithm continues iterating on the current plan to improve the plan
More optimal solution has obtained after 10649 iterations
Cost is 4436.92
=========================================================================
The algorithm continues iterating on the current plan to improve the plan
More optimal solution has obtained after 10700 iterations
Cost is 4435.58
=========================================================================
The algorithm continues iterating on the current plan to improve the plan
More optimal solution has obtained after 10716 iterations
Cost is 4434.78
=========================================================================
The algorithm continues iterating on the current plan to improve the plan
More optimal solution has obtained after 11169 iterations
Cost is 4434.47
=========================================================================
The algorithm continues iterating on the current plan to improve the plan
More optimal solution has obtained after 11878 iterations
Cost is 4428.66
=========================================================================
The algorithm continues iterating on the current plan to improve the plan
More optimal solution has obtained after 11993 iterations
Cost is 4428
=========================================================================
The algorithm continues iterating on the current plan to improve the plan
More optimal solution has obtained after 12284 iterations
Cost is 4425.39
=========================================================================
The algorithm continues iterating on the current plan to improve the plan
More optimal solution has obtained after 12764 iterations
Cost is 4425.34
=========================================================================
The algorithm continues iterating on the current plan to improve the plan
More optimal solution has obtained after 13562 iterations
Cost is 4424.69
=========================================================================
The algorithm continues iterating on the current plan to improve the plan
More optimal solution has obtained after 14268 iterations
Cost is 4423.07
=========================================================================
The algorithm continues iterating on the current plan to improve the plan
More optimal solution has obtained after 14321 iterations
Cost is 4423.07
=========================================================================
The algorithm continues iterating on the current plan to improve the plan
More optimal solution has obtained after 14838 iterations
Cost is 4423.03
=========================================================================
The algorithm continues iterating on the current plan to improve the plan
More optimal solution has obtained after 15092 iterations
Cost is 4420.76
=========================================================================
The algorithm continues iterating on the current plan to improve the plan
More optimal solution has obtained after 15192 iterations
Cost is 4420.76
=========================================================================
The algorithm continues iterating on the current plan to improve the plan
More optimal solution has obtained after 15437 iterations
Cost is 4420.6
=========================================================================
The algorithm continues iterating on the current plan to improve the plan
More optimal solution has obtained after 16202 iterations
Cost is 4420.29
=========================================================================
The algorithm continues iterating on the current plan to improve the plan
More optimal solution has obtained after 16890 iterations
Cost is 4420.14
=========================================================================
The algorithm continues iterating on the current plan to improve the plan
More optimal solution has obtained after 17524 iterations
Cost is 4420.11
=========================================================================
The algorithm continues iterating on the current plan to improve the plan
More optimal solution has obtained after 18521 iterations
Cost is 4419.87
=========================================================================
The algorithm continues iterating on the current plan to improve the plan
More optimal solution has obtained after 18964 iterations
Cost is 4419.06
=========================================================================
The algorithm continues iterating on the current plan to improve the plan
More optimal solution has obtained after 19129 iterations
Cost is 4419.06
=========================================================================
The algorithm continues iterating on the current plan to improve the plan
More optimal solution has obtained after 19961 iterations
Cost is 4419.02
=========================================================================
The algorithm continues iterating on the current plan to improve the plan
More optimal solution has obtained after 20210 iterations
Cost is 4418.84
=========================================================================
The algorithm continues iterating on the current plan to improve the plan
More optimal solution has obtained after 20516 iterations
Cost is 4418.43
=========================================================================
The algorithm continues iterating on the current plan to improve the plan
More optimal solution has obtained after 20573 iterations
Cost is 4418.23
=========================================================================
The algorithm continues iterating on the current plan to improve the plan
More optimal solution has obtained after 21814 iterations
Cost is 4417.92
=========================================================================
The algorithm continues iterating on the current plan to improve the plan
More optimal solution has obtained after 22010 iterations
Cost is 4417.72
=========================================================================
The algorithm continues iterating on the current plan to improve the plan
More optimal solution has obtained after 22013 iterations
Cost is 4417.15
=========================================================================
The algorithm continues iterating on the current plan to improve the plan
More optimal solution has obtained after 22522 iterations
Cost is 4416.08
=========================================================================
The algorithm continues iterating on the current plan to improve the plan
More optimal solution has obtained after 22863 iterations
Cost is 4415.28
=========================================================================
The algorithm continues iterating on the current plan to improve the plan
More optimal solution has obtained after 23044 iterations
Cost is 4414.72
=========================================================================
The algorithm continues iterating on the current plan to improve the plan
More optimal solution has obtained after 23048 iterations
Cost is 4413.57
=========================================================================
The algorithm continues iterating on the current plan to improve the plan
More optimal solution has obtained after 23971 iterations
Cost is 4413.41
=========================================================================
The algorithm continues iterating on the current plan to improve the plan
More optimal solution has obtained after 24648 iterations
Cost is 4412.19
=========================================================================
The algorithm continues iterating on the current plan to improve the plan
More optimal solution has obtained after 25300 iterations
Cost is 4410.26
=========================================================================
The algorithm continues iterating on the current plan to improve the plan
More optimal solution has obtained after 26522 iterations
Cost is 4409.72
=========================================================================
The algorithm continues iterating on the current plan to improve the plan
More optimal solution has obtained after 27840 iterations
Cost is 4409.71
=========================================================================
The algorithm continues iterating on the current plan to improve the plan
More optimal solution has obtained after 28096 iterations
Cost is 4408.74
=========================================================================
The algorithm continues iterating on the current plan to improve the plan
More optimal solution has obtained after 28123 iterations
Cost is 4408.18
=========================================================================
The algorithm continues iterating on the current plan to improve the plan
More optimal solution has obtained after 28575 iterations
Cost is 4407.96
=========================================================================
The algorithm continues iterating on the current plan to improve the plan
More optimal solution has obtained after 30202 iterations
Cost is 4407.58
=========================================================================
The algorithm continues iterating on the current plan to improve the plan
More optimal solution has obtained after 30428 iterations
Cost is 4407.5
=========================================================================
The algorithm continues iterating on the current plan to improve the plan
More optimal solution has obtained after 30535 iterations
Cost is 4407.47
=========================================================================
The algorithm continues iterating on the current plan to improve the plan
More optimal solution has obtained after 33484 iterations
Cost is 4403.39
=========================================================================
The algorithm continues iterating on the current plan to improve the plan
More optimal solution has obtained after 35639 iterations
Cost is 4402.92
=========================================================================
The algorithm continues iterating on the current plan to improve the plan
More optimal solution has obtained after 35956 iterations
Cost is 4399.67
=========================================================================
The algorithm continues iterating on the current plan to improve the plan
More optimal solution has obtained after 37032 iterations
Cost is 4398.87
=========================================================================
The algorithm continues iterating on the current plan to improve the plan
More optimal solution has obtained after 38109 iterations
Cost is 4398.7
=========================================================================
The algorithm continues iterating on the current plan to improve the plan
More optimal solution has obtained after 38292 iterations
Cost is 4397.4
=========================================================================
The algorithm continues iterating on the current plan to improve the plan
More optimal solution has obtained after 38727 iterations
Cost is 4395.9
=========================================================================
The algorithm continues iterating on the current plan to improve the plan
More optimal solution has obtained after 38752 iterations
Cost is 4394.59
=========================================================================
The algorithm continues iterating on the current plan to improve the plan
More optimal solution has obtained after 39495 iterations
Cost is 4394.11
=========================================================================
The algorithm continues iterating on the current plan to improve the plan
More optimal solution has obtained after 40392 iterations
Cost is 4393.26
=========================================================================
The algorithm continues iterating on the current plan to improve the plan
More optimal solution has obtained after 40455 iterations
Cost is 4392.5
=========================================================================
The algorithm continues iterating on the current plan to improve the plan
More optimal solution has obtained after 41871 iterations
Cost is 4392.47
=========================================================================
The algorithm continues iterating on the current plan to improve the plan
More optimal solution has obtained after 41910 iterations
Cost is 4389.87
=========================================================================
The algorithm continues iterating on the current plan to improve the plan
More optimal solution has obtained after 42065 iterations
Cost is 4389.57
=========================================================================
The algorithm continues iterating on the current plan to improve the plan
More optimal solution has obtained after 42358 iterations
Cost is 4389.42
=========================================================================
The algorithm continues iterating on the current plan to improve the plan
More optimal solution has obtained after 42537 iterations
Cost is 4388.17
=========================================================================
The algorithm continues iterating on the current plan to improve the plan
More optimal solution has obtained after 44364 iterations
Cost is 4387.65
=========================================================================
The algorithm continues iterating on the current plan to improve the plan
More optimal solution has obtained after 46087 iterations
Cost is 4387.5
=========================================================================
The algorithm continues iterating on the current plan to improve the plan
More optimal solution has obtained after 47214 iterations
Cost is 4386.19
=========================================================================
The algorithm continues iterating on the current plan to improve the plan
More optimal solution has obtained after 47743 iterations
Cost is 4386.13
=========================================================================
The algorithm continues iterating on the current plan to improve the plan
More optimal solution has obtained after 48883 iterations
Cost is 4384.77
=========================================================================
The algorithm continues iterating on the current plan to improve the plan
More optimal solution has obtained after 49631 iterations
Cost is 4384.73
=========================================================================
The algorithm continues iterating on the current plan to improve the plan
More optimal solution has obtained after 50552 iterations
Cost is 4383.24
=========================================================================
The algorithm continues iterating on the current plan to improve the plan
More optimal solution has obtained after 50632 iterations
Cost is 4383.06
=========================================================================
The algorithm continues iterating on the current plan to improve the plan
More optimal solution has obtained after 51283 iterations
Cost is 4378.45
=========================================================================
The algorithm continues iterating on the current plan to improve the plan
More optimal solution has obtained after 51413 iterations
Cost is 4378.37
=========================================================================
The algorithm continues iterating on the current plan to improve the plan
More optimal solution has obtained after 51621 iterations
Cost is 4377.97
=========================================================================
The algorithm continues iterating on the current plan to improve the plan
More optimal solution has obtained after 53237 iterations
Cost is 4377.73
=========================================================================
The algorithm continues iterating on the current plan to improve the plan
More optimal solution has obtained after 53856 iterations
Cost is 4377.11
=========================================================================
The algorithm continues iterating on the current plan to improve the plan
More optimal solution has obtained after 54113 iterations
Cost is 4377.08
=========================================================================
The algorithm continues iterating on the current plan to improve the plan
More optimal solution has obtained after 54212 iterations
Cost is 4376.73
=========================================================================
The algorithm continues iterating on the current plan to improve the plan
More optimal solution has obtained after 54395 iterations
Cost is 4376.55
=========================================================================
The algorithm continues iterating on the current plan to improve the plan
More optimal solution has obtained after 56115 iterations
Cost is 4373.46
=========================================================================
The algorithm continues iterating on the current plan to improve the plan
More optimal solution has obtained after 57393 iterations
Cost is 4373.42
=========================================================================
The algorithm continues iterating on the current plan to improve the plan
More optimal solution has obtained after 57410 iterations
Cost is 4373.29
=========================================================================
The algorithm continues iterating on the current plan to improve the plan
More optimal solution has obtained after 57963 iterations
Cost is 4373.03
=========================================================================
The algorithm continues iterating on the current plan to improve the plan
More optimal solution has obtained after 58097 iterations
Cost is 4371.65
=========================================================================
The algorithm continues iterating on the current plan to improve the plan
More optimal solution has obtained after 60000 iterations
Cost is 4371.65


Total Execution time: 452.625000 seconds


IO time: 0.125000 seconds


Comm time: 0.000000 seconds


Computation time: 452.500000 seconds

 --------------------------------------------- End------------------------------------------------------


World size: 3000
World type: 2
Version: 802
K: 60000
Number of cpus: 4
choose TWELVE_OBS
Starting RRT* Algorithm...
srun: Job step aborted: Waiting up to 32 seconds for job step to finish.
slurmstepd: error: *** JOB 2813593 ON apollo33 CANCELLED AT 2021-01-12T19:02:00 DUE TO TIME LIMIT ***
slurmstepd: error: *** STEP 2813593.1 ON apollo33 CANCELLED AT 2021-01-12T19:02:00 DUE TO TIME LIMIT ***
srun: error: apollo33: task 0: Terminated
