World size: 500
World type: 1
Version: 3034
K: 5000
Number of cpus: 1
choose FOUR_OBS

===== Parallel version RRT*! =====

Starting RRT* Algorithm...
Pthread version...
First Viable Solution Obtained after 855 iterations
Cost is 890.994
Saving the generated plan (vector of points)
=========================================================================
The algorithm continues iterating on the current plan to improve the plan
More optimal solution has obtained after 861 iterations
Cost is 450
=========================================================================
The algorithm continues iterating on the current plan to improve the plan
More optimal solution has obtained after 5000 iterations
Cost is 450
Exceeded max iterations!
Saving the generated plan (vector of points)


Total Execution time: 312.500000 seconds


IO time: 0.000000 seconds


Comm time: 4.500000 seconds


Computation time: 308.000000 seconds

 --------------------------------------------- End------------------------------------------------------


