World size: 3000
World type: 3
Version: 96
K: 60000
Number of cpus: 4
choose Maze
Starting RRT* Algorithm...
First Viable Solution Obtained after 36113 iterations
Cost is 5230.98
Saving the generated plan (vector of points)
=========================================================================
The algorithm continues iterating on the current plan to improve the plan
More optimal solution has obtained after 36307 iterations
Cost is 5222.42
=========================================================================
The algorithm continues iterating on the current plan to improve the plan
More optimal solution has obtained after 36963 iterations
Cost is 5222.25
=========================================================================
The algorithm continues iterating on the current plan to improve the plan
More optimal solution has obtained after 37194 iterations
Cost is 5220.62
=========================================================================
The algorithm continues iterating on the current plan to improve the plan
More optimal solution has obtained after 37334 iterations
Cost is 5217.23
=========================================================================
The algorithm continues iterating on the current plan to improve the plan
More optimal solution has obtained after 37353 iterations
Cost is 5212.23
=========================================================================
The algorithm continues iterating on the current plan to improve the plan
More optimal solution has obtained after 38143 iterations
Cost is 5212.21
=========================================================================
The algorithm continues iterating on the current plan to improve the plan
More optimal solution has obtained after 39077 iterations
Cost is 5212.17
=========================================================================
The algorithm continues iterating on the current plan to improve the plan
More optimal solution has obtained after 39580 iterations
Cost is 5211.83
=========================================================================
The algorithm continues iterating on the current plan to improve the plan
More optimal solution has obtained after 39884 iterations
Cost is 5211.69
=========================================================================
The algorithm continues iterating on the current plan to improve the plan
More optimal solution has obtained after 40216 iterations
Cost is 5209.64
=========================================================================
The algorithm continues iterating on the current plan to improve the plan
More optimal solution has obtained after 40410 iterations
Cost is 5208.9
=========================================================================
The algorithm continues iterating on the current plan to improve the plan
More optimal solution has obtained after 40815 iterations
Cost is 5208.89
=========================================================================
The algorithm continues iterating on the current plan to improve the plan
More optimal solution has obtained after 41091 iterations
Cost is 5208.26
=========================================================================
The algorithm continues iterating on the current plan to improve the plan
More optimal solution has obtained after 41140 iterations
Cost is 5208.23
=========================================================================
The algorithm continues iterating on the current plan to improve the plan
More optimal solution has obtained after 41303 iterations
Cost is 5202.7
=========================================================================
The algorithm continues iterating on the current plan to improve the plan
More optimal solution has obtained after 41999 iterations
Cost is 5202.34
=========================================================================
The algorithm continues iterating on the current plan to improve the plan
More optimal solution has obtained after 42387 iterations
Cost is 5201.69
=========================================================================
The algorithm continues iterating on the current plan to improve the plan
More optimal solution has obtained after 42476 iterations
Cost is 5201.43
=========================================================================
The algorithm continues iterating on the current plan to improve the plan
More optimal solution has obtained after 42514 iterations
Cost is 5199.82
=========================================================================
The algorithm continues iterating on the current plan to improve the plan
More optimal solution has obtained after 42846 iterations
Cost is 5197.56
=========================================================================
The algorithm continues iterating on the current plan to improve the plan
More optimal solution has obtained after 42937 iterations
Cost is 5196.86
=========================================================================
The algorithm continues iterating on the current plan to improve the plan
More optimal solution has obtained after 42989 iterations
Cost is 5196.77
=========================================================================
The algorithm continues iterating on the current plan to improve the plan
More optimal solution has obtained after 44515 iterations
Cost is 5192.28
=========================================================================
The algorithm continues iterating on the current plan to improve the plan
More optimal solution has obtained after 45044 iterations
Cost is 5191.54
=========================================================================
The algorithm continues iterating on the current plan to improve the plan
More optimal solution has obtained after 45493 iterations
Cost is 5191.37
=========================================================================
The algorithm continues iterating on the current plan to improve the plan
More optimal solution has obtained after 46293 iterations
Cost is 5191.14
=========================================================================
The algorithm continues iterating on the current plan to improve the plan
More optimal solution has obtained after 46747 iterations
Cost is 5190.97
=========================================================================
The algorithm continues iterating on the current plan to improve the plan
More optimal solution has obtained after 46914 iterations
Cost is 5187.99
=========================================================================
The algorithm continues iterating on the current plan to improve the plan
More optimal solution has obtained after 47370 iterations
Cost is 5181.77
=========================================================================
The algorithm continues iterating on the current plan to improve the plan
More optimal solution has obtained after 47910 iterations
Cost is 5178.82
=========================================================================
The algorithm continues iterating on the current plan to improve the plan
More optimal solution has obtained after 48222 iterations
Cost is 5178.48
=========================================================================
The algorithm continues iterating on the current plan to improve the plan
More optimal solution has obtained after 48350 iterations
Cost is 5177.09
=========================================================================
The algorithm continues iterating on the current plan to improve the plan
More optimal solution has obtained after 48836 iterations
Cost is 5176.76
=========================================================================
The algorithm continues iterating on the current plan to improve the plan
More optimal solution has obtained after 49273 iterations
Cost is 5175.94
=========================================================================
The algorithm continues iterating on the current plan to improve the plan
More optimal solution has obtained after 49382 iterations
Cost is 5175.65
=========================================================================
The algorithm continues iterating on the current plan to improve the plan
More optimal solution has obtained after 49561 iterations
Cost is 5173.86
=========================================================================
The algorithm continues iterating on the current plan to improve the plan
More optimal solution has obtained after 49629 iterations
Cost is 5173.52
=========================================================================
The algorithm continues iterating on the current plan to improve the plan
More optimal solution has obtained after 50315 iterations
Cost is 5173.4
=========================================================================
The algorithm continues iterating on the current plan to improve the plan
More optimal solution has obtained after 51128 iterations
Cost is 5170.24
=========================================================================
The algorithm continues iterating on the current plan to improve the plan
More optimal solution has obtained after 51427 iterations
Cost is 5170.14
=========================================================================
The algorithm continues iterating on the current plan to improve the plan
More optimal solution has obtained after 52169 iterations
Cost is 5169.41
=========================================================================
The algorithm continues iterating on the current plan to improve the plan
More optimal solution has obtained after 52201 iterations
Cost is 5168.34
=========================================================================
The algorithm continues iterating on the current plan to improve the plan
srun: Job step aborted: Waiting up to 32 seconds for job step to finish.
slurmstepd: error: *** JOB 2813568 ON apollo33 CANCELLED AT 2021-01-12T18:44:30 DUE TO TIME LIMIT ***
slurmstepd: error: *** STEP 2813568.0 ON apollo33 CANCELLED AT 2021-01-12T18:44:30 DUE TO TIME LIMIT ***
srun: error: apollo33: task 0: Terminated
