World size: 500
World type: 3
Version: 133
K: 5000
Number of cpus: 4
choose Maze
Starting RRT* Algorithm...
First Viable Solution Obtained after 1828 iterations
Cost is 761.504
Saving the generated plan (vector of points)
=========================================================================
The algorithm continues iterating on the current plan to improve the plan
More optimal solution has obtained after 1903 iterations
Cost is 759.255
=========================================================================
The algorithm continues iterating on the current plan to improve the plan
More optimal solution has obtained after 2017 iterations
Cost is 751.027
=========================================================================
The algorithm continues iterating on the current plan to improve the plan
More optimal solution has obtained after 2412 iterations
Cost is 748.83
=========================================================================
The algorithm continues iterating on the current plan to improve the plan
More optimal solution has obtained after 2585 iterations
Cost is 746.005
=========================================================================
The algorithm continues iterating on the current plan to improve the plan
More optimal solution has obtained after 2626 iterations
Cost is 745.329
=========================================================================
The algorithm continues iterating on the current plan to improve the plan
More optimal solution has obtained after 2773 iterations
Cost is 744.736
=========================================================================
The algorithm continues iterating on the current plan to improve the plan
More optimal solution has obtained after 2796 iterations
Cost is 734.374
=========================================================================
The algorithm continues iterating on the current plan to improve the plan
More optimal solution has obtained after 2848 iterations
Cost is 734.307
=========================================================================
The algorithm continues iterating on the current plan to improve the plan
More optimal solution has obtained after 2854 iterations
Cost is 734.307
=========================================================================
The algorithm continues iterating on the current plan to improve the plan
More optimal solution has obtained after 3103 iterations
Cost is 733.286
=========================================================================
The algorithm continues iterating on the current plan to improve the plan
More optimal solution has obtained after 3110 iterations
Cost is 730.384
=========================================================================
The algorithm continues iterating on the current plan to improve the plan
More optimal solution has obtained after 3140 iterations
Cost is 729.63
=========================================================================
The algorithm continues iterating on the current plan to improve the plan
More optimal solution has obtained after 3152 iterations
Cost is 729.358
=========================================================================
The algorithm continues iterating on the current plan to improve the plan
More optimal solution has obtained after 3176 iterations
Cost is 727.239
=========================================================================
The algorithm continues iterating on the current plan to improve the plan
More optimal solution has obtained after 3264 iterations
Cost is 727.21
=========================================================================
The algorithm continues iterating on the current plan to improve the plan
More optimal solution has obtained after 3265 iterations
Cost is 724.532
=========================================================================
The algorithm continues iterating on the current plan to improve the plan
More optimal solution has obtained after 3278 iterations
Cost is 724.493
=========================================================================
The algorithm continues iterating on the current plan to improve the plan
More optimal solution has obtained after 3408 iterations
Cost is 724.325
=========================================================================
The algorithm continues iterating on the current plan to improve the plan
More optimal solution has obtained after 3439 iterations
Cost is 723.923
=========================================================================
The algorithm continues iterating on the current plan to improve the plan
More optimal solution has obtained after 3508 iterations
Cost is 720.019
=========================================================================
The algorithm continues iterating on the current plan to improve the plan
More optimal solution has obtained after 3545 iterations
Cost is 718.832
=========================================================================
The algorithm continues iterating on the current plan to improve the plan
More optimal solution has obtained after 3644 iterations
Cost is 718.39
=========================================================================
The algorithm continues iterating on the current plan to improve the plan
More optimal solution has obtained after 3715 iterations
Cost is 718.385
=========================================================================
The algorithm continues iterating on the current plan to improve the plan
More optimal solution has obtained after 3721 iterations
Cost is 717.029
=========================================================================
The algorithm continues iterating on the current plan to improve the plan
More optimal solution has obtained after 3745 iterations
Cost is 716.905
=========================================================================
The algorithm continues iterating on the current plan to improve the plan
More optimal solution has obtained after 3852 iterations
Cost is 716.833
=========================================================================
The algorithm continues iterating on the current plan to improve the plan
More optimal solution has obtained after 4224 iterations
Cost is 716.203
=========================================================================
The algorithm continues iterating on the current plan to improve the plan
More optimal solution has obtained after 4259 iterations
Cost is 716.015
=========================================================================
The algorithm continues iterating on the current plan to improve the plan
More optimal solution has obtained after 4314 iterations
Cost is 716.009
=========================================================================
The algorithm continues iterating on the current plan to improve the plan
More optimal solution has obtained after 4318 iterations
Cost is 713.398
=========================================================================
The algorithm continues iterating on the current plan to improve the plan
More optimal solution has obtained after 4384 iterations
Cost is 713.346
=========================================================================
The algorithm continues iterating on the current plan to improve the plan
More optimal solution has obtained after 4504 iterations
Cost is 713.271
=========================================================================
The algorithm continues iterating on the current plan to improve the plan
More optimal solution has obtained after 4883 iterations
Cost is 713.112
=========================================================================
The algorithm continues iterating on the current plan to improve the plan
More optimal solution has obtained after 5000 iterations
Cost is 713.112


Total Execution time: 3.500000 seconds


IO time: 0.250000 seconds


Comm time: 0.000000 seconds


Computation time: 3.250000 seconds

 --------------------------------------------- End------------------------------------------------------


World size: 1000
World type: 3
Version: 134
K: 10000
Number of cpus: 4
choose Maze
Starting RRT* Algorithm...
First Viable Solution Obtained after 2874 iterations
Cost is 1535.38
Saving the generated plan (vector of points)
=========================================================================
The algorithm continues iterating on the current plan to improve the plan
More optimal solution has obtained after 3377 iterations
Cost is 1524
=========================================================================
The algorithm continues iterating on the current plan to improve the plan
More optimal solution has obtained after 3385 iterations
Cost is 1523.25
=========================================================================
The algorithm continues iterating on the current plan to improve the plan
More optimal solution has obtained after 3480 iterations
Cost is 1522.6
=========================================================================
The algorithm continues iterating on the current plan to improve the plan
More optimal solution has obtained after 3756 iterations
Cost is 1522.37
=========================================================================
The algorithm continues iterating on the current plan to improve the plan
More optimal solution has obtained after 3836 iterations
Cost is 1521.13
=========================================================================
The algorithm continues iterating on the current plan to improve the plan
More optimal solution has obtained after 3912 iterations
Cost is 1521.08
=========================================================================
The algorithm continues iterating on the current plan to improve the plan
More optimal solution has obtained after 4232 iterations
Cost is 1520.84
=========================================================================
The algorithm continues iterating on the current plan to improve the plan
More optimal solution has obtained after 4302 iterations
Cost is 1519.08
=========================================================================
The algorithm continues iterating on the current plan to improve the plan
More optimal solution has obtained after 4372 iterations
Cost is 1519.05
=========================================================================
The algorithm continues iterating on the current plan to improve the plan
More optimal solution has obtained after 4576 iterations
Cost is 1518.73
=========================================================================
The algorithm continues iterating on the current plan to improve the plan
More optimal solution has obtained after 4681 iterations
Cost is 1517.51
=========================================================================
The algorithm continues iterating on the current plan to improve the plan
More optimal solution has obtained after 4722 iterations
Cost is 1514.95
=========================================================================
The algorithm continues iterating on the current plan to improve the plan
More optimal solution has obtained after 5221 iterations
Cost is 1511.41
=========================================================================
The algorithm continues iterating on the current plan to improve the plan
More optimal solution has obtained after 5293 iterations
Cost is 1511.18
=========================================================================
The algorithm continues iterating on the current plan to improve the plan
More optimal solution has obtained after 5589 iterations
Cost is 1510.66
=========================================================================
The algorithm continues iterating on the current plan to improve the plan
More optimal solution has obtained after 5627 iterations
Cost is 1510.39
=========================================================================
The algorithm continues iterating on the current plan to improve the plan
More optimal solution has obtained after 5753 iterations
Cost is 1508.36
=========================================================================
The algorithm continues iterating on the current plan to improve the plan
More optimal solution has obtained after 5902 iterations
Cost is 1507.91
=========================================================================
The algorithm continues iterating on the current plan to improve the plan
More optimal solution has obtained after 6136 iterations
Cost is 1507.81
=========================================================================
The algorithm continues iterating on the current plan to improve the plan
More optimal solution has obtained after 6215 iterations
Cost is 1507.63
=========================================================================
The algorithm continues iterating on the current plan to improve the plan
More optimal solution has obtained after 6381 iterations
Cost is 1505.53
=========================================================================
The algorithm continues iterating on the current plan to improve the plan
More optimal solution has obtained after 6655 iterations
Cost is 1504.43
=========================================================================
The algorithm continues iterating on the current plan to improve the plan
More optimal solution has obtained after 6668 iterations
Cost is 1504.4
=========================================================================
The algorithm continues iterating on the current plan to improve the plan
More optimal solution has obtained after 7193 iterations
Cost is 1504.02
=========================================================================
The algorithm continues iterating on the current plan to improve the plan
More optimal solution has obtained after 7291 iterations
Cost is 1498.54
=========================================================================
The algorithm continues iterating on the current plan to improve the plan
More optimal solution has obtained after 7396 iterations
Cost is 1498.15
=========================================================================
The algorithm continues iterating on the current plan to improve the plan
More optimal solution has obtained after 7629 iterations
Cost is 1497.87
=========================================================================
The algorithm continues iterating on the current plan to improve the plan
More optimal solution has obtained after 7650 iterations
Cost is 1497
=========================================================================
The algorithm continues iterating on the current plan to improve the plan
More optimal solution has obtained after 7714 iterations
Cost is 1495.71
=========================================================================
The algorithm continues iterating on the current plan to improve the plan
More optimal solution has obtained after 7828 iterations
Cost is 1494.97
=========================================================================
The algorithm continues iterating on the current plan to improve the plan
More optimal solution has obtained after 8722 iterations
Cost is 1494.91
=========================================================================
The algorithm continues iterating on the current plan to improve the plan
More optimal solution has obtained after 9086 iterations
Cost is 1494.28
=========================================================================
The algorithm continues iterating on the current plan to improve the plan
More optimal solution has obtained after 9397 iterations
Cost is 1493.84
=========================================================================
The algorithm continues iterating on the current plan to improve the plan
More optimal solution has obtained after 9806 iterations
Cost is 1493.51
=========================================================================
The algorithm continues iterating on the current plan to improve the plan
More optimal solution has obtained after 10000 iterations
Cost is 1493.51


Total Execution time: 21.000000 seconds


IO time: 0.000000 seconds


Comm time: 0.000000 seconds


Computation time: 21.000000 seconds

 --------------------------------------------- End------------------------------------------------------


World size: 1500
World type: 3
Version: 135
K: 15000
Number of cpus: 4
choose Maze
Starting RRT* Algorithm...
First Viable Solution Obtained after 10740 iterations
Cost is 2530.27
Saving the generated plan (vector of points)
=========================================================================
The algorithm continues iterating on the current plan to improve the plan
More optimal solution has obtained after 10867 iterations
Cost is 2527.95
=========================================================================
The algorithm continues iterating on the current plan to improve the plan
More optimal solution has obtained after 11053 iterations
Cost is 2526.83
=========================================================================
The algorithm continues iterating on the current plan to improve the plan
More optimal solution has obtained after 11145 iterations
Cost is 2525.17
=========================================================================
The algorithm continues iterating on the current plan to improve the plan
More optimal solution has obtained after 11498 iterations
Cost is 2525.15
=========================================================================
The algorithm continues iterating on the current plan to improve the plan
More optimal solution has obtained after 11649 iterations
Cost is 2521.41
=========================================================================
The algorithm continues iterating on the current plan to improve the plan
More optimal solution has obtained after 11702 iterations
Cost is 2516.84
=========================================================================
The algorithm continues iterating on the current plan to improve the plan
More optimal solution has obtained after 11989 iterations
Cost is 2516
=========================================================================
The algorithm continues iterating on the current plan to improve the plan
More optimal solution has obtained after 12283 iterations
Cost is 2515.41
=========================================================================
The algorithm continues iterating on the current plan to improve the plan
More optimal solution has obtained after 12366 iterations
Cost is 2514.36
=========================================================================
The algorithm continues iterating on the current plan to improve the plan
More optimal solution has obtained after 12427 iterations
Cost is 2513.97
=========================================================================
The algorithm continues iterating on the current plan to improve the plan
More optimal solution has obtained after 12804 iterations
Cost is 2513.59
=========================================================================
The algorithm continues iterating on the current plan to improve the plan
More optimal solution has obtained after 13202 iterations
Cost is 2513.33
=========================================================================
The algorithm continues iterating on the current plan to improve the plan
More optimal solution has obtained after 13363 iterations
Cost is 2513.13
=========================================================================
The algorithm continues iterating on the current plan to improve the plan
More optimal solution has obtained after 13793 iterations
Cost is 2511.35
=========================================================================
The algorithm continues iterating on the current plan to improve the plan
More optimal solution has obtained after 13892 iterations
Cost is 2508.2
=========================================================================
The algorithm continues iterating on the current plan to improve the plan
More optimal solution has obtained after 14331 iterations
Cost is 2507.91
=========================================================================
The algorithm continues iterating on the current plan to improve the plan
More optimal solution has obtained after 14411 iterations
Cost is 2507.46
=========================================================================
The algorithm continues iterating on the current plan to improve the plan
More optimal solution has obtained after 14830 iterations
Cost is 2507.42
=========================================================================
The algorithm continues iterating on the current plan to improve the plan
More optimal solution has obtained after 15000 iterations
Cost is 2507.42


Total Execution time: 31.125000 seconds


IO time: 0.000000 seconds


Comm time: 0.000000 seconds


Computation time: 31.125000 seconds

 --------------------------------------------- End------------------------------------------------------


