World size: 3000
World type: 3
Version: 416
K: 60000
Number of cpus: 4
choose Maze
Starting RRT* Algorithm...
First Viable Solution Obtained after 40030 iterations
Cost is 5486.49
Saving the generated plan (vector of points)
=========================================================================
The algorithm continues iterating on the current plan to improve the plan
More optimal solution has obtained after 41634 iterations
Cost is 5480.99
=========================================================================
The algorithm continues iterating on the current plan to improve the plan
More optimal solution has obtained after 42056 iterations
Cost is 5480.09
=========================================================================
The algorithm continues iterating on the current plan to improve the plan
More optimal solution has obtained after 42086 iterations
Cost is 5480.06
=========================================================================
The algorithm continues iterating on the current plan to improve the plan
More optimal solution has obtained after 43106 iterations
Cost is 5477.57
=========================================================================
The algorithm continues iterating on the current plan to improve the plan
More optimal solution has obtained after 43236 iterations
Cost is 5454.84
=========================================================================
The algorithm continues iterating on the current plan to improve the plan
More optimal solution has obtained after 43404 iterations
Cost is 5453.03
=========================================================================
The algorithm continues iterating on the current plan to improve the plan
More optimal solution has obtained after 43683 iterations
Cost is 5440.17
=========================================================================
The algorithm continues iterating on the current plan to improve the plan
More optimal solution has obtained after 43748 iterations
Cost is 5439.67
=========================================================================
The algorithm continues iterating on the current plan to improve the plan
More optimal solution has obtained after 43777 iterations
Cost is 5439.63
=========================================================================
The algorithm continues iterating on the current plan to improve the plan
More optimal solution has obtained after 43877 iterations
Cost is 5437.64
=========================================================================
The algorithm continues iterating on the current plan to improve the plan
More optimal solution has obtained after 44220 iterations
Cost is 5435.7
=========================================================================
The algorithm continues iterating on the current plan to improve the plan
More optimal solution has obtained after 44336 iterations
Cost is 5435.03
=========================================================================
The algorithm continues iterating on the current plan to improve the plan
More optimal solution has obtained after 45672 iterations
Cost is 5432.78
=========================================================================
The algorithm continues iterating on the current plan to improve the plan
More optimal solution has obtained after 46179 iterations
Cost is 5430.79
=========================================================================
The algorithm continues iterating on the current plan to improve the plan
More optimal solution has obtained after 46357 iterations
Cost is 5428.26
=========================================================================
The algorithm continues iterating on the current plan to improve the plan
More optimal solution has obtained after 46462 iterations
Cost is 5428.15
=========================================================================
The algorithm continues iterating on the current plan to improve the plan
More optimal solution has obtained after 46614 iterations
Cost is 5427.71
=========================================================================
The algorithm continues iterating on the current plan to improve the plan
More optimal solution has obtained after 46668 iterations
Cost is 5419.83
=========================================================================
The algorithm continues iterating on the current plan to improve the plan
More optimal solution has obtained after 46875 iterations
Cost is 5419.04
=========================================================================
The algorithm continues iterating on the current plan to improve the plan
More optimal solution has obtained after 46903 iterations
Cost is 5413.94
=========================================================================
The algorithm continues iterating on the current plan to improve the plan
More optimal solution has obtained after 47243 iterations
Cost is 5412.39
=========================================================================
The algorithm continues iterating on the current plan to improve the plan
More optimal solution has obtained after 48165 iterations
Cost is 5412.23
=========================================================================
The algorithm continues iterating on the current plan to improve the plan
More optimal solution has obtained after 48368 iterations
Cost is 5411.95
=========================================================================
The algorithm continues iterating on the current plan to improve the plan
More optimal solution has obtained after 48473 iterations
Cost is 5411.36
=========================================================================
The algorithm continues iterating on the current plan to improve the plan
More optimal solution has obtained after 49351 iterations
Cost is 5407.99
=========================================================================
The algorithm continues iterating on the current plan to improve the plan
More optimal solution has obtained after 49833 iterations
Cost is 5407.92
=========================================================================
The algorithm continues iterating on the current plan to improve the plan
More optimal solution has obtained after 50144 iterations
Cost is 5407.74
=========================================================================
The algorithm continues iterating on the current plan to improve the plan
More optimal solution has obtained after 50702 iterations
Cost is 5407.73
=========================================================================
The algorithm continues iterating on the current plan to improve the plan
More optimal solution has obtained after 51346 iterations
Cost is 5407.6
=========================================================================
The algorithm continues iterating on the current plan to improve the plan
More optimal solution has obtained after 52152 iterations
Cost is 5407.1
=========================================================================
The algorithm continues iterating on the current plan to improve the plan
More optimal solution has obtained after 52938 iterations
Cost is 5405.56
=========================================================================
The algorithm continues iterating on the current plan to improve the plan
More optimal solution has obtained after 53414 iterations
Cost is 5403.72
=========================================================================
The algorithm continues iterating on the current plan to improve the plan
More optimal solution has obtained after 53818 iterations
Cost is 5401.65
=========================================================================
The algorithm continues iterating on the current plan to improve the plan
More optimal solution has obtained after 54056 iterations
Cost is 5401.54
=========================================================================
The algorithm continues iterating on the current plan to improve the plan
More optimal solution has obtained after 54295 iterations
Cost is 5401.46
=========================================================================
The algorithm continues iterating on the current plan to improve the plan
More optimal solution has obtained after 54372 iterations
Cost is 5400.28
=========================================================================
The algorithm continues iterating on the current plan to improve the plan
More optimal solution has obtained after 54531 iterations
Cost is 5397.21
=========================================================================
The algorithm continues iterating on the current plan to improve the plan
More optimal solution has obtained after 55212 iterations
Cost is 5396.12
=========================================================================
The algorithm continues iterating on the current plan to improve the plan
More optimal solution has obtained after 55280 iterations
Cost is 5395.05
=========================================================================
The algorithm continues iterating on the current plan to improve the plan
More optimal solution has obtained after 55402 iterations
Cost is 5394.43
=========================================================================
The algorithm continues iterating on the current plan to improve the plan
srun: Job step aborted: Waiting up to 32 seconds for job step to finish.
slurmstepd: error: *** JOB 2813551 ON apollo33 CANCELLED AT 2021-01-12T18:08:00 DUE TO TIME LIMIT ***
slurmstepd: error: *** STEP 2813551.0 ON apollo33 CANCELLED AT 2021-01-12T18:08:00 DUE TO TIME LIMIT ***
srun: error: apollo33: task 0: Terminated
