World size: 500
World type: 1
Version: 1005
K: 5000
Number of cpus: 4
choose FOUR_OBS

===== Parallel version RRT*! =====

RRT exploring...


Total Execution time: 0.375000 seconds


IO time: 0.000000 seconds


Comm time: 0.000000 seconds


Computation time: 0.375000 seconds

 --------------------------------------------- End------------------------------------------------------


World size: 1000
World type: 1
Version: 1006
K: 10000
Number of cpus: 4
choose FOUR_OBS

===== Parallel version RRT*! =====

RRT exploring...


Total Execution time: 1.375000 seconds


IO time: 0.000000 seconds


Comm time: 0.000000 seconds


Computation time: 1.375000 seconds

 --------------------------------------------- End------------------------------------------------------


World size: 1500
World type: 1
Version: 1007
K: 15000
Number of cpus: 4
choose FOUR_OBS

===== Parallel version RRT*! =====

RRT exploring...


Total Execution time: 2.875000 seconds


IO time: 0.125000 seconds


Comm time: 0.000000 seconds


Computation time: 2.750000 seconds

 --------------------------------------------- End------------------------------------------------------


World size: 3000
World type: 1
Version: 1008
K: 40000
Number of cpus: 4
choose FOUR_OBS

===== Parallel version RRT*! =====

RRT exploring...


Total Execution time: 18.750000 seconds


IO time: 0.125000 seconds


Comm time: 0.000000 seconds


Computation time: 18.625000 seconds

 --------------------------------------------- End------------------------------------------------------


