World size: 1500
World type: 1
Version: 67
K: 50000
Number of cpus: 1
choose FOUR_OBS
Starting RRT* Algorithm...
First Viable Solution Obtained after 1266 iterations
Cost is 2263.27
Saving the generated plan (vector of points)
=========================================================================
The algorithm continues iterating on the current plan to improve the plan
More optimal solution has obtained after 5867 iterations
Cost is 2262.37
=========================================================================
The algorithm continues iterating on the current plan to improve the plan
More optimal solution has obtained after 6166 iterations
Cost is 2261.99
=========================================================================
The algorithm continues iterating on the current plan to improve the plan
More optimal solution has obtained after 6405 iterations
Cost is 2259.76
=========================================================================
The algorithm continues iterating on the current plan to improve the plan
More optimal solution has obtained after 7366 iterations
Cost is 2257.46
=========================================================================
The algorithm continues iterating on the current plan to improve the plan
More optimal solution has obtained after 7690 iterations
Cost is 2257.11
=========================================================================
The algorithm continues iterating on the current plan to improve the plan
More optimal solution has obtained after 7708 iterations
Cost is 2256.53
=========================================================================
The algorithm continues iterating on the current plan to improve the plan
More optimal solution has obtained after 7735 iterations
Cost is 2255.91
=========================================================================
The algorithm continues iterating on the current plan to improve the plan
More optimal solution has obtained after 7778 iterations
Cost is 2255.81
=========================================================================
The algorithm continues iterating on the current plan to improve the plan
More optimal solution has obtained after 8201 iterations
Cost is 2255.76
=========================================================================
The algorithm continues iterating on the current plan to improve the plan
More optimal solution has obtained after 8272 iterations
Cost is 2255.71
=========================================================================
The algorithm continues iterating on the current plan to improve the plan
More optimal solution has obtained after 8308 iterations
Cost is 2255.33
=========================================================================
The algorithm continues iterating on the current plan to improve the plan
More optimal solution has obtained after 8990 iterations
Cost is 2254.56
=========================================================================
The algorithm continues iterating on the current plan to improve the plan
More optimal solution has obtained after 9462 iterations
Cost is 2252.03
=========================================================================
The algorithm continues iterating on the current plan to improve the plan
More optimal solution has obtained after 9667 iterations
Cost is 2251.59
=========================================================================
The algorithm continues iterating on the current plan to improve the plan
More optimal solution has obtained after 9671 iterations
Cost is 2250.74
=========================================================================
The algorithm continues iterating on the current plan to improve the plan
More optimal solution has obtained after 9747 iterations
Cost is 2250.31
=========================================================================
The algorithm continues iterating on the current plan to improve the plan
More optimal solution has obtained after 10280 iterations
Cost is 2250.3
=========================================================================
The algorithm continues iterating on the current plan to improve the plan
More optimal solution has obtained after 10381 iterations
Cost is 2247.92
=========================================================================
The algorithm continues iterating on the current plan to improve the plan
More optimal solution has obtained after 10632 iterations
Cost is 2246.37
=========================================================================
The algorithm continues iterating on the current plan to improve the plan
More optimal solution has obtained after 10633 iterations
Cost is 2244.97
=========================================================================
The algorithm continues iterating on the current plan to improve the plan
More optimal solution has obtained after 10642 iterations
Cost is 2244.3
=========================================================================
The algorithm continues iterating on the current plan to improve the plan
More optimal solution has obtained after 10783 iterations
Cost is 2242.52
=========================================================================
The algorithm continues iterating on the current plan to improve the plan
More optimal solution has obtained after 11694 iterations
Cost is 2240.8
=========================================================================
The algorithm continues iterating on the current plan to improve the plan
More optimal solution has obtained after 11815 iterations
Cost is 2240.62
=========================================================================
The algorithm continues iterating on the current plan to improve the plan
More optimal solution has obtained after 12026 iterations
Cost is 2240.11
=========================================================================
The algorithm continues iterating on the current plan to improve the plan
More optimal solution has obtained after 12111 iterations
Cost is 2239.9
=========================================================================
The algorithm continues iterating on the current plan to improve the plan
More optimal solution has obtained after 12133 iterations
Cost is 2237.75
=========================================================================
The algorithm continues iterating on the current plan to improve the plan
More optimal solution has obtained after 12542 iterations
Cost is 2235.81
=========================================================================
The algorithm continues iterating on the current plan to improve the plan
More optimal solution has obtained after 12604 iterations
Cost is 2234.96
=========================================================================
The algorithm continues iterating on the current plan to improve the plan
More optimal solution has obtained after 12803 iterations
Cost is 2234.91
=========================================================================
The algorithm continues iterating on the current plan to improve the plan
More optimal solution has obtained after 13252 iterations
Cost is 2229.86
=========================================================================
The algorithm continues iterating on the current plan to improve the plan
More optimal solution has obtained after 13479 iterations
Cost is 2229.77
=========================================================================
The algorithm continues iterating on the current plan to improve the plan
More optimal solution has obtained after 13655 iterations
Cost is 2229.76
=========================================================================
The algorithm continues iterating on the current plan to improve the plan
More optimal solution has obtained after 13710 iterations
Cost is 2229.25
=========================================================================
The algorithm continues iterating on the current plan to improve the plan
More optimal solution has obtained after 14166 iterations
Cost is 2229.04
=========================================================================
The algorithm continues iterating on the current plan to improve the plan
More optimal solution has obtained after 14717 iterations
Cost is 2228.95
=========================================================================
The algorithm continues iterating on the current plan to improve the plan
More optimal solution has obtained after 14800 iterations
Cost is 2225.9
=========================================================================
The algorithm continues iterating on the current plan to improve the plan
More optimal solution has obtained after 15012 iterations
Cost is 2224.27
=========================================================================
The algorithm continues iterating on the current plan to improve the plan
More optimal solution has obtained after 15238 iterations
Cost is 2224.16
=========================================================================
The algorithm continues iterating on the current plan to improve the plan
More optimal solution has obtained after 15275 iterations
Cost is 2222.64
=========================================================================
The algorithm continues iterating on the current plan to improve the plan
More optimal solution has obtained after 15296 iterations
Cost is 2217.41
=========================================================================
The algorithm continues iterating on the current plan to improve the plan
More optimal solution has obtained after 15333 iterations
Cost is 2216.56
=========================================================================
The algorithm continues iterating on the current plan to improve the plan
More optimal solution has obtained after 15456 iterations
Cost is 2215.87
=========================================================================
The algorithm continues iterating on the current plan to improve the plan
More optimal solution has obtained after 15519 iterations
Cost is 2206.35
=========================================================================
The algorithm continues iterating on the current plan to improve the plan
More optimal solution has obtained after 15526 iterations
Cost is 2198.39
=========================================================================
The algorithm continues iterating on the current plan to improve the plan
More optimal solution has obtained after 15621 iterations
Cost is 2192.6
=========================================================================
The algorithm continues iterating on the current plan to improve the plan
More optimal solution has obtained after 16245 iterations
Cost is 2191.45
=========================================================================
The algorithm continues iterating on the current plan to improve the plan
More optimal solution has obtained after 16350 iterations
Cost is 2191.21
=========================================================================
The algorithm continues iterating on the current plan to improve the plan
More optimal solution has obtained after 16529 iterations
Cost is 2190.55
=========================================================================
The algorithm continues iterating on the current plan to improve the plan
More optimal solution has obtained after 16669 iterations
Cost is 2185.91
=========================================================================
The algorithm continues iterating on the current plan to improve the plan
More optimal solution has obtained after 16843 iterations
Cost is 2185.5
=========================================================================
The algorithm continues iterating on the current plan to improve the plan
More optimal solution has obtained after 16987 iterations
Cost is 2183.28
=========================================================================
The algorithm continues iterating on the current plan to improve the plan
More optimal solution has obtained after 17135 iterations
Cost is 2170.05
=========================================================================
The algorithm continues iterating on the current plan to improve the plan
More optimal solution has obtained after 17679 iterations
Cost is 2169.6
=========================================================================
The algorithm continues iterating on the current plan to improve the plan
More optimal solution has obtained after 17763 iterations
Cost is 2168.18
=========================================================================
The algorithm continues iterating on the current plan to improve the plan
More optimal solution has obtained after 17946 iterations
Cost is 2167.27
=========================================================================
The algorithm continues iterating on the current plan to improve the plan
More optimal solution has obtained after 18367 iterations
Cost is 2105.41
=========================================================================
The algorithm continues iterating on the current plan to improve the plan
More optimal solution has obtained after 18460 iterations
Cost is 2105.36
=========================================================================
The algorithm continues iterating on the current plan to improve the plan
More optimal solution has obtained after 18685 iterations
Cost is 2101.98
=========================================================================
The algorithm continues iterating on the current plan to improve the plan
More optimal solution has obtained after 19249 iterations
Cost is 2092.19
=========================================================================
The algorithm continues iterating on the current plan to improve the plan
More optimal solution has obtained after 19432 iterations
Cost is 2089.12
=========================================================================
The algorithm continues iterating on the current plan to improve the plan
More optimal solution has obtained after 19520 iterations
Cost is 2070.36
=========================================================================
The algorithm continues iterating on the current plan to improve the plan
More optimal solution has obtained after 19598 iterations
Cost is 2070.15
=========================================================================
The algorithm continues iterating on the current plan to improve the plan
More optimal solution has obtained after 19687 iterations
Cost is 2069.78
=========================================================================
The algorithm continues iterating on the current plan to improve the plan
More optimal solution has obtained after 20510 iterations
Cost is 2067.58
=========================================================================
The algorithm continues iterating on the current plan to improve the plan
More optimal solution has obtained after 20720 iterations
Cost is 2066.86
=========================================================================
The algorithm continues iterating on the current plan to improve the plan
More optimal solution has obtained after 20798 iterations
Cost is 2063.56
=========================================================================
The algorithm continues iterating on the current plan to improve the plan
More optimal solution has obtained after 21025 iterations
Cost is 2051.61
=========================================================================
The algorithm continues iterating on the current plan to improve the plan
More optimal solution has obtained after 21115 iterations
Cost is 2049.93
=========================================================================
The algorithm continues iterating on the current plan to improve the plan
More optimal solution has obtained after 21738 iterations
Cost is 2047.89
=========================================================================
The algorithm continues iterating on the current plan to improve the plan
More optimal solution has obtained after 21818 iterations
Cost is 2013.77
=========================================================================
The algorithm continues iterating on the current plan to improve the plan
More optimal solution has obtained after 21938 iterations
Cost is 2012.28
=========================================================================
The algorithm continues iterating on the current plan to improve the plan
More optimal solution has obtained after 22018 iterations
Cost is 2003.02
=========================================================================
The algorithm continues iterating on the current plan to improve the plan
More optimal solution has obtained after 24260 iterations
Cost is 2002.87
=========================================================================
The algorithm continues iterating on the current plan to improve the plan
More optimal solution has obtained after 24566 iterations
Cost is 1997.53
=========================================================================
The algorithm continues iterating on the current plan to improve the plan
More optimal solution has obtained after 24573 iterations
Cost is 1996.2
=========================================================================
The algorithm continues iterating on the current plan to improve the plan
More optimal solution has obtained after 24683 iterations
Cost is 1995.12
=========================================================================
The algorithm continues iterating on the current plan to improve the plan
More optimal solution has obtained after 24908 iterations
Cost is 1994.83
=========================================================================
The algorithm continues iterating on the current plan to improve the plan
More optimal solution has obtained after 24948 iterations
Cost is 1994.38
=========================================================================
The algorithm continues iterating on the current plan to improve the plan
More optimal solution has obtained after 25390 iterations
Cost is 1989.7
=========================================================================
The algorithm continues iterating on the current plan to improve the plan
More optimal solution has obtained after 25550 iterations
Cost is 1989.64
=========================================================================
The algorithm continues iterating on the current plan to improve the plan
More optimal solution has obtained after 25730 iterations
Cost is 1986
=========================================================================
The algorithm continues iterating on the current plan to improve the plan
More optimal solution has obtained after 25916 iterations
Cost is 1985.98
=========================================================================
The algorithm continues iterating on the current plan to improve the plan
More optimal solution has obtained after 26320 iterations
Cost is 1984.51
=========================================================================
The algorithm continues iterating on the current plan to improve the plan
More optimal solution has obtained after 26491 iterations
Cost is 1984.47
=========================================================================
The algorithm continues iterating on the current plan to improve the plan
More optimal solution has obtained after 26628 iterations
Cost is 1984.46
=========================================================================
The algorithm continues iterating on the current plan to improve the plan
More optimal solution has obtained after 26660 iterations
Cost is 1984.44
=========================================================================
The algorithm continues iterating on the current plan to improve the plan
More optimal solution has obtained after 26872 iterations
Cost is 1984.35
=========================================================================
The algorithm continues iterating on the current plan to improve the plan
More optimal solution has obtained after 27022 iterations
Cost is 1984.03
=========================================================================
The algorithm continues iterating on the current plan to improve the plan
More optimal solution has obtained after 27099 iterations
Cost is 1983.75
=========================================================================
The algorithm continues iterating on the current plan to improve the plan
More optimal solution has obtained after 27239 iterations
Cost is 1968.46
=========================================================================
The algorithm continues iterating on the current plan to improve the plan
More optimal solution has obtained after 27262 iterations
Cost is 1968.23
=========================================================================
The algorithm continues iterating on the current plan to improve the plan
More optimal solution has obtained after 27272 iterations
Cost is 1942.38
=========================================================================
The algorithm continues iterating on the current plan to improve the plan
More optimal solution has obtained after 27331 iterations
Cost is 1941.47
=========================================================================
The algorithm continues iterating on the current plan to improve the plan
More optimal solution has obtained after 27704 iterations
Cost is 1941.43
=========================================================================
The algorithm continues iterating on the current plan to improve the plan
More optimal solution has obtained after 27730 iterations
Cost is 1941.34
=========================================================================
The algorithm continues iterating on the current plan to improve the plan
More optimal solution has obtained after 27994 iterations
Cost is 1940.81
=========================================================================
The algorithm continues iterating on the current plan to improve the plan
More optimal solution has obtained after 28057 iterations
Cost is 1939.57
=========================================================================
The algorithm continues iterating on the current plan to improve the plan
More optimal solution has obtained after 28569 iterations
Cost is 1932.39
=========================================================================
The algorithm continues iterating on the current plan to improve the plan
More optimal solution has obtained after 28649 iterations
Cost is 1931.05
=========================================================================
The algorithm continues iterating on the current plan to improve the plan
More optimal solution has obtained after 29105 iterations
Cost is 1926.15
=========================================================================
The algorithm continues iterating on the current plan to improve the plan
More optimal solution has obtained after 29147 iterations
Cost is 1925.08
=========================================================================
The algorithm continues iterating on the current plan to improve the plan
More optimal solution has obtained after 29268 iterations
Cost is 1922.56
=========================================================================
The algorithm continues iterating on the current plan to improve the plan
More optimal solution has obtained after 29361 iterations
Cost is 1922.53
=========================================================================
The algorithm continues iterating on the current plan to improve the plan
More optimal solution has obtained after 29891 iterations
Cost is 1921.44
=========================================================================
The algorithm continues iterating on the current plan to improve the plan
More optimal solution has obtained after 30164 iterations
Cost is 1920.94
=========================================================================
The algorithm continues iterating on the current plan to improve the plan
More optimal solution has obtained after 30881 iterations
Cost is 1920.3
=========================================================================
The algorithm continues iterating on the current plan to improve the plan
More optimal solution has obtained after 32423 iterations
Cost is 1920.26
=========================================================================
The algorithm continues iterating on the current plan to improve the plan
More optimal solution has obtained after 32437 iterations
Cost is 1920.04
=========================================================================
The algorithm continues iterating on the current plan to improve the plan
More optimal solution has obtained after 32672 iterations
Cost is 1919.15
=========================================================================
The algorithm continues iterating on the current plan to improve the plan
More optimal solution has obtained after 32689 iterations
Cost is 1917.48
=========================================================================
The algorithm continues iterating on the current plan to improve the plan
More optimal solution has obtained after 32978 iterations
Cost is 1916.32
=========================================================================
The algorithm continues iterating on the current plan to improve the plan
More optimal solution has obtained after 33002 iterations
Cost is 1915.32
=========================================================================
The algorithm continues iterating on the current plan to improve the plan
More optimal solution has obtained after 33306 iterations
Cost is 1914.9
=========================================================================
The algorithm continues iterating on the current plan to improve the plan
More optimal solution has obtained after 33539 iterations
Cost is 1914.34
=========================================================================
The algorithm continues iterating on the current plan to improve the plan
More optimal solution has obtained after 33649 iterations
Cost is 1914.03
=========================================================================
The algorithm continues iterating on the current plan to improve the plan
More optimal solution has obtained after 33659 iterations
Cost is 1912.71
=========================================================================
The algorithm continues iterating on the current plan to improve the plan
More optimal solution has obtained after 34089 iterations
Cost is 1912.25
=========================================================================
The algorithm continues iterating on the current plan to improve the plan
More optimal solution has obtained after 34452 iterations
Cost is 1912.2
=========================================================================
The algorithm continues iterating on the current plan to improve the plan
More optimal solution has obtained after 34484 iterations
Cost is 1912.2
=========================================================================
The algorithm continues iterating on the current plan to improve the plan
More optimal solution has obtained after 34998 iterations
Cost is 1912.11
=========================================================================
The algorithm continues iterating on the current plan to improve the plan
More optimal solution has obtained after 35572 iterations
Cost is 1911.96
=========================================================================
The algorithm continues iterating on the current plan to improve the plan
More optimal solution has obtained after 36687 iterations
Cost is 1910.62
=========================================================================
The algorithm continues iterating on the current plan to improve the plan
More optimal solution has obtained after 36752 iterations
Cost is 1910.03
=========================================================================
The algorithm continues iterating on the current plan to improve the plan
More optimal solution has obtained after 37243 iterations
Cost is 1909.69
=========================================================================
The algorithm continues iterating on the current plan to improve the plan
More optimal solution has obtained after 37494 iterations
Cost is 1909.01
=========================================================================
The algorithm continues iterating on the current plan to improve the plan
More optimal solution has obtained after 37948 iterations
Cost is 1908.5
=========================================================================
The algorithm continues iterating on the current plan to improve the plan
More optimal solution has obtained after 38016 iterations
Cost is 1908.38
=========================================================================
The algorithm continues iterating on the current plan to improve the plan
More optimal solution has obtained after 38385 iterations
Cost is 1907.4
=========================================================================
The algorithm continues iterating on the current plan to improve the plan
More optimal solution has obtained after 38775 iterations
Cost is 1906.91
=========================================================================
The algorithm continues iterating on the current plan to improve the plan
More optimal solution has obtained after 38807 iterations
Cost is 1906.88
=========================================================================
The algorithm continues iterating on the current plan to improve the plan
More optimal solution has obtained after 38852 iterations
Cost is 1906.77
=========================================================================
The algorithm continues iterating on the current plan to improve the plan
More optimal solution has obtained after 39030 iterations
Cost is 1906.75
=========================================================================
The algorithm continues iterating on the current plan to improve the plan
More optimal solution has obtained after 39063 iterations
Cost is 1903.36
=========================================================================
The algorithm continues iterating on the current plan to improve the plan
More optimal solution has obtained after 39782 iterations
Cost is 1903.35
=========================================================================
The algorithm continues iterating on the current plan to improve the plan
More optimal solution has obtained after 41290 iterations
Cost is 1894.18
=========================================================================
The algorithm continues iterating on the current plan to improve the plan
More optimal solution has obtained after 47458 iterations
Cost is 1889.24
=========================================================================
The algorithm continues iterating on the current plan to improve the plan
More optimal solution has obtained after 50000 iterations
Cost is 1889.24
Exceeded max iterations!
Saving the generated plan (vector of points)


Execution time: 308.250000 seconds

 --------------------------------------------- End------------------------------------------------------


