World size: 500
World type: 3
Version: 133
K: 5000
Number of cpus: 4
choose Maze

===== Parallel version RRT*! =====

RRT exploring...


Total Execution time: 0.500000 seconds


IO time: 0.000000 seconds


Comm time: 0.000000 seconds


Computation time: 0.500000 seconds

 --------------------------------------------- End------------------------------------------------------


World size: 1000
World type: 3
Version: 134
K: 10000
Number of cpus: 4
choose Maze

===== Parallel version RRT*! =====

RRT exploring...


Total Execution time: 1.500000 seconds


IO time: 0.000000 seconds


Comm time: 0.000000 seconds


Computation time: 1.500000 seconds

 --------------------------------------------- End------------------------------------------------------


World size: 1500
World type: 3
Version: 135
K: 15000
Number of cpus: 4
choose Maze

===== Parallel version RRT*! =====

RRT exploring...


Total Execution time: 3.000000 seconds


IO time: 0.125000 seconds


Comm time: 0.000000 seconds


Computation time: 2.875000 seconds

 --------------------------------------------- End------------------------------------------------------


