World size: 1000
World type: 0
Version: 102
K: 20000
choose FREE_SPACE
Starting RRT* Algorithm...
First Viable Solution Obtained after 5971 iterations
Cost is 757.289
Saving the generated plan (vector of points)
=========================================================================
The algorithm continues iterating on the current plan to improve the plan
More optimal solution has obtained after 6080 iterations
Cost is 757.128
=========================================================================
The algorithm continues iterating on the current plan to improve the plan
More optimal solution has obtained after 6113 iterations
Cost is 756.992
=========================================================================
The algorithm continues iterating on the current plan to improve the plan
More optimal solution has obtained after 6152 iterations
Cost is 755.942
=========================================================================
The algorithm continues iterating on the current plan to improve the plan
More optimal solution has obtained after 6183 iterations
Cost is 755.715
=========================================================================
The algorithm continues iterating on the current plan to improve the plan
More optimal solution has obtained after 6286 iterations
Cost is 755.444
=========================================================================
The algorithm continues iterating on the current plan to improve the plan
More optimal solution has obtained after 6629 iterations
Cost is 752.362
=========================================================================
The algorithm continues iterating on the current plan to improve the plan
More optimal solution has obtained after 6756 iterations
Cost is 751.72
=========================================================================
The algorithm continues iterating on the current plan to improve the plan
More optimal solution has obtained after 6935 iterations
Cost is 747.261
=========================================================================
The algorithm continues iterating on the current plan to improve the plan
More optimal solution has obtained after 6990 iterations
Cost is 747.083
=========================================================================
The algorithm continues iterating on the current plan to improve the plan
More optimal solution has obtained after 7645 iterations
Cost is 746.877
=========================================================================
The algorithm continues iterating on the current plan to improve the plan
More optimal solution has obtained after 8003 iterations
Cost is 746.837
=========================================================================
The algorithm continues iterating on the current plan to improve the plan
More optimal solution has obtained after 8102 iterations
Cost is 743.973
=========================================================================
The algorithm continues iterating on the current plan to improve the plan
More optimal solution has obtained after 8132 iterations
Cost is 743.969
=========================================================================
The algorithm continues iterating on the current plan to improve the plan
More optimal solution has obtained after 8269 iterations
Cost is 741.981
=========================================================================
The algorithm continues iterating on the current plan to improve the plan
More optimal solution has obtained after 8312 iterations
Cost is 741.828
=========================================================================
The algorithm continues iterating on the current plan to improve the plan
More optimal solution has obtained after 8752 iterations
Cost is 732.777
=========================================================================
The algorithm continues iterating on the current plan to improve the plan
More optimal solution has obtained after 8833 iterations
Cost is 732.002
=========================================================================
The algorithm continues iterating on the current plan to improve the plan
More optimal solution has obtained after 8839 iterations
Cost is 730.695
=========================================================================
The algorithm continues iterating on the current plan to improve the plan
More optimal solution has obtained after 9391 iterations
Cost is 730.184
=========================================================================
The algorithm continues iterating on the current plan to improve the plan
More optimal solution has obtained after 9425 iterations
Cost is 730.149
=========================================================================
The algorithm continues iterating on the current plan to improve the plan
More optimal solution has obtained after 9979 iterations
Cost is 727.249
=========================================================================
The algorithm continues iterating on the current plan to improve the plan
More optimal solution has obtained after 10142 iterations
Cost is 722.799
=========================================================================
The algorithm continues iterating on the current plan to improve the plan
More optimal solution has obtained after 11114 iterations
Cost is 722.691
=========================================================================
The algorithm continues iterating on the current plan to improve the plan
More optimal solution has obtained after 11177 iterations
Cost is 717.113
=========================================================================
The algorithm continues iterating on the current plan to improve the plan
More optimal solution has obtained after 11332 iterations
Cost is 711.081
=========================================================================
The algorithm continues iterating on the current plan to improve the plan
More optimal solution has obtained after 11584 iterations
Cost is 710.901
=========================================================================
The algorithm continues iterating on the current plan to improve the plan
More optimal solution has obtained after 12239 iterations
Cost is 710.876
=========================================================================
The algorithm continues iterating on the current plan to improve the plan
More optimal solution has obtained after 12358 iterations
Cost is 710.808
=========================================================================
The algorithm continues iterating on the current plan to improve the plan
More optimal solution has obtained after 12699 iterations
Cost is 710.518
=========================================================================
The algorithm continues iterating on the current plan to improve the plan
More optimal solution has obtained after 12745 iterations
Cost is 709.845
=========================================================================
The algorithm continues iterating on the current plan to improve the plan
More optimal solution has obtained after 12757 iterations
Cost is 707.731
=========================================================================
The algorithm continues iterating on the current plan to improve the plan
More optimal solution has obtained after 13018 iterations
Cost is 707.22
=========================================================================
The algorithm continues iterating on the current plan to improve the plan
More optimal solution has obtained after 13214 iterations
Cost is 706.187
=========================================================================
The algorithm continues iterating on the current plan to improve the plan
More optimal solution has obtained after 13227 iterations
Cost is 706.1
=========================================================================
The algorithm continues iterating on the current plan to improve the plan
More optimal solution has obtained after 13395 iterations
Cost is 706.093
=========================================================================
The algorithm continues iterating on the current plan to improve the plan
More optimal solution has obtained after 13855 iterations
Cost is 705.762
=========================================================================
The algorithm continues iterating on the current plan to improve the plan
More optimal solution has obtained after 14377 iterations
Cost is 705.71
=========================================================================
The algorithm continues iterating on the current plan to improve the plan
More optimal solution has obtained after 15131 iterations
Cost is 703.196
=========================================================================
The algorithm continues iterating on the current plan to improve the plan
More optimal solution has obtained after 15280 iterations
Cost is 703.143
=========================================================================
The algorithm continues iterating on the current plan to improve the plan
More optimal solution has obtained after 15538 iterations
Cost is 702.864
=========================================================================
The algorithm continues iterating on the current plan to improve the plan
More optimal solution has obtained after 15576 iterations
Cost is 702.313
=========================================================================
The algorithm continues iterating on the current plan to improve the plan
More optimal solution has obtained after 15966 iterations
Cost is 701.523
=========================================================================
The algorithm continues iterating on the current plan to improve the plan
More optimal solution has obtained after 16725 iterations
Cost is 701.476
=========================================================================
The algorithm continues iterating on the current plan to improve the plan
More optimal solution has obtained after 16860 iterations
Cost is 701.395
=========================================================================
The algorithm continues iterating on the current plan to improve the plan
More optimal solution has obtained after 16900 iterations
Cost is 701.107
=========================================================================
The algorithm continues iterating on the current plan to improve the plan
More optimal solution has obtained after 17602 iterations
Cost is 699.741
=========================================================================
The algorithm continues iterating on the current plan to improve the plan
More optimal solution has obtained after 19065 iterations
Cost is 699.345
=========================================================================
The algorithm continues iterating on the current plan to improve the plan
More optimal solution has obtained after 19240 iterations
Cost is 698.863
=========================================================================
The algorithm continues iterating on the current plan to improve the plan
More optimal solution has obtained after 19325 iterations
Cost is 698.774
=========================================================================
The algorithm continues iterating on the current plan to improve the plan
More optimal solution has obtained after 19702 iterations
Cost is 698.682
=========================================================================
The algorithm continues iterating on the current plan to improve the plan
More optimal solution has obtained after 20000 iterations
Cost is 698.682
Exceeded max iterations!
Saving the generated plan (vector of points)
Execution time: 55.625000 seconds
