World size: 500
World type: 2
Version: 409
K: 8000
Number of cpus: 4
choose TWELVE_OBS

===== Parallel version RRT*! =====

Starting RRT* Algorithm...
Pthread version...
First Viable Solution Obtained after 535 iterations
Cost is 482.756
Saving the generated plan (vector of points)
=========================================================================
The algorithm continues iterating on the current plan to improve the plan
More optimal solution has obtained after 720 iterations
Cost is 481.888
=========================================================================
The algorithm continues iterating on the current plan to improve the plan
More optimal solution has obtained after 724 iterations
Cost is 480.454
=========================================================================
The algorithm continues iterating on the current plan to improve the plan
More optimal solution has obtained after 842 iterations
Cost is 477.034
=========================================================================
The algorithm continues iterating on the current plan to improve the plan
More optimal solution has obtained after 854 iterations
Cost is 476.09
=========================================================================
The algorithm continues iterating on the current plan to improve the plan
More optimal solution has obtained after 1113 iterations
Cost is 475.744
=========================================================================
The algorithm continues iterating on the current plan to improve the plan
More optimal solution has obtained after 1177 iterations
Cost is 473.047
=========================================================================
The algorithm continues iterating on the current plan to improve the plan
More optimal solution has obtained after 1673 iterations
Cost is 472.543
=========================================================================
The algorithm continues iterating on the current plan to improve the plan
More optimal solution has obtained after 1920 iterations
Cost is 462.005
=========================================================================
The algorithm continues iterating on the current plan to improve the plan
More optimal solution has obtained after 2011 iterations
Cost is 461.51
=========================================================================
The algorithm continues iterating on the current plan to improve the plan
More optimal solution has obtained after 2037 iterations
Cost is 460.942
=========================================================================
The algorithm continues iterating on the current plan to improve the plan
More optimal solution has obtained after 2079 iterations
Cost is 457.944
=========================================================================
The algorithm continues iterating on the current plan to improve the plan
More optimal solution has obtained after 2370 iterations
Cost is 457.703
=========================================================================
The algorithm continues iterating on the current plan to improve the plan
More optimal solution has obtained after 2386 iterations
Cost is 457.387
=========================================================================
The algorithm continues iterating on the current plan to improve the plan
More optimal solution has obtained after 2810 iterations
Cost is 457.148
=========================================================================
The algorithm continues iterating on the current plan to improve the plan
More optimal solution has obtained after 3273 iterations
Cost is 456.75
=========================================================================
The algorithm continues iterating on the current plan to improve the plan
More optimal solution has obtained after 3456 iterations
Cost is 456.268
=========================================================================
The algorithm continues iterating on the current plan to improve the plan
More optimal solution has obtained after 3475 iterations
Cost is 455.257
=========================================================================
The algorithm continues iterating on the current plan to improve the plan
More optimal solution has obtained after 3563 iterations
Cost is 455.222
=========================================================================
The algorithm continues iterating on the current plan to improve the plan
More optimal solution has obtained after 3612 iterations
Cost is 455.127
=========================================================================
The algorithm continues iterating on the current plan to improve the plan
More optimal solution has obtained after 3670 iterations
Cost is 453.844
=========================================================================
The algorithm continues iterating on the current plan to improve the plan
More optimal solution has obtained after 3718 iterations
Cost is 453.527
=========================================================================
The algorithm continues iterating on the current plan to improve the plan
More optimal solution has obtained after 3787 iterations
Cost is 453.182
=========================================================================
The algorithm continues iterating on the current plan to improve the plan
More optimal solution has obtained after 4062 iterations
Cost is 453.171
=========================================================================
The algorithm continues iterating on the current plan to improve the plan
More optimal solution has obtained after 4117 iterations
Cost is 453.091
=========================================================================
The algorithm continues iterating on the current plan to improve the plan
More optimal solution has obtained after 4176 iterations
Cost is 453.072
=========================================================================
The algorithm continues iterating on the current plan to improve the plan
More optimal solution has obtained after 4274 iterations
Cost is 452.807
=========================================================================
The algorithm continues iterating on the current plan to improve the plan
More optimal solution has obtained after 4858 iterations
Cost is 452.449
=========================================================================
The algorithm continues iterating on the current plan to improve the plan
More optimal solution has obtained after 4914 iterations
Cost is 452.185
=========================================================================
The algorithm continues iterating on the current plan to improve the plan
More optimal solution has obtained after 5728 iterations
Cost is 451.847
=========================================================================
The algorithm continues iterating on the current plan to improve the plan
More optimal solution has obtained after 5752 iterations
Cost is 451.614
=========================================================================
The algorithm continues iterating on the current plan to improve the plan
More optimal solution has obtained after 6023 iterations
Cost is 451.417
=========================================================================
The algorithm continues iterating on the current plan to improve the plan
More optimal solution has obtained after 6400 iterations
Cost is 451.342
=========================================================================
The algorithm continues iterating on the current plan to improve the plan
More optimal solution has obtained after 6448 iterations
Cost is 451.342
=========================================================================
The algorithm continues iterating on the current plan to improve the plan
More optimal solution has obtained after 7009 iterations
Cost is 450.92
=========================================================================
The algorithm continues iterating on the current plan to improve the plan
More optimal solution has obtained after 7288 iterations
Cost is 450.463
=========================================================================
The algorithm continues iterating on the current plan to improve the plan
More optimal solution has obtained after 7315 iterations
Cost is 448.554
=========================================================================
The algorithm continues iterating on the current plan to improve the plan
More optimal solution has obtained after 7402 iterations
Cost is 448.54
=========================================================================
The algorithm continues iterating on the current plan to improve the plan
More optimal solution has obtained after 7511 iterations
Cost is 448.519
=========================================================================
The algorithm continues iterating on the current plan to improve the plan
More optimal solution has obtained after 7561 iterations
Cost is 445.633
=========================================================================
The algorithm continues iterating on the current plan to improve the plan
More optimal solution has obtained after 8000 iterations
Cost is 445.633
Exceeded max iterations!
Saving the generated plan (vector of points)


Execution time: 9.125000 seconds

 --------------------------------------------- End------------------------------------------------------


World size: 1000
World type: 2
Version: 410
K: 30000
Number of cpus: 4
choose TWELVE_OBS

===== Parallel version RRT*! =====

Starting RRT* Algorithm...
Pthread version...
First Viable Solution Obtained after 559 iterations
Cost is 1151.5
Saving the generated plan (vector of points)
=========================================================================
The algorithm continues iterating on the current plan to improve the plan
More optimal solution has obtained after 636 iterations
Cost is 1151.43
=========================================================================
The algorithm continues iterating on the current plan to improve the plan
More optimal solution has obtained after 1061 iterations
Cost is 1149.61
=========================================================================
The algorithm continues iterating on the current plan to improve the plan
More optimal solution has obtained after 1070 iterations
Cost is 1144.36
=========================================================================
The algorithm continues iterating on the current plan to improve the plan
More optimal solution has obtained after 1230 iterations
Cost is 1136.8
=========================================================================
The algorithm continues iterating on the current plan to improve the plan
More optimal solution has obtained after 1272 iterations
Cost is 1135.19
=========================================================================
The algorithm continues iterating on the current plan to improve the plan
More optimal solution has obtained after 1355 iterations
Cost is 1131.85
=========================================================================
The algorithm continues iterating on the current plan to improve the plan
More optimal solution has obtained after 1400 iterations
Cost is 1131.76
=========================================================================
The algorithm continues iterating on the current plan to improve the plan
More optimal solution has obtained after 1556 iterations
Cost is 1130.41
=========================================================================
The algorithm continues iterating on the current plan to improve the plan
More optimal solution has obtained after 2369 iterations
Cost is 1130.21
=========================================================================
The algorithm continues iterating on the current plan to improve the plan
More optimal solution has obtained after 2381 iterations
Cost is 1130.15
=========================================================================
The algorithm continues iterating on the current plan to improve the plan
More optimal solution has obtained after 2396 iterations
Cost is 1130.02
=========================================================================
The algorithm continues iterating on the current plan to improve the plan
More optimal solution has obtained after 2462 iterations
Cost is 1129.85
=========================================================================
The algorithm continues iterating on the current plan to improve the plan
More optimal solution has obtained after 2679 iterations
Cost is 1129.81
=========================================================================
The algorithm continues iterating on the current plan to improve the plan
More optimal solution has obtained after 2979 iterations
Cost is 1128.92
=========================================================================
The algorithm continues iterating on the current plan to improve the plan
More optimal solution has obtained after 3098 iterations
Cost is 1128.77
=========================================================================
The algorithm continues iterating on the current plan to improve the plan
More optimal solution has obtained after 3291 iterations
Cost is 1128.22
=========================================================================
The algorithm continues iterating on the current plan to improve the plan
More optimal solution has obtained after 3313 iterations
Cost is 1127.14
=========================================================================
The algorithm continues iterating on the current plan to improve the plan
More optimal solution has obtained after 3466 iterations
Cost is 1127.13
=========================================================================
The algorithm continues iterating on the current plan to improve the plan
More optimal solution has obtained after 3611 iterations
Cost is 1127.08
=========================================================================
The algorithm continues iterating on the current plan to improve the plan
More optimal solution has obtained after 3697 iterations
Cost is 1125.94
=========================================================================
The algorithm continues iterating on the current plan to improve the plan
More optimal solution has obtained after 3751 iterations
Cost is 1125.87
=========================================================================
The algorithm continues iterating on the current plan to improve the plan
More optimal solution has obtained after 3927 iterations
Cost is 1122.75
=========================================================================
The algorithm continues iterating on the current plan to improve the plan
More optimal solution has obtained after 4254 iterations
Cost is 1122.55
=========================================================================
The algorithm continues iterating on the current plan to improve the plan
More optimal solution has obtained after 4292 iterations
Cost is 1120.54
=========================================================================
The algorithm continues iterating on the current plan to improve the plan
More optimal solution has obtained after 4344 iterations
Cost is 1119.73
=========================================================================
The algorithm continues iterating on the current plan to improve the plan
More optimal solution has obtained after 4615 iterations
Cost is 1118.5
=========================================================================
The algorithm continues iterating on the current plan to improve the plan
More optimal solution has obtained after 4680 iterations
Cost is 1116.95
=========================================================================
The algorithm continues iterating on the current plan to improve the plan
More optimal solution has obtained after 5002 iterations
Cost is 1116.31
=========================================================================
The algorithm continues iterating on the current plan to improve the plan
More optimal solution has obtained after 5115 iterations
Cost is 1114.05
=========================================================================
The algorithm continues iterating on the current plan to improve the plan
More optimal solution has obtained after 5168 iterations
Cost is 1111.96
=========================================================================
The algorithm continues iterating on the current plan to improve the plan
More optimal solution has obtained after 5255 iterations
Cost is 1111.1
=========================================================================
The algorithm continues iterating on the current plan to improve the plan
More optimal solution has obtained after 5337 iterations
Cost is 1111.09
=========================================================================
The algorithm continues iterating on the current plan to improve the plan
More optimal solution has obtained after 5617 iterations
Cost is 1105.43
=========================================================================
The algorithm continues iterating on the current plan to improve the plan
More optimal solution has obtained after 6381 iterations
Cost is 1103.75
=========================================================================
The algorithm continues iterating on the current plan to improve the plan
More optimal solution has obtained after 6819 iterations
Cost is 1103.72
=========================================================================
The algorithm continues iterating on the current plan to improve the plan
More optimal solution has obtained after 7739 iterations
Cost is 1100.74
=========================================================================
The algorithm continues iterating on the current plan to improve the plan
More optimal solution has obtained after 9127 iterations
Cost is 1095.75
=========================================================================
The algorithm continues iterating on the current plan to improve the plan
More optimal solution has obtained after 9163 iterations
Cost is 1095.71
=========================================================================
The algorithm continues iterating on the current plan to improve the plan
More optimal solution has obtained after 9262 iterations
Cost is 1094.94
=========================================================================
The algorithm continues iterating on the current plan to improve the plan
More optimal solution has obtained after 9313 iterations
Cost is 1085.83
=========================================================================
The algorithm continues iterating on the current plan to improve the plan
More optimal solution has obtained after 9360 iterations
Cost is 1084.06
=========================================================================
The algorithm continues iterating on the current plan to improve the plan
More optimal solution has obtained after 9445 iterations
Cost is 1082.88
=========================================================================
The algorithm continues iterating on the current plan to improve the plan
More optimal solution has obtained after 9629 iterations
Cost is 1082.84
=========================================================================
The algorithm continues iterating on the current plan to improve the plan
More optimal solution has obtained after 9861 iterations
Cost is 1066.42
=========================================================================
The algorithm continues iterating on the current plan to improve the plan
More optimal solution has obtained after 9890 iterations
Cost is 1066.39
=========================================================================
The algorithm continues iterating on the current plan to improve the plan
More optimal solution has obtained after 10507 iterations
Cost is 1062.65
=========================================================================
The algorithm continues iterating on the current plan to improve the plan
More optimal solution has obtained after 10537 iterations
Cost is 1046.51
=========================================================================
The algorithm continues iterating on the current plan to improve the plan
More optimal solution has obtained after 10598 iterations
Cost is 1043.45
=========================================================================
The algorithm continues iterating on the current plan to improve the plan
More optimal solution has obtained after 10737 iterations
Cost is 1042.43
=========================================================================
The algorithm continues iterating on the current plan to improve the plan
More optimal solution has obtained after 10744 iterations
Cost is 1037.75
=========================================================================
The algorithm continues iterating on the current plan to improve the plan
More optimal solution has obtained after 10753 iterations
Cost is 1037.49
=========================================================================
The algorithm continues iterating on the current plan to improve the plan
More optimal solution has obtained after 10777 iterations
Cost is 1036.43
=========================================================================
The algorithm continues iterating on the current plan to improve the plan
More optimal solution has obtained after 10890 iterations
Cost is 1034.79
=========================================================================
The algorithm continues iterating on the current plan to improve the plan
More optimal solution has obtained after 10954 iterations
Cost is 1024.93
=========================================================================
The algorithm continues iterating on the current plan to improve the plan
More optimal solution has obtained after 11169 iterations
Cost is 1024.86
=========================================================================
The algorithm continues iterating on the current plan to improve the plan
More optimal solution has obtained after 11304 iterations
Cost is 1024.32
=========================================================================
The algorithm continues iterating on the current plan to improve the plan
More optimal solution has obtained after 11480 iterations
Cost is 1023.61
=========================================================================
The algorithm continues iterating on the current plan to improve the plan
More optimal solution has obtained after 11610 iterations
Cost is 1011.13
=========================================================================
The algorithm continues iterating on the current plan to improve the plan
More optimal solution has obtained after 11624 iterations
Cost is 1005.69
=========================================================================
The algorithm continues iterating on the current plan to improve the plan
More optimal solution has obtained after 11713 iterations
Cost is 1004.78
=========================================================================
The algorithm continues iterating on the current plan to improve the plan
More optimal solution has obtained after 11913 iterations
Cost is 1003.45
=========================================================================
The algorithm continues iterating on the current plan to improve the plan
More optimal solution has obtained after 11948 iterations
Cost is 1002.1
=========================================================================
The algorithm continues iterating on the current plan to improve the plan
More optimal solution has obtained after 12061 iterations
Cost is 1000.32
=========================================================================
The algorithm continues iterating on the current plan to improve the plan
More optimal solution has obtained after 12283 iterations
Cost is 1000.14
=========================================================================
The algorithm continues iterating on the current plan to improve the plan
More optimal solution has obtained after 12417 iterations
Cost is 999.418
=========================================================================
The algorithm continues iterating on the current plan to improve the plan
More optimal solution has obtained after 12444 iterations
Cost is 998.054
=========================================================================
The algorithm continues iterating on the current plan to improve the plan
More optimal solution has obtained after 12847 iterations
Cost is 998.047
=========================================================================
The algorithm continues iterating on the current plan to improve the plan
More optimal solution has obtained after 12869 iterations
Cost is 996.296
=========================================================================
The algorithm continues iterating on the current plan to improve the plan
More optimal solution has obtained after 12996 iterations
Cost is 995.886
=========================================================================
The algorithm continues iterating on the current plan to improve the plan
More optimal solution has obtained after 13108 iterations
Cost is 995.773
=========================================================================
The algorithm continues iterating on the current plan to improve the plan
More optimal solution has obtained after 13341 iterations
Cost is 994
=========================================================================
The algorithm continues iterating on the current plan to improve the plan
More optimal solution has obtained after 13872 iterations
Cost is 993.191
=========================================================================
The algorithm continues iterating on the current plan to improve the plan
More optimal solution has obtained after 14109 iterations
Cost is 993.173
=========================================================================
The algorithm continues iterating on the current plan to improve the plan
More optimal solution has obtained after 14197 iterations
Cost is 990.011
=========================================================================
The algorithm continues iterating on the current plan to improve the plan
More optimal solution has obtained after 14261 iterations
Cost is 989.102
=========================================================================
The algorithm continues iterating on the current plan to improve the plan
More optimal solution has obtained after 14346 iterations
Cost is 987.587
=========================================================================
The algorithm continues iterating on the current plan to improve the plan
More optimal solution has obtained after 14697 iterations
Cost is 987.218
=========================================================================
The algorithm continues iterating on the current plan to improve the plan
More optimal solution has obtained after 15324 iterations
Cost is 986.532
=========================================================================
The algorithm continues iterating on the current plan to improve the plan
More optimal solution has obtained after 15422 iterations
Cost is 984.425
=========================================================================
The algorithm continues iterating on the current plan to improve the plan
More optimal solution has obtained after 15566 iterations
Cost is 984.215
=========================================================================
The algorithm continues iterating on the current plan to improve the plan
More optimal solution has obtained after 15584 iterations
Cost is 983.059
=========================================================================
The algorithm continues iterating on the current plan to improve the plan
More optimal solution has obtained after 15901 iterations
Cost is 973.064
=========================================================================
The algorithm continues iterating on the current plan to improve the plan
More optimal solution has obtained after 16389 iterations
Cost is 972.481
=========================================================================
The algorithm continues iterating on the current plan to improve the plan
More optimal solution has obtained after 16500 iterations
Cost is 971.488
=========================================================================
The algorithm continues iterating on the current plan to improve the plan
More optimal solution has obtained after 16853 iterations
Cost is 967.095
=========================================================================
The algorithm continues iterating on the current plan to improve the plan
More optimal solution has obtained after 18345 iterations
Cost is 966.667
=========================================================================
The algorithm continues iterating on the current plan to improve the plan
More optimal solution has obtained after 18357 iterations
Cost is 966.165
=========================================================================
The algorithm continues iterating on the current plan to improve the plan
More optimal solution has obtained after 18421 iterations
Cost is 966.053
=========================================================================
The algorithm continues iterating on the current plan to improve the plan
More optimal solution has obtained after 19177 iterations
Cost is 966.03
=========================================================================
The algorithm continues iterating on the current plan to improve the plan
More optimal solution has obtained after 19195 iterations
Cost is 958.481
=========================================================================
The algorithm continues iterating on the current plan to improve the plan
More optimal solution has obtained after 20255 iterations
Cost is 958.466
=========================================================================
The algorithm continues iterating on the current plan to improve the plan
More optimal solution has obtained after 20649 iterations
Cost is 958.197
=========================================================================
The algorithm continues iterating on the current plan to improve the plan
More optimal solution has obtained after 20811 iterations
Cost is 957.087
=========================================================================
The algorithm continues iterating on the current plan to improve the plan
More optimal solution has obtained after 20881 iterations
Cost is 956.978
=========================================================================
The algorithm continues iterating on the current plan to improve the plan
More optimal solution has obtained after 21206 iterations
Cost is 956.751
=========================================================================
The algorithm continues iterating on the current plan to improve the plan
More optimal solution has obtained after 21294 iterations
Cost is 956.251
=========================================================================
The algorithm continues iterating on the current plan to improve the plan
More optimal solution has obtained after 21539 iterations
Cost is 955.95
=========================================================================
The algorithm continues iterating on the current plan to improve the plan
More optimal solution has obtained after 21554 iterations
Cost is 955.233
=========================================================================
The algorithm continues iterating on the current plan to improve the plan
More optimal solution has obtained after 21745 iterations
Cost is 954.914
=========================================================================
The algorithm continues iterating on the current plan to improve the plan
More optimal solution has obtained after 21921 iterations
Cost is 954.8
=========================================================================
The algorithm continues iterating on the current plan to improve the plan
More optimal solution has obtained after 22704 iterations
Cost is 954.157
=========================================================================
The algorithm continues iterating on the current plan to improve the plan
More optimal solution has obtained after 23107 iterations
Cost is 954.084
=========================================================================
The algorithm continues iterating on the current plan to improve the plan
More optimal solution has obtained after 23488 iterations
Cost is 953.814
=========================================================================
The algorithm continues iterating on the current plan to improve the plan
More optimal solution has obtained after 23769 iterations
Cost is 953.731
=========================================================================
The algorithm continues iterating on the current plan to improve the plan
More optimal solution has obtained after 24353 iterations
Cost is 953.365
=========================================================================
The algorithm continues iterating on the current plan to improve the plan
More optimal solution has obtained after 24396 iterations
Cost is 953.313
=========================================================================
The algorithm continues iterating on the current plan to improve the plan
More optimal solution has obtained after 24832 iterations
Cost is 953.084
=========================================================================
The algorithm continues iterating on the current plan to improve the plan
More optimal solution has obtained after 25012 iterations
Cost is 952.995
=========================================================================
The algorithm continues iterating on the current plan to improve the plan
More optimal solution has obtained after 25657 iterations
Cost is 952.902
=========================================================================
The algorithm continues iterating on the current plan to improve the plan
More optimal solution has obtained after 26917 iterations
Cost is 952.38
=========================================================================
The algorithm continues iterating on the current plan to improve the plan
More optimal solution has obtained after 27527 iterations
Cost is 952.266
=========================================================================
The algorithm continues iterating on the current plan to improve the plan
More optimal solution has obtained after 27958 iterations
Cost is 950.149
=========================================================================
The algorithm continues iterating on the current plan to improve the plan
More optimal solution has obtained after 30000 iterations
Cost is 950.149
Exceeded max iterations!
Saving the generated plan (vector of points)


Execution time: 97.250000 seconds

 --------------------------------------------- End------------------------------------------------------


World size: 1500
World type: 2
Version: 411
K: 40000
Number of cpus: 4
choose TWELVE_OBS

===== Parallel version RRT*! =====

Starting RRT* Algorithm...
Pthread version...
First Viable Solution Obtained after 735 iterations
Cost is 1567.65
Saving the generated plan (vector of points)
=========================================================================
The algorithm continues iterating on the current plan to improve the plan
More optimal solution has obtained after 3868 iterations
Cost is 1567.53
=========================================================================
The algorithm continues iterating on the current plan to improve the plan
More optimal solution has obtained after 8133 iterations
Cost is 1563.36
=========================================================================
The algorithm continues iterating on the current plan to improve the plan
More optimal solution has obtained after 10926 iterations
Cost is 1559.67
=========================================================================
The algorithm continues iterating on the current plan to improve the plan
More optimal solution has obtained after 13402 iterations
Cost is 1559.43
=========================================================================
The algorithm continues iterating on the current plan to improve the plan
More optimal solution has obtained after 14621 iterations
Cost is 1555.33
=========================================================================
The algorithm continues iterating on the current plan to improve the plan
More optimal solution has obtained after 18670 iterations
Cost is 1555.3
=========================================================================
The algorithm continues iterating on the current plan to improve the plan
More optimal solution has obtained after 20025 iterations
Cost is 1554.53
=========================================================================
The algorithm continues iterating on the current plan to improve the plan
More optimal solution has obtained after 21367 iterations
Cost is 1551.74
=========================================================================
The algorithm continues iterating on the current plan to improve the plan
More optimal solution has obtained after 21374 iterations
Cost is 1550.1
=========================================================================
The algorithm continues iterating on the current plan to improve the plan
More optimal solution has obtained after 23435 iterations
Cost is 1549.62
=========================================================================
The algorithm continues iterating on the current plan to improve the plan
More optimal solution has obtained after 23439 iterations
Cost is 1548.53
=========================================================================
The algorithm continues iterating on the current plan to improve the plan
More optimal solution has obtained after 23753 iterations
Cost is 1548.48
=========================================================================
The algorithm continues iterating on the current plan to improve the plan
More optimal solution has obtained after 24090 iterations
Cost is 1546.42
=========================================================================
The algorithm continues iterating on the current plan to improve the plan
More optimal solution has obtained after 24287 iterations
Cost is 1546.27
=========================================================================
The algorithm continues iterating on the current plan to improve the plan
More optimal solution has obtained after 24582 iterations
Cost is 1545.33
=========================================================================
The algorithm continues iterating on the current plan to improve the plan
More optimal solution has obtained after 24913 iterations
Cost is 1545.26
=========================================================================
The algorithm continues iterating on the current plan to improve the plan
More optimal solution has obtained after 24938 iterations
Cost is 1544.26
=========================================================================
The algorithm continues iterating on the current plan to improve the plan
More optimal solution has obtained after 26314 iterations
Cost is 1543.44
=========================================================================
The algorithm continues iterating on the current plan to improve the plan
More optimal solution has obtained after 26512 iterations
Cost is 1543.12
=========================================================================
The algorithm continues iterating on the current plan to improve the plan
More optimal solution has obtained after 26553 iterations
Cost is 1542.89
=========================================================================
The algorithm continues iterating on the current plan to improve the plan
More optimal solution has obtained after 26702 iterations
Cost is 1542.59
=========================================================================
The algorithm continues iterating on the current plan to improve the plan
More optimal solution has obtained after 29972 iterations
Cost is 1542.58
=========================================================================
The algorithm continues iterating on the current plan to improve the plan
More optimal solution has obtained after 30119 iterations
Cost is 1542.56
=========================================================================
The algorithm continues iterating on the current plan to improve the plan
More optimal solution has obtained after 30752 iterations
Cost is 1542.2
=========================================================================
The algorithm continues iterating on the current plan to improve the plan
More optimal solution has obtained after 31472 iterations
Cost is 1540.8
=========================================================================
The algorithm continues iterating on the current plan to improve the plan
More optimal solution has obtained after 31654 iterations
Cost is 1535.88
=========================================================================
The algorithm continues iterating on the current plan to improve the plan
More optimal solution has obtained after 31855 iterations
Cost is 1526.61
=========================================================================
The algorithm continues iterating on the current plan to improve the plan
More optimal solution has obtained after 32134 iterations
Cost is 1524.82
=========================================================================
The algorithm continues iterating on the current plan to improve the plan
More optimal solution has obtained after 32476 iterations
Cost is 1523.97
=========================================================================
The algorithm continues iterating on the current plan to improve the plan
More optimal solution has obtained after 32616 iterations
Cost is 1515.83
=========================================================================
The algorithm continues iterating on the current plan to improve the plan
More optimal solution has obtained after 32945 iterations
Cost is 1510.91
=========================================================================
The algorithm continues iterating on the current plan to improve the plan
More optimal solution has obtained after 33722 iterations
Cost is 1509.62
=========================================================================
The algorithm continues iterating on the current plan to improve the plan
More optimal solution has obtained after 33765 iterations
Cost is 1509.24
=========================================================================
The algorithm continues iterating on the current plan to improve the plan
More optimal solution has obtained after 34193 iterations
Cost is 1508.79
=========================================================================
The algorithm continues iterating on the current plan to improve the plan
More optimal solution has obtained after 34529 iterations
Cost is 1507.94
=========================================================================
The algorithm continues iterating on the current plan to improve the plan
More optimal solution has obtained after 34886 iterations
Cost is 1506.79
=========================================================================
The algorithm continues iterating on the current plan to improve the plan
More optimal solution has obtained after 35377 iterations
Cost is 1504.48
=========================================================================
The algorithm continues iterating on the current plan to improve the plan
More optimal solution has obtained after 35462 iterations
Cost is 1502.09
=========================================================================
The algorithm continues iterating on the current plan to improve the plan
More optimal solution has obtained after 35892 iterations
Cost is 1499.94
=========================================================================
The algorithm continues iterating on the current plan to improve the plan
More optimal solution has obtained after 36984 iterations
Cost is 1497.97
=========================================================================
The algorithm continues iterating on the current plan to improve the plan
More optimal solution has obtained after 37182 iterations
Cost is 1492.93
=========================================================================
The algorithm continues iterating on the current plan to improve the plan
More optimal solution has obtained after 37652 iterations
Cost is 1491.92
=========================================================================
The algorithm continues iterating on the current plan to improve the plan
More optimal solution has obtained after 37718 iterations
Cost is 1489.54
=========================================================================
The algorithm continues iterating on the current plan to improve the plan
More optimal solution has obtained after 37999 iterations
Cost is 1488.77
=========================================================================
The algorithm continues iterating on the current plan to improve the plan
More optimal solution has obtained after 39086 iterations
Cost is 1485.79
=========================================================================
The algorithm continues iterating on the current plan to improve the plan
More optimal solution has obtained after 40000 iterations
Cost is 1485.79
Exceeded max iterations!
Saving the generated plan (vector of points)


Execution time: 165.500000 seconds

 --------------------------------------------- End------------------------------------------------------


World size: 3000
World type: 2
Version: 412
K: 60000
Number of cpus: 4
choose TWELVE_OBS

===== Parallel version RRT*! =====

Starting RRT* Algorithm...
Pthread version...
First Viable Solution Obtained after 2322 iterations
Cost is 3351.11
Saving the generated plan (vector of points)
=========================================================================
The algorithm continues iterating on the current plan to improve the plan
More optimal solution has obtained after 2404 iterations
Cost is 3350.82
=========================================================================
The algorithm continues iterating on the current plan to improve the plan
More optimal solution has obtained after 2550 iterations
Cost is 3349.08
=========================================================================
The algorithm continues iterating on the current plan to improve the plan
More optimal solution has obtained after 2735 iterations
Cost is 3348.7
=========================================================================
The algorithm continues iterating on the current plan to improve the plan
More optimal solution has obtained after 3524 iterations
Cost is 3347.37
=========================================================================
The algorithm continues iterating on the current plan to improve the plan
More optimal solution has obtained after 3753 iterations
Cost is 3344.75
=========================================================================
The algorithm continues iterating on the current plan to improve the plan
More optimal solution has obtained after 4051 iterations
Cost is 3344.51
=========================================================================
The algorithm continues iterating on the current plan to improve the plan
More optimal solution has obtained after 6196 iterations
Cost is 3344.34
=========================================================================
The algorithm continues iterating on the current plan to improve the plan
More optimal solution has obtained after 6454 iterations
Cost is 3344.31
=========================================================================
The algorithm continues iterating on the current plan to improve the plan
More optimal solution has obtained after 6470 iterations
Cost is 3344.04
=========================================================================
The algorithm continues iterating on the current plan to improve the plan
More optimal solution has obtained after 8099 iterations
Cost is 3343.68
=========================================================================
The algorithm continues iterating on the current plan to improve the plan
More optimal solution has obtained after 15408 iterations
Cost is 3342.6
=========================================================================
The algorithm continues iterating on the current plan to improve the plan
More optimal solution has obtained after 15873 iterations
Cost is 3342.39
=========================================================================
The algorithm continues iterating on the current plan to improve the plan
More optimal solution has obtained after 15935 iterations
Cost is 3341.98
=========================================================================
The algorithm continues iterating on the current plan to improve the plan
More optimal solution has obtained after 16833 iterations
Cost is 3341.12
=========================================================================
The algorithm continues iterating on the current plan to improve the plan
More optimal solution has obtained after 17302 iterations
Cost is 3340.05
=========================================================================
The algorithm continues iterating on the current plan to improve the plan
More optimal solution has obtained after 17319 iterations
Cost is 3339.98
=========================================================================
The algorithm continues iterating on the current plan to improve the plan
More optimal solution has obtained after 18829 iterations
Cost is 3339.83
=========================================================================
The algorithm continues iterating on the current plan to improve the plan
More optimal solution has obtained after 19273 iterations
Cost is 3339.82
=========================================================================
The algorithm continues iterating on the current plan to improve the plan
More optimal solution has obtained after 19417 iterations
Cost is 3339.29
=========================================================================
The algorithm continues iterating on the current plan to improve the plan
More optimal solution has obtained after 21044 iterations
Cost is 3338.72
=========================================================================
The algorithm continues iterating on the current plan to improve the plan
More optimal solution has obtained after 22369 iterations
Cost is 3338.61
=========================================================================
The algorithm continues iterating on the current plan to improve the plan
More optimal solution has obtained after 23425 iterations
Cost is 3337.64
=========================================================================
The algorithm continues iterating on the current plan to improve the plan
More optimal solution has obtained after 24145 iterations
Cost is 3336.07
=========================================================================
The algorithm continues iterating on the current plan to improve the plan
More optimal solution has obtained after 24541 iterations
Cost is 3335.51
=========================================================================
The algorithm continues iterating on the current plan to improve the plan
More optimal solution has obtained after 25015 iterations
Cost is 3335.34
=========================================================================
The algorithm continues iterating on the current plan to improve the plan
More optimal solution has obtained after 25665 iterations
Cost is 3333.79
=========================================================================
The algorithm continues iterating on the current plan to improve the plan
More optimal solution has obtained after 26179 iterations
Cost is 3332.22
=========================================================================
The algorithm continues iterating on the current plan to improve the plan
More optimal solution has obtained after 29752 iterations
Cost is 3332.16
=========================================================================
The algorithm continues iterating on the current plan to improve the plan
More optimal solution has obtained after 31366 iterations
Cost is 3331.97
=========================================================================
The algorithm continues iterating on the current plan to improve the plan
More optimal solution has obtained after 32590 iterations
Cost is 3331.77
=========================================================================
The algorithm continues iterating on the current plan to improve the plan
More optimal solution has obtained after 33643 iterations
Cost is 3331.76
=========================================================================
The algorithm continues iterating on the current plan to improve the plan
More optimal solution has obtained after 34121 iterations
Cost is 3331.16
=========================================================================
The algorithm continues iterating on the current plan to improve the plan
More optimal solution has obtained after 35712 iterations
Cost is 3330.31
=========================================================================
The algorithm continues iterating on the current plan to improve the plan
More optimal solution has obtained after 37653 iterations
Cost is 3329.53
=========================================================================
The algorithm continues iterating on the current plan to improve the plan
More optimal solution has obtained after 37836 iterations
Cost is 3329.53
=========================================================================
The algorithm continues iterating on the current plan to improve the plan
More optimal solution has obtained after 38105 iterations
Cost is 3329.32
=========================================================================
The algorithm continues iterating on the current plan to improve the plan
More optimal solution has obtained after 40220 iterations
Cost is 3329
=========================================================================
The algorithm continues iterating on the current plan to improve the plan
More optimal solution has obtained after 44644 iterations
Cost is 3329
=========================================================================
The algorithm continues iterating on the current plan to improve the plan
More optimal solution has obtained after 45346 iterations
Cost is 3328.92
=========================================================================
The algorithm continues iterating on the current plan to improve the plan
More optimal solution has obtained after 47010 iterations
Cost is 3328.83
=========================================================================
The algorithm continues iterating on the current plan to improve the plan
More optimal solution has obtained after 49235 iterations
Cost is 3327.67
=========================================================================
The algorithm continues iterating on the current plan to improve the plan
More optimal solution has obtained after 51878 iterations
Cost is 3327.5
=========================================================================
The algorithm continues iterating on the current plan to improve the plan
More optimal solution has obtained after 51924 iterations
Cost is 3325.37
=========================================================================
The algorithm continues iterating on the current plan to improve the plan
More optimal solution has obtained after 52131 iterations
Cost is 3324.84
=========================================================================
The algorithm continues iterating on the current plan to improve the plan
More optimal solution has obtained after 52236 iterations
Cost is 3324.44
=========================================================================
The algorithm continues iterating on the current plan to improve the plan
More optimal solution has obtained after 53462 iterations
Cost is 3320.5
=========================================================================
The algorithm continues iterating on the current plan to improve the plan
More optimal solution has obtained after 54179 iterations
Cost is 3320.45
=========================================================================
The algorithm continues iterating on the current plan to improve the plan
More optimal solution has obtained after 54757 iterations
Cost is 3320.42
=========================================================================
The algorithm continues iterating on the current plan to improve the plan
More optimal solution has obtained after 55694 iterations
Cost is 3320.26
=========================================================================
The algorithm continues iterating on the current plan to improve the plan
More optimal solution has obtained after 55729 iterations
Cost is 3320.11
=========================================================================
The algorithm continues iterating on the current plan to improve the plan
More optimal solution has obtained after 55880 iterations
Cost is 3320.09
=========================================================================
The algorithm continues iterating on the current plan to improve the plan
More optimal solution has obtained after 57293 iterations
Cost is 3319.73
=========================================================================
The algorithm continues iterating on the current plan to improve the plan
More optimal solution has obtained after 57459 iterations
Cost is 3319.72
=========================================================================
The algorithm continues iterating on the current plan to improve the plan
More optimal solution has obtained after 58598 iterations
Cost is 3318.26
=========================================================================
The algorithm continues iterating on the current plan to improve the plan
More optimal solution has obtained after 58892 iterations
Cost is 3318.17
=========================================================================
The algorithm continues iterating on the current plan to improve the plan
More optimal solution has obtained after 60000 iterations
Cost is 3318.17
Exceeded max iterations!
Saving the generated plan (vector of points)


Execution time: 355.250000 seconds

 --------------------------------------------- End------------------------------------------------------


