World size: 3000
World type: 1
Version: 88
K: 60000
Number of cpus: 4
choose FOUR_OBS
Starting RRT* Algorithm...
First Viable Solution Obtained after 2241 iterations
Cost is 4315.82
Saving the generated plan (vector of points)
=========================================================================
The algorithm continues iterating on the current plan to improve the plan
More optimal solution has obtained after 5632 iterations
Cost is 4315.38
=========================================================================
The algorithm continues iterating on the current plan to improve the plan
More optimal solution has obtained after 5923 iterations
Cost is 4313.24
=========================================================================
The algorithm continues iterating on the current plan to improve the plan
More optimal solution has obtained after 5956 iterations
Cost is 4312.4
=========================================================================
The algorithm continues iterating on the current plan to improve the plan
More optimal solution has obtained after 6418 iterations
Cost is 4309.85
=========================================================================
The algorithm continues iterating on the current plan to improve the plan
More optimal solution has obtained after 6826 iterations
Cost is 4309.33
=========================================================================
The algorithm continues iterating on the current plan to improve the plan
More optimal solution has obtained after 7860 iterations
Cost is 4302.58
=========================================================================
The algorithm continues iterating on the current plan to improve the plan
More optimal solution has obtained after 9063 iterations
Cost is 4302.38
=========================================================================
The algorithm continues iterating on the current plan to improve the plan
More optimal solution has obtained after 9115 iterations
Cost is 4300.29
=========================================================================
The algorithm continues iterating on the current plan to improve the plan
More optimal solution has obtained after 10278 iterations
Cost is 4300.18
=========================================================================
The algorithm continues iterating on the current plan to improve the plan
More optimal solution has obtained after 10379 iterations
Cost is 4300.12
=========================================================================
The algorithm continues iterating on the current plan to improve the plan
More optimal solution has obtained after 10466 iterations
Cost is 4299.88
=========================================================================
The algorithm continues iterating on the current plan to improve the plan
More optimal solution has obtained after 11095 iterations
Cost is 4296.84
=========================================================================
The algorithm continues iterating on the current plan to improve the plan
More optimal solution has obtained after 12732 iterations
Cost is 4292.85
=========================================================================
The algorithm continues iterating on the current plan to improve the plan
More optimal solution has obtained after 12819 iterations
Cost is 4292.75
=========================================================================
The algorithm continues iterating on the current plan to improve the plan
More optimal solution has obtained after 13002 iterations
Cost is 4290.2
=========================================================================
The algorithm continues iterating on the current plan to improve the plan
More optimal solution has obtained after 14257 iterations
Cost is 4289.74
=========================================================================
The algorithm continues iterating on the current plan to improve the plan
More optimal solution has obtained after 14395 iterations
Cost is 4289.33
=========================================================================
The algorithm continues iterating on the current plan to improve the plan
More optimal solution has obtained after 14653 iterations
Cost is 4288.92
=========================================================================
The algorithm continues iterating on the current plan to improve the plan
More optimal solution has obtained after 15453 iterations
Cost is 4288.6
=========================================================================
The algorithm continues iterating on the current plan to improve the plan
More optimal solution has obtained after 15527 iterations
Cost is 4287.12
=========================================================================
The algorithm continues iterating on the current plan to improve the plan
More optimal solution has obtained after 15711 iterations
Cost is 4287.1
=========================================================================
The algorithm continues iterating on the current plan to improve the plan
More optimal solution has obtained after 16141 iterations
Cost is 4286.82
=========================================================================
The algorithm continues iterating on the current plan to improve the plan
More optimal solution has obtained after 16318 iterations
Cost is 4279.5
=========================================================================
The algorithm continues iterating on the current plan to improve the plan
More optimal solution has obtained after 17230 iterations
Cost is 4278.28
=========================================================================
The algorithm continues iterating on the current plan to improve the plan
More optimal solution has obtained after 17442 iterations
Cost is 4278.1
=========================================================================
The algorithm continues iterating on the current plan to improve the plan
More optimal solution has obtained after 18666 iterations
Cost is 4276.52
=========================================================================
The algorithm continues iterating on the current plan to improve the plan
More optimal solution has obtained after 18759 iterations
Cost is 4275.62
=========================================================================
The algorithm continues iterating on the current plan to improve the plan
More optimal solution has obtained after 19096 iterations
Cost is 4274.56
=========================================================================
The algorithm continues iterating on the current plan to improve the plan
More optimal solution has obtained after 20120 iterations
Cost is 4274.55
=========================================================================
The algorithm continues iterating on the current plan to improve the plan
More optimal solution has obtained after 20216 iterations
Cost is 4273.61
=========================================================================
The algorithm continues iterating on the current plan to improve the plan
More optimal solution has obtained after 20532 iterations
Cost is 4273.29
=========================================================================
The algorithm continues iterating on the current plan to improve the plan
More optimal solution has obtained after 20537 iterations
Cost is 4272.41
=========================================================================
The algorithm continues iterating on the current plan to improve the plan
More optimal solution has obtained after 20599 iterations
Cost is 4271.84
=========================================================================
The algorithm continues iterating on the current plan to improve the plan
More optimal solution has obtained after 21589 iterations
Cost is 4271.54
=========================================================================
The algorithm continues iterating on the current plan to improve the plan
More optimal solution has obtained after 22442 iterations
Cost is 4270.62
=========================================================================
The algorithm continues iterating on the current plan to improve the plan
More optimal solution has obtained after 22561 iterations
Cost is 4270.19
=========================================================================
The algorithm continues iterating on the current plan to improve the plan
More optimal solution has obtained after 26826 iterations
Cost is 4268.64
=========================================================================
The algorithm continues iterating on the current plan to improve the plan
More optimal solution has obtained after 27001 iterations
Cost is 4268.03
=========================================================================
The algorithm continues iterating on the current plan to improve the plan
More optimal solution has obtained after 28224 iterations
Cost is 4266.02
=========================================================================
The algorithm continues iterating on the current plan to improve the plan
More optimal solution has obtained after 28309 iterations
Cost is 4265.25
=========================================================================
The algorithm continues iterating on the current plan to improve the plan
More optimal solution has obtained after 28317 iterations
Cost is 4265.1
=========================================================================
The algorithm continues iterating on the current plan to improve the plan
More optimal solution has obtained after 29167 iterations
Cost is 4264.92
=========================================================================
The algorithm continues iterating on the current plan to improve the plan
More optimal solution has obtained after 29709 iterations
Cost is 4264.38
=========================================================================
The algorithm continues iterating on the current plan to improve the plan
More optimal solution has obtained after 30006 iterations
Cost is 4256.31
=========================================================================
The algorithm continues iterating on the current plan to improve the plan
More optimal solution has obtained after 30084 iterations
Cost is 4256.16
=========================================================================
The algorithm continues iterating on the current plan to improve the plan
More optimal solution has obtained after 30458 iterations
Cost is 4255.55
=========================================================================
The algorithm continues iterating on the current plan to improve the plan
More optimal solution has obtained after 30786 iterations
Cost is 4255.53
=========================================================================
The algorithm continues iterating on the current plan to improve the plan
More optimal solution has obtained after 31948 iterations
Cost is 4254.71
=========================================================================
The algorithm continues iterating on the current plan to improve the plan
More optimal solution has obtained after 32148 iterations
Cost is 4254.02
=========================================================================
The algorithm continues iterating on the current plan to improve the plan
More optimal solution has obtained after 34156 iterations
Cost is 4253.52
=========================================================================
The algorithm continues iterating on the current plan to improve the plan
More optimal solution has obtained after 34245 iterations
Cost is 4252.69
=========================================================================
The algorithm continues iterating on the current plan to improve the plan
More optimal solution has obtained after 34314 iterations
Cost is 4252.66
=========================================================================
The algorithm continues iterating on the current plan to improve the plan
More optimal solution has obtained after 34712 iterations
Cost is 4252.09
=========================================================================
The algorithm continues iterating on the current plan to improve the plan
More optimal solution has obtained after 35352 iterations
Cost is 4252.07
=========================================================================
The algorithm continues iterating on the current plan to improve the plan
More optimal solution has obtained after 35372 iterations
Cost is 4251.79
=========================================================================
The algorithm continues iterating on the current plan to improve the plan
More optimal solution has obtained after 35847 iterations
Cost is 4251.2
=========================================================================
The algorithm continues iterating on the current plan to improve the plan
More optimal solution has obtained after 36123 iterations
Cost is 4250.9
=========================================================================
The algorithm continues iterating on the current plan to improve the plan
More optimal solution has obtained after 37370 iterations
Cost is 4248.16
=========================================================================
The algorithm continues iterating on the current plan to improve the plan
More optimal solution has obtained after 40768 iterations
Cost is 4247.87
=========================================================================
The algorithm continues iterating on the current plan to improve the plan
More optimal solution has obtained after 40852 iterations
Cost is 4247.84
=========================================================================
The algorithm continues iterating on the current plan to improve the plan
More optimal solution has obtained after 42673 iterations
Cost is 4247.55
=========================================================================
The algorithm continues iterating on the current plan to improve the plan
More optimal solution has obtained after 43664 iterations
Cost is 4245.74
=========================================================================
The algorithm continues iterating on the current plan to improve the plan
More optimal solution has obtained after 44112 iterations
Cost is 4242.4
=========================================================================
The algorithm continues iterating on the current plan to improve the plan
More optimal solution has obtained after 44152 iterations
Cost is 4242.25
=========================================================================
The algorithm continues iterating on the current plan to improve the plan
More optimal solution has obtained after 46296 iterations
Cost is 4242.05
=========================================================================
The algorithm continues iterating on the current plan to improve the plan
More optimal solution has obtained after 48158 iterations
Cost is 4240.5
=========================================================================
The algorithm continues iterating on the current plan to improve the plan
More optimal solution has obtained after 48307 iterations
Cost is 4240.24
=========================================================================
The algorithm continues iterating on the current plan to improve the plan
More optimal solution has obtained after 48743 iterations
Cost is 4237.88
=========================================================================
The algorithm continues iterating on the current plan to improve the plan
More optimal solution has obtained after 49341 iterations
Cost is 4236.38
=========================================================================
The algorithm continues iterating on the current plan to improve the plan
More optimal solution has obtained after 49541 iterations
Cost is 4236.05
=========================================================================
The algorithm continues iterating on the current plan to improve the plan
More optimal solution has obtained after 49967 iterations
Cost is 4235.88
=========================================================================
The algorithm continues iterating on the current plan to improve the plan
More optimal solution has obtained after 51320 iterations
Cost is 4235.12
=========================================================================
The algorithm continues iterating on the current plan to improve the plan
More optimal solution has obtained after 51756 iterations
Cost is 4234.94
=========================================================================
The algorithm continues iterating on the current plan to improve the plan
More optimal solution has obtained after 53145 iterations
Cost is 4234.69
=========================================================================
The algorithm continues iterating on the current plan to improve the plan
More optimal solution has obtained after 53762 iterations
Cost is 4234.24
=========================================================================
The algorithm continues iterating on the current plan to improve the plan
More optimal solution has obtained after 54203 iterations
Cost is 4233.35
=========================================================================
The algorithm continues iterating on the current plan to improve the plan
More optimal solution has obtained after 54565 iterations
Cost is 4232.19
=========================================================================
The algorithm continues iterating on the current plan to improve the plan
More optimal solution has obtained after 54637 iterations
Cost is 4230.76
=========================================================================
The algorithm continues iterating on the current plan to improve the plan
More optimal solution has obtained after 55559 iterations
Cost is 4230.41
=========================================================================
The algorithm continues iterating on the current plan to improve the plan
More optimal solution has obtained after 55888 iterations
Cost is 4229.68
=========================================================================
The algorithm continues iterating on the current plan to improve the plan
More optimal solution has obtained after 55950 iterations
Cost is 4229.53
=========================================================================
The algorithm continues iterating on the current plan to improve the plan
More optimal solution has obtained after 56476 iterations
Cost is 4229.46
=========================================================================
The algorithm continues iterating on the current plan to improve the plan
More optimal solution has obtained after 57111 iterations
Cost is 4225.96
=========================================================================
The algorithm continues iterating on the current plan to improve the plan
More optimal solution has obtained after 57440 iterations
Cost is 4225.16
=========================================================================
The algorithm continues iterating on the current plan to improve the plan
More optimal solution has obtained after 57656 iterations
Cost is 4224.77
=========================================================================
The algorithm continues iterating on the current plan to improve the plan
More optimal solution has obtained after 57897 iterations
Cost is 4224.65
=========================================================================
The algorithm continues iterating on the current plan to improve the plan
More optimal solution has obtained after 58701 iterations
Cost is 4224.31
=========================================================================
The algorithm continues iterating on the current plan to improve the plan
More optimal solution has obtained after 60000 iterations
Cost is 4224.31


Total Execution time: 464.875000 seconds


IO time: 0.250000 seconds


Comm time: 0.000000 seconds


Computation time: 464.625000 seconds

 --------------------------------------------- End------------------------------------------------------


World size: 3000
World type: 1
Version: 118
K: 60000
Number of cpus: 4
choose FOUR_OBS
Starting RRT* Algorithm...
First Viable Solution Obtained after 2139 iterations
Cost is 4353.53
Saving the generated plan (vector of points)
=========================================================================
The algorithm continues iterating on the current plan to improve the plan
More optimal solution has obtained after 2855 iterations
Cost is 4352.9
=========================================================================
The algorithm continues iterating on the current plan to improve the plan
More optimal solution has obtained after 3707 iterations
Cost is 4352.86
=========================================================================
The algorithm continues iterating on the current plan to improve the plan
More optimal solution has obtained after 3753 iterations
Cost is 4352.78
=========================================================================
The algorithm continues iterating on the current plan to improve the plan
More optimal solution has obtained after 4751 iterations
Cost is 4351.81
=========================================================================
The algorithm continues iterating on the current plan to improve the plan
More optimal solution has obtained after 5641 iterations
Cost is 4351.79
=========================================================================
The algorithm continues iterating on the current plan to improve the plan
More optimal solution has obtained after 6009 iterations
Cost is 4351.48
=========================================================================
The algorithm continues iterating on the current plan to improve the plan
More optimal solution has obtained after 6374 iterations
Cost is 4351.42
=========================================================================
The algorithm continues iterating on the current plan to improve the plan
More optimal solution has obtained after 6526 iterations
Cost is 4350.51
=========================================================================
The algorithm continues iterating on the current plan to improve the plan
More optimal solution has obtained after 8305 iterations
Cost is 4350.46
=========================================================================
The algorithm continues iterating on the current plan to improve the plan
More optimal solution has obtained after 8478 iterations
Cost is 4350.09
=========================================================================
The algorithm continues iterating on the current plan to improve the plan
More optimal solution has obtained after 9485 iterations
Cost is 4347.88
=========================================================================
The algorithm continues iterating on the current plan to improve the plan
More optimal solution has obtained after 10126 iterations
Cost is 4347.32
=========================================================================
The algorithm continues iterating on the current plan to improve the plan
More optimal solution has obtained after 11427 iterations
Cost is 4345.79
=========================================================================
The algorithm continues iterating on the current plan to improve the plan
More optimal solution has obtained after 12564 iterations
Cost is 4344.65
=========================================================================
The algorithm continues iterating on the current plan to improve the plan
More optimal solution has obtained after 13282 iterations
Cost is 4343.82
=========================================================================
The algorithm continues iterating on the current plan to improve the plan
More optimal solution has obtained after 13421 iterations
Cost is 4343.74
=========================================================================
The algorithm continues iterating on the current plan to improve the plan
More optimal solution has obtained after 13728 iterations
Cost is 4343.03
=========================================================================
The algorithm continues iterating on the current plan to improve the plan
More optimal solution has obtained after 13801 iterations
Cost is 4342.55
=========================================================================
The algorithm continues iterating on the current plan to improve the plan
More optimal solution has obtained after 13890 iterations
Cost is 4341.13
=========================================================================
The algorithm continues iterating on the current plan to improve the plan
More optimal solution has obtained after 14089 iterations
Cost is 4340.02
=========================================================================
The algorithm continues iterating on the current plan to improve the plan
More optimal solution has obtained after 14234 iterations
Cost is 4339.67
=========================================================================
The algorithm continues iterating on the current plan to improve the plan
More optimal solution has obtained after 14448 iterations
Cost is 4339.46
=========================================================================
The algorithm continues iterating on the current plan to improve the plan
More optimal solution has obtained after 15364 iterations
Cost is 4339.43
=========================================================================
The algorithm continues iterating on the current plan to improve the plan
More optimal solution has obtained after 16814 iterations
Cost is 4338.22
=========================================================================
The algorithm continues iterating on the current plan to improve the plan
More optimal solution has obtained after 17043 iterations
Cost is 4338.11
=========================================================================
The algorithm continues iterating on the current plan to improve the plan
More optimal solution has obtained after 17350 iterations
Cost is 4335.28
=========================================================================
The algorithm continues iterating on the current plan to improve the plan
More optimal solution has obtained after 18085 iterations
Cost is 4333.55
=========================================================================
The algorithm continues iterating on the current plan to improve the plan
More optimal solution has obtained after 18353 iterations
Cost is 4333.38
=========================================================================
The algorithm continues iterating on the current plan to improve the plan
More optimal solution has obtained after 18619 iterations
Cost is 4333.36
=========================================================================
The algorithm continues iterating on the current plan to improve the plan
More optimal solution has obtained after 19885 iterations
Cost is 4332.5
=========================================================================
The algorithm continues iterating on the current plan to improve the plan
More optimal solution has obtained after 20189 iterations
Cost is 4332.28
=========================================================================
The algorithm continues iterating on the current plan to improve the plan
More optimal solution has obtained after 20287 iterations
Cost is 4331.91
=========================================================================
The algorithm continues iterating on the current plan to improve the plan
More optimal solution has obtained after 21305 iterations
Cost is 4328.31
=========================================================================
The algorithm continues iterating on the current plan to improve the plan
More optimal solution has obtained after 21571 iterations
Cost is 4328.11
=========================================================================
The algorithm continues iterating on the current plan to improve the plan
More optimal solution has obtained after 21874 iterations
Cost is 4328.07
=========================================================================
The algorithm continues iterating on the current plan to improve the plan
More optimal solution has obtained after 21910 iterations
Cost is 4325.8
=========================================================================
The algorithm continues iterating on the current plan to improve the plan
More optimal solution has obtained after 22120 iterations
Cost is 4325.62
=========================================================================
The algorithm continues iterating on the current plan to improve the plan
More optimal solution has obtained after 22470 iterations
Cost is 4324.71
=========================================================================
The algorithm continues iterating on the current plan to improve the plan
More optimal solution has obtained after 23263 iterations
Cost is 4324.19
=========================================================================
The algorithm continues iterating on the current plan to improve the plan
More optimal solution has obtained after 24118 iterations
Cost is 4323.7
=========================================================================
The algorithm continues iterating on the current plan to improve the plan
More optimal solution has obtained after 24477 iterations
Cost is 4323.07
=========================================================================
The algorithm continues iterating on the current plan to improve the plan
More optimal solution has obtained after 26043 iterations
Cost is 4322.79
=========================================================================
The algorithm continues iterating on the current plan to improve the plan
More optimal solution has obtained after 26275 iterations
Cost is 4322.44
=========================================================================
The algorithm continues iterating on the current plan to improve the plan
More optimal solution has obtained after 26405 iterations
Cost is 4322.37
=========================================================================
The algorithm continues iterating on the current plan to improve the plan
More optimal solution has obtained after 26927 iterations
Cost is 4322.14
=========================================================================
The algorithm continues iterating on the current plan to improve the plan
More optimal solution has obtained after 28020 iterations
Cost is 4322.11
=========================================================================
The algorithm continues iterating on the current plan to improve the plan
More optimal solution has obtained after 28215 iterations
Cost is 4319.87
=========================================================================
The algorithm continues iterating on the current plan to improve the plan
More optimal solution has obtained after 28427 iterations
Cost is 4319.27
=========================================================================
The algorithm continues iterating on the current plan to improve the plan
More optimal solution has obtained after 28805 iterations
Cost is 4316.65
=========================================================================
The algorithm continues iterating on the current plan to improve the plan
More optimal solution has obtained after 29076 iterations
Cost is 4316.58
=========================================================================
The algorithm continues iterating on the current plan to improve the plan
More optimal solution has obtained after 29234 iterations
Cost is 4316.36
=========================================================================
The algorithm continues iterating on the current plan to improve the plan
More optimal solution has obtained after 29842 iterations
Cost is 4316.18
=========================================================================
The algorithm continues iterating on the current plan to improve the plan
More optimal solution has obtained after 30662 iterations
Cost is 4313.58
=========================================================================
The algorithm continues iterating on the current plan to improve the plan
More optimal solution has obtained after 32110 iterations
Cost is 4313.19
=========================================================================
The algorithm continues iterating on the current plan to improve the plan
More optimal solution has obtained after 32399 iterations
Cost is 4311.52
=========================================================================
The algorithm continues iterating on the current plan to improve the plan
More optimal solution has obtained after 32509 iterations
Cost is 4311.51
=========================================================================
The algorithm continues iterating on the current plan to improve the plan
More optimal solution has obtained after 32625 iterations
Cost is 4310.82
=========================================================================
The algorithm continues iterating on the current plan to improve the plan
More optimal solution has obtained after 32711 iterations
Cost is 4310.76
=========================================================================
The algorithm continues iterating on the current plan to improve the plan
More optimal solution has obtained after 32838 iterations
Cost is 4310.49
=========================================================================
The algorithm continues iterating on the current plan to improve the plan
More optimal solution has obtained after 33455 iterations
Cost is 4310.23
=========================================================================
The algorithm continues iterating on the current plan to improve the plan
More optimal solution has obtained after 35003 iterations
Cost is 4310.23
=========================================================================
The algorithm continues iterating on the current plan to improve the plan
More optimal solution has obtained after 35600 iterations
Cost is 4309.86
=========================================================================
The algorithm continues iterating on the current plan to improve the plan
More optimal solution has obtained after 37127 iterations
Cost is 4308.22
=========================================================================
The algorithm continues iterating on the current plan to improve the plan
More optimal solution has obtained after 37540 iterations
Cost is 4305.92
=========================================================================
The algorithm continues iterating on the current plan to improve the plan
More optimal solution has obtained after 37798 iterations
Cost is 4305.6
=========================================================================
The algorithm continues iterating on the current plan to improve the plan
More optimal solution has obtained after 37806 iterations
Cost is 4305.52
=========================================================================
The algorithm continues iterating on the current plan to improve the plan
More optimal solution has obtained after 37818 iterations
Cost is 4305.27
=========================================================================
The algorithm continues iterating on the current plan to improve the plan
More optimal solution has obtained after 38894 iterations
Cost is 4303.88
=========================================================================
The algorithm continues iterating on the current plan to improve the plan
More optimal solution has obtained after 41203 iterations
Cost is 4301.21
=========================================================================
The algorithm continues iterating on the current plan to improve the plan
More optimal solution has obtained after 41601 iterations
Cost is 4299.72
=========================================================================
The algorithm continues iterating on the current plan to improve the plan
More optimal solution has obtained after 42031 iterations
Cost is 4296.85
=========================================================================
The algorithm continues iterating on the current plan to improve the plan
More optimal solution has obtained after 42292 iterations
Cost is 4296.5
=========================================================================
The algorithm continues iterating on the current plan to improve the plan
More optimal solution has obtained after 42376 iterations
Cost is 4294.5
=========================================================================
The algorithm continues iterating on the current plan to improve the plan
More optimal solution has obtained after 42496 iterations
Cost is 4293.31
=========================================================================
The algorithm continues iterating on the current plan to improve the plan
More optimal solution has obtained after 42617 iterations
Cost is 4292.79
=========================================================================
The algorithm continues iterating on the current plan to improve the plan
More optimal solution has obtained after 42994 iterations
Cost is 4287.78
=========================================================================
The algorithm continues iterating on the current plan to improve the plan
More optimal solution has obtained after 43145 iterations
Cost is 4286.5
=========================================================================
The algorithm continues iterating on the current plan to improve the plan
More optimal solution has obtained after 43369 iterations
Cost is 4286.29
=========================================================================
The algorithm continues iterating on the current plan to improve the plan
More optimal solution has obtained after 43446 iterations
Cost is 4285.99
=========================================================================
The algorithm continues iterating on the current plan to improve the plan
More optimal solution has obtained after 43875 iterations
Cost is 4283.64
=========================================================================
The algorithm continues iterating on the current plan to improve the plan
More optimal solution has obtained after 44000 iterations
Cost is 4283.32
=========================================================================
The algorithm continues iterating on the current plan to improve the plan
More optimal solution has obtained after 44615 iterations
Cost is 4281.55
=========================================================================
The algorithm continues iterating on the current plan to improve the plan
srun: Job step aborted: Waiting up to 32 seconds for job step to finish.
slurmstepd: error: *** STEP 2813594.1 ON apollo33 CANCELLED AT 2021-01-12T19:08:30 DUE TO TIME LIMIT ***
slurmstepd: error: *** JOB 2813594 ON apollo33 CANCELLED AT 2021-01-12T19:08:30 DUE TO TIME LIMIT ***
srun: error: apollo33: task 0: Terminated
