World size: 1500
World type: 1
Version: 107
K: 80000
Number of cpus: 4
choose FOUR_OBS

===== Parallel version RRT*! =====

Starting RRT* Algorithm...
First Viable Solution Obtained after 30504 iterations
Cost is 1895.86
Saving the generated plan (vector of points)
=========================================================================
The algorithm continues iterating on the current plan to improve the plan
More optimal solution has obtained after 30512 iterations
Cost is 1895.71
=========================================================================
The algorithm continues iterating on the current plan to improve the plan
More optimal solution has obtained after 30699 iterations
Cost is 1860.21
=========================================================================
The algorithm continues iterating on the current plan to improve the plan
More optimal solution has obtained after 30789 iterations
Cost is 1859.75
=========================================================================
The algorithm continues iterating on the current plan to improve the plan
More optimal solution has obtained after 31021 iterations
Cost is 1857.32
=========================================================================
The algorithm continues iterating on the current plan to improve the plan
More optimal solution has obtained after 31463 iterations
Cost is 1843.96
=========================================================================
The algorithm continues iterating on the current plan to improve the plan
More optimal solution has obtained after 31514 iterations
Cost is 1841.81
=========================================================================
The algorithm continues iterating on the current plan to improve the plan
More optimal solution has obtained after 31679 iterations
Cost is 1839.75
=========================================================================
The algorithm continues iterating on the current plan to improve the plan
More optimal solution has obtained after 32102 iterations
Cost is 1837.73
=========================================================================
The algorithm continues iterating on the current plan to improve the plan
More optimal solution has obtained after 33602 iterations
Cost is 1837.38
=========================================================================
The algorithm continues iterating on the current plan to improve the plan
More optimal solution has obtained after 33794 iterations
Cost is 1836.39
=========================================================================
The algorithm continues iterating on the current plan to improve the plan
More optimal solution has obtained after 34008 iterations
Cost is 1833.58
=========================================================================
The algorithm continues iterating on the current plan to improve the plan
More optimal solution has obtained after 34816 iterations
Cost is 1833.38
=========================================================================
The algorithm continues iterating on the current plan to improve the plan
More optimal solution has obtained after 35155 iterations
Cost is 1832.77
=========================================================================
The algorithm continues iterating on the current plan to improve the plan
More optimal solution has obtained after 35259 iterations
Cost is 1830.33
=========================================================================
The algorithm continues iterating on the current plan to improve the plan
More optimal solution has obtained after 35361 iterations
Cost is 1830.26
=========================================================================
The algorithm continues iterating on the current plan to improve the plan
More optimal solution has obtained after 35401 iterations
Cost is 1825.66
=========================================================================
The algorithm continues iterating on the current plan to improve the plan
More optimal solution has obtained after 35419 iterations
Cost is 1823.73
=========================================================================
The algorithm continues iterating on the current plan to improve the plan
More optimal solution has obtained after 36166 iterations
Cost is 1823.28
=========================================================================
The algorithm continues iterating on the current plan to improve the plan
More optimal solution has obtained after 36521 iterations
Cost is 1821.56
=========================================================================
The algorithm continues iterating on the current plan to improve the plan
More optimal solution has obtained after 36560 iterations
Cost is 1819.82
=========================================================================
The algorithm continues iterating on the current plan to improve the plan
More optimal solution has obtained after 38163 iterations
Cost is 1818.8
=========================================================================
The algorithm continues iterating on the current plan to improve the plan
More optimal solution has obtained after 38813 iterations
Cost is 1800.9
=========================================================================
The algorithm continues iterating on the current plan to improve the plan
More optimal solution has obtained after 41658 iterations
Cost is 1782.81
=========================================================================
The algorithm continues iterating on the current plan to improve the plan
More optimal solution has obtained after 41717 iterations
Cost is 1782.15
=========================================================================
The algorithm continues iterating on the current plan to improve the plan
More optimal solution has obtained after 41760 iterations
Cost is 1729.65
=========================================================================
The algorithm continues iterating on the current plan to improve the plan
More optimal solution has obtained after 41808 iterations
Cost is 1729.17
=========================================================================
The algorithm continues iterating on the current plan to improve the plan
More optimal solution has obtained after 42771 iterations
Cost is 1729.12
=========================================================================
The algorithm continues iterating on the current plan to improve the plan
More optimal solution has obtained after 42827 iterations
Cost is 1728.09
=========================================================================
The algorithm continues iterating on the current plan to improve the plan
More optimal solution has obtained after 43785 iterations
Cost is 1727.04
=========================================================================
The algorithm continues iterating on the current plan to improve the plan
More optimal solution has obtained after 43956 iterations
Cost is 1727.03
=========================================================================
The algorithm continues iterating on the current plan to improve the plan
More optimal solution has obtained after 44135 iterations
Cost is 1724.84
=========================================================================
The algorithm continues iterating on the current plan to improve the plan
More optimal solution has obtained after 44293 iterations
Cost is 1717.09
=========================================================================
The algorithm continues iterating on the current plan to improve the plan
More optimal solution has obtained after 44843 iterations
Cost is 1715.8
=========================================================================
The algorithm continues iterating on the current plan to improve the plan
More optimal solution has obtained after 45627 iterations
Cost is 1715.06
=========================================================================
The algorithm continues iterating on the current plan to improve the plan
More optimal solution has obtained after 46220 iterations
Cost is 1713.59
=========================================================================
The algorithm continues iterating on the current plan to improve the plan
More optimal solution has obtained after 46621 iterations
Cost is 1692.22
=========================================================================
The algorithm continues iterating on the current plan to improve the plan
More optimal solution has obtained after 47215 iterations
Cost is 1688.52
=========================================================================
The algorithm continues iterating on the current plan to improve the plan
More optimal solution has obtained after 47611 iterations
Cost is 1686.86
=========================================================================
The algorithm continues iterating on the current plan to improve the plan
More optimal solution has obtained after 47753 iterations
Cost is 1686.78
=========================================================================
The algorithm continues iterating on the current plan to improve the plan
More optimal solution has obtained after 48578 iterations
Cost is 1686.45
=========================================================================
The algorithm continues iterating on the current plan to improve the plan
More optimal solution has obtained after 50706 iterations
Cost is 1686.29
=========================================================================
The algorithm continues iterating on the current plan to improve the plan
More optimal solution has obtained after 54047 iterations
Cost is 1686.02
=========================================================================
The algorithm continues iterating on the current plan to improve the plan
More optimal solution has obtained after 55282 iterations
Cost is 1684.74
=========================================================================
The algorithm continues iterating on the current plan to improve the plan
More optimal solution has obtained after 55448 iterations
Cost is 1683.76
=========================================================================
The algorithm continues iterating on the current plan to improve the plan
More optimal solution has obtained after 55909 iterations
Cost is 1683.61
=========================================================================
The algorithm continues iterating on the current plan to improve the plan
More optimal solution has obtained after 56936 iterations
Cost is 1682.65
=========================================================================
The algorithm continues iterating on the current plan to improve the plan
More optimal solution has obtained after 57249 iterations
Cost is 1682.48
=========================================================================
The algorithm continues iterating on the current plan to improve the plan
More optimal solution has obtained after 57873 iterations
Cost is 1682.29
=========================================================================
The algorithm continues iterating on the current plan to improve the plan
More optimal solution has obtained after 66755 iterations
Cost is 1681.68
=========================================================================
The algorithm continues iterating on the current plan to improve the plan
More optimal solution has obtained after 67877 iterations
Cost is 1681.44
=========================================================================
The algorithm continues iterating on the current plan to improve the plan
More optimal solution has obtained after 68229 iterations
Cost is 1671.45
=========================================================================
The algorithm continues iterating on the current plan to improve the plan
More optimal solution has obtained after 68345 iterations
Cost is 1670.12
=========================================================================
The algorithm continues iterating on the current plan to improve the plan
More optimal solution has obtained after 69355 iterations
Cost is 1668.62
=========================================================================
The algorithm continues iterating on the current plan to improve the plan
More optimal solution has obtained after 69458 iterations
Cost is 1668.5
=========================================================================
The algorithm continues iterating on the current plan to improve the plan
More optimal solution has obtained after 69680 iterations
Cost is 1668.1
=========================================================================
The algorithm continues iterating on the current plan to improve the plan
More optimal solution has obtained after 70272 iterations
Cost is 1667.66
=========================================================================
The algorithm continues iterating on the current plan to improve the plan
More optimal solution has obtained after 72461 iterations
Cost is 1664.91
=========================================================================
The algorithm continues iterating on the current plan to improve the plan
More optimal solution has obtained after 72468 iterations
Cost is 1663.04
=========================================================================
The algorithm continues iterating on the current plan to improve the plan
More optimal solution has obtained after 72849 iterations
Cost is 1662.91
=========================================================================
The algorithm continues iterating on the current plan to improve the plan
More optimal solution has obtained after 73979 iterations
Cost is 1662.78
=========================================================================
The algorithm continues iterating on the current plan to improve the plan
More optimal solution has obtained after 74213 iterations
Cost is 1662.76
=========================================================================
The algorithm continues iterating on the current plan to improve the plan
More optimal solution has obtained after 75056 iterations
Cost is 1662.52
=========================================================================
The algorithm continues iterating on the current plan to improve the plan
More optimal solution has obtained after 75332 iterations
Cost is 1661.87
=========================================================================
The algorithm continues iterating on the current plan to improve the plan
More optimal solution has obtained after 75821 iterations
Cost is 1661.43
=========================================================================
The algorithm continues iterating on the current plan to improve the plan
More optimal solution has obtained after 76033 iterations
Cost is 1661.31
=========================================================================
The algorithm continues iterating on the current plan to improve the plan
More optimal solution has obtained after 77334 iterations
Cost is 1661.18
=========================================================================
The algorithm continues iterating on the current plan to improve the plan
More optimal solution has obtained after 77395 iterations
Cost is 1661.13
=========================================================================
The algorithm continues iterating on the current plan to improve the plan
More optimal solution has obtained after 77862 iterations
Cost is 1661.03
=========================================================================
The algorithm continues iterating on the current plan to improve the plan
More optimal solution has obtained after 78415 iterations
Cost is 1660.39
=========================================================================
The algorithm continues iterating on the current plan to improve the plan
More optimal solution has obtained after 78975 iterations
Cost is 1660.27
=========================================================================
The algorithm continues iterating on the current plan to improve the plan
More optimal solution has obtained after 79005 iterations
Cost is 1659.22
=========================================================================
The algorithm continues iterating on the current plan to improve the plan
More optimal solution has obtained after 79742 iterations
Cost is 1659.04
=========================================================================
The algorithm continues iterating on the current plan to improve the plan
More optimal solution has obtained after 80000 iterations
Cost is 1659.04
Exceeded max iterations!
Saving the generated plan (vector of points)
Execution time: 405.750000 seconds
