World size: 500
World type: 3
Version: 133
K: 5000
Number of cpus: 1
choose Maze
Starting RRT* Algorithm...
First Viable Solution Obtained after 1866 iterations
Cost is 778.608
Saving the generated plan (vector of points)
=========================================================================
The algorithm continues iterating on the current plan to improve the plan
More optimal solution has obtained after 1947 iterations
Cost is 777.706
=========================================================================
The algorithm continues iterating on the current plan to improve the plan
More optimal solution has obtained after 2211 iterations
Cost is 777.382
=========================================================================
The algorithm continues iterating on the current plan to improve the plan
More optimal solution has obtained after 2226 iterations
Cost is 776.908
=========================================================================
The algorithm continues iterating on the current plan to improve the plan
More optimal solution has obtained after 2287 iterations
Cost is 776.478
=========================================================================
The algorithm continues iterating on the current plan to improve the plan
More optimal solution has obtained after 2296 iterations
Cost is 775.956
=========================================================================
The algorithm continues iterating on the current plan to improve the plan
More optimal solution has obtained after 2317 iterations
Cost is 775.477
=========================================================================
The algorithm continues iterating on the current plan to improve the plan
More optimal solution has obtained after 2383 iterations
Cost is 774.805
=========================================================================
The algorithm continues iterating on the current plan to improve the plan
More optimal solution has obtained after 2391 iterations
Cost is 774.45
=========================================================================
The algorithm continues iterating on the current plan to improve the plan
More optimal solution has obtained after 2393 iterations
Cost is 774.109
=========================================================================
The algorithm continues iterating on the current plan to improve the plan
More optimal solution has obtained after 2406 iterations
Cost is 774.079
=========================================================================
The algorithm continues iterating on the current plan to improve the plan
More optimal solution has obtained after 2410 iterations
Cost is 768.922
=========================================================================
The algorithm continues iterating on the current plan to improve the plan
More optimal solution has obtained after 2414 iterations
Cost is 768.922
=========================================================================
The algorithm continues iterating on the current plan to improve the plan
More optimal solution has obtained after 2418 iterations
Cost is 768.738
=========================================================================
The algorithm continues iterating on the current plan to improve the plan
More optimal solution has obtained after 2495 iterations
Cost is 768.734
=========================================================================
The algorithm continues iterating on the current plan to improve the plan
More optimal solution has obtained after 2552 iterations
Cost is 765.709
=========================================================================
The algorithm continues iterating on the current plan to improve the plan
More optimal solution has obtained after 2587 iterations
Cost is 761.115
=========================================================================
The algorithm continues iterating on the current plan to improve the plan
More optimal solution has obtained after 2645 iterations
Cost is 760.913
=========================================================================
The algorithm continues iterating on the current plan to improve the plan
More optimal solution has obtained after 2707 iterations
Cost is 754.417
=========================================================================
The algorithm continues iterating on the current plan to improve the plan
More optimal solution has obtained after 2802 iterations
Cost is 753.757
=========================================================================
The algorithm continues iterating on the current plan to improve the plan
More optimal solution has obtained after 2807 iterations
Cost is 751.297
=========================================================================
The algorithm continues iterating on the current plan to improve the plan
More optimal solution has obtained after 3030 iterations
Cost is 751.033
=========================================================================
The algorithm continues iterating on the current plan to improve the plan
More optimal solution has obtained after 3039 iterations
Cost is 750.57
=========================================================================
The algorithm continues iterating on the current plan to improve the plan
More optimal solution has obtained after 3040 iterations
Cost is 749.84
=========================================================================
The algorithm continues iterating on the current plan to improve the plan
More optimal solution has obtained after 3143 iterations
Cost is 748.959
=========================================================================
The algorithm continues iterating on the current plan to improve the plan
More optimal solution has obtained after 3176 iterations
Cost is 748.803
=========================================================================
The algorithm continues iterating on the current plan to improve the plan
More optimal solution has obtained after 3205 iterations
Cost is 746.796
=========================================================================
The algorithm continues iterating on the current plan to improve the plan
More optimal solution has obtained after 3218 iterations
Cost is 744.66
=========================================================================
The algorithm continues iterating on the current plan to improve the plan
More optimal solution has obtained after 3418 iterations
Cost is 738.52
=========================================================================
The algorithm continues iterating on the current plan to improve the plan
More optimal solution has obtained after 3864 iterations
Cost is 732.78
=========================================================================
The algorithm continues iterating on the current plan to improve the plan
More optimal solution has obtained after 4163 iterations
Cost is 723.862
=========================================================================
The algorithm continues iterating on the current plan to improve the plan
More optimal solution has obtained after 4217 iterations
Cost is 722.602
=========================================================================
The algorithm continues iterating on the current plan to improve the plan
More optimal solution has obtained after 4392 iterations
Cost is 722.376
=========================================================================
The algorithm continues iterating on the current plan to improve the plan
More optimal solution has obtained after 4436 iterations
Cost is 720.094
=========================================================================
The algorithm continues iterating on the current plan to improve the plan
More optimal solution has obtained after 4488 iterations
Cost is 718.298
=========================================================================
The algorithm continues iterating on the current plan to improve the plan
More optimal solution has obtained after 4783 iterations
Cost is 717.992
=========================================================================
The algorithm continues iterating on the current plan to improve the plan
More optimal solution has obtained after 4834 iterations
Cost is 717.444
=========================================================================
The algorithm continues iterating on the current plan to improve the plan
More optimal solution has obtained after 4907 iterations
Cost is 717.405
=========================================================================
The algorithm continues iterating on the current plan to improve the plan
More optimal solution has obtained after 4924 iterations
Cost is 717.142
=========================================================================
The algorithm continues iterating on the current plan to improve the plan
More optimal solution has obtained after 4936 iterations
Cost is 717.096
=========================================================================
The algorithm continues iterating on the current plan to improve the plan
More optimal solution has obtained after 5000 iterations
Cost is 717.096


Total Execution time: 2.250000 seconds


IO time: 0.000000 seconds


Comm time: 0.000000 seconds


Computation time: 2.250000 seconds

 --------------------------------------------- End------------------------------------------------------


World size: 1000
World type: 3
Version: 134
K: 10000
Number of cpus: 1
choose Maze
Starting RRT* Algorithm...
First Viable Solution Obtained after 5050 iterations
Cost is 1657.07
Saving the generated plan (vector of points)
=========================================================================
The algorithm continues iterating on the current plan to improve the plan
More optimal solution has obtained after 5637 iterations
Cost is 1653.83
=========================================================================
The algorithm continues iterating on the current plan to improve the plan
More optimal solution has obtained after 5971 iterations
Cost is 1650.95
=========================================================================
The algorithm continues iterating on the current plan to improve the plan
More optimal solution has obtained after 6028 iterations
Cost is 1648.89
=========================================================================
The algorithm continues iterating on the current plan to improve the plan
More optimal solution has obtained after 6057 iterations
Cost is 1646.28
=========================================================================
The algorithm continues iterating on the current plan to improve the plan
More optimal solution has obtained after 6196 iterations
Cost is 1641.94
=========================================================================
The algorithm continues iterating on the current plan to improve the plan
More optimal solution has obtained after 6240 iterations
Cost is 1631.19
=========================================================================
The algorithm continues iterating on the current plan to improve the plan
More optimal solution has obtained after 6442 iterations
Cost is 1619.21
=========================================================================
The algorithm continues iterating on the current plan to improve the plan
More optimal solution has obtained after 6618 iterations
Cost is 1617.62
=========================================================================
The algorithm continues iterating on the current plan to improve the plan
More optimal solution has obtained after 6783 iterations
Cost is 1617.49
=========================================================================
The algorithm continues iterating on the current plan to improve the plan
More optimal solution has obtained after 6934 iterations
Cost is 1617.48
=========================================================================
The algorithm continues iterating on the current plan to improve the plan
More optimal solution has obtained after 6953 iterations
Cost is 1613.75
=========================================================================
The algorithm continues iterating on the current plan to improve the plan
More optimal solution has obtained after 7113 iterations
Cost is 1612.24
=========================================================================
The algorithm continues iterating on the current plan to improve the plan
More optimal solution has obtained after 7172 iterations
Cost is 1610.84
=========================================================================
The algorithm continues iterating on the current plan to improve the plan
More optimal solution has obtained after 7308 iterations
Cost is 1609.68
=========================================================================
The algorithm continues iterating on the current plan to improve the plan
More optimal solution has obtained after 7398 iterations
Cost is 1609.2
=========================================================================
The algorithm continues iterating on the current plan to improve the plan
More optimal solution has obtained after 7585 iterations
Cost is 1606.97
=========================================================================
The algorithm continues iterating on the current plan to improve the plan
More optimal solution has obtained after 7718 iterations
Cost is 1606.39
=========================================================================
The algorithm continues iterating on the current plan to improve the plan
More optimal solution has obtained after 7762 iterations
Cost is 1606.28
=========================================================================
The algorithm continues iterating on the current plan to improve the plan
More optimal solution has obtained after 7775 iterations
Cost is 1606.28
=========================================================================
The algorithm continues iterating on the current plan to improve the plan
More optimal solution has obtained after 7844 iterations
Cost is 1605.83
=========================================================================
The algorithm continues iterating on the current plan to improve the plan
More optimal solution has obtained after 7959 iterations
Cost is 1604.75
=========================================================================
The algorithm continues iterating on the current plan to improve the plan
More optimal solution has obtained after 7968 iterations
Cost is 1604.73
=========================================================================
The algorithm continues iterating on the current plan to improve the plan
More optimal solution has obtained after 8197 iterations
Cost is 1604.27
=========================================================================
The algorithm continues iterating on the current plan to improve the plan
More optimal solution has obtained after 8287 iterations
Cost is 1601.67
=========================================================================
The algorithm continues iterating on the current plan to improve the plan
More optimal solution has obtained after 8320 iterations
Cost is 1600.47
=========================================================================
The algorithm continues iterating on the current plan to improve the plan
More optimal solution has obtained after 8449 iterations
Cost is 1600.35
=========================================================================
The algorithm continues iterating on the current plan to improve the plan
More optimal solution has obtained after 8851 iterations
Cost is 1598.46
=========================================================================
The algorithm continues iterating on the current plan to improve the plan
More optimal solution has obtained after 9192 iterations
Cost is 1598.33
=========================================================================
The algorithm continues iterating on the current plan to improve the plan
More optimal solution has obtained after 9219 iterations
Cost is 1597.87
=========================================================================
The algorithm continues iterating on the current plan to improve the plan
More optimal solution has obtained after 9349 iterations
Cost is 1597.77
=========================================================================
The algorithm continues iterating on the current plan to improve the plan
More optimal solution has obtained after 9532 iterations
Cost is 1597.21
=========================================================================
The algorithm continues iterating on the current plan to improve the plan
More optimal solution has obtained after 9737 iterations
Cost is 1595.91
=========================================================================
The algorithm continues iterating on the current plan to improve the plan
More optimal solution has obtained after 10000 iterations
Cost is 1595.91


Total Execution time: 15.375000 seconds


IO time: 0.125000 seconds


Comm time: 0.000000 seconds


Computation time: 15.250000 seconds

 --------------------------------------------- End------------------------------------------------------


World size: 1500
World type: 3
Version: 135
K: 15000
Number of cpus: 1
choose Maze
Starting RRT* Algorithm...
First Viable Solution Obtained after 10162 iterations
Cost is 2309.3
Saving the generated plan (vector of points)
=========================================================================
The algorithm continues iterating on the current plan to improve the plan
More optimal solution has obtained after 11389 iterations
Cost is 2308.21
=========================================================================
The algorithm continues iterating on the current plan to improve the plan
More optimal solution has obtained after 11544 iterations
Cost is 2308.08
=========================================================================
The algorithm continues iterating on the current plan to improve the plan
More optimal solution has obtained after 11661 iterations
Cost is 2306.24
=========================================================================
The algorithm continues iterating on the current plan to improve the plan
More optimal solution has obtained after 11750 iterations
Cost is 2305.99
=========================================================================
The algorithm continues iterating on the current plan to improve the plan
More optimal solution has obtained after 11838 iterations
Cost is 2304.2
=========================================================================
The algorithm continues iterating on the current plan to improve the plan
More optimal solution has obtained after 12182 iterations
Cost is 2303.66
=========================================================================
The algorithm continues iterating on the current plan to improve the plan
More optimal solution has obtained after 12376 iterations
Cost is 2302.84
=========================================================================
The algorithm continues iterating on the current plan to improve the plan
More optimal solution has obtained after 12715 iterations
Cost is 2297.97
=========================================================================
The algorithm continues iterating on the current plan to improve the plan
More optimal solution has obtained after 12745 iterations
Cost is 2294.13
=========================================================================
The algorithm continues iterating on the current plan to improve the plan
More optimal solution has obtained after 12853 iterations
Cost is 2293.97
=========================================================================
The algorithm continues iterating on the current plan to improve the plan
More optimal solution has obtained after 12870 iterations
Cost is 2292.24
=========================================================================
The algorithm continues iterating on the current plan to improve the plan
More optimal solution has obtained after 14186 iterations
Cost is 2292.13
=========================================================================
The algorithm continues iterating on the current plan to improve the plan
More optimal solution has obtained after 14401 iterations
Cost is 2289.66
=========================================================================
The algorithm continues iterating on the current plan to improve the plan
More optimal solution has obtained after 14864 iterations
Cost is 2289.64
=========================================================================
The algorithm continues iterating on the current plan to improve the plan
More optimal solution has obtained after 15000 iterations
Cost is 2289.64


Total Execution time: 32.750000 seconds


IO time: 0.000000 seconds


Comm time: 0.000000 seconds


Computation time: 32.750000 seconds

 --------------------------------------------- End------------------------------------------------------


World size: 3000
World type: 3
Version: 136
K: 20000
Number of cpus: 1
choose Maze
Starting RRT* Algorithm...
Exceeded max iterations!
Error: No solution found


Total Execution time: 40.250000 seconds


IO time: 0.000000 seconds


Comm time: 0.000000 seconds


Computation time: 40.250000 seconds

 --------------------------------------------- End------------------------------------------------------


