World size: 3000
World type: 1
Version: 88
K: 60000
Number of cpus: 4
choose FOUR_OBS
Starting RRT* Algorithm...
First Viable Solution Obtained after 2098 iterations
Cost is 4313.34
Saving the generated plan (vector of points)
=========================================================================
The algorithm continues iterating on the current plan to improve the plan
More optimal solution has obtained after 5479 iterations
Cost is 4313.34
=========================================================================
The algorithm continues iterating on the current plan to improve the plan
More optimal solution has obtained after 5685 iterations
Cost is 4313.28
=========================================================================
The algorithm continues iterating on the current plan to improve the plan
More optimal solution has obtained after 8233 iterations
Cost is 4313.08
=========================================================================
The algorithm continues iterating on the current plan to improve the plan
More optimal solution has obtained after 8402 iterations
Cost is 4313.01
=========================================================================
The algorithm continues iterating on the current plan to improve the plan
More optimal solution has obtained after 9111 iterations
Cost is 4311.74
=========================================================================
The algorithm continues iterating on the current plan to improve the plan
More optimal solution has obtained after 9470 iterations
Cost is 4310.4
=========================================================================
The algorithm continues iterating on the current plan to improve the plan
More optimal solution has obtained after 9480 iterations
Cost is 4309.35
=========================================================================
The algorithm continues iterating on the current plan to improve the plan
More optimal solution has obtained after 9564 iterations
Cost is 4309.08
=========================================================================
The algorithm continues iterating on the current plan to improve the plan
More optimal solution has obtained after 9584 iterations
Cost is 4308.86
=========================================================================
The algorithm continues iterating on the current plan to improve the plan
More optimal solution has obtained after 10310 iterations
Cost is 4308.86
=========================================================================
The algorithm continues iterating on the current plan to improve the plan
More optimal solution has obtained after 10359 iterations
Cost is 4308.64
=========================================================================
The algorithm continues iterating on the current plan to improve the plan
More optimal solution has obtained after 11519 iterations
Cost is 4306.22
=========================================================================
The algorithm continues iterating on the current plan to improve the plan
More optimal solution has obtained after 12149 iterations
Cost is 4305.9
=========================================================================
The algorithm continues iterating on the current plan to improve the plan
More optimal solution has obtained after 12288 iterations
Cost is 4304.57
=========================================================================
The algorithm continues iterating on the current plan to improve the plan
More optimal solution has obtained after 12524 iterations
Cost is 4304.44
=========================================================================
The algorithm continues iterating on the current plan to improve the plan
More optimal solution has obtained after 12530 iterations
Cost is 4297.08
=========================================================================
The algorithm continues iterating on the current plan to improve the plan
More optimal solution has obtained after 17740 iterations
Cost is 4291.58
=========================================================================
The algorithm continues iterating on the current plan to improve the plan
More optimal solution has obtained after 18313 iterations
Cost is 4290.86
=========================================================================
The algorithm continues iterating on the current plan to improve the plan
More optimal solution has obtained after 18621 iterations
Cost is 4290.85
=========================================================================
The algorithm continues iterating on the current plan to improve the plan
More optimal solution has obtained after 19112 iterations
Cost is 4285.97
=========================================================================
The algorithm continues iterating on the current plan to improve the plan
More optimal solution has obtained after 20775 iterations
Cost is 4285.68
=========================================================================
The algorithm continues iterating on the current plan to improve the plan
More optimal solution has obtained after 20910 iterations
Cost is 4285.52
=========================================================================
The algorithm continues iterating on the current plan to improve the plan
More optimal solution has obtained after 21270 iterations
Cost is 4284.98
=========================================================================
The algorithm continues iterating on the current plan to improve the plan
More optimal solution has obtained after 22768 iterations
Cost is 4284.83
=========================================================================
The algorithm continues iterating on the current plan to improve the plan
More optimal solution has obtained after 22797 iterations
Cost is 4283.46
=========================================================================
The algorithm continues iterating on the current plan to improve the plan
More optimal solution has obtained after 23267 iterations
Cost is 4283.15
=========================================================================
The algorithm continues iterating on the current plan to improve the plan
More optimal solution has obtained after 24455 iterations
Cost is 4281.79
=========================================================================
The algorithm continues iterating on the current plan to improve the plan
More optimal solution has obtained after 24581 iterations
Cost is 4278.5
=========================================================================
The algorithm continues iterating on the current plan to improve the plan
More optimal solution has obtained after 24600 iterations
Cost is 4277.6
=========================================================================
The algorithm continues iterating on the current plan to improve the plan
More optimal solution has obtained after 25374 iterations
Cost is 4277.42
=========================================================================
The algorithm continues iterating on the current plan to improve the plan
More optimal solution has obtained after 26909 iterations
Cost is 4277.35
=========================================================================
The algorithm continues iterating on the current plan to improve the plan
More optimal solution has obtained after 27079 iterations
Cost is 4277.04
=========================================================================
The algorithm continues iterating on the current plan to improve the plan
More optimal solution has obtained after 27167 iterations
Cost is 4277.01
=========================================================================
The algorithm continues iterating on the current plan to improve the plan
More optimal solution has obtained after 27339 iterations
Cost is 4272.34
=========================================================================
The algorithm continues iterating on the current plan to improve the plan
More optimal solution has obtained after 27775 iterations
Cost is 4270.77
=========================================================================
The algorithm continues iterating on the current plan to improve the plan
More optimal solution has obtained after 28314 iterations
Cost is 4270.74
=========================================================================
The algorithm continues iterating on the current plan to improve the plan
More optimal solution has obtained after 28568 iterations
Cost is 4270.37
=========================================================================
The algorithm continues iterating on the current plan to improve the plan
More optimal solution has obtained after 28570 iterations
Cost is 4269.81
=========================================================================
The algorithm continues iterating on the current plan to improve the plan
More optimal solution has obtained after 28618 iterations
Cost is 4268.77
=========================================================================
The algorithm continues iterating on the current plan to improve the plan
More optimal solution has obtained after 28742 iterations
Cost is 4268.73
=========================================================================
The algorithm continues iterating on the current plan to improve the plan
More optimal solution has obtained after 30122 iterations
Cost is 4268.39
=========================================================================
The algorithm continues iterating on the current plan to improve the plan
More optimal solution has obtained after 30462 iterations
Cost is 4268.22
=========================================================================
The algorithm continues iterating on the current plan to improve the plan
More optimal solution has obtained after 30527 iterations
Cost is 4267.37
=========================================================================
The algorithm continues iterating on the current plan to improve the plan
More optimal solution has obtained after 31151 iterations
Cost is 4267.24
=========================================================================
The algorithm continues iterating on the current plan to improve the plan
More optimal solution has obtained after 32781 iterations
Cost is 4267.09
=========================================================================
The algorithm continues iterating on the current plan to improve the plan
More optimal solution has obtained after 33478 iterations
Cost is 4264.74
=========================================================================
The algorithm continues iterating on the current plan to improve the plan
More optimal solution has obtained after 34730 iterations
Cost is 4264.45
=========================================================================
The algorithm continues iterating on the current plan to improve the plan
More optimal solution has obtained after 35994 iterations
Cost is 4264.25
=========================================================================
The algorithm continues iterating on the current plan to improve the plan
More optimal solution has obtained after 36663 iterations
Cost is 4264.21
=========================================================================
The algorithm continues iterating on the current plan to improve the plan
More optimal solution has obtained after 40166 iterations
Cost is 4262.62
=========================================================================
The algorithm continues iterating on the current plan to improve the plan
More optimal solution has obtained after 40485 iterations
Cost is 4262.4
=========================================================================
The algorithm continues iterating on the current plan to improve the plan
More optimal solution has obtained after 42188 iterations
Cost is 4262.3
=========================================================================
The algorithm continues iterating on the current plan to improve the plan
More optimal solution has obtained after 43217 iterations
Cost is 4262.22
=========================================================================
The algorithm continues iterating on the current plan to improve the plan
More optimal solution has obtained after 43661 iterations
Cost is 4261.52
=========================================================================
The algorithm continues iterating on the current plan to improve the plan
More optimal solution has obtained after 44723 iterations
Cost is 4261.31
=========================================================================
The algorithm continues iterating on the current plan to improve the plan
More optimal solution has obtained after 44772 iterations
Cost is 4258.81
=========================================================================
The algorithm continues iterating on the current plan to improve the plan
More optimal solution has obtained after 45034 iterations
Cost is 4255.23
=========================================================================
The algorithm continues iterating on the current plan to improve the plan
More optimal solution has obtained after 45063 iterations
Cost is 4255.15
=========================================================================
The algorithm continues iterating on the current plan to improve the plan
More optimal solution has obtained after 45730 iterations
Cost is 4254.36
=========================================================================
The algorithm continues iterating on the current plan to improve the plan
More optimal solution has obtained after 45761 iterations
Cost is 4253.01
=========================================================================
The algorithm continues iterating on the current plan to improve the plan
More optimal solution has obtained after 45837 iterations
Cost is 4252.3
=========================================================================
The algorithm continues iterating on the current plan to improve the plan
More optimal solution has obtained after 46322 iterations
Cost is 4251.54
=========================================================================
The algorithm continues iterating on the current plan to improve the plan
More optimal solution has obtained after 47648 iterations
Cost is 4250.69
=========================================================================
The algorithm continues iterating on the current plan to improve the plan
More optimal solution has obtained after 48733 iterations
Cost is 4249.93
=========================================================================
The algorithm continues iterating on the current plan to improve the plan
More optimal solution has obtained after 48779 iterations
Cost is 4248.73
=========================================================================
The algorithm continues iterating on the current plan to improve the plan
More optimal solution has obtained after 49373 iterations
Cost is 4248.03
=========================================================================
The algorithm continues iterating on the current plan to improve the plan
More optimal solution has obtained after 49699 iterations
Cost is 4248.01
=========================================================================
The algorithm continues iterating on the current plan to improve the plan
More optimal solution has obtained after 50363 iterations
Cost is 4247.9
=========================================================================
The algorithm continues iterating on the current plan to improve the plan
More optimal solution has obtained after 50980 iterations
Cost is 4247.67
=========================================================================
The algorithm continues iterating on the current plan to improve the plan
More optimal solution has obtained after 51122 iterations
Cost is 4247.48
=========================================================================
The algorithm continues iterating on the current plan to improve the plan
More optimal solution has obtained after 52319 iterations
Cost is 4245.47
=========================================================================
The algorithm continues iterating on the current plan to improve the plan
More optimal solution has obtained after 52919 iterations
Cost is 4245.33
=========================================================================
The algorithm continues iterating on the current plan to improve the plan
More optimal solution has obtained after 56120 iterations
Cost is 4244.77
=========================================================================
The algorithm continues iterating on the current plan to improve the plan
More optimal solution has obtained after 56508 iterations
Cost is 4244.74
=========================================================================
The algorithm continues iterating on the current plan to improve the plan
More optimal solution has obtained after 56955 iterations
Cost is 4243.44
=========================================================================
The algorithm continues iterating on the current plan to improve the plan
More optimal solution has obtained after 57019 iterations
Cost is 4243.32
=========================================================================
The algorithm continues iterating on the current plan to improve the plan
More optimal solution has obtained after 57460 iterations
Cost is 4243.22
=========================================================================
The algorithm continues iterating on the current plan to improve the plan
More optimal solution has obtained after 58058 iterations
Cost is 4242.3
=========================================================================
The algorithm continues iterating on the current plan to improve the plan
More optimal solution has obtained after 59031 iterations
Cost is 4242.28
=========================================================================
The algorithm continues iterating on the current plan to improve the plan
More optimal solution has obtained after 59144 iterations
Cost is 4242.19
=========================================================================
The algorithm continues iterating on the current plan to improve the plan
More optimal solution has obtained after 59853 iterations
Cost is 4239.4
=========================================================================
The algorithm continues iterating on the current plan to improve the plan
More optimal solution has obtained after 60000 iterations
Cost is 4239.4


Total Execution time: 460.625000 seconds


IO time: 0.250000 seconds


Comm time: 0.000000 seconds


Computation time: 460.375000 seconds

 --------------------------------------------- End------------------------------------------------------


World size: 500
World type: 2
Version: 119
K: 10000
Number of cpus: 4
choose TWELVE_OBS
Starting RRT* Algorithm...
First Viable Solution Obtained after 7354 iterations
Cost is 448.164
Saving the generated plan (vector of points)
=========================================================================
The algorithm continues iterating on the current plan to improve the plan
More optimal solution has obtained after 7423 iterations
Cost is 447.622
=========================================================================
The algorithm continues iterating on the current plan to improve the plan
More optimal solution has obtained after 7475 iterations
Cost is 447.595
=========================================================================
The algorithm continues iterating on the current plan to improve the plan
More optimal solution has obtained after 7500 iterations
Cost is 447.418
=========================================================================
The algorithm continues iterating on the current plan to improve the plan
More optimal solution has obtained after 7679 iterations
Cost is 447.375
=========================================================================
The algorithm continues iterating on the current plan to improve the plan
More optimal solution has obtained after 8672 iterations
Cost is 447.26
=========================================================================
The algorithm continues iterating on the current plan to improve the plan
More optimal solution has obtained after 9298 iterations
Cost is 447.163
=========================================================================
The algorithm continues iterating on the current plan to improve the plan
More optimal solution has obtained after 10000 iterations
Cost is 447.163


Total Execution time: 11.750000 seconds


IO time: 0.000000 seconds


Comm time: 0.000000 seconds


Computation time: 11.750000 seconds

 --------------------------------------------- End------------------------------------------------------


World size: 1000
World type: 2
Version: 120
K: 30000
Number of cpus: 4
choose TWELVE_OBS
Starting RRT* Algorithm...
First Viable Solution Obtained after 23576 iterations
Cost is 954.593
Saving the generated plan (vector of points)
=========================================================================
The algorithm continues iterating on the current plan to improve the plan
More optimal solution has obtained after 23904 iterations
Cost is 954.508
=========================================================================
The algorithm continues iterating on the current plan to improve the plan
More optimal solution has obtained after 24264 iterations
Cost is 954.381
=========================================================================
The algorithm continues iterating on the current plan to improve the plan
More optimal solution has obtained after 24518 iterations
Cost is 953.814
=========================================================================
The algorithm continues iterating on the current plan to improve the plan
More optimal solution has obtained after 25224 iterations
Cost is 953.786
=========================================================================
The algorithm continues iterating on the current plan to improve the plan
More optimal solution has obtained after 25576 iterations
Cost is 953.778
=========================================================================
The algorithm continues iterating on the current plan to improve the plan
More optimal solution has obtained after 26568 iterations
Cost is 953.73
=========================================================================
The algorithm continues iterating on the current plan to improve the plan
More optimal solution has obtained after 27179 iterations
Cost is 953.689
=========================================================================
The algorithm continues iterating on the current plan to improve the plan
More optimal solution has obtained after 27538 iterations
Cost is 953.488
=========================================================================
The algorithm continues iterating on the current plan to improve the plan
More optimal solution has obtained after 27814 iterations
Cost is 952.712
=========================================================================
The algorithm continues iterating on the current plan to improve the plan
More optimal solution has obtained after 27892 iterations
Cost is 952.454
=========================================================================
The algorithm continues iterating on the current plan to improve the plan
More optimal solution has obtained after 28273 iterations
Cost is 951.647
=========================================================================
The algorithm continues iterating on the current plan to improve the plan
More optimal solution has obtained after 29326 iterations
Cost is 951.447
=========================================================================
The algorithm continues iterating on the current plan to improve the plan
More optimal solution has obtained after 29788 iterations
Cost is 951.205
=========================================================================
The algorithm continues iterating on the current plan to improve the plan
More optimal solution has obtained after 30000 iterations
Cost is 951.205


Total Execution time: 92.250000 seconds


IO time: 0.125000 seconds


Comm time: 0.000000 seconds


Computation time: 92.125000 seconds

 --------------------------------------------- End------------------------------------------------------


World size: 1500
World type: 2
Version: 121
K: 40000
Number of cpus: 4
choose TWELVE_OBS
Starting RRT* Algorithm...
First Viable Solution Obtained after 701 iterations
Cost is 1693.78
Saving the generated plan (vector of points)
=========================================================================
The algorithm continues iterating on the current plan to improve the plan
More optimal solution has obtained after 1009 iterations
Cost is 1692.34
=========================================================================
The algorithm continues iterating on the current plan to improve the plan
More optimal solution has obtained after 1129 iterations
Cost is 1692.09
=========================================================================
The algorithm continues iterating on the current plan to improve the plan
More optimal solution has obtained after 1221 iterations
Cost is 1691.92
=========================================================================
The algorithm continues iterating on the current plan to improve the plan
More optimal solution has obtained after 1368 iterations
Cost is 1691.2
=========================================================================
The algorithm continues iterating on the current plan to improve the plan
More optimal solution has obtained after 1712 iterations
Cost is 1691.12
=========================================================================
The algorithm continues iterating on the current plan to improve the plan
More optimal solution has obtained after 2314 iterations
Cost is 1690.26
=========================================================================
The algorithm continues iterating on the current plan to improve the plan
More optimal solution has obtained after 3020 iterations
Cost is 1689.53
=========================================================================
The algorithm continues iterating on the current plan to improve the plan
More optimal solution has obtained after 3066 iterations
Cost is 1689.33
=========================================================================
The algorithm continues iterating on the current plan to improve the plan
More optimal solution has obtained after 3577 iterations
Cost is 1689.21
=========================================================================
The algorithm continues iterating on the current plan to improve the plan
More optimal solution has obtained after 4199 iterations
Cost is 1688.74
=========================================================================
The algorithm continues iterating on the current plan to improve the plan
More optimal solution has obtained after 4442 iterations
Cost is 1687.08
=========================================================================
The algorithm continues iterating on the current plan to improve the plan
More optimal solution has obtained after 4449 iterations
Cost is 1687.06
=========================================================================
The algorithm continues iterating on the current plan to improve the plan
More optimal solution has obtained after 4585 iterations
Cost is 1686.51
=========================================================================
The algorithm continues iterating on the current plan to improve the plan
More optimal solution has obtained after 4619 iterations
Cost is 1685.66
=========================================================================
The algorithm continues iterating on the current plan to improve the plan
More optimal solution has obtained after 4688 iterations
Cost is 1685.63
=========================================================================
The algorithm continues iterating on the current plan to improve the plan
More optimal solution has obtained after 5090 iterations
Cost is 1685.42
=========================================================================
The algorithm continues iterating on the current plan to improve the plan
More optimal solution has obtained after 5273 iterations
Cost is 1684.97
=========================================================================
The algorithm continues iterating on the current plan to improve the plan
More optimal solution has obtained after 5359 iterations
Cost is 1684.74
=========================================================================
The algorithm continues iterating on the current plan to improve the plan
More optimal solution has obtained after 6203 iterations
Cost is 1683.03
=========================================================================
The algorithm continues iterating on the current plan to improve the plan
More optimal solution has obtained after 6518 iterations
Cost is 1682.74
=========================================================================
The algorithm continues iterating on the current plan to improve the plan
More optimal solution has obtained after 6705 iterations
Cost is 1678.75
=========================================================================
The algorithm continues iterating on the current plan to improve the plan
More optimal solution has obtained after 6782 iterations
Cost is 1676.99
=========================================================================
The algorithm continues iterating on the current plan to improve the plan
More optimal solution has obtained after 7548 iterations
Cost is 1676.35
=========================================================================
The algorithm continues iterating on the current plan to improve the plan
More optimal solution has obtained after 7570 iterations
Cost is 1672.12
=========================================================================
The algorithm continues iterating on the current plan to improve the plan
More optimal solution has obtained after 7830 iterations
Cost is 1671.88
=========================================================================
The algorithm continues iterating on the current plan to improve the plan
More optimal solution has obtained after 8056 iterations
Cost is 1671.58
=========================================================================
The algorithm continues iterating on the current plan to improve the plan
More optimal solution has obtained after 8697 iterations
Cost is 1670.88
=========================================================================
The algorithm continues iterating on the current plan to improve the plan
More optimal solution has obtained after 9102 iterations
Cost is 1670.79
=========================================================================
The algorithm continues iterating on the current plan to improve the plan
More optimal solution has obtained after 9239 iterations
Cost is 1670.49
=========================================================================
The algorithm continues iterating on the current plan to improve the plan
More optimal solution has obtained after 9345 iterations
Cost is 1670.48
=========================================================================
The algorithm continues iterating on the current plan to improve the plan
More optimal solution has obtained after 9772 iterations
Cost is 1670.19
=========================================================================
The algorithm continues iterating on the current plan to improve the plan
More optimal solution has obtained after 10061 iterations
Cost is 1670.18
=========================================================================
The algorithm continues iterating on the current plan to improve the plan
More optimal solution has obtained after 10292 iterations
Cost is 1666.66
=========================================================================
The algorithm continues iterating on the current plan to improve the plan
More optimal solution has obtained after 10376 iterations
Cost is 1663.05
=========================================================================
The algorithm continues iterating on the current plan to improve the plan
More optimal solution has obtained after 10480 iterations
Cost is 1662.98
=========================================================================
The algorithm continues iterating on the current plan to improve the plan
More optimal solution has obtained after 10800 iterations
Cost is 1661.69
=========================================================================
The algorithm continues iterating on the current plan to improve the plan
More optimal solution has obtained after 10951 iterations
Cost is 1660.64
=========================================================================
The algorithm continues iterating on the current plan to improve the plan
More optimal solution has obtained after 11345 iterations
Cost is 1659.71
=========================================================================
The algorithm continues iterating on the current plan to improve the plan
More optimal solution has obtained after 12391 iterations
Cost is 1659.64
=========================================================================
The algorithm continues iterating on the current plan to improve the plan
More optimal solution has obtained after 15215 iterations
Cost is 1659.16
=========================================================================
The algorithm continues iterating on the current plan to improve the plan
More optimal solution has obtained after 15244 iterations
Cost is 1658.78
=========================================================================
The algorithm continues iterating on the current plan to improve the plan
More optimal solution has obtained after 16157 iterations
Cost is 1658.7
=========================================================================
The algorithm continues iterating on the current plan to improve the plan
More optimal solution has obtained after 16168 iterations
Cost is 1658.66
=========================================================================
The algorithm continues iterating on the current plan to improve the plan
More optimal solution has obtained after 16443 iterations
Cost is 1658.64
=========================================================================
The algorithm continues iterating on the current plan to improve the plan
More optimal solution has obtained after 16613 iterations
Cost is 1658.43
=========================================================================
The algorithm continues iterating on the current plan to improve the plan
More optimal solution has obtained after 16617 iterations
Cost is 1654.77
=========================================================================
The algorithm continues iterating on the current plan to improve the plan
More optimal solution has obtained after 16956 iterations
Cost is 1654.47
=========================================================================
The algorithm continues iterating on the current plan to improve the plan
More optimal solution has obtained after 17533 iterations
Cost is 1653.77
=========================================================================
The algorithm continues iterating on the current plan to improve the plan
More optimal solution has obtained after 17536 iterations
Cost is 1653.72
=========================================================================
The algorithm continues iterating on the current plan to improve the plan
More optimal solution has obtained after 18511 iterations
Cost is 1652.8
=========================================================================
The algorithm continues iterating on the current plan to improve the plan
More optimal solution has obtained after 18693 iterations
Cost is 1652.65
=========================================================================
The algorithm continues iterating on the current plan to improve the plan
More optimal solution has obtained after 19019 iterations
Cost is 1652.62
=========================================================================
The algorithm continues iterating on the current plan to improve the plan
More optimal solution has obtained after 19183 iterations
Cost is 1651.98
=========================================================================
The algorithm continues iterating on the current plan to improve the plan
More optimal solution has obtained after 19410 iterations
Cost is 1651.94
=========================================================================
The algorithm continues iterating on the current plan to improve the plan
More optimal solution has obtained after 19903 iterations
Cost is 1651.78
=========================================================================
The algorithm continues iterating on the current plan to improve the plan
More optimal solution has obtained after 19968 iterations
Cost is 1647.29
=========================================================================
The algorithm continues iterating on the current plan to improve the plan
More optimal solution has obtained after 20009 iterations
Cost is 1640.22
=========================================================================
The algorithm continues iterating on the current plan to improve the plan
More optimal solution has obtained after 21096 iterations
Cost is 1634.84
=========================================================================
The algorithm continues iterating on the current plan to improve the plan
More optimal solution has obtained after 21196 iterations
Cost is 1634.72
=========================================================================
The algorithm continues iterating on the current plan to improve the plan
More optimal solution has obtained after 21468 iterations
Cost is 1634.07
=========================================================================
The algorithm continues iterating on the current plan to improve the plan
More optimal solution has obtained after 21509 iterations
Cost is 1633.31
=========================================================================
The algorithm continues iterating on the current plan to improve the plan
More optimal solution has obtained after 21680 iterations
Cost is 1632.88
=========================================================================
The algorithm continues iterating on the current plan to improve the plan
More optimal solution has obtained after 21836 iterations
Cost is 1630.91
=========================================================================
The algorithm continues iterating on the current plan to improve the plan
More optimal solution has obtained after 22170 iterations
Cost is 1629.03
=========================================================================
The algorithm continues iterating on the current plan to improve the plan
More optimal solution has obtained after 22394 iterations
Cost is 1623.45
=========================================================================
The algorithm continues iterating on the current plan to improve the plan
More optimal solution has obtained after 22862 iterations
Cost is 1621.38
=========================================================================
The algorithm continues iterating on the current plan to improve the plan
More optimal solution has obtained after 22882 iterations
Cost is 1618.5
=========================================================================
The algorithm continues iterating on the current plan to improve the plan
More optimal solution has obtained after 23193 iterations
Cost is 1616.05
=========================================================================
The algorithm continues iterating on the current plan to improve the plan
More optimal solution has obtained after 23277 iterations
Cost is 1615.81
=========================================================================
The algorithm continues iterating on the current plan to improve the plan
More optimal solution has obtained after 23502 iterations
Cost is 1608.2
=========================================================================
The algorithm continues iterating on the current plan to improve the plan
More optimal solution has obtained after 23586 iterations
Cost is 1607.81
=========================================================================
The algorithm continues iterating on the current plan to improve the plan
More optimal solution has obtained after 23614 iterations
Cost is 1606.03
=========================================================================
The algorithm continues iterating on the current plan to improve the plan
More optimal solution has obtained after 23841 iterations
Cost is 1605.61
=========================================================================
The algorithm continues iterating on the current plan to improve the plan
More optimal solution has obtained after 23844 iterations
Cost is 1603.92
=========================================================================
The algorithm continues iterating on the current plan to improve the plan
More optimal solution has obtained after 24124 iterations
Cost is 1602.99
=========================================================================
The algorithm continues iterating on the current plan to improve the plan
More optimal solution has obtained after 24609 iterations
Cost is 1574.74
=========================================================================
The algorithm continues iterating on the current plan to improve the plan
More optimal solution has obtained after 24732 iterations
Cost is 1572.75
=========================================================================
The algorithm continues iterating on the current plan to improve the plan
More optimal solution has obtained after 24741 iterations
Cost is 1571.84
=========================================================================
The algorithm continues iterating on the current plan to improve the plan
More optimal solution has obtained after 24949 iterations
Cost is 1571.78
=========================================================================
The algorithm continues iterating on the current plan to improve the plan
More optimal solution has obtained after 24963 iterations
Cost is 1546.7
=========================================================================
The algorithm continues iterating on the current plan to improve the plan
More optimal solution has obtained after 25088 iterations
Cost is 1544.55
=========================================================================
The algorithm continues iterating on the current plan to improve the plan
More optimal solution has obtained after 25279 iterations
Cost is 1544.37
=========================================================================
The algorithm continues iterating on the current plan to improve the plan
More optimal solution has obtained after 25430 iterations
Cost is 1536.76
=========================================================================
The algorithm continues iterating on the current plan to improve the plan
More optimal solution has obtained after 25488 iterations
Cost is 1536.66
=========================================================================
The algorithm continues iterating on the current plan to improve the plan
More optimal solution has obtained after 25573 iterations
Cost is 1533.58
=========================================================================
The algorithm continues iterating on the current plan to improve the plan
More optimal solution has obtained after 25631 iterations
Cost is 1532.25
=========================================================================
The algorithm continues iterating on the current plan to improve the plan
More optimal solution has obtained after 26020 iterations
Cost is 1531.37
=========================================================================
The algorithm continues iterating on the current plan to improve the plan
More optimal solution has obtained after 26153 iterations
Cost is 1516.13
=========================================================================
The algorithm continues iterating on the current plan to improve the plan
More optimal solution has obtained after 26247 iterations
Cost is 1515.6
=========================================================================
The algorithm continues iterating on the current plan to improve the plan
More optimal solution has obtained after 26453 iterations
Cost is 1515.56
=========================================================================
The algorithm continues iterating on the current plan to improve the plan
More optimal solution has obtained after 27183 iterations
Cost is 1514.76
=========================================================================
The algorithm continues iterating on the current plan to improve the plan
More optimal solution has obtained after 27434 iterations
Cost is 1512.09
=========================================================================
The algorithm continues iterating on the current plan to improve the plan
More optimal solution has obtained after 27464 iterations
Cost is 1509.11
=========================================================================
The algorithm continues iterating on the current plan to improve the plan
More optimal solution has obtained after 27601 iterations
Cost is 1508.48
=========================================================================
The algorithm continues iterating on the current plan to improve the plan
More optimal solution has obtained after 27671 iterations
Cost is 1504.03
=========================================================================
The algorithm continues iterating on the current plan to improve the plan
More optimal solution has obtained after 27744 iterations
Cost is 1503.94
=========================================================================
The algorithm continues iterating on the current plan to improve the plan
More optimal solution has obtained after 28014 iterations
Cost is 1503.93
=========================================================================
The algorithm continues iterating on the current plan to improve the plan
More optimal solution has obtained after 28398 iterations
Cost is 1501.91
=========================================================================
The algorithm continues iterating on the current plan to improve the plan
More optimal solution has obtained after 28807 iterations
Cost is 1495.78
=========================================================================
The algorithm continues iterating on the current plan to improve the plan
More optimal solution has obtained after 29424 iterations
Cost is 1495.59
=========================================================================
The algorithm continues iterating on the current plan to improve the plan
More optimal solution has obtained after 29679 iterations
Cost is 1495.57
=========================================================================
The algorithm continues iterating on the current plan to improve the plan
More optimal solution has obtained after 29705 iterations
Cost is 1493.69
=========================================================================
The algorithm continues iterating on the current plan to improve the plan
More optimal solution has obtained after 30112 iterations
Cost is 1492.67
=========================================================================
The algorithm continues iterating on the current plan to improve the plan
More optimal solution has obtained after 30666 iterations
Cost is 1487.57
=========================================================================
The algorithm continues iterating on the current plan to improve the plan
More optimal solution has obtained after 30856 iterations
Cost is 1487.53
=========================================================================
The algorithm continues iterating on the current plan to improve the plan
More optimal solution has obtained after 31467 iterations
Cost is 1487.2
=========================================================================
The algorithm continues iterating on the current plan to improve the plan
More optimal solution has obtained after 31868 iterations
Cost is 1487.11
=========================================================================
The algorithm continues iterating on the current plan to improve the plan
More optimal solution has obtained after 31910 iterations
Cost is 1484.12
=========================================================================
The algorithm continues iterating on the current plan to improve the plan
More optimal solution has obtained after 32147 iterations
Cost is 1483.99
=========================================================================
The algorithm continues iterating on the current plan to improve the plan
More optimal solution has obtained after 32174 iterations
Cost is 1479.73
=========================================================================
The algorithm continues iterating on the current plan to improve the plan
More optimal solution has obtained after 33365 iterations
Cost is 1479.7
=========================================================================
The algorithm continues iterating on the current plan to improve the plan
More optimal solution has obtained after 34005 iterations
Cost is 1478.24
=========================================================================
The algorithm continues iterating on the current plan to improve the plan
More optimal solution has obtained after 34235 iterations
Cost is 1477.98
=========================================================================
The algorithm continues iterating on the current plan to improve the plan
More optimal solution has obtained after 34239 iterations
Cost is 1476.04
=========================================================================
The algorithm continues iterating on the current plan to improve the plan
More optimal solution has obtained after 34262 iterations
Cost is 1475.44
=========================================================================
The algorithm continues iterating on the current plan to improve the plan
More optimal solution has obtained after 34299 iterations
Cost is 1475.03
=========================================================================
The algorithm continues iterating on the current plan to improve the plan
More optimal solution has obtained after 34386 iterations
Cost is 1473.96
=========================================================================
The algorithm continues iterating on the current plan to improve the plan
More optimal solution has obtained after 34486 iterations
Cost is 1473.12
=========================================================================
The algorithm continues iterating on the current plan to improve the plan
srun: Job step aborted: Waiting up to 32 seconds for job step to finish.
slurmstepd: error: *** JOB 2813592 ON apollo33 CANCELLED AT 2021-01-12T18:56:30 DUE TO TIME LIMIT ***
slurmstepd: error: *** STEP 2813592.3 ON apollo33 CANCELLED AT 2021-01-12T18:56:30 DUE TO TIME LIMIT ***
srun: error: apollo33: task 0: Terminated
