World size: 500
World type: 2
Version: 1009
K: 5000
Number of cpus: 4
choose TWELVE_OBS

===== Parallel version RRT*! =====

RRT exploring...
srun: error: apollo32: task 0: Segmentation fault (core dumped)
World size: 1000
World type: 2
Version: 1010
K: 10000
Number of cpus: 4
choose TWELVE_OBS

===== Parallel version RRT*! =====

RRT exploring...
srun: error: apollo32: task 0: Segmentation fault (core dumped)
World size: 1500
World type: 2
Version: 1011
K: 15000
Number of cpus: 4
choose TWELVE_OBS

===== Parallel version RRT*! =====

RRT exploring...
srun: error: apollo32: task 0: Segmentation fault (core dumped)
World size: 3000
World type: 2
Version: 1012
K: 20000
Number of cpus: 4
choose TWELVE_OBS

===== Parallel version RRT*! =====

RRT exploring...
srun: error: apollo32: task 0: Segmentation fault (core dumped)
