World size: 500
World type: 1
Version: 115
K: 8000
Number of cpus: 4
choose FOUR_OBS

===== Parallel version RRT*! =====

Starting RRT* Algorithm...
First Viable Solution Obtained after 1653 iterations
Cost is 653.445
Saving the generated plan (vector of points)
=========================================================================
The algorithm continues iterating on the current plan to improve the plan
More optimal solution has obtained after 1686 iterations
Cost is 195.14
=========================================================================
The algorithm continues iterating on the current plan to improve the plan
More optimal solution has obtained after 3046 iterations
Cost is 184.043
=========================================================================
The algorithm continues iterating on the current plan to improve the plan
More optimal solution has obtained after 8000 iterations
Cost is 184.043
Exceeded max iterations!
Saving the generated plan (vector of points)
Execution time: 4.375000 seconds
World size: 1000
World type: 1
Version: 116
K: 20000
Number of cpus: 4
choose FOUR_OBS

===== Parallel version RRT*! =====

Starting RRT* Algorithm...
First Viable Solution Obtained after 2241 iterations
Cost is 1308.87
Saving the generated plan (vector of points)
=========================================================================
The algorithm continues iterating on the current plan to improve the plan
More optimal solution has obtained after 2252 iterations
Cost is 816.089
=========================================================================
The algorithm continues iterating on the current plan to improve the plan
More optimal solution has obtained after 2304 iterations
Cost is 779.184
=========================================================================
The algorithm continues iterating on the current plan to improve the plan
More optimal solution has obtained after 2410 iterations
Cost is 449.88
=========================================================================
The algorithm continues iterating on the current plan to improve the plan
More optimal solution has obtained after 20000 iterations
Cost is 449.88
Exceeded max iterations!
Saving the generated plan (vector of points)
Execution time: 22.625000 seconds
World size: 1500
World type: 1
Version: 117
K: 40000
Number of cpus: 4
choose FOUR_OBS

===== Parallel version RRT*! =====

Starting RRT* Algorithm...
First Viable Solution Obtained after 8382 iterations
Cost is 2157.82
Saving the generated plan (vector of points)
=========================================================================
The algorithm continues iterating on the current plan to improve the plan
More optimal solution has obtained after 8383 iterations
Cost is 1478.89
=========================================================================
The algorithm continues iterating on the current plan to improve the plan
More optimal solution has obtained after 10009 iterations
Cost is 203.147
=========================================================================
The algorithm continues iterating on the current plan to improve the plan
More optimal solution has obtained after 40000 iterations
Cost is 203.147
Exceeded max iterations!
Saving the generated plan (vector of points)
Execution time: 80.375000 seconds
World size: 3000
World type: 1
Version: 118
K: 50000
Number of cpus: 4
choose FOUR_OBS

===== Parallel version RRT*! =====

Starting RRT* Algorithm...
First Viable Solution Obtained after 11895 iterations
Cost is 4517.18
Saving the generated plan (vector of points)
=========================================================================
The algorithm continues iterating on the current plan to improve the plan
More optimal solution has obtained after 12068 iterations
Cost is 3553.37
=========================================================================
The algorithm continues iterating on the current plan to improve the plan
More optimal solution has obtained after 12075 iterations
Cost is 398.787
=========================================================================
The algorithm continues iterating on the current plan to improve the plan
More optimal solution has obtained after 50000 iterations
Cost is 398.787
Exceeded max iterations!
Saving the generated plan (vector of points)
Execution time: 126.875000 seconds

==================================================


