World size: 500
World type: 1
Version: 3031
K: 5000
Number of cpus: 4
choose FOUR_OBS

===== Parallel version RRT*! =====

Starting RRT* Algorithm...
Pthread version...
First Viable Solution Obtained after 1322 iterations
Cost is 875.45
Saving the generated plan (vector of points)
=========================================================================
The algorithm continues iterating on the current plan to improve the plan
More optimal solution has obtained after 1326 iterations
Cost is 450
=========================================================================
The algorithm continues iterating on the current plan to improve the plan
More optimal solution has obtained after 5000 iterations
Cost is 450
Exceeded max iterations!
Saving the generated plan (vector of points)


Total Execution time: 253.125000 seconds


IO time: 0.000000 seconds


Comm time: 5.750000 seconds


Computation time: 247.375000 seconds

 --------------------------------------------- End------------------------------------------------------


