World size: 500
World type: 1
Version: 3033
K: 5000
Number of cpus: 2
choose FOUR_OBS

===== Parallel version RRT*! =====

Starting RRT* Algorithm...
Pthread version...
First Viable Solution Obtained after 1594 iterations
Cost is 865.061
Saving the generated plan (vector of points)
=========================================================================
The algorithm continues iterating on the current plan to improve the plan
More optimal solution has obtained after 1602 iterations
Cost is 450
=========================================================================
The algorithm continues iterating on the current plan to improve the plan
More optimal solution has obtained after 5000 iterations
Cost is 450
Exceeded max iterations!
Saving the generated plan (vector of points)


Total Execution time: 224.125000 seconds


IO time: 0.000000 seconds


Comm time: 3.000000 seconds


Computation time: 221.125000 seconds

 --------------------------------------------- End------------------------------------------------------


