World size: 500
World type: 3
Version: 413
K: 8000
Number of cpus: 4
choose Maze

===== Parallel version RRT*! =====

Starting RRT* Algorithm...
Pthread version...
First Viable Solution Obtained after 594 iterations
Cost is 786.195
Saving the generated plan (vector of points)
=========================================================================
The algorithm continues iterating on the current plan to improve the plan
More optimal solution has obtained after 799 iterations
Cost is 786.174
=========================================================================
The algorithm continues iterating on the current plan to improve the plan
More optimal solution has obtained after 857 iterations
Cost is 785.801
=========================================================================
The algorithm continues iterating on the current plan to improve the plan
More optimal solution has obtained after 896 iterations
Cost is 782.714
=========================================================================
The algorithm continues iterating on the current plan to improve the plan
More optimal solution has obtained after 1116 iterations
Cost is 782.703
=========================================================================
The algorithm continues iterating on the current plan to improve the plan
More optimal solution has obtained after 1166 iterations
Cost is 776.361
=========================================================================
The algorithm continues iterating on the current plan to improve the plan
More optimal solution has obtained after 1187 iterations
Cost is 774.284
=========================================================================
The algorithm continues iterating on the current plan to improve the plan
More optimal solution has obtained after 1256 iterations
Cost is 773.206
=========================================================================
The algorithm continues iterating on the current plan to improve the plan
More optimal solution has obtained after 1270 iterations
Cost is 771.755
=========================================================================
The algorithm continues iterating on the current plan to improve the plan
More optimal solution has obtained after 1297 iterations
Cost is 769.384
=========================================================================
The algorithm continues iterating on the current plan to improve the plan
More optimal solution has obtained after 1299 iterations
Cost is 766.688
=========================================================================
The algorithm continues iterating on the current plan to improve the plan
More optimal solution has obtained after 1423 iterations
Cost is 765.99
=========================================================================
The algorithm continues iterating on the current plan to improve the plan
More optimal solution has obtained after 1495 iterations
Cost is 765.895
=========================================================================
The algorithm continues iterating on the current plan to improve the plan
More optimal solution has obtained after 1595 iterations
Cost is 754.42
=========================================================================
The algorithm continues iterating on the current plan to improve the plan
More optimal solution has obtained after 1704 iterations
Cost is 754.006
=========================================================================
The algorithm continues iterating on the current plan to improve the plan
More optimal solution has obtained after 1745 iterations
Cost is 748.751
=========================================================================
The algorithm continues iterating on the current plan to improve the plan
More optimal solution has obtained after 2026 iterations
Cost is 748.709
=========================================================================
The algorithm continues iterating on the current plan to improve the plan
More optimal solution has obtained after 2088 iterations
Cost is 748.001
=========================================================================
The algorithm continues iterating on the current plan to improve the plan
More optimal solution has obtained after 2218 iterations
Cost is 746.29
=========================================================================
The algorithm continues iterating on the current plan to improve the plan
More optimal solution has obtained after 2254 iterations
Cost is 745.392
=========================================================================
The algorithm continues iterating on the current plan to improve the plan
More optimal solution has obtained after 2265 iterations
Cost is 744.272
=========================================================================
The algorithm continues iterating on the current plan to improve the plan
More optimal solution has obtained after 2267 iterations
Cost is 744.264
=========================================================================
The algorithm continues iterating on the current plan to improve the plan
More optimal solution has obtained after 2313 iterations
Cost is 743.955
=========================================================================
The algorithm continues iterating on the current plan to improve the plan
More optimal solution has obtained after 2355 iterations
Cost is 743.499
=========================================================================
The algorithm continues iterating on the current plan to improve the plan
More optimal solution has obtained after 2369 iterations
Cost is 742.293
=========================================================================
The algorithm continues iterating on the current plan to improve the plan
More optimal solution has obtained after 2411 iterations
Cost is 741.295
=========================================================================
The algorithm continues iterating on the current plan to improve the plan
More optimal solution has obtained after 2429 iterations
Cost is 738.786
=========================================================================
The algorithm continues iterating on the current plan to improve the plan
More optimal solution has obtained after 2456 iterations
Cost is 738.347
=========================================================================
The algorithm continues iterating on the current plan to improve the plan
More optimal solution has obtained after 2623 iterations
Cost is 738.038
=========================================================================
The algorithm continues iterating on the current plan to improve the plan
More optimal solution has obtained after 2648 iterations
Cost is 737.04
=========================================================================
The algorithm continues iterating on the current plan to improve the plan
More optimal solution has obtained after 2900 iterations
Cost is 736.13
=========================================================================
The algorithm continues iterating on the current plan to improve the plan
More optimal solution has obtained after 3021 iterations
Cost is 735.573
=========================================================================
The algorithm continues iterating on the current plan to improve the plan
More optimal solution has obtained after 3037 iterations
Cost is 735.557
=========================================================================
The algorithm continues iterating on the current plan to improve the plan
More optimal solution has obtained after 3127 iterations
Cost is 729.344
=========================================================================
The algorithm continues iterating on the current plan to improve the plan
More optimal solution has obtained after 3184 iterations
Cost is 727.412
=========================================================================
The algorithm continues iterating on the current plan to improve the plan
More optimal solution has obtained after 3190 iterations
Cost is 727.39
=========================================================================
The algorithm continues iterating on the current plan to improve the plan
More optimal solution has obtained after 3208 iterations
Cost is 725.982
=========================================================================
The algorithm continues iterating on the current plan to improve the plan
More optimal solution has obtained after 3353 iterations
Cost is 725.932
=========================================================================
The algorithm continues iterating on the current plan to improve the plan
More optimal solution has obtained after 3520 iterations
Cost is 724.454
=========================================================================
The algorithm continues iterating on the current plan to improve the plan
More optimal solution has obtained after 3734 iterations
Cost is 721.929
=========================================================================
The algorithm continues iterating on the current plan to improve the plan
More optimal solution has obtained after 3762 iterations
Cost is 721.669
=========================================================================
The algorithm continues iterating on the current plan to improve the plan
More optimal solution has obtained after 3827 iterations
Cost is 721.441
=========================================================================
The algorithm continues iterating on the current plan to improve the plan
More optimal solution has obtained after 3897 iterations
Cost is 714.421
=========================================================================
The algorithm continues iterating on the current plan to improve the plan
More optimal solution has obtained after 4004 iterations
Cost is 713.786
=========================================================================
The algorithm continues iterating on the current plan to improve the plan
More optimal solution has obtained after 4029 iterations
Cost is 713.604
=========================================================================
The algorithm continues iterating on the current plan to improve the plan
More optimal solution has obtained after 4132 iterations
Cost is 713.521
=========================================================================
The algorithm continues iterating on the current plan to improve the plan
More optimal solution has obtained after 4436 iterations
Cost is 713.14
=========================================================================
The algorithm continues iterating on the current plan to improve the plan
More optimal solution has obtained after 4616 iterations
Cost is 711.714
=========================================================================
The algorithm continues iterating on the current plan to improve the plan
More optimal solution has obtained after 4632 iterations
Cost is 708.063
=========================================================================
The algorithm continues iterating on the current plan to improve the plan
More optimal solution has obtained after 4673 iterations
Cost is 707.556
=========================================================================
The algorithm continues iterating on the current plan to improve the plan
More optimal solution has obtained after 4842 iterations
Cost is 707.243
=========================================================================
The algorithm continues iterating on the current plan to improve the plan
More optimal solution has obtained after 4904 iterations
Cost is 707.189
=========================================================================
The algorithm continues iterating on the current plan to improve the plan
More optimal solution has obtained after 5193 iterations
Cost is 707.189
=========================================================================
The algorithm continues iterating on the current plan to improve the plan
More optimal solution has obtained after 5226 iterations
Cost is 706.664
=========================================================================
The algorithm continues iterating on the current plan to improve the plan
More optimal solution has obtained after 5728 iterations
Cost is 706.532
=========================================================================
The algorithm continues iterating on the current plan to improve the plan
More optimal solution has obtained after 5838 iterations
Cost is 701.905
=========================================================================
The algorithm continues iterating on the current plan to improve the plan
More optimal solution has obtained after 8000 iterations
Cost is 701.905
Exceeded max iterations!
Saving the generated plan (vector of points)


Execution time: 11.000000 seconds

 --------------------------------------------- End------------------------------------------------------


World size: 1000
World type: 3
Version: 414
K: 30000
Number of cpus: 4
choose Maze

===== Parallel version RRT*! =====

Starting RRT* Algorithm...
Pthread version...
First Viable Solution Obtained after 3414 iterations
Cost is 1601.82
Saving the generated plan (vector of points)
=========================================================================
The algorithm continues iterating on the current plan to improve the plan
More optimal solution has obtained after 4519 iterations
Cost is 1601.65
=========================================================================
The algorithm continues iterating on the current plan to improve the plan
More optimal solution has obtained after 4527 iterations
Cost is 1600.92
=========================================================================
The algorithm continues iterating on the current plan to improve the plan
More optimal solution has obtained after 4619 iterations
Cost is 1600.49
=========================================================================
The algorithm continues iterating on the current plan to improve the plan
More optimal solution has obtained after 4682 iterations
Cost is 1600.41
=========================================================================
The algorithm continues iterating on the current plan to improve the plan
More optimal solution has obtained after 4788 iterations
Cost is 1599.31
=========================================================================
The algorithm continues iterating on the current plan to improve the plan
More optimal solution has obtained after 4879 iterations
Cost is 1598.29
=========================================================================
The algorithm continues iterating on the current plan to improve the plan
More optimal solution has obtained after 5101 iterations
Cost is 1596.47
=========================================================================
The algorithm continues iterating on the current plan to improve the plan
More optimal solution has obtained after 5168 iterations
Cost is 1593.41
=========================================================================
The algorithm continues iterating on the current plan to improve the plan
More optimal solution has obtained after 5186 iterations
Cost is 1593.05
=========================================================================
The algorithm continues iterating on the current plan to improve the plan
More optimal solution has obtained after 5192 iterations
Cost is 1592.38
=========================================================================
The algorithm continues iterating on the current plan to improve the plan
More optimal solution has obtained after 5298 iterations
Cost is 1592.37
=========================================================================
The algorithm continues iterating on the current plan to improve the plan
More optimal solution has obtained after 5352 iterations
Cost is 1590.19
=========================================================================
The algorithm continues iterating on the current plan to improve the plan
More optimal solution has obtained after 5381 iterations
Cost is 1588.73
=========================================================================
The algorithm continues iterating on the current plan to improve the plan
More optimal solution has obtained after 5454 iterations
Cost is 1587.18
=========================================================================
The algorithm continues iterating on the current plan to improve the plan
More optimal solution has obtained after 5631 iterations
Cost is 1585.93
=========================================================================
The algorithm continues iterating on the current plan to improve the plan
More optimal solution has obtained after 5767 iterations
Cost is 1585.23
=========================================================================
The algorithm continues iterating on the current plan to improve the plan
More optimal solution has obtained after 5780 iterations
Cost is 1581.1
=========================================================================
The algorithm continues iterating on the current plan to improve the plan
More optimal solution has obtained after 5833 iterations
Cost is 1579.28
=========================================================================
The algorithm continues iterating on the current plan to improve the plan
More optimal solution has obtained after 5942 iterations
Cost is 1568.5
=========================================================================
The algorithm continues iterating on the current plan to improve the plan
More optimal solution has obtained after 5981 iterations
Cost is 1565.07
=========================================================================
The algorithm continues iterating on the current plan to improve the plan
More optimal solution has obtained after 5990 iterations
Cost is 1564.73
=========================================================================
The algorithm continues iterating on the current plan to improve the plan
More optimal solution has obtained after 6028 iterations
Cost is 1564.52
=========================================================================
The algorithm continues iterating on the current plan to improve the plan
More optimal solution has obtained after 6442 iterations
Cost is 1563.22
=========================================================================
The algorithm continues iterating on the current plan to improve the plan
More optimal solution has obtained after 6589 iterations
Cost is 1562.57
=========================================================================
The algorithm continues iterating on the current plan to improve the plan
More optimal solution has obtained after 6773 iterations
Cost is 1559.5
=========================================================================
The algorithm continues iterating on the current plan to improve the plan
More optimal solution has obtained after 6884 iterations
Cost is 1556.13
=========================================================================
The algorithm continues iterating on the current plan to improve the plan
More optimal solution has obtained after 7013 iterations
Cost is 1548
=========================================================================
The algorithm continues iterating on the current plan to improve the plan
More optimal solution has obtained after 7016 iterations
Cost is 1545.94
=========================================================================
The algorithm continues iterating on the current plan to improve the plan
More optimal solution has obtained after 7019 iterations
Cost is 1545.25
=========================================================================
The algorithm continues iterating on the current plan to improve the plan
More optimal solution has obtained after 7225 iterations
Cost is 1544.88
=========================================================================
The algorithm continues iterating on the current plan to improve the plan
More optimal solution has obtained after 7270 iterations
Cost is 1544.68
=========================================================================
The algorithm continues iterating on the current plan to improve the plan
More optimal solution has obtained after 7711 iterations
Cost is 1543.49
=========================================================================
The algorithm continues iterating on the current plan to improve the plan
More optimal solution has obtained after 7740 iterations
Cost is 1542.97
=========================================================================
The algorithm continues iterating on the current plan to improve the plan
More optimal solution has obtained after 7986 iterations
Cost is 1542.63
=========================================================================
The algorithm continues iterating on the current plan to improve the plan
More optimal solution has obtained after 8018 iterations
Cost is 1542.36
=========================================================================
The algorithm continues iterating on the current plan to improve the plan
More optimal solution has obtained after 8058 iterations
Cost is 1542.32
=========================================================================
The algorithm continues iterating on the current plan to improve the plan
More optimal solution has obtained after 8118 iterations
Cost is 1542.28
=========================================================================
The algorithm continues iterating on the current plan to improve the plan
More optimal solution has obtained after 8123 iterations
Cost is 1542.16
=========================================================================
The algorithm continues iterating on the current plan to improve the plan
More optimal solution has obtained after 8333 iterations
Cost is 1541.12
=========================================================================
The algorithm continues iterating on the current plan to improve the plan
More optimal solution has obtained after 8522 iterations
Cost is 1540.08
=========================================================================
The algorithm continues iterating on the current plan to improve the plan
More optimal solution has obtained after 8527 iterations
Cost is 1539.71
=========================================================================
The algorithm continues iterating on the current plan to improve the plan
More optimal solution has obtained after 8556 iterations
Cost is 1539.61
=========================================================================
The algorithm continues iterating on the current plan to improve the plan
More optimal solution has obtained after 8722 iterations
Cost is 1539.38
=========================================================================
The algorithm continues iterating on the current plan to improve the plan
More optimal solution has obtained after 9378 iterations
Cost is 1538.87
=========================================================================
The algorithm continues iterating on the current plan to improve the plan
More optimal solution has obtained after 9380 iterations
Cost is 1533.39
=========================================================================
The algorithm continues iterating on the current plan to improve the plan
More optimal solution has obtained after 10060 iterations
Cost is 1531.84
=========================================================================
The algorithm continues iterating on the current plan to improve the plan
More optimal solution has obtained after 10109 iterations
Cost is 1528.37
=========================================================================
The algorithm continues iterating on the current plan to improve the plan
More optimal solution has obtained after 10230 iterations
Cost is 1528.37
=========================================================================
The algorithm continues iterating on the current plan to improve the plan
More optimal solution has obtained after 10558 iterations
Cost is 1527.87
=========================================================================
The algorithm continues iterating on the current plan to improve the plan
More optimal solution has obtained after 10589 iterations
Cost is 1527.65
=========================================================================
The algorithm continues iterating on the current plan to improve the plan
More optimal solution has obtained after 10868 iterations
Cost is 1526.35
=========================================================================
The algorithm continues iterating on the current plan to improve the plan
More optimal solution has obtained after 11416 iterations
Cost is 1525.86
=========================================================================
The algorithm continues iterating on the current plan to improve the plan
More optimal solution has obtained after 11430 iterations
Cost is 1525.83
=========================================================================
The algorithm continues iterating on the current plan to improve the plan
More optimal solution has obtained after 11850 iterations
Cost is 1525.56
=========================================================================
The algorithm continues iterating on the current plan to improve the plan
More optimal solution has obtained after 11875 iterations
Cost is 1525.12
=========================================================================
The algorithm continues iterating on the current plan to improve the plan
More optimal solution has obtained after 12196 iterations
Cost is 1524.6
=========================================================================
The algorithm continues iterating on the current plan to improve the plan
More optimal solution has obtained after 12269 iterations
Cost is 1524.5
=========================================================================
The algorithm continues iterating on the current plan to improve the plan
More optimal solution has obtained after 12291 iterations
Cost is 1521.28
=========================================================================
The algorithm continues iterating on the current plan to improve the plan
More optimal solution has obtained after 12297 iterations
Cost is 1519.13
=========================================================================
The algorithm continues iterating on the current plan to improve the plan
More optimal solution has obtained after 12682 iterations
Cost is 1517.15
=========================================================================
The algorithm continues iterating on the current plan to improve the plan
More optimal solution has obtained after 13510 iterations
Cost is 1513.94
=========================================================================
The algorithm continues iterating on the current plan to improve the plan
More optimal solution has obtained after 13560 iterations
Cost is 1510.48
=========================================================================
The algorithm continues iterating on the current plan to improve the plan
More optimal solution has obtained after 13640 iterations
Cost is 1504.31
=========================================================================
The algorithm continues iterating on the current plan to improve the plan
More optimal solution has obtained after 13665 iterations
Cost is 1503.02
=========================================================================
The algorithm continues iterating on the current plan to improve the plan
More optimal solution has obtained after 13786 iterations
Cost is 1502.81
=========================================================================
The algorithm continues iterating on the current plan to improve the plan
More optimal solution has obtained after 13845 iterations
Cost is 1502.7
=========================================================================
The algorithm continues iterating on the current plan to improve the plan
More optimal solution has obtained after 14128 iterations
Cost is 1502.09
=========================================================================
The algorithm continues iterating on the current plan to improve the plan
More optimal solution has obtained after 14169 iterations
Cost is 1500.5
=========================================================================
The algorithm continues iterating on the current plan to improve the plan
More optimal solution has obtained after 14332 iterations
Cost is 1496.13
=========================================================================
The algorithm continues iterating on the current plan to improve the plan
More optimal solution has obtained after 14340 iterations
Cost is 1495.04
=========================================================================
The algorithm continues iterating on the current plan to improve the plan
More optimal solution has obtained after 14440 iterations
Cost is 1493.8
=========================================================================
The algorithm continues iterating on the current plan to improve the plan
More optimal solution has obtained after 14695 iterations
Cost is 1470.94
=========================================================================
The algorithm continues iterating on the current plan to improve the plan
More optimal solution has obtained after 14783 iterations
Cost is 1469.34
=========================================================================
The algorithm continues iterating on the current plan to improve the plan
More optimal solution has obtained after 14804 iterations
Cost is 1469.08
=========================================================================
The algorithm continues iterating on the current plan to improve the plan
More optimal solution has obtained after 14844 iterations
Cost is 1468.92
=========================================================================
The algorithm continues iterating on the current plan to improve the plan
More optimal solution has obtained after 14945 iterations
Cost is 1466.29
=========================================================================
The algorithm continues iterating on the current plan to improve the plan
More optimal solution has obtained after 15127 iterations
Cost is 1465.61
=========================================================================
The algorithm continues iterating on the current plan to improve the plan
More optimal solution has obtained after 15282 iterations
Cost is 1465.44
=========================================================================
The algorithm continues iterating on the current plan to improve the plan
More optimal solution has obtained after 15610 iterations
Cost is 1464.9
=========================================================================
The algorithm continues iterating on the current plan to improve the plan
More optimal solution has obtained after 15737 iterations
Cost is 1462.45
=========================================================================
The algorithm continues iterating on the current plan to improve the plan
More optimal solution has obtained after 15833 iterations
Cost is 1462.04
=========================================================================
The algorithm continues iterating on the current plan to improve the plan
More optimal solution has obtained after 15848 iterations
Cost is 1460.6
=========================================================================
The algorithm continues iterating on the current plan to improve the plan
More optimal solution has obtained after 15899 iterations
Cost is 1459.83
=========================================================================
The algorithm continues iterating on the current plan to improve the plan
More optimal solution has obtained after 15905 iterations
Cost is 1459.26
=========================================================================
The algorithm continues iterating on the current plan to improve the plan
More optimal solution has obtained after 16419 iterations
Cost is 1456.8
=========================================================================
The algorithm continues iterating on the current plan to improve the plan
More optimal solution has obtained after 16492 iterations
Cost is 1456.63
=========================================================================
The algorithm continues iterating on the current plan to improve the plan
More optimal solution has obtained after 16499 iterations
Cost is 1456.1
=========================================================================
The algorithm continues iterating on the current plan to improve the plan
More optimal solution has obtained after 16731 iterations
Cost is 1451.71
=========================================================================
The algorithm continues iterating on the current plan to improve the plan
More optimal solution has obtained after 16741 iterations
Cost is 1451.12
=========================================================================
The algorithm continues iterating on the current plan to improve the plan
More optimal solution has obtained after 16924 iterations
Cost is 1450.25
=========================================================================
The algorithm continues iterating on the current plan to improve the plan
More optimal solution has obtained after 16944 iterations
Cost is 1449.33
=========================================================================
The algorithm continues iterating on the current plan to improve the plan
More optimal solution has obtained after 17462 iterations
Cost is 1448.07
=========================================================================
The algorithm continues iterating on the current plan to improve the plan
More optimal solution has obtained after 17465 iterations
Cost is 1448.05
=========================================================================
The algorithm continues iterating on the current plan to improve the plan
More optimal solution has obtained after 17538 iterations
Cost is 1447.76
=========================================================================
The algorithm continues iterating on the current plan to improve the plan
More optimal solution has obtained after 17605 iterations
Cost is 1447.63
=========================================================================
The algorithm continues iterating on the current plan to improve the plan
More optimal solution has obtained after 17689 iterations
Cost is 1447.36
=========================================================================
The algorithm continues iterating on the current plan to improve the plan
More optimal solution has obtained after 17850 iterations
Cost is 1446.9
=========================================================================
The algorithm continues iterating on the current plan to improve the plan
More optimal solution has obtained after 18031 iterations
Cost is 1444.27
=========================================================================
The algorithm continues iterating on the current plan to improve the plan
More optimal solution has obtained after 18543 iterations
Cost is 1444.19
=========================================================================
The algorithm continues iterating on the current plan to improve the plan
More optimal solution has obtained after 18720 iterations
Cost is 1444.15
=========================================================================
The algorithm continues iterating on the current plan to improve the plan
More optimal solution has obtained after 18901 iterations
Cost is 1443.62
=========================================================================
The algorithm continues iterating on the current plan to improve the plan
More optimal solution has obtained after 18939 iterations
Cost is 1443.19
=========================================================================
The algorithm continues iterating on the current plan to improve the plan
More optimal solution has obtained after 18942 iterations
Cost is 1442.68
=========================================================================
The algorithm continues iterating on the current plan to improve the plan
More optimal solution has obtained after 19322 iterations
Cost is 1442.62
=========================================================================
The algorithm continues iterating on the current plan to improve the plan
More optimal solution has obtained after 19721 iterations
Cost is 1442.42
=========================================================================
The algorithm continues iterating on the current plan to improve the plan
More optimal solution has obtained after 19790 iterations
Cost is 1442.39
=========================================================================
The algorithm continues iterating on the current plan to improve the plan
More optimal solution has obtained after 19934 iterations
Cost is 1441.48
=========================================================================
The algorithm continues iterating on the current plan to improve the plan
More optimal solution has obtained after 20125 iterations
Cost is 1441.4
=========================================================================
The algorithm continues iterating on the current plan to improve the plan
More optimal solution has obtained after 20176 iterations
Cost is 1441.06
=========================================================================
The algorithm continues iterating on the current plan to improve the plan
More optimal solution has obtained after 20177 iterations
Cost is 1440.8
=========================================================================
The algorithm continues iterating on the current plan to improve the plan
More optimal solution has obtained after 20213 iterations
Cost is 1439.71
=========================================================================
The algorithm continues iterating on the current plan to improve the plan
More optimal solution has obtained after 20304 iterations
Cost is 1439.45
=========================================================================
The algorithm continues iterating on the current plan to improve the plan
More optimal solution has obtained after 20334 iterations
Cost is 1439.45
=========================================================================
The algorithm continues iterating on the current plan to improve the plan
More optimal solution has obtained after 20400 iterations
Cost is 1437.59
=========================================================================
The algorithm continues iterating on the current plan to improve the plan
More optimal solution has obtained after 20461 iterations
Cost is 1437.12
=========================================================================
The algorithm continues iterating on the current plan to improve the plan
More optimal solution has obtained after 20587 iterations
Cost is 1436.83
=========================================================================
The algorithm continues iterating on the current plan to improve the plan
More optimal solution has obtained after 20702 iterations
Cost is 1433.7
=========================================================================
The algorithm continues iterating on the current plan to improve the plan
More optimal solution has obtained after 21614 iterations
Cost is 1433.38
=========================================================================
The algorithm continues iterating on the current plan to improve the plan
More optimal solution has obtained after 21965 iterations
Cost is 1433.26
=========================================================================
The algorithm continues iterating on the current plan to improve the plan
More optimal solution has obtained after 22171 iterations
Cost is 1433.06
=========================================================================
The algorithm continues iterating on the current plan to improve the plan
More optimal solution has obtained after 22402 iterations
Cost is 1427.77
=========================================================================
The algorithm continues iterating on the current plan to improve the plan
More optimal solution has obtained after 22468 iterations
Cost is 1426.74
=========================================================================
The algorithm continues iterating on the current plan to improve the plan
More optimal solution has obtained after 23136 iterations
Cost is 1426.39
=========================================================================
The algorithm continues iterating on the current plan to improve the plan
More optimal solution has obtained after 23711 iterations
Cost is 1425.82
=========================================================================
The algorithm continues iterating on the current plan to improve the plan
More optimal solution has obtained after 25218 iterations
Cost is 1425.38
=========================================================================
The algorithm continues iterating on the current plan to improve the plan
More optimal solution has obtained after 25418 iterations
Cost is 1425.23
=========================================================================
The algorithm continues iterating on the current plan to improve the plan
More optimal solution has obtained after 26032 iterations
Cost is 1423.83
=========================================================================
The algorithm continues iterating on the current plan to improve the plan
More optimal solution has obtained after 26563 iterations
Cost is 1423.75
=========================================================================
The algorithm continues iterating on the current plan to improve the plan
More optimal solution has obtained after 26662 iterations
Cost is 1423.4
=========================================================================
The algorithm continues iterating on the current plan to improve the plan
More optimal solution has obtained after 26691 iterations
Cost is 1423.16
=========================================================================
The algorithm continues iterating on the current plan to improve the plan
More optimal solution has obtained after 26865 iterations
Cost is 1422.69
=========================================================================
The algorithm continues iterating on the current plan to improve the plan
More optimal solution has obtained after 26972 iterations
Cost is 1422.28
=========================================================================
The algorithm continues iterating on the current plan to improve the plan
More optimal solution has obtained after 26990 iterations
Cost is 1422.14
=========================================================================
The algorithm continues iterating on the current plan to improve the plan
More optimal solution has obtained after 27402 iterations
Cost is 1422.11
=========================================================================
The algorithm continues iterating on the current plan to improve the plan
More optimal solution has obtained after 27670 iterations
Cost is 1421.73
=========================================================================
The algorithm continues iterating on the current plan to improve the plan
More optimal solution has obtained after 27752 iterations
Cost is 1421.6
=========================================================================
The algorithm continues iterating on the current plan to improve the plan
More optimal solution has obtained after 27794 iterations
Cost is 1421.4
=========================================================================
The algorithm continues iterating on the current plan to improve the plan
More optimal solution has obtained after 27920 iterations
Cost is 1421.02
=========================================================================
The algorithm continues iterating on the current plan to improve the plan
More optimal solution has obtained after 29096 iterations
Cost is 1420.89
=========================================================================
The algorithm continues iterating on the current plan to improve the plan
More optimal solution has obtained after 29289 iterations
Cost is 1420.26
=========================================================================
The algorithm continues iterating on the current plan to improve the plan
More optimal solution has obtained after 30000 iterations
Cost is 1420.26
Exceeded max iterations!
Saving the generated plan (vector of points)


Execution time: 228.125000 seconds

 --------------------------------------------- End------------------------------------------------------


World size: 1500
World type: 3
Version: 415
K: 40000
Number of cpus: 4
choose Maze

===== Parallel version RRT*! =====

Starting RRT* Algorithm...
Pthread version...
First Viable Solution Obtained after 15180 iterations
Cost is 2654.31
Saving the generated plan (vector of points)
=========================================================================
The algorithm continues iterating on the current plan to improve the plan
More optimal solution has obtained after 15239 iterations
Cost is 2653.95
=========================================================================
The algorithm continues iterating on the current plan to improve the plan
More optimal solution has obtained after 15515 iterations
Cost is 2653.86
=========================================================================
The algorithm continues iterating on the current plan to improve the plan
More optimal solution has obtained after 16045 iterations
Cost is 2644.79
=========================================================================
The algorithm continues iterating on the current plan to improve the plan
More optimal solution has obtained after 16145 iterations
Cost is 2644.46
=========================================================================
The algorithm continues iterating on the current plan to improve the plan
More optimal solution has obtained after 16204 iterations
Cost is 2644.36
=========================================================================
The algorithm continues iterating on the current plan to improve the plan
More optimal solution has obtained after 16493 iterations
Cost is 2643.92
=========================================================================
The algorithm continues iterating on the current plan to improve the plan
More optimal solution has obtained after 16927 iterations
Cost is 2641.95
=========================================================================
The algorithm continues iterating on the current plan to improve the plan
More optimal solution has obtained after 17150 iterations
Cost is 2641.5
=========================================================================
The algorithm continues iterating on the current plan to improve the plan
More optimal solution has obtained after 17168 iterations
Cost is 2641.47
=========================================================================
The algorithm continues iterating on the current plan to improve the plan
More optimal solution has obtained after 17425 iterations
Cost is 2640.29
=========================================================================
The algorithm continues iterating on the current plan to improve the plan
More optimal solution has obtained after 17463 iterations
Cost is 2637.8
=========================================================================
The algorithm continues iterating on the current plan to improve the plan
More optimal solution has obtained after 17739 iterations
Cost is 2636.39
=========================================================================
The algorithm continues iterating on the current plan to improve the plan
More optimal solution has obtained after 17905 iterations
Cost is 2632.9
=========================================================================
The algorithm continues iterating on the current plan to improve the plan
More optimal solution has obtained after 18412 iterations
Cost is 2632.37
=========================================================================
The algorithm continues iterating on the current plan to improve the plan
More optimal solution has obtained after 18803 iterations
Cost is 2631.79
=========================================================================
The algorithm continues iterating on the current plan to improve the plan
More optimal solution has obtained after 18869 iterations
Cost is 2629.52
=========================================================================
The algorithm continues iterating on the current plan to improve the plan
More optimal solution has obtained after 19132 iterations
Cost is 2629.42
=========================================================================
The algorithm continues iterating on the current plan to improve the plan
More optimal solution has obtained after 19313 iterations
Cost is 2626.39
=========================================================================
The algorithm continues iterating on the current plan to improve the plan
More optimal solution has obtained after 19894 iterations
Cost is 2604.27
=========================================================================
The algorithm continues iterating on the current plan to improve the plan
More optimal solution has obtained after 20192 iterations
Cost is 2603.53
=========================================================================
The algorithm continues iterating on the current plan to improve the plan
More optimal solution has obtained after 20309 iterations
Cost is 2602.96
=========================================================================
The algorithm continues iterating on the current plan to improve the plan
More optimal solution has obtained after 20351 iterations
Cost is 2602.88
=========================================================================
The algorithm continues iterating on the current plan to improve the plan
More optimal solution has obtained after 20360 iterations
Cost is 2601.79
=========================================================================
The algorithm continues iterating on the current plan to improve the plan
More optimal solution has obtained after 20461 iterations
Cost is 2594.85
=========================================================================
The algorithm continues iterating on the current plan to improve the plan
More optimal solution has obtained after 20809 iterations
Cost is 2575.03
=========================================================================
The algorithm continues iterating on the current plan to improve the plan
More optimal solution has obtained after 21093 iterations
Cost is 2572.39
=========================================================================
The algorithm continues iterating on the current plan to improve the plan
More optimal solution has obtained after 21623 iterations
Cost is 2514.44
=========================================================================
The algorithm continues iterating on the current plan to improve the plan
More optimal solution has obtained after 21689 iterations
Cost is 2514.38
=========================================================================
The algorithm continues iterating on the current plan to improve the plan
More optimal solution has obtained after 21976 iterations
Cost is 2512.47
=========================================================================
The algorithm continues iterating on the current plan to improve the plan
More optimal solution has obtained after 22005 iterations
Cost is 2511.14
=========================================================================
The algorithm continues iterating on the current plan to improve the plan
More optimal solution has obtained after 22065 iterations
Cost is 2509.67
=========================================================================
The algorithm continues iterating on the current plan to improve the plan
More optimal solution has obtained after 22220 iterations
Cost is 2491.69
=========================================================================
The algorithm continues iterating on the current plan to improve the plan
More optimal solution has obtained after 22235 iterations
Cost is 2491.13
=========================================================================
The algorithm continues iterating on the current plan to improve the plan
More optimal solution has obtained after 22471 iterations
Cost is 2487.12
=========================================================================
The algorithm continues iterating on the current plan to improve the plan
More optimal solution has obtained after 22565 iterations
Cost is 2486.61
=========================================================================
The algorithm continues iterating on the current plan to improve the plan
More optimal solution has obtained after 22595 iterations
Cost is 2486.18
=========================================================================
The algorithm continues iterating on the current plan to improve the plan
More optimal solution has obtained after 22693 iterations
Cost is 2486.12
=========================================================================
The algorithm continues iterating on the current plan to improve the plan
More optimal solution has obtained after 22958 iterations
Cost is 2486.07
=========================================================================
The algorithm continues iterating on the current plan to improve the plan
More optimal solution has obtained after 23204 iterations
Cost is 2484.64
=========================================================================
The algorithm continues iterating on the current plan to improve the plan
More optimal solution has obtained after 23554 iterations
Cost is 2478.56
=========================================================================
The algorithm continues iterating on the current plan to improve the plan
More optimal solution has obtained after 23657 iterations
Cost is 2473.81
=========================================================================
The algorithm continues iterating on the current plan to improve the plan
More optimal solution has obtained after 23691 iterations
Cost is 2436.24
=========================================================================
The algorithm continues iterating on the current plan to improve the plan
More optimal solution has obtained after 23741 iterations
Cost is 2417
=========================================================================
The algorithm continues iterating on the current plan to improve the plan
More optimal solution has obtained after 23764 iterations
Cost is 2416.12
=========================================================================
The algorithm continues iterating on the current plan to improve the plan
More optimal solution has obtained after 24086 iterations
Cost is 2415.76
=========================================================================
The algorithm continues iterating on the current plan to improve the plan
More optimal solution has obtained after 24180 iterations
Cost is 2415.75
=========================================================================
The algorithm continues iterating on the current plan to improve the plan
More optimal solution has obtained after 24440 iterations
Cost is 2415.7
=========================================================================
The algorithm continues iterating on the current plan to improve the plan
More optimal solution has obtained after 24467 iterations
Cost is 2414.23
=========================================================================
The algorithm continues iterating on the current plan to improve the plan
More optimal solution has obtained after 24587 iterations
Cost is 2413.29
=========================================================================
The algorithm continues iterating on the current plan to improve the plan
More optimal solution has obtained after 24871 iterations
Cost is 2405.74
=========================================================================
The algorithm continues iterating on the current plan to improve the plan
More optimal solution has obtained after 24885 iterations
Cost is 2405.34
=========================================================================
The algorithm continues iterating on the current plan to improve the plan
More optimal solution has obtained after 24965 iterations
Cost is 2399.6
=========================================================================
The algorithm continues iterating on the current plan to improve the plan
More optimal solution has obtained after 25135 iterations
Cost is 2399.6
=========================================================================
The algorithm continues iterating on the current plan to improve the plan
More optimal solution has obtained after 25138 iterations
Cost is 2399.44
=========================================================================
The algorithm continues iterating on the current plan to improve the plan
More optimal solution has obtained after 25139 iterations
Cost is 2398.75
=========================================================================
The algorithm continues iterating on the current plan to improve the plan
More optimal solution has obtained after 25246 iterations
Cost is 2398.45
=========================================================================
The algorithm continues iterating on the current plan to improve the plan
More optimal solution has obtained after 25496 iterations
Cost is 2398.02
=========================================================================
The algorithm continues iterating on the current plan to improve the plan
More optimal solution has obtained after 25706 iterations
Cost is 2397.99
=========================================================================
The algorithm continues iterating on the current plan to improve the plan
More optimal solution has obtained after 25874 iterations
Cost is 2397.38
=========================================================================
The algorithm continues iterating on the current plan to improve the plan
More optimal solution has obtained after 26154 iterations
Cost is 2394.66
=========================================================================
The algorithm continues iterating on the current plan to improve the plan
More optimal solution has obtained after 26189 iterations
Cost is 2308.94
=========================================================================
The algorithm continues iterating on the current plan to improve the plan
More optimal solution has obtained after 26293 iterations
Cost is 2308.74
=========================================================================
The algorithm continues iterating on the current plan to improve the plan
More optimal solution has obtained after 26507 iterations
Cost is 2303.29
=========================================================================
The algorithm continues iterating on the current plan to improve the plan
More optimal solution has obtained after 26611 iterations
Cost is 2302.8
=========================================================================
The algorithm continues iterating on the current plan to improve the plan
More optimal solution has obtained after 27309 iterations
Cost is 2302.61
=========================================================================
The algorithm continues iterating on the current plan to improve the plan
More optimal solution has obtained after 27434 iterations
Cost is 2300.03
=========================================================================
The algorithm continues iterating on the current plan to improve the plan
More optimal solution has obtained after 27488 iterations
Cost is 2286.63
=========================================================================
The algorithm continues iterating on the current plan to improve the plan
More optimal solution has obtained after 27497 iterations
Cost is 2285.99
=========================================================================
The algorithm continues iterating on the current plan to improve the plan
More optimal solution has obtained after 27599 iterations
Cost is 2285.06
=========================================================================
The algorithm continues iterating on the current plan to improve the plan
More optimal solution has obtained after 27899 iterations
Cost is 2279.13
=========================================================================
The algorithm continues iterating on the current plan to improve the plan
More optimal solution has obtained after 28566 iterations
Cost is 2279.11
=========================================================================
The algorithm continues iterating on the current plan to improve the plan
More optimal solution has obtained after 29569 iterations
Cost is 2278.87
=========================================================================
The algorithm continues iterating on the current plan to improve the plan
More optimal solution has obtained after 29789 iterations
Cost is 2277.01
=========================================================================
The algorithm continues iterating on the current plan to improve the plan
More optimal solution has obtained after 29896 iterations
Cost is 2271.72
=========================================================================
The algorithm continues iterating on the current plan to improve the plan
More optimal solution has obtained after 30403 iterations
Cost is 2270.04
=========================================================================
The algorithm continues iterating on the current plan to improve the plan
More optimal solution has obtained after 30899 iterations
Cost is 2269.73
=========================================================================
The algorithm continues iterating on the current plan to improve the plan
More optimal solution has obtained after 30998 iterations
Cost is 2267.95
=========================================================================
The algorithm continues iterating on the current plan to improve the plan
More optimal solution has obtained after 32188 iterations
Cost is 2267.58
=========================================================================
The algorithm continues iterating on the current plan to improve the plan
More optimal solution has obtained after 32228 iterations
Cost is 2264.86
=========================================================================
The algorithm continues iterating on the current plan to improve the plan
More optimal solution has obtained after 32964 iterations
Cost is 2264.5
=========================================================================
The algorithm continues iterating on the current plan to improve the plan
More optimal solution has obtained after 33041 iterations
Cost is 2264.12
=========================================================================
The algorithm continues iterating on the current plan to improve the plan
More optimal solution has obtained after 33187 iterations
Cost is 2263.87
=========================================================================
The algorithm continues iterating on the current plan to improve the plan
More optimal solution has obtained after 33190 iterations
Cost is 2263.5
=========================================================================
The algorithm continues iterating on the current plan to improve the plan
More optimal solution has obtained after 33491 iterations
Cost is 2263.11
=========================================================================
The algorithm continues iterating on the current plan to improve the plan
More optimal solution has obtained after 33776 iterations
Cost is 2261.33
=========================================================================
The algorithm continues iterating on the current plan to improve the plan
More optimal solution has obtained after 34084 iterations
Cost is 2258.39
=========================================================================
The algorithm continues iterating on the current plan to improve the plan
More optimal solution has obtained after 34135 iterations
Cost is 2254.44
=========================================================================
The algorithm continues iterating on the current plan to improve the plan
More optimal solution has obtained after 34324 iterations
Cost is 2254.16
=========================================================================
The algorithm continues iterating on the current plan to improve the plan
More optimal solution has obtained after 34751 iterations
Cost is 2252.42
=========================================================================
The algorithm continues iterating on the current plan to improve the plan
More optimal solution has obtained after 34792 iterations
Cost is 2250.3
=========================================================================
The algorithm continues iterating on the current plan to improve the plan
More optimal solution has obtained after 34824 iterations
Cost is 2249.58
=========================================================================
The algorithm continues iterating on the current plan to improve the plan
More optimal solution has obtained after 34906 iterations
Cost is 2249.56
=========================================================================
The algorithm continues iterating on the current plan to improve the plan
More optimal solution has obtained after 35495 iterations
Cost is 2249.5
=========================================================================
The algorithm continues iterating on the current plan to improve the plan
More optimal solution has obtained after 35707 iterations
Cost is 2248.33
=========================================================================
The algorithm continues iterating on the current plan to improve the plan
More optimal solution has obtained after 35854 iterations
Cost is 2247.72
=========================================================================
The algorithm continues iterating on the current plan to improve the plan
More optimal solution has obtained after 35863 iterations
Cost is 2239.69
=========================================================================
The algorithm continues iterating on the current plan to improve the plan
More optimal solution has obtained after 36212 iterations
Cost is 2239.22
=========================================================================
The algorithm continues iterating on the current plan to improve the plan
More optimal solution has obtained after 36396 iterations
Cost is 2236.89
=========================================================================
The algorithm continues iterating on the current plan to improve the plan
More optimal solution has obtained after 36516 iterations
Cost is 2229.14
=========================================================================
The algorithm continues iterating on the current plan to improve the plan
More optimal solution has obtained after 37317 iterations
Cost is 2229.03
=========================================================================
The algorithm continues iterating on the current plan to improve the plan
More optimal solution has obtained after 37620 iterations
Cost is 2228.76
=========================================================================
The algorithm continues iterating on the current plan to improve the plan
More optimal solution has obtained after 38193 iterations
Cost is 2228.75
=========================================================================
The algorithm continues iterating on the current plan to improve the plan
More optimal solution has obtained after 38367 iterations
Cost is 2221.97
=========================================================================
The algorithm continues iterating on the current plan to improve the plan
More optimal solution has obtained after 38419 iterations
Cost is 2221.89
=========================================================================
The algorithm continues iterating on the current plan to improve the plan
More optimal solution has obtained after 38441 iterations
Cost is 2219.82
=========================================================================
The algorithm continues iterating on the current plan to improve the plan
More optimal solution has obtained after 38506 iterations
Cost is 2218.63
=========================================================================
The algorithm continues iterating on the current plan to improve the plan
More optimal solution has obtained after 38517 iterations
Cost is 2215.25
=========================================================================
The algorithm continues iterating on the current plan to improve the plan
More optimal solution has obtained after 38618 iterations
Cost is 2215.14
=========================================================================
The algorithm continues iterating on the current plan to improve the plan
More optimal solution has obtained after 39090 iterations
Cost is 2214.98
=========================================================================
The algorithm continues iterating on the current plan to improve the plan
More optimal solution has obtained after 39123 iterations
Cost is 2214.06
=========================================================================
The algorithm continues iterating on the current plan to improve the plan
More optimal solution has obtained after 39730 iterations
Cost is 2213.88
=========================================================================
The algorithm continues iterating on the current plan to improve the plan
More optimal solution has obtained after 40000 iterations
Cost is 2213.88
Exceeded max iterations!
Saving the generated plan (vector of points)


Execution time: 419.375000 seconds

 --------------------------------------------- End------------------------------------------------------


World size: 3000
World type: 3
Version: 416
K: 60000
Number of cpus: 4
choose Maze

===== Parallel version RRT*! =====

Starting RRT* Algorithm...
slurmstepd: error: *** STEP 2813467.3 ON apollo32 CANCELLED AT 2021-01-12T16:39:59 DUE TO TIME LIMIT ***
srun: Job step aborted: Waiting up to 32 seconds for job step to finish.
slurmstepd: error: *** JOB 2813467 ON apollo32 CANCELLED AT 2021-01-12T16:39:59 DUE TO TIME LIMIT ***
srun: error: apollo32: task 0: Terminated
