World size: 500
World type: 1
Version: 605
K: 8000
Number of cpus: 4
choose FOUR_OBS

===== Parallel version RRT*! =====

Starting RRT* Algorithm...
Pthread version...
Exceeded max iterations!
Error: No solution found


Execution time: 602.625000 seconds

 --------------------------------------------- End------------------------------------------------------


World size: 1000
World type: 1
Version: 606
K: 30000
Number of cpus: 4
choose FOUR_OBS
Starting RRT* Algorithm...
First Viable Solution Obtained after 522 iterations
Cost is 1300.15
Saving the generated plan (vector of points)
=========================================================================
The algorithm continues iterating on the current plan to improve the plan
More optimal solution has obtained after 1796 iterations
Cost is 1299.45
=========================================================================
The algorithm continues iterating on the current plan to improve the plan
More optimal solution has obtained after 1857 iterations
Cost is 1299.03
=========================================================================
The algorithm continues iterating on the current plan to improve the plan
More optimal solution has obtained after 1942 iterations
Cost is 1298.26
=========================================================================
The algorithm continues iterating on the current plan to improve the plan
More optimal solution has obtained after 2015 iterations
Cost is 1297.35
=========================================================================
The algorithm continues iterating on the current plan to improve the plan
More optimal solution has obtained after 2182 iterations
Cost is 1296.45
=========================================================================
The algorithm continues iterating on the current plan to improve the plan
More optimal solution has obtained after 2441 iterations
Cost is 1296.36
=========================================================================
The algorithm continues iterating on the current plan to improve the plan
More optimal solution has obtained after 2932 iterations
Cost is 1296.01
=========================================================================
The algorithm continues iterating on the current plan to improve the plan
More optimal solution has obtained after 2987 iterations
Cost is 1294.74
=========================================================================
The algorithm continues iterating on the current plan to improve the plan
More optimal solution has obtained after 3154 iterations
Cost is 1293.44
=========================================================================
The algorithm continues iterating on the current plan to improve the plan
More optimal solution has obtained after 3168 iterations
Cost is 1291.21
=========================================================================
The algorithm continues iterating on the current plan to improve the plan
More optimal solution has obtained after 3276 iterations
Cost is 1290.51
=========================================================================
The algorithm continues iterating on the current plan to improve the plan
More optimal solution has obtained after 3549 iterations
Cost is 1290.16
=========================================================================
The algorithm continues iterating on the current plan to improve the plan
More optimal solution has obtained after 3574 iterations
Cost is 1287.86
=========================================================================
The algorithm continues iterating on the current plan to improve the plan
More optimal solution has obtained after 3592 iterations
Cost is 1285.94
=========================================================================
The algorithm continues iterating on the current plan to improve the plan
More optimal solution has obtained after 3745 iterations
Cost is 1285.09
=========================================================================
The algorithm continues iterating on the current plan to improve the plan
More optimal solution has obtained after 3955 iterations
Cost is 1284.97
=========================================================================
The algorithm continues iterating on the current plan to improve the plan
More optimal solution has obtained after 4062 iterations
Cost is 1284.96
=========================================================================
The algorithm continues iterating on the current plan to improve the plan
More optimal solution has obtained after 4227 iterations
Cost is 1284.96
=========================================================================
The algorithm continues iterating on the current plan to improve the plan
More optimal solution has obtained after 4231 iterations
Cost is 1282.26
=========================================================================
The algorithm continues iterating on the current plan to improve the plan
More optimal solution has obtained after 4476 iterations
Cost is 1279.64
=========================================================================
The algorithm continues iterating on the current plan to improve the plan
More optimal solution has obtained after 4545 iterations
Cost is 1279.15
=========================================================================
The algorithm continues iterating on the current plan to improve the plan
More optimal solution has obtained after 4782 iterations
Cost is 1278.32
=========================================================================
The algorithm continues iterating on the current plan to improve the plan
More optimal solution has obtained after 4819 iterations
Cost is 1275.29
=========================================================================
The algorithm continues iterating on the current plan to improve the plan
More optimal solution has obtained after 4925 iterations
Cost is 1274.94
=========================================================================
The algorithm continues iterating on the current plan to improve the plan
More optimal solution has obtained after 4928 iterations
Cost is 1272.5
=========================================================================
The algorithm continues iterating on the current plan to improve the plan
More optimal solution has obtained after 5012 iterations
Cost is 1272.01
=========================================================================
The algorithm continues iterating on the current plan to improve the plan
More optimal solution has obtained after 5404 iterations
Cost is 1264.47
=========================================================================
The algorithm continues iterating on the current plan to improve the plan
More optimal solution has obtained after 5452 iterations
Cost is 1263.97
=========================================================================
The algorithm continues iterating on the current plan to improve the plan
More optimal solution has obtained after 5475 iterations
Cost is 1262.96
=========================================================================
The algorithm continues iterating on the current plan to improve the plan
More optimal solution has obtained after 5628 iterations
Cost is 1260.84
=========================================================================
The algorithm continues iterating on the current plan to improve the plan
More optimal solution has obtained after 5837 iterations
Cost is 1260.36
=========================================================================
The algorithm continues iterating on the current plan to improve the plan
More optimal solution has obtained after 6010 iterations
Cost is 1258.69
=========================================================================
The algorithm continues iterating on the current plan to improve the plan
More optimal solution has obtained after 6058 iterations
Cost is 1258.64
=========================================================================
The algorithm continues iterating on the current plan to improve the plan
More optimal solution has obtained after 6077 iterations
Cost is 1258.04
=========================================================================
The algorithm continues iterating on the current plan to improve the plan
More optimal solution has obtained after 6466 iterations
Cost is 1253.93
=========================================================================
The algorithm continues iterating on the current plan to improve the plan
More optimal solution has obtained after 6675 iterations
Cost is 1246.46
=========================================================================
The algorithm continues iterating on the current plan to improve the plan
More optimal solution has obtained after 6727 iterations
Cost is 1245.93
=========================================================================
The algorithm continues iterating on the current plan to improve the plan
More optimal solution has obtained after 6939 iterations
Cost is 1242.59
=========================================================================
The algorithm continues iterating on the current plan to improve the plan
More optimal solution has obtained after 7255 iterations
Cost is 1242.08
=========================================================================
The algorithm continues iterating on the current plan to improve the plan
More optimal solution has obtained after 7527 iterations
Cost is 1237.98
=========================================================================
The algorithm continues iterating on the current plan to improve the plan
More optimal solution has obtained after 7532 iterations
Cost is 1237.97
=========================================================================
The algorithm continues iterating on the current plan to improve the plan
More optimal solution has obtained after 7827 iterations
Cost is 1234.99
=========================================================================
The algorithm continues iterating on the current plan to improve the plan
More optimal solution has obtained after 8242 iterations
Cost is 1228.26
=========================================================================
The algorithm continues iterating on the current plan to improve the plan
More optimal solution has obtained after 8298 iterations
Cost is 1221.83
=========================================================================
The algorithm continues iterating on the current plan to improve the plan
More optimal solution has obtained after 8971 iterations
Cost is 1221.83
=========================================================================
The algorithm continues iterating on the current plan to improve the plan
More optimal solution has obtained after 9152 iterations
Cost is 1220.17
=========================================================================
The algorithm continues iterating on the current plan to improve the plan
More optimal solution has obtained after 9495 iterations
Cost is 1219.67
=========================================================================
The algorithm continues iterating on the current plan to improve the plan
More optimal solution has obtained after 9815 iterations
Cost is 1219.66
=========================================================================
The algorithm continues iterating on the current plan to improve the plan
More optimal solution has obtained after 10495 iterations
Cost is 1219.57
=========================================================================
The algorithm continues iterating on the current plan to improve the plan
More optimal solution has obtained after 10930 iterations
Cost is 1217.33
=========================================================================
The algorithm continues iterating on the current plan to improve the plan
More optimal solution has obtained after 11980 iterations
Cost is 1214.95
=========================================================================
The algorithm continues iterating on the current plan to improve the plan
More optimal solution has obtained after 12088 iterations
Cost is 1213.49
=========================================================================
The algorithm continues iterating on the current plan to improve the plan
More optimal solution has obtained after 12849 iterations
Cost is 1208.1
=========================================================================
The algorithm continues iterating on the current plan to improve the plan
More optimal solution has obtained after 12881 iterations
Cost is 1208.09
=========================================================================
The algorithm continues iterating on the current plan to improve the plan
More optimal solution has obtained after 12979 iterations
Cost is 1204.77
=========================================================================
The algorithm continues iterating on the current plan to improve the plan
More optimal solution has obtained after 13096 iterations
Cost is 1204.74
=========================================================================
The algorithm continues iterating on the current plan to improve the plan
More optimal solution has obtained after 13097 iterations
Cost is 1204.25
=========================================================================
The algorithm continues iterating on the current plan to improve the plan
More optimal solution has obtained after 13273 iterations
Cost is 1202.99
=========================================================================
The algorithm continues iterating on the current plan to improve the plan
More optimal solution has obtained after 13480 iterations
Cost is 1201.97
=========================================================================
The algorithm continues iterating on the current plan to improve the plan
More optimal solution has obtained after 13514 iterations
Cost is 1201.92
=========================================================================
The algorithm continues iterating on the current plan to improve the plan
More optimal solution has obtained after 13539 iterations
Cost is 1200.99
=========================================================================
The algorithm continues iterating on the current plan to improve the plan
More optimal solution has obtained after 13559 iterations
Cost is 1196.94
=========================================================================
The algorithm continues iterating on the current plan to improve the plan
More optimal solution has obtained after 13715 iterations
Cost is 1195.04
=========================================================================
The algorithm continues iterating on the current plan to improve the plan
More optimal solution has obtained after 13821 iterations
Cost is 1194.21
=========================================================================
The algorithm continues iterating on the current plan to improve the plan
More optimal solution has obtained after 14133 iterations
Cost is 1192.28
=========================================================================
The algorithm continues iterating on the current plan to improve the plan
More optimal solution has obtained after 14216 iterations
Cost is 1192.26
=========================================================================
The algorithm continues iterating on the current plan to improve the plan
More optimal solution has obtained after 14400 iterations
Cost is 1192.15
=========================================================================
The algorithm continues iterating on the current plan to improve the plan
More optimal solution has obtained after 14911 iterations
Cost is 1192.08
=========================================================================
The algorithm continues iterating on the current plan to improve the plan
More optimal solution has obtained after 14954 iterations
Cost is 1192
=========================================================================
The algorithm continues iterating on the current plan to improve the plan
More optimal solution has obtained after 15085 iterations
Cost is 1191.29
=========================================================================
The algorithm continues iterating on the current plan to improve the plan
More optimal solution has obtained after 15337 iterations
Cost is 1191.25
=========================================================================
The algorithm continues iterating on the current plan to improve the plan
More optimal solution has obtained after 15479 iterations
Cost is 1190.63
=========================================================================
The algorithm continues iterating on the current plan to improve the plan
More optimal solution has obtained after 15501 iterations
Cost is 1189.51
=========================================================================
The algorithm continues iterating on the current plan to improve the plan
More optimal solution has obtained after 15567 iterations
Cost is 1189.37
=========================================================================
The algorithm continues iterating on the current plan to improve the plan
More optimal solution has obtained after 15617 iterations
Cost is 1189.05
=========================================================================
The algorithm continues iterating on the current plan to improve the plan
More optimal solution has obtained after 15953 iterations
Cost is 1187.42
=========================================================================
The algorithm continues iterating on the current plan to improve the plan
More optimal solution has obtained after 16361 iterations
Cost is 1186.67
=========================================================================
The algorithm continues iterating on the current plan to improve the plan
More optimal solution has obtained after 16897 iterations
Cost is 1186.56
=========================================================================
The algorithm continues iterating on the current plan to improve the plan
More optimal solution has obtained after 17339 iterations
Cost is 1185.89
=========================================================================
The algorithm continues iterating on the current plan to improve the plan
More optimal solution has obtained after 17549 iterations
Cost is 1185.04
=========================================================================
The algorithm continues iterating on the current plan to improve the plan
More optimal solution has obtained after 17818 iterations
Cost is 1184.85
=========================================================================
The algorithm continues iterating on the current plan to improve the plan
More optimal solution has obtained after 17988 iterations
Cost is 1182.81
=========================================================================
The algorithm continues iterating on the current plan to improve the plan
More optimal solution has obtained after 18710 iterations
Cost is 1181.44
=========================================================================
The algorithm continues iterating on the current plan to improve the plan
More optimal solution has obtained after 19040 iterations
Cost is 1181.11
=========================================================================
The algorithm continues iterating on the current plan to improve the plan
More optimal solution has obtained after 20088 iterations
Cost is 1180.77
=========================================================================
The algorithm continues iterating on the current plan to improve the plan
More optimal solution has obtained after 20226 iterations
Cost is 1180.47
=========================================================================
The algorithm continues iterating on the current plan to improve the plan
More optimal solution has obtained after 20797 iterations
Cost is 1180
=========================================================================
The algorithm continues iterating on the current plan to improve the plan
More optimal solution has obtained after 20799 iterations
Cost is 1179.89
=========================================================================
The algorithm continues iterating on the current plan to improve the plan
More optimal solution has obtained after 21844 iterations
Cost is 1179.88
=========================================================================
The algorithm continues iterating on the current plan to improve the plan
More optimal solution has obtained after 21858 iterations
Cost is 1179.66
=========================================================================
The algorithm continues iterating on the current plan to improve the plan
More optimal solution has obtained after 22278 iterations
Cost is 1179.66
=========================================================================
The algorithm continues iterating on the current plan to improve the plan
More optimal solution has obtained after 22626 iterations
Cost is 1179.63
=========================================================================
The algorithm continues iterating on the current plan to improve the plan
More optimal solution has obtained after 22707 iterations
Cost is 1179.59
=========================================================================
The algorithm continues iterating on the current plan to improve the plan
More optimal solution has obtained after 23176 iterations
Cost is 1171.35
=========================================================================
The algorithm continues iterating on the current plan to improve the plan
More optimal solution has obtained after 30000 iterations
Cost is 1171.35


Execution time: 106.875000 seconds

 --------------------------------------------- End------------------------------------------------------


World size: 1500
World type: 1
Version: 607
K: 40000
Number of cpus: 4
choose FOUR_OBS
Starting RRT* Algorithm...
First Viable Solution Obtained after 1075 iterations
Cost is 2061.55
Saving the generated plan (vector of points)
=========================================================================
The algorithm continues iterating on the current plan to improve the plan
More optimal solution has obtained after 2113 iterations
Cost is 2061.08
=========================================================================
The algorithm continues iterating on the current plan to improve the plan
More optimal solution has obtained after 2345 iterations
Cost is 2060.97
=========================================================================
The algorithm continues iterating on the current plan to improve the plan
More optimal solution has obtained after 2425 iterations
Cost is 2060.94
=========================================================================
The algorithm continues iterating on the current plan to improve the plan
More optimal solution has obtained after 2464 iterations
Cost is 2059.54
=========================================================================
The algorithm continues iterating on the current plan to improve the plan
More optimal solution has obtained after 2692 iterations
Cost is 2059.53
=========================================================================
The algorithm continues iterating on the current plan to improve the plan
More optimal solution has obtained after 3568 iterations
Cost is 2058.32
=========================================================================
The algorithm continues iterating on the current plan to improve the plan
More optimal solution has obtained after 3663 iterations
Cost is 2058.25
=========================================================================
The algorithm continues iterating on the current plan to improve the plan
More optimal solution has obtained after 3666 iterations
Cost is 2057.52
=========================================================================
The algorithm continues iterating on the current plan to improve the plan
More optimal solution has obtained after 3801 iterations
Cost is 2056.93
=========================================================================
The algorithm continues iterating on the current plan to improve the plan
More optimal solution has obtained after 3869 iterations
Cost is 2056.46
=========================================================================
The algorithm continues iterating on the current plan to improve the plan
More optimal solution has obtained after 3893 iterations
Cost is 2054
=========================================================================
The algorithm continues iterating on the current plan to improve the plan
More optimal solution has obtained after 4377 iterations
Cost is 2050.69
=========================================================================
The algorithm continues iterating on the current plan to improve the plan
More optimal solution has obtained after 4501 iterations
Cost is 2048.85
=========================================================================
The algorithm continues iterating on the current plan to improve the plan
More optimal solution has obtained after 4536 iterations
Cost is 2046.82
=========================================================================
The algorithm continues iterating on the current plan to improve the plan
More optimal solution has obtained after 4550 iterations
Cost is 2046.6
=========================================================================
The algorithm continues iterating on the current plan to improve the plan
More optimal solution has obtained after 4757 iterations
Cost is 2044.26
=========================================================================
The algorithm continues iterating on the current plan to improve the plan
More optimal solution has obtained after 5920 iterations
Cost is 2044.06
=========================================================================
The algorithm continues iterating on the current plan to improve the plan
More optimal solution has obtained after 5942 iterations
Cost is 2033.7
=========================================================================
The algorithm continues iterating on the current plan to improve the plan
More optimal solution has obtained after 6075 iterations
Cost is 2033.55
=========================================================================
The algorithm continues iterating on the current plan to improve the plan
More optimal solution has obtained after 7046 iterations
Cost is 2033.12
=========================================================================
The algorithm continues iterating on the current plan to improve the plan
More optimal solution has obtained after 7300 iterations
Cost is 2033.12
=========================================================================
The algorithm continues iterating on the current plan to improve the plan
More optimal solution has obtained after 7344 iterations
Cost is 2032.16
=========================================================================
The algorithm continues iterating on the current plan to improve the plan
More optimal solution has obtained after 7455 iterations
Cost is 2032.03
=========================================================================
The algorithm continues iterating on the current plan to improve the plan
More optimal solution has obtained after 7539 iterations
Cost is 2029.39
=========================================================================
The algorithm continues iterating on the current plan to improve the plan
More optimal solution has obtained after 7617 iterations
Cost is 2029.37
=========================================================================
The algorithm continues iterating on the current plan to improve the plan
More optimal solution has obtained after 7787 iterations
Cost is 2025.62
=========================================================================
The algorithm continues iterating on the current plan to improve the plan
More optimal solution has obtained after 7885 iterations
Cost is 2025.09
=========================================================================
The algorithm continues iterating on the current plan to improve the plan
More optimal solution has obtained after 8351 iterations
Cost is 2024.54
=========================================================================
The algorithm continues iterating on the current plan to improve the plan
More optimal solution has obtained after 8491 iterations
Cost is 2022.08
=========================================================================
The algorithm continues iterating on the current plan to improve the plan
More optimal solution has obtained after 8573 iterations
Cost is 2021.72
=========================================================================
The algorithm continues iterating on the current plan to improve the plan
More optimal solution has obtained after 8699 iterations
Cost is 2021.31
=========================================================================
The algorithm continues iterating on the current plan to improve the plan
More optimal solution has obtained after 8779 iterations
Cost is 2020.54
=========================================================================
The algorithm continues iterating on the current plan to improve the plan
More optimal solution has obtained after 8973 iterations
Cost is 2019.37
=========================================================================
The algorithm continues iterating on the current plan to improve the plan
More optimal solution has obtained after 9833 iterations
Cost is 2018.4
=========================================================================
The algorithm continues iterating on the current plan to improve the plan
More optimal solution has obtained after 10244 iterations
Cost is 2018.07
=========================================================================
The algorithm continues iterating on the current plan to improve the plan
More optimal solution has obtained after 10822 iterations
Cost is 2018.03
=========================================================================
The algorithm continues iterating on the current plan to improve the plan
More optimal solution has obtained after 11456 iterations
Cost is 2017.42
=========================================================================
The algorithm continues iterating on the current plan to improve the plan
More optimal solution has obtained after 11615 iterations
Cost is 2016.43
=========================================================================
The algorithm continues iterating on the current plan to improve the plan
More optimal solution has obtained after 11892 iterations
Cost is 2015.07
=========================================================================
The algorithm continues iterating on the current plan to improve the plan
More optimal solution has obtained after 12010 iterations
Cost is 2013.72
=========================================================================
The algorithm continues iterating on the current plan to improve the plan
More optimal solution has obtained after 12115 iterations
Cost is 2011.04
=========================================================================
The algorithm continues iterating on the current plan to improve the plan
More optimal solution has obtained after 13368 iterations
Cost is 2010.9
=========================================================================
The algorithm continues iterating on the current plan to improve the plan
More optimal solution has obtained after 13527 iterations
Cost is 2010.78
=========================================================================
The algorithm continues iterating on the current plan to improve the plan
More optimal solution has obtained after 13712 iterations
Cost is 2010.12
=========================================================================
The algorithm continues iterating on the current plan to improve the plan
More optimal solution has obtained after 13719 iterations
Cost is 2009.88
=========================================================================
The algorithm continues iterating on the current plan to improve the plan
More optimal solution has obtained after 13772 iterations
Cost is 2006.27
=========================================================================
The algorithm continues iterating on the current plan to improve the plan
More optimal solution has obtained after 13904 iterations
Cost is 2006.26
=========================================================================
The algorithm continues iterating on the current plan to improve the plan
More optimal solution has obtained after 13983 iterations
Cost is 2004.31
=========================================================================
The algorithm continues iterating on the current plan to improve the plan
More optimal solution has obtained after 14298 iterations
Cost is 2004.29
=========================================================================
The algorithm continues iterating on the current plan to improve the plan
More optimal solution has obtained after 14664 iterations
Cost is 2003.12
=========================================================================
The algorithm continues iterating on the current plan to improve the plan
More optimal solution has obtained after 14714 iterations
Cost is 2003.08
=========================================================================
The algorithm continues iterating on the current plan to improve the plan
More optimal solution has obtained after 14801 iterations
Cost is 2003.04
=========================================================================
The algorithm continues iterating on the current plan to improve the plan
More optimal solution has obtained after 14813 iterations
Cost is 2001.17
=========================================================================
The algorithm continues iterating on the current plan to improve the plan
More optimal solution has obtained after 14965 iterations
Cost is 2000.97
=========================================================================
The algorithm continues iterating on the current plan to improve the plan
More optimal solution has obtained after 15066 iterations
Cost is 2000.84
=========================================================================
The algorithm continues iterating on the current plan to improve the plan
More optimal solution has obtained after 15168 iterations
Cost is 1992.79
=========================================================================
The algorithm continues iterating on the current plan to improve the plan
More optimal solution has obtained after 15175 iterations
Cost is 1992.6
=========================================================================
The algorithm continues iterating on the current plan to improve the plan
More optimal solution has obtained after 15209 iterations
Cost is 1991.86
=========================================================================
The algorithm continues iterating on the current plan to improve the plan
More optimal solution has obtained after 15278 iterations
Cost is 1991.8
=========================================================================
The algorithm continues iterating on the current plan to improve the plan
More optimal solution has obtained after 15352 iterations
Cost is 1991.14
=========================================================================
The algorithm continues iterating on the current plan to improve the plan
More optimal solution has obtained after 17057 iterations
Cost is 1990.3
=========================================================================
The algorithm continues iterating on the current plan to improve the plan
More optimal solution has obtained after 17211 iterations
Cost is 1989.94
=========================================================================
The algorithm continues iterating on the current plan to improve the plan
More optimal solution has obtained after 17384 iterations
Cost is 1989.68
=========================================================================
The algorithm continues iterating on the current plan to improve the plan
srun: Job step aborted: Waiting up to 32 seconds for job step to finish.
slurmstepd: error: *** JOB 2813533 ON apollo33 CANCELLED AT 2021-01-12T17:43:00 DUE TO TIME LIMIT ***
slurmstepd: error: *** STEP 2813533.2 ON apollo33 CANCELLED AT 2021-01-12T17:43:00 DUE TO TIME LIMIT ***
srun: error: apollo33: task 0: Terminated
