World size: 1000
World type: 2
Version: 38
K: 50000
choose TWELVE_OBS
Starting RRT* Algorithm...
First Viable Solution Obtained after 4170 iterations
Cost is 1223.62
Saving the generated plan (vector of points)
=========================================================================
The algorithm continues iterating on the current plan to improve the plan
More optimal solution has obtained after 4307 iterations
Cost is 1222.53
=========================================================================
The algorithm continues iterating on the current plan to improve the plan
More optimal solution has obtained after 4441 iterations
Cost is 1222.39
=========================================================================
The algorithm continues iterating on the current plan to improve the plan
More optimal solution has obtained after 4463 iterations
Cost is 1215.13
=========================================================================
The algorithm continues iterating on the current plan to improve the plan
More optimal solution has obtained after 4678 iterations
Cost is 1214.8
=========================================================================
The algorithm continues iterating on the current plan to improve the plan
More optimal solution has obtained after 4894 iterations
Cost is 1214.66
=========================================================================
The algorithm continues iterating on the current plan to improve the plan
More optimal solution has obtained after 4906 iterations
Cost is 1213.69
=========================================================================
The algorithm continues iterating on the current plan to improve the plan
More optimal solution has obtained after 5065 iterations
Cost is 1212.68
=========================================================================
The algorithm continues iterating on the current plan to improve the plan
More optimal solution has obtained after 5215 iterations
Cost is 1210.74
=========================================================================
The algorithm continues iterating on the current plan to improve the plan
More optimal solution has obtained after 5260 iterations
Cost is 1208.98
=========================================================================
The algorithm continues iterating on the current plan to improve the plan
More optimal solution has obtained after 5380 iterations
Cost is 1208.95
=========================================================================
The algorithm continues iterating on the current plan to improve the plan
More optimal solution has obtained after 5550 iterations
Cost is 1208.04
=========================================================================
The algorithm continues iterating on the current plan to improve the plan
More optimal solution has obtained after 5736 iterations
Cost is 1205.47
=========================================================================
The algorithm continues iterating on the current plan to improve the plan
More optimal solution has obtained after 5931 iterations
Cost is 1205.4
=========================================================================
The algorithm continues iterating on the current plan to improve the plan
More optimal solution has obtained after 5989 iterations
Cost is 1204.1
=========================================================================
The algorithm continues iterating on the current plan to improve the plan
More optimal solution has obtained after 6120 iterations
Cost is 1203.38
=========================================================================
The algorithm continues iterating on the current plan to improve the plan
More optimal solution has obtained after 6189 iterations
Cost is 1202.94
=========================================================================
The algorithm continues iterating on the current plan to improve the plan
More optimal solution has obtained after 6294 iterations
Cost is 1201.19
=========================================================================
The algorithm continues iterating on the current plan to improve the plan
More optimal solution has obtained after 6371 iterations
Cost is 1198.98
=========================================================================
The algorithm continues iterating on the current plan to improve the plan
More optimal solution has obtained after 6442 iterations
Cost is 1179.65
=========================================================================
The algorithm continues iterating on the current plan to improve the plan
More optimal solution has obtained after 6768 iterations
Cost is 1179.64
=========================================================================
The algorithm continues iterating on the current plan to improve the plan
More optimal solution has obtained after 6936 iterations
Cost is 1176.03
=========================================================================
The algorithm continues iterating on the current plan to improve the plan
More optimal solution has obtained after 6953 iterations
Cost is 1175.14
=========================================================================
The algorithm continues iterating on the current plan to improve the plan
More optimal solution has obtained after 7083 iterations
Cost is 1174.72
=========================================================================
The algorithm continues iterating on the current plan to improve the plan
More optimal solution has obtained after 7120 iterations
Cost is 1168.84
=========================================================================
The algorithm continues iterating on the current plan to improve the plan
More optimal solution has obtained after 7320 iterations
Cost is 1165.2
=========================================================================
The algorithm continues iterating on the current plan to improve the plan
More optimal solution has obtained after 7608 iterations
Cost is 1144.28
=========================================================================
The algorithm continues iterating on the current plan to improve the plan
More optimal solution has obtained after 7891 iterations
Cost is 1102.83
=========================================================================
The algorithm continues iterating on the current plan to improve the plan
More optimal solution has obtained after 8223 iterations
Cost is 1100.62
=========================================================================
The algorithm continues iterating on the current plan to improve the plan
More optimal solution has obtained after 8231 iterations
Cost is 1098.8
=========================================================================
The algorithm continues iterating on the current plan to improve the plan
More optimal solution has obtained after 8363 iterations
Cost is 1098.77
=========================================================================
The algorithm continues iterating on the current plan to improve the plan
More optimal solution has obtained after 8454 iterations
Cost is 1090.65
=========================================================================
The algorithm continues iterating on the current plan to improve the plan
More optimal solution has obtained after 8489 iterations
Cost is 1090.62
=========================================================================
The algorithm continues iterating on the current plan to improve the plan
More optimal solution has obtained after 8727 iterations
Cost is 1089.15
=========================================================================
The algorithm continues iterating on the current plan to improve the plan
More optimal solution has obtained after 8773 iterations
Cost is 1065.24
=========================================================================
The algorithm continues iterating on the current plan to improve the plan
More optimal solution has obtained after 8861 iterations
Cost is 1065.15
=========================================================================
The algorithm continues iterating on the current plan to improve the plan
More optimal solution has obtained after 8939 iterations
Cost is 1062.29
=========================================================================
The algorithm continues iterating on the current plan to improve the plan
More optimal solution has obtained after 8954 iterations
Cost is 1049.21
=========================================================================
The algorithm continues iterating on the current plan to improve the plan
More optimal solution has obtained after 8989 iterations
Cost is 1048.62
=========================================================================
The algorithm continues iterating on the current plan to improve the plan
More optimal solution has obtained after 9036 iterations
Cost is 1048.46
=========================================================================
The algorithm continues iterating on the current plan to improve the plan
More optimal solution has obtained after 9120 iterations
Cost is 1045.98
=========================================================================
The algorithm continues iterating on the current plan to improve the plan
More optimal solution has obtained after 9610 iterations
Cost is 1042.96
=========================================================================
The algorithm continues iterating on the current plan to improve the plan
More optimal solution has obtained after 9784 iterations
Cost is 1042.62
=========================================================================
The algorithm continues iterating on the current plan to improve the plan
More optimal solution has obtained after 9785 iterations
Cost is 1042.44
=========================================================================
The algorithm continues iterating on the current plan to improve the plan
More optimal solution has obtained after 9791 iterations
Cost is 1035.73
=========================================================================
The algorithm continues iterating on the current plan to improve the plan
More optimal solution has obtained after 9847 iterations
Cost is 1033.38
=========================================================================
The algorithm continues iterating on the current plan to improve the plan
More optimal solution has obtained after 9905 iterations
Cost is 1014.44
=========================================================================
The algorithm continues iterating on the current plan to improve the plan
More optimal solution has obtained after 9908 iterations
Cost is 1013.44
=========================================================================
The algorithm continues iterating on the current plan to improve the plan
More optimal solution has obtained after 9985 iterations
Cost is 1012.5
=========================================================================
The algorithm continues iterating on the current plan to improve the plan
More optimal solution has obtained after 10083 iterations
Cost is 1009.88
=========================================================================
The algorithm continues iterating on the current plan to improve the plan
More optimal solution has obtained after 10293 iterations
Cost is 1009.27
=========================================================================
The algorithm continues iterating on the current plan to improve the plan
More optimal solution has obtained after 10341 iterations
Cost is 1008.64
=========================================================================
The algorithm continues iterating on the current plan to improve the plan
More optimal solution has obtained after 10379 iterations
Cost is 1008.45
=========================================================================
The algorithm continues iterating on the current plan to improve the plan
More optimal solution has obtained after 10482 iterations
Cost is 1000.91
=========================================================================
The algorithm continues iterating on the current plan to improve the plan
More optimal solution has obtained after 10583 iterations
Cost is 999.083
=========================================================================
The algorithm continues iterating on the current plan to improve the plan
More optimal solution has obtained after 10657 iterations
Cost is 982.627
=========================================================================
The algorithm continues iterating on the current plan to improve the plan
More optimal solution has obtained after 11029 iterations
Cost is 977.219
=========================================================================
The algorithm continues iterating on the current plan to improve the plan
More optimal solution has obtained after 11461 iterations
Cost is 969.705
=========================================================================
The algorithm continues iterating on the current plan to improve the plan
More optimal solution has obtained after 11764 iterations
Cost is 968.866
=========================================================================
The algorithm continues iterating on the current plan to improve the plan
More optimal solution has obtained after 11792 iterations
Cost is 968.318
=========================================================================
The algorithm continues iterating on the current plan to improve the plan
More optimal solution has obtained after 11828 iterations
Cost is 967.964
=========================================================================
The algorithm continues iterating on the current plan to improve the plan
More optimal solution has obtained after 12001 iterations
Cost is 967.768
=========================================================================
The algorithm continues iterating on the current plan to improve the plan
More optimal solution has obtained after 12103 iterations
Cost is 967.725
=========================================================================
The algorithm continues iterating on the current plan to improve the plan
More optimal solution has obtained after 12243 iterations
Cost is 966.507
=========================================================================
The algorithm continues iterating on the current plan to improve the plan
More optimal solution has obtained after 12365 iterations
Cost is 966.204
=========================================================================
The algorithm continues iterating on the current plan to improve the plan
More optimal solution has obtained after 12626 iterations
Cost is 966.202
=========================================================================
The algorithm continues iterating on the current plan to improve the plan
More optimal solution has obtained after 12628 iterations
Cost is 964.905
=========================================================================
The algorithm continues iterating on the current plan to improve the plan
More optimal solution has obtained after 12901 iterations
Cost is 964.846
=========================================================================
The algorithm continues iterating on the current plan to improve the plan
More optimal solution has obtained after 12922 iterations
Cost is 964.843
=========================================================================
The algorithm continues iterating on the current plan to improve the plan
More optimal solution has obtained after 13480 iterations
Cost is 964.521
=========================================================================
The algorithm continues iterating on the current plan to improve the plan
More optimal solution has obtained after 13583 iterations
Cost is 964.426
=========================================================================
The algorithm continues iterating on the current plan to improve the plan
More optimal solution has obtained after 13768 iterations
Cost is 959.064
=========================================================================
The algorithm continues iterating on the current plan to improve the plan
More optimal solution has obtained after 13788 iterations
Cost is 958.622
=========================================================================
The algorithm continues iterating on the current plan to improve the plan
More optimal solution has obtained after 14067 iterations
Cost is 957.791
=========================================================================
The algorithm continues iterating on the current plan to improve the plan
More optimal solution has obtained after 14291 iterations
Cost is 956.258
=========================================================================
The algorithm continues iterating on the current plan to improve the plan
More optimal solution has obtained after 15118 iterations
Cost is 955.437
=========================================================================
The algorithm continues iterating on the current plan to improve the plan
More optimal solution has obtained after 15312 iterations
Cost is 955.406
=========================================================================
The algorithm continues iterating on the current plan to improve the plan
More optimal solution has obtained after 15328 iterations
Cost is 955.283
=========================================================================
The algorithm continues iterating on the current plan to improve the plan
More optimal solution has obtained after 16072 iterations
Cost is 954.82
=========================================================================
The algorithm continues iterating on the current plan to improve the plan
More optimal solution has obtained after 16145 iterations
Cost is 954.408
=========================================================================
The algorithm continues iterating on the current plan to improve the plan
More optimal solution has obtained after 16353 iterations
Cost is 954.129
=========================================================================
The algorithm continues iterating on the current plan to improve the plan
More optimal solution has obtained after 16540 iterations
Cost is 953.592
=========================================================================
The algorithm continues iterating on the current plan to improve the plan
More optimal solution has obtained after 17207 iterations
Cost is 953.25
=========================================================================
The algorithm continues iterating on the current plan to improve the plan
More optimal solution has obtained after 17422 iterations
Cost is 951.952
=========================================================================
The algorithm continues iterating on the current plan to improve the plan
More optimal solution has obtained after 17856 iterations
Cost is 951.093
=========================================================================
The algorithm continues iterating on the current plan to improve the plan
More optimal solution has obtained after 17881 iterations
Cost is 950.81
=========================================================================
The algorithm continues iterating on the current plan to improve the plan
More optimal solution has obtained after 18620 iterations
Cost is 950.626
=========================================================================
The algorithm continues iterating on the current plan to improve the plan
More optimal solution has obtained after 18887 iterations
Cost is 950.492
=========================================================================
The algorithm continues iterating on the current plan to improve the plan
More optimal solution has obtained after 19095 iterations
Cost is 950.33
=========================================================================
The algorithm continues iterating on the current plan to improve the plan
More optimal solution has obtained after 19539 iterations
Cost is 950.079
=========================================================================
The algorithm continues iterating on the current plan to improve the plan
More optimal solution has obtained after 19978 iterations
Cost is 949.97
=========================================================================
The algorithm continues iterating on the current plan to improve the plan
More optimal solution has obtained after 21030 iterations
Cost is 949.673
=========================================================================
The algorithm continues iterating on the current plan to improve the plan
More optimal solution has obtained after 21240 iterations
Cost is 949.626
=========================================================================
The algorithm continues iterating on the current plan to improve the plan
More optimal solution has obtained after 21256 iterations
Cost is 949.535
=========================================================================
The algorithm continues iterating on the current plan to improve the plan
More optimal solution has obtained after 21287 iterations
Cost is 949.125
=========================================================================
The algorithm continues iterating on the current plan to improve the plan
More optimal solution has obtained after 22004 iterations
Cost is 948.885
=========================================================================
The algorithm continues iterating on the current plan to improve the plan
More optimal solution has obtained after 22028 iterations
Cost is 948.599
=========================================================================
The algorithm continues iterating on the current plan to improve the plan
More optimal solution has obtained after 23101 iterations
Cost is 948.536
=========================================================================
The algorithm continues iterating on the current plan to improve the plan
More optimal solution has obtained after 23585 iterations
Cost is 948.301
=========================================================================
The algorithm continues iterating on the current plan to improve the plan
More optimal solution has obtained after 23760 iterations
Cost is 948.138
=========================================================================
The algorithm continues iterating on the current plan to improve the plan
More optimal solution has obtained after 24520 iterations
Cost is 948.065
=========================================================================
The algorithm continues iterating on the current plan to improve the plan
More optimal solution has obtained after 29658 iterations
Cost is 947.232
=========================================================================
The algorithm continues iterating on the current plan to improve the plan
More optimal solution has obtained after 34561 iterations
Cost is 947.077
=========================================================================
The algorithm continues iterating on the current plan to improve the plan
More optimal solution has obtained after 35350 iterations
Cost is 947.073
=========================================================================
The algorithm continues iterating on the current plan to improve the plan
More optimal solution has obtained after 36014 iterations
Cost is 946.555
=========================================================================
The algorithm continues iterating on the current plan to improve the plan
More optimal solution has obtained after 36528 iterations
Cost is 946.425
=========================================================================
The algorithm continues iterating on the current plan to improve the plan
More optimal solution has obtained after 36958 iterations
Cost is 946.416
=========================================================================
The algorithm continues iterating on the current plan to improve the plan
More optimal solution has obtained after 37087 iterations
Cost is 946.359
=========================================================================
The algorithm continues iterating on the current plan to improve the plan
More optimal solution has obtained after 37218 iterations
Cost is 946.329
=========================================================================
The algorithm continues iterating on the current plan to improve the plan
More optimal solution has obtained after 37414 iterations
Cost is 946.302
=========================================================================
The algorithm continues iterating on the current plan to improve the plan
More optimal solution has obtained after 38349 iterations
Cost is 946.199
=========================================================================
The algorithm continues iterating on the current plan to improve the plan
More optimal solution has obtained after 40182 iterations
Cost is 946.146
=========================================================================
The algorithm continues iterating on the current plan to improve the plan
More optimal solution has obtained after 40310 iterations
Cost is 945.887
=========================================================================
The algorithm continues iterating on the current plan to improve the plan
More optimal solution has obtained after 41352 iterations
Cost is 945.785
=========================================================================
The algorithm continues iterating on the current plan to improve the plan
More optimal solution has obtained after 42797 iterations
Cost is 945.755
=========================================================================
The algorithm continues iterating on the current plan to improve the plan
More optimal solution has obtained after 43337 iterations
Cost is 945.732
=========================================================================
The algorithm continues iterating on the current plan to improve the plan
More optimal solution has obtained after 43398 iterations
Cost is 945.731
=========================================================================
The algorithm continues iterating on the current plan to improve the plan
More optimal solution has obtained after 43399 iterations
Cost is 945.696
=========================================================================
The algorithm continues iterating on the current plan to improve the plan
More optimal solution has obtained after 45834 iterations
Cost is 945.666
=========================================================================
The algorithm continues iterating on the current plan to improve the plan
More optimal solution has obtained after 46680 iterations
Cost is 945.629
=========================================================================
The algorithm continues iterating on the current plan to improve the plan
More optimal solution has obtained after 48185 iterations
Cost is 945.535
=========================================================================
The algorithm continues iterating on the current plan to improve the plan
More optimal solution has obtained after 48685 iterations
Cost is 945.516
=========================================================================
The algorithm continues iterating on the current plan to improve the plan
More optimal solution has obtained after 49429 iterations
Cost is 945.355
=========================================================================
The algorithm continues iterating on the current plan to improve the plan
More optimal solution has obtained after 49516 iterations
Cost is 945.353
=========================================================================
The algorithm continues iterating on the current plan to improve the plan
More optimal solution has obtained after 50000 iterations
Cost is 945.353
Exceeded max iterations!
Saving the generated plan (vector of points)
Execution time: 375.875000 seconds
