World size: 500
World type: 0
Version: 81
K: 8000
Number of cpus: 4
choose FREE_SPACE
Starting RRT* Algorithm...
First Viable Solution Obtained after 169 iterations
Cost is 351.66
Saving the generated plan (vector of points)
=========================================================================
The algorithm continues iterating on the current plan to improve the plan
More optimal solution has obtained after 1503 iterations
Cost is 351.01
=========================================================================
The algorithm continues iterating on the current plan to improve the plan
More optimal solution has obtained after 1906 iterations
Cost is 350.729
=========================================================================
The algorithm continues iterating on the current plan to improve the plan
More optimal solution has obtained after 2052 iterations
Cost is 349.8
=========================================================================
The algorithm continues iterating on the current plan to improve the plan
More optimal solution has obtained after 2085 iterations
Cost is 348.887
=========================================================================
The algorithm continues iterating on the current plan to improve the plan
More optimal solution has obtained after 2291 iterations
Cost is 348.101
=========================================================================
The algorithm continues iterating on the current plan to improve the plan
More optimal solution has obtained after 2310 iterations
Cost is 347.696
=========================================================================
The algorithm continues iterating on the current plan to improve the plan
More optimal solution has obtained after 2592 iterations
Cost is 347.574
=========================================================================
The algorithm continues iterating on the current plan to improve the plan
More optimal solution has obtained after 2603 iterations
Cost is 346.67
=========================================================================
The algorithm continues iterating on the current plan to improve the plan
More optimal solution has obtained after 2664 iterations
Cost is 340.366
=========================================================================
The algorithm continues iterating on the current plan to improve the plan
More optimal solution has obtained after 4735 iterations
Cost is 340.275
=========================================================================
The algorithm continues iterating on the current plan to improve the plan
More optimal solution has obtained after 4884 iterations
Cost is 340.16
=========================================================================
The algorithm continues iterating on the current plan to improve the plan
More optimal solution has obtained after 4920 iterations
Cost is 339.819
=========================================================================
The algorithm continues iterating on the current plan to improve the plan
More optimal solution has obtained after 4961 iterations
Cost is 339.803
=========================================================================
The algorithm continues iterating on the current plan to improve the plan
More optimal solution has obtained after 5362 iterations
Cost is 337.943
=========================================================================
The algorithm continues iterating on the current plan to improve the plan
More optimal solution has obtained after 6092 iterations
Cost is 333.032
=========================================================================
The algorithm continues iterating on the current plan to improve the plan
More optimal solution has obtained after 6172 iterations
Cost is 332.785
=========================================================================
The algorithm continues iterating on the current plan to improve the plan
More optimal solution has obtained after 6765 iterations
Cost is 332.353
=========================================================================
The algorithm continues iterating on the current plan to improve the plan
More optimal solution has obtained after 8000 iterations
Cost is 332.353


Execution time: 9.125000 seconds

 --------------------------------------------- End------------------------------------------------------


World size: 1000
World type: 0
Version: 82
K: 30000
Number of cpus: 4
choose FREE_SPACE
Starting RRT* Algorithm...
First Viable Solution Obtained after 503 iterations
Cost is 733.978
Saving the generated plan (vector of points)
=========================================================================
The algorithm continues iterating on the current plan to improve the plan
More optimal solution has obtained after 2145 iterations
Cost is 732.915
=========================================================================
The algorithm continues iterating on the current plan to improve the plan
More optimal solution has obtained after 2206 iterations
Cost is 732.902
=========================================================================
The algorithm continues iterating on the current plan to improve the plan
More optimal solution has obtained after 2220 iterations
Cost is 732.028
=========================================================================
The algorithm continues iterating on the current plan to improve the plan
More optimal solution has obtained after 2749 iterations
Cost is 729.384
=========================================================================
The algorithm continues iterating on the current plan to improve the plan
More optimal solution has obtained after 3394 iterations
Cost is 728.139
=========================================================================
The algorithm continues iterating on the current plan to improve the plan
More optimal solution has obtained after 3406 iterations
Cost is 727.727
=========================================================================
The algorithm continues iterating on the current plan to improve the plan
More optimal solution has obtained after 3951 iterations
Cost is 727.538
=========================================================================
The algorithm continues iterating on the current plan to improve the plan
More optimal solution has obtained after 3983 iterations
Cost is 719.63
=========================================================================
The algorithm continues iterating on the current plan to improve the plan
More optimal solution has obtained after 6832 iterations
Cost is 718.85
=========================================================================
The algorithm continues iterating on the current plan to improve the plan
More optimal solution has obtained after 6954 iterations
Cost is 717.435
=========================================================================
The algorithm continues iterating on the current plan to improve the plan
More optimal solution has obtained after 7117 iterations
Cost is 717.21
=========================================================================
The algorithm continues iterating on the current plan to improve the plan
More optimal solution has obtained after 7159 iterations
Cost is 715.752
=========================================================================
The algorithm continues iterating on the current plan to improve the plan
More optimal solution has obtained after 7291 iterations
Cost is 715.389
=========================================================================
The algorithm continues iterating on the current plan to improve the plan
More optimal solution has obtained after 7404 iterations
Cost is 710.838
=========================================================================
The algorithm continues iterating on the current plan to improve the plan
More optimal solution has obtained after 7451 iterations
Cost is 708.629
=========================================================================
The algorithm continues iterating on the current plan to improve the plan
More optimal solution has obtained after 7534 iterations
Cost is 705.617
=========================================================================
The algorithm continues iterating on the current plan to improve the plan
More optimal solution has obtained after 7716 iterations
Cost is 704.606
=========================================================================
The algorithm continues iterating on the current plan to improve the plan
More optimal solution has obtained after 8412 iterations
Cost is 704.543
=========================================================================
The algorithm continues iterating on the current plan to improve the plan
More optimal solution has obtained after 8658 iterations
Cost is 704.255
=========================================================================
The algorithm continues iterating on the current plan to improve the plan
More optimal solution has obtained after 8900 iterations
Cost is 702.983
=========================================================================
The algorithm continues iterating on the current plan to improve the plan
More optimal solution has obtained after 9000 iterations
Cost is 702.96
=========================================================================
The algorithm continues iterating on the current plan to improve the plan
More optimal solution has obtained after 9154 iterations
Cost is 702.855
=========================================================================
The algorithm continues iterating on the current plan to improve the plan
More optimal solution has obtained after 9385 iterations
Cost is 695.078
=========================================================================
The algorithm continues iterating on the current plan to improve the plan
More optimal solution has obtained after 21184 iterations
Cost is 693.567
=========================================================================
The algorithm continues iterating on the current plan to improve the plan
More optimal solution has obtained after 25774 iterations
Cost is 689.124
=========================================================================
The algorithm continues iterating on the current plan to improve the plan
More optimal solution has obtained after 30000 iterations
Cost is 689.124


Execution time: 123.125000 seconds

 --------------------------------------------- End------------------------------------------------------


