World size: 3000
World type: 2
Version: 92
K: 60000
Number of cpus: 4
choose TWELVE_OBS
Starting RRT* Algorithm...
First Viable Solution Obtained after 1630 iterations
Cost is 3212.34
Saving the generated plan (vector of points)
=========================================================================
The algorithm continues iterating on the current plan to improve the plan
More optimal solution has obtained after 2271 iterations
Cost is 3209.78
=========================================================================
The algorithm continues iterating on the current plan to improve the plan
More optimal solution has obtained after 2383 iterations
Cost is 3209.32
=========================================================================
The algorithm continues iterating on the current plan to improve the plan
More optimal solution has obtained after 3058 iterations
Cost is 3207.37
=========================================================================
The algorithm continues iterating on the current plan to improve the plan
More optimal solution has obtained after 4130 iterations
Cost is 3207.22
=========================================================================
The algorithm continues iterating on the current plan to improve the plan
More optimal solution has obtained after 4212 iterations
Cost is 3206.9
=========================================================================
The algorithm continues iterating on the current plan to improve the plan
More optimal solution has obtained after 4318 iterations
Cost is 3206.52
=========================================================================
The algorithm continues iterating on the current plan to improve the plan
More optimal solution has obtained after 5268 iterations
Cost is 3206.49
=========================================================================
The algorithm continues iterating on the current plan to improve the plan
More optimal solution has obtained after 7136 iterations
Cost is 3206.34
=========================================================================
The algorithm continues iterating on the current plan to improve the plan
More optimal solution has obtained after 7274 iterations
Cost is 3206.2
=========================================================================
The algorithm continues iterating on the current plan to improve the plan
More optimal solution has obtained after 7606 iterations
Cost is 3206.01
=========================================================================
The algorithm continues iterating on the current plan to improve the plan
More optimal solution has obtained after 9563 iterations
Cost is 3204.28
=========================================================================
The algorithm continues iterating on the current plan to improve the plan
More optimal solution has obtained after 11287 iterations
Cost is 3203.28
=========================================================================
The algorithm continues iterating on the current plan to improve the plan
More optimal solution has obtained after 13712 iterations
Cost is 3202.75
=========================================================================
The algorithm continues iterating on the current plan to improve the plan
More optimal solution has obtained after 13769 iterations
Cost is 3202.7
=========================================================================
The algorithm continues iterating on the current plan to improve the plan
More optimal solution has obtained after 15441 iterations
Cost is 3202.32
=========================================================================
The algorithm continues iterating on the current plan to improve the plan
More optimal solution has obtained after 15521 iterations
Cost is 3201.51
=========================================================================
The algorithm continues iterating on the current plan to improve the plan
More optimal solution has obtained after 15790 iterations
Cost is 3201.51
=========================================================================
The algorithm continues iterating on the current plan to improve the plan
More optimal solution has obtained after 16991 iterations
Cost is 3200.63
=========================================================================
The algorithm continues iterating on the current plan to improve the plan
More optimal solution has obtained after 18094 iterations
Cost is 3200.58
=========================================================================
The algorithm continues iterating on the current plan to improve the plan
More optimal solution has obtained after 18317 iterations
Cost is 3200.19
=========================================================================
The algorithm continues iterating on the current plan to improve the plan
More optimal solution has obtained after 20429 iterations
Cost is 3200.1
=========================================================================
The algorithm continues iterating on the current plan to improve the plan
More optimal solution has obtained after 21654 iterations
Cost is 3198.08
=========================================================================
The algorithm continues iterating on the current plan to improve the plan
More optimal solution has obtained after 22417 iterations
Cost is 3197.07
=========================================================================
The algorithm continues iterating on the current plan to improve the plan
More optimal solution has obtained after 25606 iterations
Cost is 3197.05
=========================================================================
The algorithm continues iterating on the current plan to improve the plan
More optimal solution has obtained after 25905 iterations
Cost is 3196.25
=========================================================================
The algorithm continues iterating on the current plan to improve the plan
More optimal solution has obtained after 26204 iterations
Cost is 3195.88
=========================================================================
The algorithm continues iterating on the current plan to improve the plan
More optimal solution has obtained after 26806 iterations
Cost is 3195.21
=========================================================================
The algorithm continues iterating on the current plan to improve the plan
More optimal solution has obtained after 27265 iterations
Cost is 3195.09
=========================================================================
The algorithm continues iterating on the current plan to improve the plan
More optimal solution has obtained after 28143 iterations
Cost is 3192.99
=========================================================================
The algorithm continues iterating on the current plan to improve the plan
More optimal solution has obtained after 28813 iterations
Cost is 3192.43
=========================================================================
The algorithm continues iterating on the current plan to improve the plan
More optimal solution has obtained after 29444 iterations
Cost is 3192.37
=========================================================================
The algorithm continues iterating on the current plan to improve the plan
More optimal solution has obtained after 30262 iterations
Cost is 3191.53
=========================================================================
The algorithm continues iterating on the current plan to improve the plan
More optimal solution has obtained after 30849 iterations
Cost is 3190.48
=========================================================================
The algorithm continues iterating on the current plan to improve the plan
More optimal solution has obtained after 31240 iterations
Cost is 3190.45
=========================================================================
The algorithm continues iterating on the current plan to improve the plan
More optimal solution has obtained after 31294 iterations
Cost is 3190.38
=========================================================================
The algorithm continues iterating on the current plan to improve the plan
More optimal solution has obtained after 31706 iterations
Cost is 3190.31
=========================================================================
The algorithm continues iterating on the current plan to improve the plan
More optimal solution has obtained after 31920 iterations
Cost is 3190.3
=========================================================================
The algorithm continues iterating on the current plan to improve the plan
More optimal solution has obtained after 33931 iterations
Cost is 3189.25
=========================================================================
The algorithm continues iterating on the current plan to improve the plan
More optimal solution has obtained after 34637 iterations
Cost is 3187.9
=========================================================================
The algorithm continues iterating on the current plan to improve the plan
More optimal solution has obtained after 36081 iterations
Cost is 3187.67
=========================================================================
The algorithm continues iterating on the current plan to improve the plan
More optimal solution has obtained after 38535 iterations
Cost is 3187.58
=========================================================================
The algorithm continues iterating on the current plan to improve the plan
More optimal solution has obtained after 39690 iterations
Cost is 3187.14
=========================================================================
The algorithm continues iterating on the current plan to improve the plan
More optimal solution has obtained after 40268 iterations
Cost is 3186.95
=========================================================================
The algorithm continues iterating on the current plan to improve the plan
More optimal solution has obtained after 40293 iterations
Cost is 3185.84
=========================================================================
The algorithm continues iterating on the current plan to improve the plan
More optimal solution has obtained after 40809 iterations
Cost is 3185.83
=========================================================================
The algorithm continues iterating on the current plan to improve the plan
More optimal solution has obtained after 41831 iterations
Cost is 3185.67
=========================================================================
The algorithm continues iterating on the current plan to improve the plan
More optimal solution has obtained after 42430 iterations
Cost is 3185.62
=========================================================================
The algorithm continues iterating on the current plan to improve the plan
More optimal solution has obtained after 42436 iterations
Cost is 3184.86
=========================================================================
The algorithm continues iterating on the current plan to improve the plan
More optimal solution has obtained after 42723 iterations
Cost is 3182.54
=========================================================================
The algorithm continues iterating on the current plan to improve the plan
More optimal solution has obtained after 42958 iterations
Cost is 3182.34
=========================================================================
The algorithm continues iterating on the current plan to improve the plan
More optimal solution has obtained after 44215 iterations
Cost is 3181.46
=========================================================================
The algorithm continues iterating on the current plan to improve the plan
More optimal solution has obtained after 44749 iterations
Cost is 3179.95
=========================================================================
The algorithm continues iterating on the current plan to improve the plan
More optimal solution has obtained after 45351 iterations
Cost is 3179.58
=========================================================================
The algorithm continues iterating on the current plan to improve the plan
More optimal solution has obtained after 45575 iterations
Cost is 3178.39
=========================================================================
The algorithm continues iterating on the current plan to improve the plan
More optimal solution has obtained after 48622 iterations
Cost is 3178.19
=========================================================================
The algorithm continues iterating on the current plan to improve the plan
More optimal solution has obtained after 48798 iterations
Cost is 3178.08
=========================================================================
The algorithm continues iterating on the current plan to improve the plan
More optimal solution has obtained after 53177 iterations
Cost is 3173.2
=========================================================================
The algorithm continues iterating on the current plan to improve the plan
More optimal solution has obtained after 53250 iterations
Cost is 3172.55
=========================================================================
The algorithm continues iterating on the current plan to improve the plan
More optimal solution has obtained after 55829 iterations
Cost is 3172.48
=========================================================================
The algorithm continues iterating on the current plan to improve the plan
More optimal solution has obtained after 56304 iterations
Cost is 3172.46
=========================================================================
The algorithm continues iterating on the current plan to improve the plan
More optimal solution has obtained after 57284 iterations
Cost is 3171.44
=========================================================================
The algorithm continues iterating on the current plan to improve the plan
More optimal solution has obtained after 58952 iterations
Cost is 3170.98
=========================================================================
The algorithm continues iterating on the current plan to improve the plan
More optimal solution has obtained after 59585 iterations
Cost is 3170.34
=========================================================================
The algorithm continues iterating on the current plan to improve the plan
More optimal solution has obtained after 59679 iterations
Cost is 3170.33
=========================================================================
The algorithm continues iterating on the current plan to improve the plan
More optimal solution has obtained after 60000 iterations
Cost is 3170.33


Total Execution time: 443.000000 seconds


IO time: 0.250000 seconds


Comm time: 0.000000 seconds


Computation time: 442.750000 seconds

 --------------------------------------------- End------------------------------------------------------


