World size: 1500
World type: 3
Version: 75
K: 50000
Number of cpus: 1
choose Maze
Starting RRT* Algorithm...
First Viable Solution Obtained after 13637 iterations
Cost is 2337.02
Saving the generated plan (vector of points)
=========================================================================
The algorithm continues iterating on the current plan to improve the plan
More optimal solution has obtained after 14622 iterations
Cost is 2335.77
=========================================================================
The algorithm continues iterating on the current plan to improve the plan
More optimal solution has obtained after 15081 iterations
Cost is 2335.73
=========================================================================
The algorithm continues iterating on the current plan to improve the plan
More optimal solution has obtained after 15309 iterations
Cost is 2335.47
=========================================================================
The algorithm continues iterating on the current plan to improve the plan
More optimal solution has obtained after 15711 iterations
Cost is 2335.32
=========================================================================
The algorithm continues iterating on the current plan to improve the plan
More optimal solution has obtained after 16077 iterations
Cost is 2335.08
=========================================================================
The algorithm continues iterating on the current plan to improve the plan
More optimal solution has obtained after 16450 iterations
Cost is 2334.33
=========================================================================
The algorithm continues iterating on the current plan to improve the plan
More optimal solution has obtained after 16560 iterations
Cost is 2334.3
=========================================================================
The algorithm continues iterating on the current plan to improve the plan
More optimal solution has obtained after 16681 iterations
Cost is 2333.75
=========================================================================
The algorithm continues iterating on the current plan to improve the plan
More optimal solution has obtained after 16897 iterations
Cost is 2333.24
=========================================================================
The algorithm continues iterating on the current plan to improve the plan
More optimal solution has obtained after 17055 iterations
Cost is 2333.05
=========================================================================
The algorithm continues iterating on the current plan to improve the plan
More optimal solution has obtained after 17670 iterations
Cost is 2333.02
=========================================================================
The algorithm continues iterating on the current plan to improve the plan
More optimal solution has obtained after 17856 iterations
Cost is 2332.78
=========================================================================
The algorithm continues iterating on the current plan to improve the plan
More optimal solution has obtained after 18269 iterations
Cost is 2331.58
=========================================================================
The algorithm continues iterating on the current plan to improve the plan
More optimal solution has obtained after 19006 iterations
Cost is 2329.5
=========================================================================
The algorithm continues iterating on the current plan to improve the plan
More optimal solution has obtained after 19243 iterations
Cost is 2328.24
=========================================================================
The algorithm continues iterating on the current plan to improve the plan
More optimal solution has obtained after 19628 iterations
Cost is 2326.5
=========================================================================
The algorithm continues iterating on the current plan to improve the plan
More optimal solution has obtained after 19659 iterations
Cost is 2326.32
=========================================================================
The algorithm continues iterating on the current plan to improve the plan
More optimal solution has obtained after 20380 iterations
Cost is 2322.69
=========================================================================
The algorithm continues iterating on the current plan to improve the plan
More optimal solution has obtained after 20555 iterations
Cost is 2322.55
=========================================================================
The algorithm continues iterating on the current plan to improve the plan
More optimal solution has obtained after 20559 iterations
Cost is 2322.03
=========================================================================
The algorithm continues iterating on the current plan to improve the plan
More optimal solution has obtained after 20648 iterations
Cost is 2319.95
=========================================================================
The algorithm continues iterating on the current plan to improve the plan
More optimal solution has obtained after 20655 iterations
Cost is 2315.55
=========================================================================
The algorithm continues iterating on the current plan to improve the plan
More optimal solution has obtained after 20701 iterations
Cost is 2314.5
=========================================================================
The algorithm continues iterating on the current plan to improve the plan
More optimal solution has obtained after 20765 iterations
Cost is 2314.14
=========================================================================
The algorithm continues iterating on the current plan to improve the plan
More optimal solution has obtained after 20888 iterations
Cost is 2313.98
=========================================================================
The algorithm continues iterating on the current plan to improve the plan
More optimal solution has obtained after 21415 iterations
Cost is 2309.49
=========================================================================
The algorithm continues iterating on the current plan to improve the plan
More optimal solution has obtained after 22398 iterations
Cost is 2309.35
=========================================================================
The algorithm continues iterating on the current plan to improve the plan
More optimal solution has obtained after 22411 iterations
Cost is 2308.09
=========================================================================
The algorithm continues iterating on the current plan to improve the plan
More optimal solution has obtained after 22491 iterations
Cost is 2305.8
=========================================================================
The algorithm continues iterating on the current plan to improve the plan
More optimal solution has obtained after 22653 iterations
Cost is 2304.01
=========================================================================
The algorithm continues iterating on the current plan to improve the plan
More optimal solution has obtained after 22956 iterations
Cost is 2302.66
=========================================================================
The algorithm continues iterating on the current plan to improve the plan
More optimal solution has obtained after 23006 iterations
Cost is 2300.26
=========================================================================
The algorithm continues iterating on the current plan to improve the plan
More optimal solution has obtained after 23462 iterations
Cost is 2299.63
=========================================================================
The algorithm continues iterating on the current plan to improve the plan
More optimal solution has obtained after 23489 iterations
Cost is 2298.62
=========================================================================
The algorithm continues iterating on the current plan to improve the plan
More optimal solution has obtained after 23991 iterations
Cost is 2297.88
=========================================================================
The algorithm continues iterating on the current plan to improve the plan
More optimal solution has obtained after 24195 iterations
Cost is 2297.48
=========================================================================
The algorithm continues iterating on the current plan to improve the plan
More optimal solution has obtained after 24327 iterations
Cost is 2296.43
=========================================================================
The algorithm continues iterating on the current plan to improve the plan
More optimal solution has obtained after 24499 iterations
Cost is 2296.17
=========================================================================
The algorithm continues iterating on the current plan to improve the plan
More optimal solution has obtained after 24678 iterations
Cost is 2294.35
=========================================================================
The algorithm continues iterating on the current plan to improve the plan
More optimal solution has obtained after 24831 iterations
Cost is 2294.34
=========================================================================
The algorithm continues iterating on the current plan to improve the plan
More optimal solution has obtained after 24848 iterations
Cost is 2293.84
=========================================================================
The algorithm continues iterating on the current plan to improve the plan
More optimal solution has obtained after 25219 iterations
Cost is 2289.3
=========================================================================
The algorithm continues iterating on the current plan to improve the plan
More optimal solution has obtained after 25566 iterations
Cost is 2276.58
=========================================================================
The algorithm continues iterating on the current plan to improve the plan
More optimal solution has obtained after 26802 iterations
Cost is 2274.56
=========================================================================
The algorithm continues iterating on the current plan to improve the plan
More optimal solution has obtained after 27069 iterations
Cost is 2273.93
=========================================================================
The algorithm continues iterating on the current plan to improve the plan
More optimal solution has obtained after 27358 iterations
Cost is 2273.9
=========================================================================
The algorithm continues iterating on the current plan to improve the plan
More optimal solution has obtained after 27616 iterations
Cost is 2273.77
=========================================================================
The algorithm continues iterating on the current plan to improve the plan
More optimal solution has obtained after 28916 iterations
Cost is 2273.48
=========================================================================
The algorithm continues iterating on the current plan to improve the plan
More optimal solution has obtained after 28948 iterations
Cost is 2273.08
=========================================================================
The algorithm continues iterating on the current plan to improve the plan
More optimal solution has obtained after 29148 iterations
Cost is 2271.55
=========================================================================
The algorithm continues iterating on the current plan to improve the plan
More optimal solution has obtained after 29447 iterations
Cost is 2270.09
=========================================================================
The algorithm continues iterating on the current plan to improve the plan
More optimal solution has obtained after 29539 iterations
Cost is 2267.54
=========================================================================
The algorithm continues iterating on the current plan to improve the plan
More optimal solution has obtained after 29758 iterations
Cost is 2264.65
=========================================================================
The algorithm continues iterating on the current plan to improve the plan
More optimal solution has obtained after 29914 iterations
Cost is 2264.39
=========================================================================
The algorithm continues iterating on the current plan to improve the plan
More optimal solution has obtained after 29993 iterations
Cost is 2262.57
=========================================================================
The algorithm continues iterating on the current plan to improve the plan
More optimal solution has obtained after 30014 iterations
Cost is 2262.31
=========================================================================
The algorithm continues iterating on the current plan to improve the plan
More optimal solution has obtained after 30126 iterations
Cost is 2235.57
=========================================================================
The algorithm continues iterating on the current plan to improve the plan
More optimal solution has obtained after 30167 iterations
Cost is 2235.1
=========================================================================
The algorithm continues iterating on the current plan to improve the plan
More optimal solution has obtained after 30530 iterations
Cost is 2233.43
=========================================================================
The algorithm continues iterating on the current plan to improve the plan
More optimal solution has obtained after 30621 iterations
Cost is 2232.08
=========================================================================
The algorithm continues iterating on the current plan to improve the plan
More optimal solution has obtained after 30680 iterations
Cost is 2230.08
=========================================================================
The algorithm continues iterating on the current plan to improve the plan
More optimal solution has obtained after 31500 iterations
Cost is 2230.02
=========================================================================
The algorithm continues iterating on the current plan to improve the plan
More optimal solution has obtained after 31737 iterations
Cost is 2227.21
=========================================================================
The algorithm continues iterating on the current plan to improve the plan
More optimal solution has obtained after 32428 iterations
Cost is 2227.07
=========================================================================
The algorithm continues iterating on the current plan to improve the plan
More optimal solution has obtained after 32537 iterations
Cost is 2219.77
=========================================================================
The algorithm continues iterating on the current plan to improve the plan
More optimal solution has obtained after 32918 iterations
Cost is 2217.62
=========================================================================
The algorithm continues iterating on the current plan to improve the plan
More optimal solution has obtained after 33337 iterations
Cost is 2214.49
=========================================================================
The algorithm continues iterating on the current plan to improve the plan
More optimal solution has obtained after 33493 iterations
Cost is 2213.8
=========================================================================
The algorithm continues iterating on the current plan to improve the plan
More optimal solution has obtained after 33644 iterations
Cost is 2213.75
=========================================================================
The algorithm continues iterating on the current plan to improve the plan
More optimal solution has obtained after 33651 iterations
Cost is 2213.74
=========================================================================
The algorithm continues iterating on the current plan to improve the plan
More optimal solution has obtained after 33726 iterations
Cost is 2210.63
=========================================================================
The algorithm continues iterating on the current plan to improve the plan
More optimal solution has obtained after 33745 iterations
Cost is 2210.54
=========================================================================
The algorithm continues iterating on the current plan to improve the plan
More optimal solution has obtained after 34211 iterations
Cost is 2209.54
=========================================================================
The algorithm continues iterating on the current plan to improve the plan
More optimal solution has obtained after 34305 iterations
Cost is 2208.9
=========================================================================
The algorithm continues iterating on the current plan to improve the plan
More optimal solution has obtained after 34761 iterations
Cost is 2202.35
=========================================================================
The algorithm continues iterating on the current plan to improve the plan
More optimal solution has obtained after 35110 iterations
Cost is 2198.16
=========================================================================
The algorithm continues iterating on the current plan to improve the plan
More optimal solution has obtained after 35362 iterations
Cost is 2198.04
=========================================================================
The algorithm continues iterating on the current plan to improve the plan
More optimal solution has obtained after 35374 iterations
Cost is 2196.91
=========================================================================
The algorithm continues iterating on the current plan to improve the plan
More optimal solution has obtained after 35406 iterations
Cost is 2196.42
=========================================================================
The algorithm continues iterating on the current plan to improve the plan
More optimal solution has obtained after 35985 iterations
Cost is 2191.35
=========================================================================
The algorithm continues iterating on the current plan to improve the plan
More optimal solution has obtained after 36042 iterations
Cost is 2191.21
=========================================================================
The algorithm continues iterating on the current plan to improve the plan
More optimal solution has obtained after 36045 iterations
Cost is 2189.93
=========================================================================
The algorithm continues iterating on the current plan to improve the plan
More optimal solution has obtained after 36248 iterations
Cost is 2189.82
=========================================================================
The algorithm continues iterating on the current plan to improve the plan
More optimal solution has obtained after 36292 iterations
Cost is 2189.77
=========================================================================
The algorithm continues iterating on the current plan to improve the plan
More optimal solution has obtained after 36403 iterations
Cost is 2189.76
=========================================================================
The algorithm continues iterating on the current plan to improve the plan
More optimal solution has obtained after 36499 iterations
Cost is 2181.48
=========================================================================
The algorithm continues iterating on the current plan to improve the plan
More optimal solution has obtained after 36989 iterations
Cost is 2180.84
=========================================================================
The algorithm continues iterating on the current plan to improve the plan
More optimal solution has obtained after 37340 iterations
Cost is 2176.86
=========================================================================
The algorithm continues iterating on the current plan to improve the plan
More optimal solution has obtained after 37712 iterations
Cost is 2176.65
=========================================================================
The algorithm continues iterating on the current plan to improve the plan
More optimal solution has obtained after 38122 iterations
Cost is 2175.71
=========================================================================
The algorithm continues iterating on the current plan to improve the plan
More optimal solution has obtained after 38212 iterations
Cost is 2175.47
=========================================================================
The algorithm continues iterating on the current plan to improve the plan
More optimal solution has obtained after 38284 iterations
Cost is 2171.68
=========================================================================
The algorithm continues iterating on the current plan to improve the plan
More optimal solution has obtained after 38385 iterations
Cost is 2171.28
=========================================================================
The algorithm continues iterating on the current plan to improve the plan
More optimal solution has obtained after 38478 iterations
Cost is 2170.71
=========================================================================
The algorithm continues iterating on the current plan to improve the plan
More optimal solution has obtained after 38526 iterations
Cost is 2167
=========================================================================
The algorithm continues iterating on the current plan to improve the plan
More optimal solution has obtained after 38936 iterations
Cost is 2166.25
=========================================================================
The algorithm continues iterating on the current plan to improve the plan
More optimal solution has obtained after 39126 iterations
Cost is 2165.81
=========================================================================
The algorithm continues iterating on the current plan to improve the plan
More optimal solution has obtained after 39537 iterations
Cost is 2165.39
=========================================================================
The algorithm continues iterating on the current plan to improve the plan
More optimal solution has obtained after 40238 iterations
Cost is 2164.67
=========================================================================
The algorithm continues iterating on the current plan to improve the plan
More optimal solution has obtained after 40381 iterations
Cost is 2164.04
=========================================================================
The algorithm continues iterating on the current plan to improve the plan
More optimal solution has obtained after 40686 iterations
Cost is 2163.93
=========================================================================
The algorithm continues iterating on the current plan to improve the plan
More optimal solution has obtained after 41086 iterations
Cost is 2163.14
=========================================================================
The algorithm continues iterating on the current plan to improve the plan
More optimal solution has obtained after 41113 iterations
Cost is 2163.08
=========================================================================
The algorithm continues iterating on the current plan to improve the plan
More optimal solution has obtained after 41195 iterations
Cost is 2162.35
=========================================================================
The algorithm continues iterating on the current plan to improve the plan
More optimal solution has obtained after 41248 iterations
Cost is 2162.34
=========================================================================
The algorithm continues iterating on the current plan to improve the plan
More optimal solution has obtained after 41876 iterations
Cost is 2161.35
=========================================================================
The algorithm continues iterating on the current plan to improve the plan
More optimal solution has obtained after 42036 iterations
Cost is 2160.74
=========================================================================
The algorithm continues iterating on the current plan to improve the plan
More optimal solution has obtained after 42855 iterations
Cost is 2159.77
=========================================================================
The algorithm continues iterating on the current plan to improve the plan
More optimal solution has obtained after 43146 iterations
Cost is 2158.44
=========================================================================
The algorithm continues iterating on the current plan to improve the plan
More optimal solution has obtained after 43974 iterations
Cost is 2157.97
=========================================================================
The algorithm continues iterating on the current plan to improve the plan
More optimal solution has obtained after 43975 iterations
Cost is 2157.03
=========================================================================
The algorithm continues iterating on the current plan to improve the plan
More optimal solution has obtained after 44542 iterations
Cost is 2156.62
=========================================================================
The algorithm continues iterating on the current plan to improve the plan
More optimal solution has obtained after 45732 iterations
Cost is 2156.14
=========================================================================
The algorithm continues iterating on the current plan to improve the plan
More optimal solution has obtained after 45811 iterations
Cost is 2154.99
=========================================================================
The algorithm continues iterating on the current plan to improve the plan
More optimal solution has obtained after 45818 iterations
Cost is 2154.99
=========================================================================
The algorithm continues iterating on the current plan to improve the plan
More optimal solution has obtained after 46089 iterations
Cost is 2152.51
=========================================================================
The algorithm continues iterating on the current plan to improve the plan
More optimal solution has obtained after 46264 iterations
Cost is 2152.38
=========================================================================
The algorithm continues iterating on the current plan to improve the plan
More optimal solution has obtained after 46677 iterations
Cost is 2151.23
=========================================================================
The algorithm continues iterating on the current plan to improve the plan
More optimal solution has obtained after 47441 iterations
Cost is 2151.15
=========================================================================
The algorithm continues iterating on the current plan to improve the plan
srun: Job step aborted: Waiting up to 32 seconds for job step to finish.
slurmstepd: error: *** JOB 2813208 ON apollo32 CANCELLED AT 2021-01-12T11:27:25 DUE TO TIME LIMIT ***
slurmstepd: error: *** STEP 2813208.0 ON apollo32 CANCELLED AT 2021-01-12T11:27:25 DUE TO TIME LIMIT ***
srun: error: apollo32: task 0: Terminated
