World size: 3000
World type: 0
Version: 64
K: 80000
Number of cpus: 1
choose FREE_SPACE
Starting RRT* Algorithm...
First Viable Solution Obtained after 1383 iterations
Cost is 2178.29
Saving the generated plan (vector of points)
=========================================================================
The algorithm continues iterating on the current plan to improve the plan
More optimal solution has obtained after 3854 iterations
Cost is 2175.85
=========================================================================
The algorithm continues iterating on the current plan to improve the plan
More optimal solution has obtained after 4847 iterations
Cost is 2175.72
=========================================================================
The algorithm continues iterating on the current plan to improve the plan
More optimal solution has obtained after 6940 iterations
Cost is 2175.38
=========================================================================
The algorithm continues iterating on the current plan to improve the plan
More optimal solution has obtained after 6957 iterations
Cost is 2175.38
=========================================================================
The algorithm continues iterating on the current plan to improve the plan
More optimal solution has obtained after 7338 iterations
Cost is 2174.96
=========================================================================
The algorithm continues iterating on the current plan to improve the plan
More optimal solution has obtained after 7657 iterations
Cost is 2174.48
=========================================================================
The algorithm continues iterating on the current plan to improve the plan
More optimal solution has obtained after 8117 iterations
Cost is 2174.3
=========================================================================
The algorithm continues iterating on the current plan to improve the plan
More optimal solution has obtained after 9415 iterations
Cost is 2173.55
=========================================================================
The algorithm continues iterating on the current plan to improve the plan
More optimal solution has obtained after 9417 iterations
Cost is 2173.55
=========================================================================
The algorithm continues iterating on the current plan to improve the plan
More optimal solution has obtained after 13116 iterations
Cost is 2173.4
=========================================================================
The algorithm continues iterating on the current plan to improve the plan
More optimal solution has obtained after 13969 iterations
Cost is 2172.53
=========================================================================
The algorithm continues iterating on the current plan to improve the plan
More optimal solution has obtained after 14093 iterations
Cost is 2171.35
=========================================================================
The algorithm continues iterating on the current plan to improve the plan
More optimal solution has obtained after 15078 iterations
Cost is 2170.65
=========================================================================
The algorithm continues iterating on the current plan to improve the plan
More optimal solution has obtained after 19105 iterations
Cost is 2170.54
=========================================================================
The algorithm continues iterating on the current plan to improve the plan
More optimal solution has obtained after 20877 iterations
Cost is 2169.99
=========================================================================
The algorithm continues iterating on the current plan to improve the plan
More optimal solution has obtained after 21910 iterations
Cost is 2169.89
=========================================================================
The algorithm continues iterating on the current plan to improve the plan
More optimal solution has obtained after 22376 iterations
Cost is 2169.79
=========================================================================
The algorithm continues iterating on the current plan to improve the plan
More optimal solution has obtained after 23411 iterations
Cost is 2169.54
=========================================================================
The algorithm continues iterating on the current plan to improve the plan
More optimal solution has obtained after 23980 iterations
Cost is 2169.41
=========================================================================
The algorithm continues iterating on the current plan to improve the plan
More optimal solution has obtained after 24250 iterations
Cost is 2167.63
=========================================================================
The algorithm continues iterating on the current plan to improve the plan
More optimal solution has obtained after 25900 iterations
Cost is 2167.46
=========================================================================
The algorithm continues iterating on the current plan to improve the plan
More optimal solution has obtained after 27656 iterations
Cost is 2167.19
=========================================================================
The algorithm continues iterating on the current plan to improve the plan
More optimal solution has obtained after 29965 iterations
Cost is 2166.49
=========================================================================
The algorithm continues iterating on the current plan to improve the plan
More optimal solution has obtained after 31276 iterations
Cost is 2166.24
=========================================================================
The algorithm continues iterating on the current plan to improve the plan
More optimal solution has obtained after 34389 iterations
Cost is 2166.22
=========================================================================
The algorithm continues iterating on the current plan to improve the plan
More optimal solution has obtained after 34586 iterations
Cost is 2165.8
=========================================================================
The algorithm continues iterating on the current plan to improve the plan
More optimal solution has obtained after 36602 iterations
Cost is 2164.27
=========================================================================
The algorithm continues iterating on the current plan to improve the plan
More optimal solution has obtained after 36767 iterations
Cost is 2163.89
=========================================================================
The algorithm continues iterating on the current plan to improve the plan
More optimal solution has obtained after 37264 iterations
Cost is 2163.03
=========================================================================
The algorithm continues iterating on the current plan to improve the plan
More optimal solution has obtained after 38109 iterations
Cost is 2160.93
=========================================================================
The algorithm continues iterating on the current plan to improve the plan
More optimal solution has obtained after 38326 iterations
Cost is 2160.68
=========================================================================
The algorithm continues iterating on the current plan to improve the plan
More optimal solution has obtained after 38565 iterations
Cost is 2160.27
=========================================================================
The algorithm continues iterating on the current plan to improve the plan
More optimal solution has obtained after 39946 iterations
Cost is 2160.19
=========================================================================
The algorithm continues iterating on the current plan to improve the plan
More optimal solution has obtained after 40981 iterations
Cost is 2160.04
=========================================================================
The algorithm continues iterating on the current plan to improve the plan
More optimal solution has obtained after 41216 iterations
Cost is 2159.87
=========================================================================
The algorithm continues iterating on the current plan to improve the plan
More optimal solution has obtained after 41958 iterations
Cost is 2159.4
=========================================================================
The algorithm continues iterating on the current plan to improve the plan
More optimal solution has obtained after 42311 iterations
Cost is 2158.59
=========================================================================
The algorithm continues iterating on the current plan to improve the plan
More optimal solution has obtained after 42581 iterations
Cost is 2157.73
=========================================================================
The algorithm continues iterating on the current plan to improve the plan
More optimal solution has obtained after 43515 iterations
Cost is 2157.19
=========================================================================
The algorithm continues iterating on the current plan to improve the plan
More optimal solution has obtained after 48530 iterations
Cost is 2156.85
=========================================================================
The algorithm continues iterating on the current plan to improve the plan
More optimal solution has obtained after 49339 iterations
Cost is 2156.83
=========================================================================
The algorithm continues iterating on the current plan to improve the plan
More optimal solution has obtained after 51314 iterations
Cost is 2156.43
=========================================================================
The algorithm continues iterating on the current plan to improve the plan
More optimal solution has obtained after 54932 iterations
Cost is 2156.38
=========================================================================
The algorithm continues iterating on the current plan to improve the plan
More optimal solution has obtained after 55442 iterations
Cost is 2155.47
=========================================================================
The algorithm continues iterating on the current plan to improve the plan
More optimal solution has obtained after 55654 iterations
Cost is 2153.97
=========================================================================
The algorithm continues iterating on the current plan to improve the plan
More optimal solution has obtained after 55914 iterations
Cost is 2152.86
=========================================================================
The algorithm continues iterating on the current plan to improve the plan
More optimal solution has obtained after 56776 iterations
Cost is 2152.12
=========================================================================
The algorithm continues iterating on the current plan to improve the plan
More optimal solution has obtained after 57280 iterations
Cost is 2151.91
=========================================================================
The algorithm continues iterating on the current plan to improve the plan
More optimal solution has obtained after 59854 iterations
Cost is 2151.52
=========================================================================
The algorithm continues iterating on the current plan to improve the plan
More optimal solution has obtained after 60153 iterations
Cost is 2147.63
=========================================================================
The algorithm continues iterating on the current plan to improve the plan
More optimal solution has obtained after 65277 iterations
Cost is 2146.66
=========================================================================
The algorithm continues iterating on the current plan to improve the plan
More optimal solution has obtained after 67270 iterations
Cost is 2146.27
=========================================================================
The algorithm continues iterating on the current plan to improve the plan
More optimal solution has obtained after 69063 iterations
Cost is 2146.25
=========================================================================
The algorithm continues iterating on the current plan to improve the plan
More optimal solution has obtained after 70379 iterations
Cost is 2145.02
=========================================================================
The algorithm continues iterating on the current plan to improve the plan
More optimal solution has obtained after 71241 iterations
Cost is 2144.92
=========================================================================
The algorithm continues iterating on the current plan to improve the plan
More optimal solution has obtained after 72572 iterations
Cost is 2144.5
=========================================================================
The algorithm continues iterating on the current plan to improve the plan
srun: Job step aborted: Waiting up to 32 seconds for job step to finish.
slurmstepd: error: *** JOB 2813201 ON apollo32 CANCELLED AT 2021-01-12T10:58:55 DUE TO TIME LIMIT ***
slurmstepd: error: *** STEP 2813201.0 ON apollo32 CANCELLED AT 2021-01-12T10:58:55 DUE TO TIME LIMIT ***
srun: error: apollo32: task 0: Terminated
