World size: 1500
World type: 1
Version: 107
K: 50000
choose FOUR_OBS
Starting RRT* Algorithm...
First Viable Solution Obtained after 19726 iterations
Cost is 2013.3
Saving the generated plan (vector of points)
=========================================================================
The algorithm continues iterating on the current plan to improve the plan
More optimal solution has obtained after 20065 iterations
Cost is 2013.02
=========================================================================
The algorithm continues iterating on the current plan to improve the plan
More optimal solution has obtained after 20130 iterations
Cost is 2004.39
=========================================================================
The algorithm continues iterating on the current plan to improve the plan
More optimal solution has obtained after 20189 iterations
Cost is 2004.04
=========================================================================
The algorithm continues iterating on the current plan to improve the plan
More optimal solution has obtained after 20268 iterations
Cost is 2002.8
=========================================================================
The algorithm continues iterating on the current plan to improve the plan
More optimal solution has obtained after 20308 iterations
Cost is 2001.67
=========================================================================
The algorithm continues iterating on the current plan to improve the plan
More optimal solution has obtained after 20493 iterations
Cost is 2000.1
=========================================================================
The algorithm continues iterating on the current plan to improve the plan
More optimal solution has obtained after 20766 iterations
Cost is 1994.79
=========================================================================
The algorithm continues iterating on the current plan to improve the plan
More optimal solution has obtained after 20834 iterations
Cost is 1994.03
=========================================================================
The algorithm continues iterating on the current plan to improve the plan
More optimal solution has obtained after 20951 iterations
Cost is 1991.86
=========================================================================
The algorithm continues iterating on the current plan to improve the plan
More optimal solution has obtained after 21137 iterations
Cost is 1991.37
=========================================================================
The algorithm continues iterating on the current plan to improve the plan
More optimal solution has obtained after 21279 iterations
Cost is 1975.42
=========================================================================
The algorithm continues iterating on the current plan to improve the plan
More optimal solution has obtained after 21326 iterations
Cost is 1975.4
=========================================================================
The algorithm continues iterating on the current plan to improve the plan
More optimal solution has obtained after 21532 iterations
Cost is 1974.94
=========================================================================
The algorithm continues iterating on the current plan to improve the plan
More optimal solution has obtained after 21624 iterations
Cost is 1974.75
=========================================================================
The algorithm continues iterating on the current plan to improve the plan
More optimal solution has obtained after 21730 iterations
Cost is 1972.25
=========================================================================
The algorithm continues iterating on the current plan to improve the plan
More optimal solution has obtained after 21870 iterations
Cost is 1970.32
=========================================================================
The algorithm continues iterating on the current plan to improve the plan
More optimal solution has obtained after 21908 iterations
Cost is 1967.45
=========================================================================
The algorithm continues iterating on the current plan to improve the plan
More optimal solution has obtained after 21934 iterations
Cost is 1935.35
=========================================================================
The algorithm continues iterating on the current plan to improve the plan
More optimal solution has obtained after 22364 iterations
Cost is 1893.91
=========================================================================
The algorithm continues iterating on the current plan to improve the plan
More optimal solution has obtained after 22395 iterations
Cost is 1862.73
=========================================================================
The algorithm continues iterating on the current plan to improve the plan
More optimal solution has obtained after 22544 iterations
Cost is 1862.15
=========================================================================
The algorithm continues iterating on the current plan to improve the plan
More optimal solution has obtained after 22570 iterations
Cost is 1861.98
=========================================================================
The algorithm continues iterating on the current plan to improve the plan
More optimal solution has obtained after 22836 iterations
Cost is 1861.61
=========================================================================
The algorithm continues iterating on the current plan to improve the plan
More optimal solution has obtained after 22906 iterations
Cost is 1859.53
=========================================================================
The algorithm continues iterating on the current plan to improve the plan
More optimal solution has obtained after 22916 iterations
Cost is 1859.21
=========================================================================
The algorithm continues iterating on the current plan to improve the plan
More optimal solution has obtained after 23096 iterations
Cost is 1853.62
=========================================================================
The algorithm continues iterating on the current plan to improve the plan
More optimal solution has obtained after 23501 iterations
Cost is 1841.98
=========================================================================
The algorithm continues iterating on the current plan to improve the plan
More optimal solution has obtained after 23642 iterations
Cost is 1821.03
=========================================================================
The algorithm continues iterating on the current plan to improve the plan
More optimal solution has obtained after 23659 iterations
Cost is 1820.93
=========================================================================
The algorithm continues iterating on the current plan to improve the plan
More optimal solution has obtained after 24495 iterations
Cost is 1820.92
=========================================================================
The algorithm continues iterating on the current plan to improve the plan
More optimal solution has obtained after 24738 iterations
Cost is 1819.9
=========================================================================
The algorithm continues iterating on the current plan to improve the plan
More optimal solution has obtained after 25240 iterations
Cost is 1816.81
=========================================================================
The algorithm continues iterating on the current plan to improve the plan
More optimal solution has obtained after 25271 iterations
Cost is 1816.67
=========================================================================
The algorithm continues iterating on the current plan to improve the plan
More optimal solution has obtained after 25406 iterations
Cost is 1816.64
=========================================================================
The algorithm continues iterating on the current plan to improve the plan
More optimal solution has obtained after 25409 iterations
Cost is 1808.4
=========================================================================
The algorithm continues iterating on the current plan to improve the plan
More optimal solution has obtained after 25848 iterations
Cost is 1806.95
=========================================================================
The algorithm continues iterating on the current plan to improve the plan
More optimal solution has obtained after 26125 iterations
Cost is 1795.78
=========================================================================
The algorithm continues iterating on the current plan to improve the plan
More optimal solution has obtained after 26463 iterations
Cost is 1791.45
=========================================================================
The algorithm continues iterating on the current plan to improve the plan
More optimal solution has obtained after 26663 iterations
Cost is 1786.25
=========================================================================
The algorithm continues iterating on the current plan to improve the plan
More optimal solution has obtained after 26740 iterations
Cost is 1786.24
=========================================================================
The algorithm continues iterating on the current plan to improve the plan
More optimal solution has obtained after 27181 iterations
Cost is 1783.41
=========================================================================
The algorithm continues iterating on the current plan to improve the plan
More optimal solution has obtained after 27470 iterations
Cost is 1783.14
=========================================================================
The algorithm continues iterating on the current plan to improve the plan
More optimal solution has obtained after 27486 iterations
Cost is 1782.67
=========================================================================
The algorithm continues iterating on the current plan to improve the plan
More optimal solution has obtained after 27638 iterations
Cost is 1782.56
=========================================================================
The algorithm continues iterating on the current plan to improve the plan
More optimal solution has obtained after 27850 iterations
Cost is 1782.47
=========================================================================
The algorithm continues iterating on the current plan to improve the plan
More optimal solution has obtained after 27962 iterations
Cost is 1782.16
=========================================================================
The algorithm continues iterating on the current plan to improve the plan
More optimal solution has obtained after 28139 iterations
Cost is 1781.95
=========================================================================
The algorithm continues iterating on the current plan to improve the plan
More optimal solution has obtained after 28317 iterations
Cost is 1772.77
=========================================================================
The algorithm continues iterating on the current plan to improve the plan
More optimal solution has obtained after 28385 iterations
Cost is 1772.36
=========================================================================
The algorithm continues iterating on the current plan to improve the plan
More optimal solution has obtained after 28702 iterations
Cost is 1771.75
=========================================================================
The algorithm continues iterating on the current plan to improve the plan
More optimal solution has obtained after 28772 iterations
Cost is 1769.9
=========================================================================
The algorithm continues iterating on the current plan to improve the plan
More optimal solution has obtained after 28880 iterations
Cost is 1769.15
=========================================================================
The algorithm continues iterating on the current plan to improve the plan
More optimal solution has obtained after 28970 iterations
Cost is 1769.11
=========================================================================
The algorithm continues iterating on the current plan to improve the plan
More optimal solution has obtained after 29011 iterations
Cost is 1764.1
=========================================================================
The algorithm continues iterating on the current plan to improve the plan
More optimal solution has obtained after 29078 iterations
Cost is 1761.21
=========================================================================
The algorithm continues iterating on the current plan to improve the plan
More optimal solution has obtained after 29359 iterations
Cost is 1761.07
=========================================================================
The algorithm continues iterating on the current plan to improve the plan
More optimal solution has obtained after 29687 iterations
Cost is 1760.93
=========================================================================
The algorithm continues iterating on the current plan to improve the plan
More optimal solution has obtained after 29715 iterations
Cost is 1760.59
=========================================================================
The algorithm continues iterating on the current plan to improve the plan
More optimal solution has obtained after 29785 iterations
Cost is 1760.36
=========================================================================
The algorithm continues iterating on the current plan to improve the plan
More optimal solution has obtained after 29959 iterations
Cost is 1760.2
=========================================================================
The algorithm continues iterating on the current plan to improve the plan
More optimal solution has obtained after 30013 iterations
Cost is 1759.86
=========================================================================
The algorithm continues iterating on the current plan to improve the plan
More optimal solution has obtained after 30123 iterations
Cost is 1759.38
=========================================================================
The algorithm continues iterating on the current plan to improve the plan
More optimal solution has obtained after 30293 iterations
Cost is 1758.88
=========================================================================
The algorithm continues iterating on the current plan to improve the plan
More optimal solution has obtained after 30610 iterations
Cost is 1757.92
=========================================================================
The algorithm continues iterating on the current plan to improve the plan
More optimal solution has obtained after 31138 iterations
Cost is 1756.44
=========================================================================
The algorithm continues iterating on the current plan to improve the plan
More optimal solution has obtained after 31543 iterations
Cost is 1756.16
=========================================================================
The algorithm continues iterating on the current plan to improve the plan
More optimal solution has obtained after 31955 iterations
Cost is 1755.91
=========================================================================
The algorithm continues iterating on the current plan to improve the plan
More optimal solution has obtained after 32220 iterations
Cost is 1755.43
=========================================================================
The algorithm continues iterating on the current plan to improve the plan
More optimal solution has obtained after 32577 iterations
Cost is 1753.64
=========================================================================
The algorithm continues iterating on the current plan to improve the plan
More optimal solution has obtained after 32713 iterations
Cost is 1753.12
=========================================================================
The algorithm continues iterating on the current plan to improve the plan
More optimal solution has obtained after 32883 iterations
Cost is 1752.45
=========================================================================
The algorithm continues iterating on the current plan to improve the plan
More optimal solution has obtained after 32975 iterations
Cost is 1732.03
=========================================================================
The algorithm continues iterating on the current plan to improve the plan
More optimal solution has obtained after 33680 iterations
Cost is 1731.65
=========================================================================
The algorithm continues iterating on the current plan to improve the plan
More optimal solution has obtained after 33888 iterations
Cost is 1731.44
=========================================================================
The algorithm continues iterating on the current plan to improve the plan
More optimal solution has obtained after 34113 iterations
Cost is 1731.23
=========================================================================
The algorithm continues iterating on the current plan to improve the plan
More optimal solution has obtained after 34161 iterations
Cost is 1730.8
=========================================================================
The algorithm continues iterating on the current plan to improve the plan
More optimal solution has obtained after 34283 iterations
Cost is 1723.33
=========================================================================
The algorithm continues iterating on the current plan to improve the plan
More optimal solution has obtained after 34303 iterations
Cost is 1714.44
=========================================================================
The algorithm continues iterating on the current plan to improve the plan
More optimal solution has obtained after 34833 iterations
Cost is 1713.8
=========================================================================
The algorithm continues iterating on the current plan to improve the plan
More optimal solution has obtained after 34929 iterations
Cost is 1712.74
=========================================================================
The algorithm continues iterating on the current plan to improve the plan
More optimal solution has obtained after 34948 iterations
Cost is 1712.48
=========================================================================
The algorithm continues iterating on the current plan to improve the plan
More optimal solution has obtained after 35217 iterations
Cost is 1711.7
=========================================================================
The algorithm continues iterating on the current plan to improve the plan
More optimal solution has obtained after 35514 iterations
Cost is 1711.64
=========================================================================
The algorithm continues iterating on the current plan to improve the plan
More optimal solution has obtained after 35893 iterations
Cost is 1708.64
=========================================================================
The algorithm continues iterating on the current plan to improve the plan
More optimal solution has obtained after 36665 iterations
Cost is 1708.63
=========================================================================
The algorithm continues iterating on the current plan to improve the plan
More optimal solution has obtained after 36683 iterations
Cost is 1707.7
=========================================================================
The algorithm continues iterating on the current plan to improve the plan
More optimal solution has obtained after 36794 iterations
Cost is 1706.68
=========================================================================
The algorithm continues iterating on the current plan to improve the plan
More optimal solution has obtained after 36925 iterations
Cost is 1706.1
=========================================================================
The algorithm continues iterating on the current plan to improve the plan
More optimal solution has obtained after 37106 iterations
Cost is 1703.52
=========================================================================
The algorithm continues iterating on the current plan to improve the plan
More optimal solution has obtained after 37127 iterations
Cost is 1692.52
=========================================================================
The algorithm continues iterating on the current plan to improve the plan
More optimal solution has obtained after 37189 iterations
Cost is 1690.69
=========================================================================
The algorithm continues iterating on the current plan to improve the plan
More optimal solution has obtained after 37568 iterations
Cost is 1689.72
=========================================================================
The algorithm continues iterating on the current plan to improve the plan
More optimal solution has obtained after 37804 iterations
Cost is 1685.74
=========================================================================
The algorithm continues iterating on the current plan to improve the plan
More optimal solution has obtained after 37929 iterations
Cost is 1685.21
=========================================================================
The algorithm continues iterating on the current plan to improve the plan
More optimal solution has obtained after 37963 iterations
Cost is 1685
=========================================================================
The algorithm continues iterating on the current plan to improve the plan
More optimal solution has obtained after 37966 iterations
Cost is 1683.22
=========================================================================
The algorithm continues iterating on the current plan to improve the plan
More optimal solution has obtained after 38038 iterations
Cost is 1681.63
=========================================================================
The algorithm continues iterating on the current plan to improve the plan
More optimal solution has obtained after 38860 iterations
Cost is 1680.73
=========================================================================
The algorithm continues iterating on the current plan to improve the plan
More optimal solution has obtained after 39194 iterations
Cost is 1679.3
=========================================================================
The algorithm continues iterating on the current plan to improve the plan
More optimal solution has obtained after 39237 iterations
Cost is 1679.27
=========================================================================
The algorithm continues iterating on the current plan to improve the plan
More optimal solution has obtained after 39571 iterations
Cost is 1679.05
=========================================================================
The algorithm continues iterating on the current plan to improve the plan
More optimal solution has obtained after 40108 iterations
Cost is 1678.86
=========================================================================
The algorithm continues iterating on the current plan to improve the plan
More optimal solution has obtained after 41457 iterations
Cost is 1678.76
=========================================================================
The algorithm continues iterating on the current plan to improve the plan
More optimal solution has obtained after 41523 iterations
Cost is 1678.61
=========================================================================
The algorithm continues iterating on the current plan to improve the plan
More optimal solution has obtained after 41646 iterations
Cost is 1677.99
=========================================================================
The algorithm continues iterating on the current plan to improve the plan
More optimal solution has obtained after 41895 iterations
Cost is 1677.96
=========================================================================
The algorithm continues iterating on the current plan to improve the plan
More optimal solution has obtained after 42522 iterations
Cost is 1677.58
=========================================================================
The algorithm continues iterating on the current plan to improve the plan
More optimal solution has obtained after 43328 iterations
Cost is 1676.1
=========================================================================
The algorithm continues iterating on the current plan to improve the plan
More optimal solution has obtained after 43330 iterations
Cost is 1676.07
=========================================================================
The algorithm continues iterating on the current plan to improve the plan
More optimal solution has obtained after 43529 iterations
Cost is 1675.83
=========================================================================
The algorithm continues iterating on the current plan to improve the plan
More optimal solution has obtained after 43597 iterations
Cost is 1673.96
=========================================================================
The algorithm continues iterating on the current plan to improve the plan
More optimal solution has obtained after 43739 iterations
Cost is 1673.79
=========================================================================
The algorithm continues iterating on the current plan to improve the plan
More optimal solution has obtained after 43808 iterations
Cost is 1671.94
=========================================================================
The algorithm continues iterating on the current plan to improve the plan
More optimal solution has obtained after 44175 iterations
Cost is 1671.83
=========================================================================
The algorithm continues iterating on the current plan to improve the plan
More optimal solution has obtained after 44222 iterations
Cost is 1667.2
=========================================================================
The algorithm continues iterating on the current plan to improve the plan
More optimal solution has obtained after 47604 iterations
Cost is 1665.17
=========================================================================
The algorithm continues iterating on the current plan to improve the plan
More optimal solution has obtained after 49132 iterations
Cost is 1662.22
=========================================================================
The algorithm continues iterating on the current plan to improve the plan
More optimal solution has obtained after 49850 iterations
Cost is 1661.82
=========================================================================
The algorithm continues iterating on the current plan to improve the plan
More optimal solution has obtained after 49976 iterations
Cost is 1661.81
=========================================================================
The algorithm continues iterating on the current plan to improve the plan
More optimal solution has obtained after 50000 iterations
Cost is 1661.81
Exceeded max iterations!
Saving the generated plan (vector of points)
Execution time: 335.875000 seconds
