World size: 500
World type: 1
Version: 805
K: 8000
Number of cpus: 4
choose FOUR_OBS
Starting RRT* Algorithm...
Exceeded max iterations!
Error: No solution found


Execution time: 3.750000 seconds

 --------------------------------------------- End------------------------------------------------------


World size: 1000
World type: 1
Version: 806
K: 30000
Number of cpus: 4
choose FOUR_OBS
Starting RRT* Algorithm...
First Viable Solution Obtained after 594 iterations
Cost is 1275.98
Saving the generated plan (vector of points)
=========================================================================
The algorithm continues iterating on the current plan to improve the plan
More optimal solution has obtained after 1595 iterations
Cost is 1274
=========================================================================
The algorithm continues iterating on the current plan to improve the plan
More optimal solution has obtained after 1699 iterations
Cost is 1273.92
=========================================================================
The algorithm continues iterating on the current plan to improve the plan
More optimal solution has obtained after 2058 iterations
Cost is 1272.5
=========================================================================
The algorithm continues iterating on the current plan to improve the plan
More optimal solution has obtained after 2151 iterations
Cost is 1272.3
=========================================================================
The algorithm continues iterating on the current plan to improve the plan
More optimal solution has obtained after 2314 iterations
Cost is 1272.28
=========================================================================
The algorithm continues iterating on the current plan to improve the plan
More optimal solution has obtained after 2335 iterations
Cost is 1271.2
=========================================================================
The algorithm continues iterating on the current plan to improve the plan
More optimal solution has obtained after 2411 iterations
Cost is 1268.71
=========================================================================
The algorithm continues iterating on the current plan to improve the plan
More optimal solution has obtained after 2766 iterations
Cost is 1268.6
=========================================================================
The algorithm continues iterating on the current plan to improve the plan
More optimal solution has obtained after 3098 iterations
Cost is 1266.75
=========================================================================
The algorithm continues iterating on the current plan to improve the plan
More optimal solution has obtained after 3181 iterations
Cost is 1266.55
=========================================================================
The algorithm continues iterating on the current plan to improve the plan
More optimal solution has obtained after 3315 iterations
Cost is 1266.16
=========================================================================
The algorithm continues iterating on the current plan to improve the plan
More optimal solution has obtained after 3398 iterations
Cost is 1266.02
=========================================================================
The algorithm continues iterating on the current plan to improve the plan
More optimal solution has obtained after 3413 iterations
Cost is 1265.8
=========================================================================
The algorithm continues iterating on the current plan to improve the plan
More optimal solution has obtained after 3459 iterations
Cost is 1263.23
=========================================================================
The algorithm continues iterating on the current plan to improve the plan
More optimal solution has obtained after 4491 iterations
Cost is 1263.16
=========================================================================
The algorithm continues iterating on the current plan to improve the plan
More optimal solution has obtained after 5126 iterations
Cost is 1261.38
=========================================================================
The algorithm continues iterating on the current plan to improve the plan
More optimal solution has obtained after 5319 iterations
Cost is 1256.98
=========================================================================
The algorithm continues iterating on the current plan to improve the plan
More optimal solution has obtained after 6023 iterations
Cost is 1256.8
=========================================================================
The algorithm continues iterating on the current plan to improve the plan
More optimal solution has obtained after 6184 iterations
Cost is 1254.68
=========================================================================
The algorithm continues iterating on the current plan to improve the plan
More optimal solution has obtained after 6380 iterations
Cost is 1254.16
=========================================================================
The algorithm continues iterating on the current plan to improve the plan
More optimal solution has obtained after 6521 iterations
Cost is 1239.53
=========================================================================
The algorithm continues iterating on the current plan to improve the plan
More optimal solution has obtained after 6571 iterations
Cost is 1239.52
=========================================================================
The algorithm continues iterating on the current plan to improve the plan
More optimal solution has obtained after 6590 iterations
Cost is 1239.48
=========================================================================
The algorithm continues iterating on the current plan to improve the plan
More optimal solution has obtained after 6634 iterations
Cost is 1239.23
=========================================================================
The algorithm continues iterating on the current plan to improve the plan
More optimal solution has obtained after 6661 iterations
Cost is 1238.99
=========================================================================
The algorithm continues iterating on the current plan to improve the plan
More optimal solution has obtained after 6769 iterations
Cost is 1238.94
=========================================================================
The algorithm continues iterating on the current plan to improve the plan
More optimal solution has obtained after 7463 iterations
Cost is 1237.75
=========================================================================
The algorithm continues iterating on the current plan to improve the plan
More optimal solution has obtained after 7507 iterations
Cost is 1237.09
=========================================================================
The algorithm continues iterating on the current plan to improve the plan
More optimal solution has obtained after 7623 iterations
Cost is 1232.39
=========================================================================
The algorithm continues iterating on the current plan to improve the plan
More optimal solution has obtained after 8034 iterations
Cost is 1231.93
=========================================================================
The algorithm continues iterating on the current plan to improve the plan
More optimal solution has obtained after 8093 iterations
Cost is 1229.09
=========================================================================
The algorithm continues iterating on the current plan to improve the plan
More optimal solution has obtained after 8214 iterations
Cost is 1228.98
=========================================================================
The algorithm continues iterating on the current plan to improve the plan
More optimal solution has obtained after 8412 iterations
Cost is 1228.4
=========================================================================
The algorithm continues iterating on the current plan to improve the plan
More optimal solution has obtained after 8452 iterations
Cost is 1226.28
=========================================================================
The algorithm continues iterating on the current plan to improve the plan
More optimal solution has obtained after 9074 iterations
Cost is 1226.19
=========================================================================
The algorithm continues iterating on the current plan to improve the plan
More optimal solution has obtained after 9198 iterations
Cost is 1220.71
=========================================================================
The algorithm continues iterating on the current plan to improve the plan
More optimal solution has obtained after 9462 iterations
Cost is 1220.46
=========================================================================
The algorithm continues iterating on the current plan to improve the plan
More optimal solution has obtained after 9543 iterations
Cost is 1220.24
=========================================================================
The algorithm continues iterating on the current plan to improve the plan
More optimal solution has obtained after 9576 iterations
Cost is 1213.11
=========================================================================
The algorithm continues iterating on the current plan to improve the plan
More optimal solution has obtained after 10293 iterations
Cost is 1210.84
=========================================================================
The algorithm continues iterating on the current plan to improve the plan
More optimal solution has obtained after 10396 iterations
Cost is 1210.75
=========================================================================
The algorithm continues iterating on the current plan to improve the plan
More optimal solution has obtained after 10550 iterations
Cost is 1207.69
=========================================================================
The algorithm continues iterating on the current plan to improve the plan
More optimal solution has obtained after 10567 iterations
Cost is 1207.36
=========================================================================
The algorithm continues iterating on the current plan to improve the plan
More optimal solution has obtained after 10926 iterations
Cost is 1206.99
=========================================================================
The algorithm continues iterating on the current plan to improve the plan
More optimal solution has obtained after 11171 iterations
Cost is 1205.7
=========================================================================
The algorithm continues iterating on the current plan to improve the plan
More optimal solution has obtained after 11673 iterations
Cost is 1205.58
=========================================================================
The algorithm continues iterating on the current plan to improve the plan
More optimal solution has obtained after 11678 iterations
Cost is 1205.58
=========================================================================
The algorithm continues iterating on the current plan to improve the plan
More optimal solution has obtained after 11707 iterations
Cost is 1203.41
=========================================================================
The algorithm continues iterating on the current plan to improve the plan
More optimal solution has obtained after 12224 iterations
Cost is 1202.95
=========================================================================
The algorithm continues iterating on the current plan to improve the plan
More optimal solution has obtained after 12665 iterations
Cost is 1201.81
=========================================================================
The algorithm continues iterating on the current plan to improve the plan
More optimal solution has obtained after 12708 iterations
Cost is 1201.57
=========================================================================
The algorithm continues iterating on the current plan to improve the plan
More optimal solution has obtained after 12900 iterations
Cost is 1201.39
=========================================================================
The algorithm continues iterating on the current plan to improve the plan
More optimal solution has obtained after 12974 iterations
Cost is 1201.01
=========================================================================
The algorithm continues iterating on the current plan to improve the plan
More optimal solution has obtained after 13397 iterations
Cost is 1199.33
=========================================================================
The algorithm continues iterating on the current plan to improve the plan
More optimal solution has obtained after 13418 iterations
Cost is 1197.24
=========================================================================
The algorithm continues iterating on the current plan to improve the plan
More optimal solution has obtained after 13486 iterations
Cost is 1196.02
=========================================================================
The algorithm continues iterating on the current plan to improve the plan
More optimal solution has obtained after 13489 iterations
Cost is 1196.02
=========================================================================
The algorithm continues iterating on the current plan to improve the plan
More optimal solution has obtained after 13546 iterations
Cost is 1193.69
=========================================================================
The algorithm continues iterating on the current plan to improve the plan
More optimal solution has obtained after 13807 iterations
Cost is 1193.58
=========================================================================
The algorithm continues iterating on the current plan to improve the plan
More optimal solution has obtained after 13927 iterations
Cost is 1192.08
=========================================================================
The algorithm continues iterating on the current plan to improve the plan
More optimal solution has obtained after 13933 iterations
Cost is 1190.83
=========================================================================
The algorithm continues iterating on the current plan to improve the plan
More optimal solution has obtained after 14470 iterations
Cost is 1188.07
=========================================================================
The algorithm continues iterating on the current plan to improve the plan
More optimal solution has obtained after 14846 iterations
Cost is 1187.35
=========================================================================
The algorithm continues iterating on the current plan to improve the plan
More optimal solution has obtained after 15312 iterations
Cost is 1187.15
=========================================================================
The algorithm continues iterating on the current plan to improve the plan
More optimal solution has obtained after 15442 iterations
Cost is 1186.45
=========================================================================
The algorithm continues iterating on the current plan to improve the plan
More optimal solution has obtained after 15463 iterations
Cost is 1185.11
=========================================================================
The algorithm continues iterating on the current plan to improve the plan
More optimal solution has obtained after 15550 iterations
Cost is 1184.77
=========================================================================
The algorithm continues iterating on the current plan to improve the plan
More optimal solution has obtained after 15801 iterations
Cost is 1184.51
=========================================================================
The algorithm continues iterating on the current plan to improve the plan
More optimal solution has obtained after 16301 iterations
Cost is 1180.65
=========================================================================
The algorithm continues iterating on the current plan to improve the plan
More optimal solution has obtained after 16423 iterations
Cost is 1180.18
=========================================================================
The algorithm continues iterating on the current plan to improve the plan
More optimal solution has obtained after 17294 iterations
Cost is 1180.11
=========================================================================
The algorithm continues iterating on the current plan to improve the plan
More optimal solution has obtained after 17491 iterations
Cost is 1179.29
=========================================================================
The algorithm continues iterating on the current plan to improve the plan
More optimal solution has obtained after 18631 iterations
Cost is 1178.92
=========================================================================
The algorithm continues iterating on the current plan to improve the plan
More optimal solution has obtained after 18904 iterations
Cost is 1178.26
=========================================================================
The algorithm continues iterating on the current plan to improve the plan
More optimal solution has obtained after 19584 iterations
Cost is 1177.94
=========================================================================
The algorithm continues iterating on the current plan to improve the plan
More optimal solution has obtained after 20013 iterations
Cost is 1177.93
=========================================================================
The algorithm continues iterating on the current plan to improve the plan
More optimal solution has obtained after 20548 iterations
Cost is 1176.8
=========================================================================
The algorithm continues iterating on the current plan to improve the plan
More optimal solution has obtained after 21368 iterations
Cost is 1176.34
=========================================================================
The algorithm continues iterating on the current plan to improve the plan
More optimal solution has obtained after 21970 iterations
Cost is 1176.32
=========================================================================
The algorithm continues iterating on the current plan to improve the plan
More optimal solution has obtained after 22921 iterations
Cost is 1175.2
=========================================================================
The algorithm continues iterating on the current plan to improve the plan
More optimal solution has obtained after 23402 iterations
Cost is 1175.19
=========================================================================
The algorithm continues iterating on the current plan to improve the plan
More optimal solution has obtained after 23740 iterations
Cost is 1174.68
=========================================================================
The algorithm continues iterating on the current plan to improve the plan
More optimal solution has obtained after 23977 iterations
Cost is 1174.41
=========================================================================
The algorithm continues iterating on the current plan to improve the plan
More optimal solution has obtained after 24258 iterations
Cost is 1174.4
=========================================================================
The algorithm continues iterating on the current plan to improve the plan
More optimal solution has obtained after 24643 iterations
Cost is 1174.36
=========================================================================
The algorithm continues iterating on the current plan to improve the plan
More optimal solution has obtained after 25078 iterations
Cost is 1174.31
=========================================================================
The algorithm continues iterating on the current plan to improve the plan
More optimal solution has obtained after 25761 iterations
Cost is 1174.04
=========================================================================
The algorithm continues iterating on the current plan to improve the plan
More optimal solution has obtained after 25967 iterations
Cost is 1173.78
=========================================================================
The algorithm continues iterating on the current plan to improve the plan
More optimal solution has obtained after 26660 iterations
Cost is 1173.77
=========================================================================
The algorithm continues iterating on the current plan to improve the plan
More optimal solution has obtained after 27153 iterations
Cost is 1173.65
=========================================================================
The algorithm continues iterating on the current plan to improve the plan
More optimal solution has obtained after 28362 iterations
Cost is 1173.51
=========================================================================
The algorithm continues iterating on the current plan to improve the plan
More optimal solution has obtained after 30000 iterations
Cost is 1173.51


Execution time: 108.250000 seconds

 --------------------------------------------- End------------------------------------------------------


World size: 1500
World type: 1
Version: 807
K: 40000
Number of cpus: 4
choose FOUR_OBS
Starting RRT* Algorithm...
First Viable Solution Obtained after 1238 iterations
Cost is 2155.58
Saving the generated plan (vector of points)
=========================================================================
The algorithm continues iterating on the current plan to improve the plan
More optimal solution has obtained after 2858 iterations
Cost is 2154.68
=========================================================================
The algorithm continues iterating on the current plan to improve the plan
More optimal solution has obtained after 3116 iterations
Cost is 2154.6
=========================================================================
The algorithm continues iterating on the current plan to improve the plan
More optimal solution has obtained after 3251 iterations
Cost is 2154.36
=========================================================================
The algorithm continues iterating on the current plan to improve the plan
More optimal solution has obtained after 3339 iterations
Cost is 2152.23
=========================================================================
The algorithm continues iterating on the current plan to improve the plan
More optimal solution has obtained after 3341 iterations
Cost is 2151.42
=========================================================================
The algorithm continues iterating on the current plan to improve the plan
More optimal solution has obtained after 3539 iterations
Cost is 2150.05
=========================================================================
The algorithm continues iterating on the current plan to improve the plan
More optimal solution has obtained after 3983 iterations
Cost is 2146.58
=========================================================================
The algorithm continues iterating on the current plan to improve the plan
More optimal solution has obtained after 4109 iterations
Cost is 2144.72
=========================================================================
The algorithm continues iterating on the current plan to improve the plan
More optimal solution has obtained after 4529 iterations
Cost is 2144.43
=========================================================================
The algorithm continues iterating on the current plan to improve the plan
More optimal solution has obtained after 4565 iterations
Cost is 2144.08
=========================================================================
The algorithm continues iterating on the current plan to improve the plan
More optimal solution has obtained after 5104 iterations
Cost is 2143.45
=========================================================================
The algorithm continues iterating on the current plan to improve the plan
More optimal solution has obtained after 5293 iterations
Cost is 2141.18
=========================================================================
The algorithm continues iterating on the current plan to improve the plan
More optimal solution has obtained after 5488 iterations
Cost is 2140.92
=========================================================================
The algorithm continues iterating on the current plan to improve the plan
More optimal solution has obtained after 5726 iterations
Cost is 2137.87
=========================================================================
The algorithm continues iterating on the current plan to improve the plan
More optimal solution has obtained after 6060 iterations
Cost is 2135.41
=========================================================================
The algorithm continues iterating on the current plan to improve the plan
More optimal solution has obtained after 6338 iterations
Cost is 2135.29
=========================================================================
The algorithm continues iterating on the current plan to improve the plan
More optimal solution has obtained after 6538 iterations
Cost is 2135.17
=========================================================================
The algorithm continues iterating on the current plan to improve the plan
More optimal solution has obtained after 6964 iterations
Cost is 2135.14
=========================================================================
The algorithm continues iterating on the current plan to improve the plan
More optimal solution has obtained after 7680 iterations
Cost is 2133.85
=========================================================================
The algorithm continues iterating on the current plan to improve the plan
More optimal solution has obtained after 8193 iterations
Cost is 2133.34
=========================================================================
The algorithm continues iterating on the current plan to improve the plan
More optimal solution has obtained after 8372 iterations
Cost is 2130.85
=========================================================================
The algorithm continues iterating on the current plan to improve the plan
More optimal solution has obtained after 8645 iterations
Cost is 2096.15
=========================================================================
The algorithm continues iterating on the current plan to improve the plan
More optimal solution has obtained after 8728 iterations
Cost is 2094.92
=========================================================================
The algorithm continues iterating on the current plan to improve the plan
More optimal solution has obtained after 9115 iterations
Cost is 2088.98
=========================================================================
The algorithm continues iterating on the current plan to improve the plan
More optimal solution has obtained after 9300 iterations
Cost is 2088.88
=========================================================================
The algorithm continues iterating on the current plan to improve the plan
More optimal solution has obtained after 9324 iterations
Cost is 2088.05
=========================================================================
The algorithm continues iterating on the current plan to improve the plan
More optimal solution has obtained after 9585 iterations
Cost is 2085.4
=========================================================================
The algorithm continues iterating on the current plan to improve the plan
More optimal solution has obtained after 9808 iterations
Cost is 2084.32
=========================================================================
The algorithm continues iterating on the current plan to improve the plan
More optimal solution has obtained after 10196 iterations
Cost is 2083.85
=========================================================================
The algorithm continues iterating on the current plan to improve the plan
More optimal solution has obtained after 10433 iterations
Cost is 2083.45
=========================================================================
The algorithm continues iterating on the current plan to improve the plan
More optimal solution has obtained after 10708 iterations
Cost is 2075.06
=========================================================================
The algorithm continues iterating on the current plan to improve the plan
More optimal solution has obtained after 13041 iterations
Cost is 2071.76
=========================================================================
The algorithm continues iterating on the current plan to improve the plan
More optimal solution has obtained after 13180 iterations
Cost is 2070.38
=========================================================================
The algorithm continues iterating on the current plan to improve the plan
More optimal solution has obtained after 13182 iterations
Cost is 2067.76
=========================================================================
The algorithm continues iterating on the current plan to improve the plan
More optimal solution has obtained after 13264 iterations
Cost is 2067.74
=========================================================================
The algorithm continues iterating on the current plan to improve the plan
More optimal solution has obtained after 13561 iterations
Cost is 2067.6
=========================================================================
The algorithm continues iterating on the current plan to improve the plan
More optimal solution has obtained after 13752 iterations
Cost is 2067
=========================================================================
The algorithm continues iterating on the current plan to improve the plan
More optimal solution has obtained after 14071 iterations
Cost is 2062.18
=========================================================================
The algorithm continues iterating on the current plan to improve the plan
More optimal solution has obtained after 14110 iterations
Cost is 2061.31
=========================================================================
The algorithm continues iterating on the current plan to improve the plan
More optimal solution has obtained after 14573 iterations
Cost is 2061.25
=========================================================================
The algorithm continues iterating on the current plan to improve the plan
More optimal solution has obtained after 14619 iterations
Cost is 2060.24
=========================================================================
The algorithm continues iterating on the current plan to improve the plan
More optimal solution has obtained after 14778 iterations
Cost is 2059.94
=========================================================================
The algorithm continues iterating on the current plan to improve the plan
More optimal solution has obtained after 15380 iterations
Cost is 2059.73
=========================================================================
The algorithm continues iterating on the current plan to improve the plan
More optimal solution has obtained after 15755 iterations
Cost is 2058.56
=========================================================================
The algorithm continues iterating on the current plan to improve the plan
More optimal solution has obtained after 15758 iterations
Cost is 2057.65
=========================================================================
The algorithm continues iterating on the current plan to improve the plan
More optimal solution has obtained after 16342 iterations
Cost is 2055.35
=========================================================================
The algorithm continues iterating on the current plan to improve the plan
More optimal solution has obtained after 16458 iterations
Cost is 2054
=========================================================================
The algorithm continues iterating on the current plan to improve the plan
More optimal solution has obtained after 16623 iterations
Cost is 2051.63
=========================================================================
The algorithm continues iterating on the current plan to improve the plan
More optimal solution has obtained after 16808 iterations
Cost is 2049.28
=========================================================================
The algorithm continues iterating on the current plan to improve the plan
More optimal solution has obtained after 17167 iterations
Cost is 2035.2
=========================================================================
The algorithm continues iterating on the current plan to improve the plan
More optimal solution has obtained after 17168 iterations
Cost is 2034.05
=========================================================================
The algorithm continues iterating on the current plan to improve the plan
More optimal solution has obtained after 17458 iterations
Cost is 2031.36
=========================================================================
The algorithm continues iterating on the current plan to improve the plan
More optimal solution has obtained after 18272 iterations
Cost is 2031.35
=========================================================================
The algorithm continues iterating on the current plan to improve the plan
More optimal solution has obtained after 18339 iterations
Cost is 2027.92
=========================================================================
The algorithm continues iterating on the current plan to improve the plan
More optimal solution has obtained after 19217 iterations
Cost is 2027.24
=========================================================================
The algorithm continues iterating on the current plan to improve the plan
More optimal solution has obtained after 19545 iterations
Cost is 2024.83
=========================================================================
The algorithm continues iterating on the current plan to improve the plan
More optimal solution has obtained after 19548 iterations
Cost is 2022.06
=========================================================================
The algorithm continues iterating on the current plan to improve the plan
More optimal solution has obtained after 19608 iterations
Cost is 2013.64
=========================================================================
The algorithm continues iterating on the current plan to improve the plan
More optimal solution has obtained after 19685 iterations
Cost is 2007.29
=========================================================================
The algorithm continues iterating on the current plan to improve the plan
More optimal solution has obtained after 19735 iterations
Cost is 2007.19
=========================================================================
The algorithm continues iterating on the current plan to improve the plan
More optimal solution has obtained after 19799 iterations
Cost is 2007.09
=========================================================================
The algorithm continues iterating on the current plan to improve the plan
More optimal solution has obtained after 19804 iterations
Cost is 2005.58
=========================================================================
The algorithm continues iterating on the current plan to improve the plan
More optimal solution has obtained after 20358 iterations
Cost is 2004.97
=========================================================================
The algorithm continues iterating on the current plan to improve the plan
More optimal solution has obtained after 20364 iterations
Cost is 2003.45
=========================================================================
The algorithm continues iterating on the current plan to improve the plan
More optimal solution has obtained after 20369 iterations
Cost is 2002.45
=========================================================================
The algorithm continues iterating on the current plan to improve the plan
More optimal solution has obtained after 20450 iterations
Cost is 1996.93
=========================================================================
The algorithm continues iterating on the current plan to improve the plan
More optimal solution has obtained after 21134 iterations
Cost is 1992.35
=========================================================================
The algorithm continues iterating on the current plan to improve the plan
More optimal solution has obtained after 21184 iterations
Cost is 1992.32
=========================================================================
The algorithm continues iterating on the current plan to improve the plan
More optimal solution has obtained after 21335 iterations
Cost is 1992.22
=========================================================================
The algorithm continues iterating on the current plan to improve the plan
More optimal solution has obtained after 21494 iterations
Cost is 1991.17
=========================================================================
The algorithm continues iterating on the current plan to improve the plan
More optimal solution has obtained after 21518 iterations
Cost is 1990.37
=========================================================================
The algorithm continues iterating on the current plan to improve the plan
More optimal solution has obtained after 21982 iterations
Cost is 1987.75
=========================================================================
The algorithm continues iterating on the current plan to improve the plan
More optimal solution has obtained after 22041 iterations
Cost is 1986.81
=========================================================================
The algorithm continues iterating on the current plan to improve the plan
More optimal solution has obtained after 22149 iterations
Cost is 1985
=========================================================================
The algorithm continues iterating on the current plan to improve the plan
More optimal solution has obtained after 22534 iterations
Cost is 1984.4
=========================================================================
The algorithm continues iterating on the current plan to improve the plan
More optimal solution has obtained after 22584 iterations
Cost is 1983.44
=========================================================================
The algorithm continues iterating on the current plan to improve the plan
More optimal solution has obtained after 22796 iterations
Cost is 1981.2
=========================================================================
The algorithm continues iterating on the current plan to improve the plan
More optimal solution has obtained after 22995 iterations
Cost is 1980.1
=========================================================================
The algorithm continues iterating on the current plan to improve the plan
More optimal solution has obtained after 23162 iterations
Cost is 1979.73
=========================================================================
The algorithm continues iterating on the current plan to improve the plan
More optimal solution has obtained after 23362 iterations
Cost is 1976.44
=========================================================================
The algorithm continues iterating on the current plan to improve the plan
More optimal solution has obtained after 23841 iterations
Cost is 1965.16
=========================================================================
The algorithm continues iterating on the current plan to improve the plan
More optimal solution has obtained after 23885 iterations
Cost is 1964.11
=========================================================================
The algorithm continues iterating on the current plan to improve the plan
More optimal solution has obtained after 24040 iterations
Cost is 1962.7
=========================================================================
The algorithm continues iterating on the current plan to improve the plan
More optimal solution has obtained after 24109 iterations
Cost is 1962.69
=========================================================================
The algorithm continues iterating on the current plan to improve the plan
More optimal solution has obtained after 24301 iterations
Cost is 1957.62
=========================================================================
The algorithm continues iterating on the current plan to improve the plan
More optimal solution has obtained after 24882 iterations
Cost is 1952.28
=========================================================================
The algorithm continues iterating on the current plan to improve the plan
More optimal solution has obtained after 25045 iterations
Cost is 1951.7
=========================================================================
The algorithm continues iterating on the current plan to improve the plan
More optimal solution has obtained after 25051 iterations
Cost is 1950.09
=========================================================================
The algorithm continues iterating on the current plan to improve the plan
More optimal solution has obtained after 25424 iterations
Cost is 1949.82
=========================================================================
The algorithm continues iterating on the current plan to improve the plan
More optimal solution has obtained after 25493 iterations
Cost is 1948.66
=========================================================================
The algorithm continues iterating on the current plan to improve the plan
More optimal solution has obtained after 25965 iterations
Cost is 1945.5
=========================================================================
The algorithm continues iterating on the current plan to improve the plan
More optimal solution has obtained after 26142 iterations
Cost is 1943.3
=========================================================================
The algorithm continues iterating on the current plan to improve the plan
More optimal solution has obtained after 26468 iterations
Cost is 1942.8
=========================================================================
The algorithm continues iterating on the current plan to improve the plan
More optimal solution has obtained after 26714 iterations
Cost is 1932
=========================================================================
The algorithm continues iterating on the current plan to improve the plan
More optimal solution has obtained after 27179 iterations
Cost is 1931.36
=========================================================================
The algorithm continues iterating on the current plan to improve the plan
More optimal solution has obtained after 27186 iterations
Cost is 1930.51
=========================================================================
The algorithm continues iterating on the current plan to improve the plan
More optimal solution has obtained after 27197 iterations
Cost is 1927.85
=========================================================================
The algorithm continues iterating on the current plan to improve the plan
More optimal solution has obtained after 27775 iterations
Cost is 1920.45
=========================================================================
The algorithm continues iterating on the current plan to improve the plan
More optimal solution has obtained after 27921 iterations
Cost is 1914.61
=========================================================================
The algorithm continues iterating on the current plan to improve the plan
More optimal solution has obtained after 28323 iterations
Cost is 1913.73
=========================================================================
The algorithm continues iterating on the current plan to improve the plan
More optimal solution has obtained after 28522 iterations
Cost is 1912.82
=========================================================================
The algorithm continues iterating on the current plan to improve the plan
More optimal solution has obtained after 28813 iterations
Cost is 1912.63
=========================================================================
The algorithm continues iterating on the current plan to improve the plan
More optimal solution has obtained after 29072 iterations
Cost is 1909.34
=========================================================================
The algorithm continues iterating on the current plan to improve the plan
More optimal solution has obtained after 29158 iterations
Cost is 1907.7
=========================================================================
The algorithm continues iterating on the current plan to improve the plan
More optimal solution has obtained after 29567 iterations
Cost is 1905.6
=========================================================================
The algorithm continues iterating on the current plan to improve the plan
More optimal solution has obtained after 29641 iterations
Cost is 1904.97
=========================================================================
The algorithm continues iterating on the current plan to improve the plan
More optimal solution has obtained after 29672 iterations
Cost is 1904.88
=========================================================================
The algorithm continues iterating on the current plan to improve the plan
More optimal solution has obtained after 29799 iterations
Cost is 1904.52
=========================================================================
The algorithm continues iterating on the current plan to improve the plan
More optimal solution has obtained after 29871 iterations
Cost is 1900.6
=========================================================================
The algorithm continues iterating on the current plan to improve the plan
More optimal solution has obtained after 29914 iterations
Cost is 1900.46
=========================================================================
The algorithm continues iterating on the current plan to improve the plan
More optimal solution has obtained after 30166 iterations
Cost is 1900.02
=========================================================================
The algorithm continues iterating on the current plan to improve the plan
More optimal solution has obtained after 30998 iterations
Cost is 1898.82
=========================================================================
The algorithm continues iterating on the current plan to improve the plan
More optimal solution has obtained after 31026 iterations
Cost is 1898.69
=========================================================================
The algorithm continues iterating on the current plan to improve the plan
More optimal solution has obtained after 31052 iterations
Cost is 1898.41
=========================================================================
The algorithm continues iterating on the current plan to improve the plan
More optimal solution has obtained after 31091 iterations
Cost is 1898.12
=========================================================================
The algorithm continues iterating on the current plan to improve the plan
More optimal solution has obtained after 31281 iterations
Cost is 1897.85
=========================================================================
The algorithm continues iterating on the current plan to improve the plan
More optimal solution has obtained after 31627 iterations
Cost is 1895.83
=========================================================================
The algorithm continues iterating on the current plan to improve the plan
More optimal solution has obtained after 31781 iterations
Cost is 1895.27
=========================================================================
The algorithm continues iterating on the current plan to improve the plan
More optimal solution has obtained after 31794 iterations
Cost is 1895.11
=========================================================================
The algorithm continues iterating on the current plan to improve the plan
More optimal solution has obtained after 31953 iterations
Cost is 1893.77
=========================================================================
The algorithm continues iterating on the current plan to improve the plan
More optimal solution has obtained after 31972 iterations
Cost is 1892.96
=========================================================================
The algorithm continues iterating on the current plan to improve the plan
More optimal solution has obtained after 32277 iterations
Cost is 1892.64
=========================================================================
The algorithm continues iterating on the current plan to improve the plan
More optimal solution has obtained after 32451 iterations
Cost is 1892.38
=========================================================================
The algorithm continues iterating on the current plan to improve the plan
More optimal solution has obtained after 32542 iterations
Cost is 1885.65
=========================================================================
The algorithm continues iterating on the current plan to improve the plan
More optimal solution has obtained after 32880 iterations
Cost is 1881.18
=========================================================================
The algorithm continues iterating on the current plan to improve the plan
More optimal solution has obtained after 33606 iterations
Cost is 1880.62
=========================================================================
The algorithm continues iterating on the current plan to improve the plan
More optimal solution has obtained after 33646 iterations
Cost is 1880.56
=========================================================================
The algorithm continues iterating on the current plan to improve the plan
More optimal solution has obtained after 33761 iterations
Cost is 1879.53
=========================================================================
The algorithm continues iterating on the current plan to improve the plan
More optimal solution has obtained after 33849 iterations
Cost is 1879.16
=========================================================================
The algorithm continues iterating on the current plan to improve the plan
More optimal solution has obtained after 33870 iterations
Cost is 1876.65
=========================================================================
The algorithm continues iterating on the current plan to improve the plan
More optimal solution has obtained after 34193 iterations
Cost is 1876.63
=========================================================================
The algorithm continues iterating on the current plan to improve the plan
More optimal solution has obtained after 34198 iterations
Cost is 1875.64
=========================================================================
The algorithm continues iterating on the current plan to improve the plan
More optimal solution has obtained after 34361 iterations
Cost is 1875.56
=========================================================================
The algorithm continues iterating on the current plan to improve the plan
More optimal solution has obtained after 34389 iterations
Cost is 1875.21
=========================================================================
The algorithm continues iterating on the current plan to improve the plan
More optimal solution has obtained after 34408 iterations
Cost is 1873.75
=========================================================================
The algorithm continues iterating on the current plan to improve the plan
More optimal solution has obtained after 34439 iterations
Cost is 1871.14
=========================================================================
The algorithm continues iterating on the current plan to improve the plan
More optimal solution has obtained after 34940 iterations
Cost is 1871
=========================================================================
The algorithm continues iterating on the current plan to improve the plan
More optimal solution has obtained after 35039 iterations
Cost is 1870.5
=========================================================================
The algorithm continues iterating on the current plan to improve the plan
More optimal solution has obtained after 35255 iterations
Cost is 1870.18
=========================================================================
The algorithm continues iterating on the current plan to improve the plan
More optimal solution has obtained after 35354 iterations
Cost is 1870.14
=========================================================================
The algorithm continues iterating on the current plan to improve the plan
More optimal solution has obtained after 35611 iterations
Cost is 1866.53
=========================================================================
The algorithm continues iterating on the current plan to improve the plan
More optimal solution has obtained after 35846 iterations
Cost is 1866.21
=========================================================================
The algorithm continues iterating on the current plan to improve the plan
More optimal solution has obtained after 36424 iterations
Cost is 1866.02
=========================================================================
The algorithm continues iterating on the current plan to improve the plan
More optimal solution has obtained after 36488 iterations
Cost is 1865.07
=========================================================================
The algorithm continues iterating on the current plan to improve the plan
More optimal solution has obtained after 37140 iterations
Cost is 1864.78
=========================================================================
The algorithm continues iterating on the current plan to improve the plan
More optimal solution has obtained after 37333 iterations
Cost is 1863.94
=========================================================================
The algorithm continues iterating on the current plan to improve the plan
More optimal solution has obtained after 37394 iterations
Cost is 1862.44
=========================================================================
The algorithm continues iterating on the current plan to improve the plan
More optimal solution has obtained after 38737 iterations
Cost is 1862.44
=========================================================================
The algorithm continues iterating on the current plan to improve the plan
More optimal solution has obtained after 39054 iterations
Cost is 1862.2
=========================================================================
The algorithm continues iterating on the current plan to improve the plan
More optimal solution has obtained after 39078 iterations
Cost is 1862.02
=========================================================================
The algorithm continues iterating on the current plan to improve the plan
More optimal solution has obtained after 39190 iterations
Cost is 1861.45
=========================================================================
The algorithm continues iterating on the current plan to improve the plan
More optimal solution has obtained after 39235 iterations
Cost is 1860.59
=========================================================================
The algorithm continues iterating on the current plan to improve the plan
More optimal solution has obtained after 39383 iterations
Cost is 1860.12
=========================================================================
The algorithm continues iterating on the current plan to improve the plan
More optimal solution has obtained after 39466 iterations
Cost is 1860.05
=========================================================================
The algorithm continues iterating on the current plan to improve the plan
More optimal solution has obtained after 39640 iterations
Cost is 1859.91
=========================================================================
The algorithm continues iterating on the current plan to improve the plan
More optimal solution has obtained after 39946 iterations
Cost is 1858.95
=========================================================================
The algorithm continues iterating on the current plan to improve the plan
More optimal solution has obtained after 40000 iterations
Cost is 1858.95


Execution time: 203.625000 seconds

 --------------------------------------------- End------------------------------------------------------


World size: 3000
World type: 1
Version: 808
K: 60000
Number of cpus: 4
choose FOUR_OBS
Starting RRT* Algorithm...
First Viable Solution Obtained after 2098 iterations
Cost is 4433.19
Saving the generated plan (vector of points)
=========================================================================
The algorithm continues iterating on the current plan to improve the plan
More optimal solution has obtained after 3197 iterations
Cost is 4429.2
=========================================================================
The algorithm continues iterating on the current plan to improve the plan
More optimal solution has obtained after 4454 iterations
Cost is 4427.7
=========================================================================
The algorithm continues iterating on the current plan to improve the plan
More optimal solution has obtained after 4716 iterations
Cost is 4427.66
=========================================================================
The algorithm continues iterating on the current plan to improve the plan
More optimal solution has obtained after 4855 iterations
Cost is 4427.64
=========================================================================
The algorithm continues iterating on the current plan to improve the plan
More optimal solution has obtained after 5842 iterations
Cost is 4427.39
=========================================================================
The algorithm continues iterating on the current plan to improve the plan
More optimal solution has obtained after 6774 iterations
Cost is 4426.44
=========================================================================
The algorithm continues iterating on the current plan to improve the plan
More optimal solution has obtained after 7420 iterations
Cost is 4424.42
=========================================================================
The algorithm continues iterating on the current plan to improve the plan
More optimal solution has obtained after 7789 iterations
Cost is 4422.43
=========================================================================
The algorithm continues iterating on the current plan to improve the plan
More optimal solution has obtained after 7823 iterations
Cost is 4420.97
=========================================================================
The algorithm continues iterating on the current plan to improve the plan
More optimal solution has obtained after 7949 iterations
Cost is 4420.86
=========================================================================
The algorithm continues iterating on the current plan to improve the plan
More optimal solution has obtained after 8972 iterations
Cost is 4419.15
=========================================================================
The algorithm continues iterating on the current plan to improve the plan
More optimal solution has obtained after 9138 iterations
Cost is 4419.05
=========================================================================
The algorithm continues iterating on the current plan to improve the plan
More optimal solution has obtained after 9144 iterations
Cost is 4417.91
=========================================================================
The algorithm continues iterating on the current plan to improve the plan
More optimal solution has obtained after 9277 iterations
Cost is 4416.95
=========================================================================
The algorithm continues iterating on the current plan to improve the plan
More optimal solution has obtained after 9550 iterations
Cost is 4416.85
=========================================================================
The algorithm continues iterating on the current plan to improve the plan
More optimal solution has obtained after 10112 iterations
Cost is 4415.76
=========================================================================
The algorithm continues iterating on the current plan to improve the plan
More optimal solution has obtained after 10553 iterations
Cost is 4414.66
=========================================================================
The algorithm continues iterating on the current plan to improve the plan
More optimal solution has obtained after 10713 iterations
Cost is 4414.53
=========================================================================
The algorithm continues iterating on the current plan to improve the plan
More optimal solution has obtained after 10881 iterations
Cost is 4414.37
=========================================================================
The algorithm continues iterating on the current plan to improve the plan
More optimal solution has obtained after 12434 iterations
Cost is 4413.64
=========================================================================
The algorithm continues iterating on the current plan to improve the plan
More optimal solution has obtained after 13464 iterations
Cost is 4413.36
=========================================================================
The algorithm continues iterating on the current plan to improve the plan
More optimal solution has obtained after 13784 iterations
Cost is 4413.23
=========================================================================
The algorithm continues iterating on the current plan to improve the plan
More optimal solution has obtained after 13867 iterations
Cost is 4410.95
=========================================================================
The algorithm continues iterating on the current plan to improve the plan
More optimal solution has obtained after 14207 iterations
Cost is 4408.51
=========================================================================
The algorithm continues iterating on the current plan to improve the plan
More optimal solution has obtained after 15680 iterations
Cost is 4408.37
=========================================================================
The algorithm continues iterating on the current plan to improve the plan
More optimal solution has obtained after 16163 iterations
Cost is 4408.07
=========================================================================
The algorithm continues iterating on the current plan to improve the plan
More optimal solution has obtained after 16579 iterations
Cost is 4408.07
=========================================================================
The algorithm continues iterating on the current plan to improve the plan
More optimal solution has obtained after 16640 iterations
Cost is 4407.9
=========================================================================
The algorithm continues iterating on the current plan to improve the plan
More optimal solution has obtained after 17451 iterations
Cost is 4406.09
=========================================================================
The algorithm continues iterating on the current plan to improve the plan
More optimal solution has obtained after 17506 iterations
Cost is 4405.8
=========================================================================
The algorithm continues iterating on the current plan to improve the plan
More optimal solution has obtained after 17708 iterations
Cost is 4405.46
=========================================================================
The algorithm continues iterating on the current plan to improve the plan
More optimal solution has obtained after 18024 iterations
Cost is 4404.9
=========================================================================
The algorithm continues iterating on the current plan to improve the plan
More optimal solution has obtained after 19235 iterations
Cost is 4404.48
=========================================================================
The algorithm continues iterating on the current plan to improve the plan
More optimal solution has obtained after 19323 iterations
Cost is 4403.91
=========================================================================
The algorithm continues iterating on the current plan to improve the plan
More optimal solution has obtained after 19816 iterations
Cost is 4403.55
=========================================================================
The algorithm continues iterating on the current plan to improve the plan
More optimal solution has obtained after 19977 iterations
Cost is 4402.83
=========================================================================
The algorithm continues iterating on the current plan to improve the plan
More optimal solution has obtained after 20045 iterations
Cost is 4400.76
=========================================================================
The algorithm continues iterating on the current plan to improve the plan
More optimal solution has obtained after 20512 iterations
Cost is 4396.33
=========================================================================
The algorithm continues iterating on the current plan to improve the plan
More optimal solution has obtained after 20814 iterations
Cost is 4394.26
=========================================================================
The algorithm continues iterating on the current plan to improve the plan
More optimal solution has obtained after 21014 iterations
Cost is 4393.88
=========================================================================
The algorithm continues iterating on the current plan to improve the plan
More optimal solution has obtained after 21164 iterations
Cost is 4391.58
=========================================================================
The algorithm continues iterating on the current plan to improve the plan
More optimal solution has obtained after 22720 iterations
Cost is 4391.42
=========================================================================
The algorithm continues iterating on the current plan to improve the plan
More optimal solution has obtained after 24434 iterations
Cost is 4391.31
=========================================================================
The algorithm continues iterating on the current plan to improve the plan
More optimal solution has obtained after 24902 iterations
Cost is 4391.06
=========================================================================
The algorithm continues iterating on the current plan to improve the plan
More optimal solution has obtained after 25016 iterations
Cost is 4389.84
=========================================================================
The algorithm continues iterating on the current plan to improve the plan
More optimal solution has obtained after 25362 iterations
Cost is 4389.76
=========================================================================
The algorithm continues iterating on the current plan to improve the plan
More optimal solution has obtained after 25972 iterations
Cost is 4388.69
=========================================================================
The algorithm continues iterating on the current plan to improve the plan
More optimal solution has obtained after 26404 iterations
Cost is 4388.37
=========================================================================
The algorithm continues iterating on the current plan to improve the plan
More optimal solution has obtained after 26512 iterations
Cost is 4387.78
=========================================================================
The algorithm continues iterating on the current plan to improve the plan
More optimal solution has obtained after 27393 iterations
Cost is 4381.03
=========================================================================
The algorithm continues iterating on the current plan to improve the plan
More optimal solution has obtained after 28060 iterations
Cost is 4380.97
=========================================================================
The algorithm continues iterating on the current plan to improve the plan
More optimal solution has obtained after 28152 iterations
Cost is 4380.66
=========================================================================
The algorithm continues iterating on the current plan to improve the plan
More optimal solution has obtained after 28441 iterations
Cost is 4380.23
=========================================================================
The algorithm continues iterating on the current plan to improve the plan
More optimal solution has obtained after 29102 iterations
Cost is 4380.12
=========================================================================
The algorithm continues iterating on the current plan to improve the plan
More optimal solution has obtained after 29641 iterations
Cost is 4378.42
=========================================================================
The algorithm continues iterating on the current plan to improve the plan
More optimal solution has obtained after 31751 iterations
Cost is 4378.19
=========================================================================
The algorithm continues iterating on the current plan to improve the plan
More optimal solution has obtained after 31866 iterations
Cost is 4377.39
=========================================================================
The algorithm continues iterating on the current plan to improve the plan
More optimal solution has obtained after 31908 iterations
Cost is 4375.91
=========================================================================
The algorithm continues iterating on the current plan to improve the plan
More optimal solution has obtained after 32390 iterations
Cost is 4375.76
=========================================================================
The algorithm continues iterating on the current plan to improve the plan
More optimal solution has obtained after 32527 iterations
Cost is 4375
=========================================================================
The algorithm continues iterating on the current plan to improve the plan
More optimal solution has obtained after 33786 iterations
Cost is 4373.61
=========================================================================
The algorithm continues iterating on the current plan to improve the plan
More optimal solution has obtained after 33891 iterations
Cost is 4373.54
=========================================================================
The algorithm continues iterating on the current plan to improve the plan
More optimal solution has obtained after 34285 iterations
Cost is 4373.54
=========================================================================
The algorithm continues iterating on the current plan to improve the plan
More optimal solution has obtained after 34932 iterations
Cost is 4373.25
=========================================================================
The algorithm continues iterating on the current plan to improve the plan
More optimal solution has obtained after 35181 iterations
Cost is 4373.04
=========================================================================
The algorithm continues iterating on the current plan to improve the plan
More optimal solution has obtained after 35715 iterations
Cost is 4372.9
=========================================================================
The algorithm continues iterating on the current plan to improve the plan
More optimal solution has obtained after 35968 iterations
Cost is 4371.68
=========================================================================
The algorithm continues iterating on the current plan to improve the plan
More optimal solution has obtained after 36518 iterations
Cost is 4370.99
=========================================================================
The algorithm continues iterating on the current plan to improve the plan
More optimal solution has obtained after 36801 iterations
Cost is 4370.97
=========================================================================
The algorithm continues iterating on the current plan to improve the plan
More optimal solution has obtained after 37648 iterations
Cost is 4370.27
=========================================================================
The algorithm continues iterating on the current plan to improve the plan
More optimal solution has obtained after 38240 iterations
Cost is 4370.2
=========================================================================
The algorithm continues iterating on the current plan to improve the plan
More optimal solution has obtained after 40754 iterations
Cost is 4368.67
=========================================================================
The algorithm continues iterating on the current plan to improve the plan
More optimal solution has obtained after 41180 iterations
Cost is 4368.22
=========================================================================
The algorithm continues iterating on the current plan to improve the plan
More optimal solution has obtained after 41184 iterations
Cost is 4368.15
=========================================================================
The algorithm continues iterating on the current plan to improve the plan
More optimal solution has obtained after 43291 iterations
Cost is 4365.12
=========================================================================
The algorithm continues iterating on the current plan to improve the plan
More optimal solution has obtained after 44200 iterations
Cost is 4363.37
=========================================================================
The algorithm continues iterating on the current plan to improve the plan
More optimal solution has obtained after 44329 iterations
Cost is 4362.58
=========================================================================
The algorithm continues iterating on the current plan to improve the plan
More optimal solution has obtained after 46778 iterations
Cost is 4361.8
=========================================================================
The algorithm continues iterating on the current plan to improve the plan
More optimal solution has obtained after 48374 iterations
Cost is 4361.73
=========================================================================
The algorithm continues iterating on the current plan to improve the plan
More optimal solution has obtained after 49308 iterations
Cost is 4361.4
=========================================================================
The algorithm continues iterating on the current plan to improve the plan
More optimal solution has obtained after 49490 iterations
Cost is 4361.34
=========================================================================
The algorithm continues iterating on the current plan to improve the plan
More optimal solution has obtained after 49644 iterations
Cost is 4360.34
=========================================================================
The algorithm continues iterating on the current plan to improve the plan
More optimal solution has obtained after 50552 iterations
Cost is 4360.34
=========================================================================
The algorithm continues iterating on the current plan to improve the plan
More optimal solution has obtained after 53394 iterations
Cost is 4360.34
=========================================================================
The algorithm continues iterating on the current plan to improve the plan
More optimal solution has obtained after 54436 iterations
Cost is 4359.8
=========================================================================
The algorithm continues iterating on the current plan to improve the plan
More optimal solution has obtained after 54855 iterations
Cost is 4358.6
=========================================================================
The algorithm continues iterating on the current plan to improve the plan
More optimal solution has obtained after 55209 iterations
Cost is 4358.04
=========================================================================
The algorithm continues iterating on the current plan to improve the plan
More optimal solution has obtained after 55835 iterations
Cost is 4357.98
=========================================================================
The algorithm continues iterating on the current plan to improve the plan
More optimal solution has obtained after 57752 iterations
Cost is 4357.5
=========================================================================
The algorithm continues iterating on the current plan to improve the plan
srun: Job step aborted: Waiting up to 32 seconds for job step to finish.
slurmstepd: error: *** STEP 2813541.3 ON apollo32 CANCELLED AT 2021-01-12T17:55:30 DUE TO TIME LIMIT ***
slurmstepd: error: *** JOB 2813541 ON apollo32 CANCELLED AT 2021-01-12T17:55:30 DUE TO TIME LIMIT ***
srun: error: apollo32: task 0: Terminated
